{"/home/administrador/monorepo-bca/apps/backend/src/app.ts": {"path":"/home/administrador/monorepo-bca/apps/backend/src/app.ts","statementMap":{"0":{"start":{"line":1,"column":0},"end":{"line":1,"column":30}},"1":{"start":{"line":2,"column":0},"end":{"line":2,"column":24}},"2":{"start":{"line":3,"column":0},"end":{"line":3,"column":28}},"3":{"start":{"line":4,"column":0},"end":{"line":4,"column":24}},"4":{"start":{"line":5,"column":0},"end":{"line":5,"column":44}},"5":{"start":{"line":6,"column":0},"end":{"line":6,"column":54}},"6":{"start":{"line":7,"column":0},"end":{"line":7,"column":75}},"7":{"start":{"line":8,"column":0},"end":{"line":8,"column":51}},"8":{"start":{"line":9,"column":0},"end":{"line":9,"column":62}},"9":{"start":{"line":12,"column":0},"end":{"line":12,"column":61}},"10":{"start":{"line":15,"column":0},"end":{"line":15,"column":66}},"11":{"start":{"line":18,"column":12},"end":{"line":18,"column":21}},"12":{"start":{"line":21,"column":29},"end":{"line":42,"column":1}},"13":{"start":{"line":22,"column":2},"end":{"line":41,"column":3}},"14":{"start":{"line":23,"column":4},"end":{"line":29,"column":5}},"15":{"start":{"line":25,"column":6},"end":{"line":25,"column":31}},"16":{"start":{"line":26,"column":6},"end":{"line":26,"column":60}},"17":{"start":{"line":28,"column":6},"end":{"line":28,"column":59}},"18":{"start":{"line":32,"column":4},"end":{"line":32,"column":23}},"19":{"start":{"line":35,"column":4},"end":{"line":35,"column":24}},"20":{"start":{"line":37,"column":4},"end":{"line":37,"column":15}},"21":{"start":{"line":39,"column":4},"end":{"line":39,"column":67}},"22":{"start":{"line":40,"column":4},"end":{"line":40,"column":16}},"23":{"start":{"line":21,"column":13},"end":{"line":21,"column":29}},"24":{"start":{"line":45,"column":25},"end":{"line":89,"column":1}},"25":{"start":{"line":48,"column":2},"end":{"line":48,"column":28}},"26":{"start":{"line":50,"column":14},"end":{"line":50,"column":30}},"27":{"start":{"line":51,"column":20},"end":{"line":51,"column":103}},"28":{"start":{"line":52,"column":18},"end":{"line":52,"column":73}},"29":{"start":{"line":52,"column":48},"end":{"line":52,"column":56}},"30":{"start":{"line":53,"column":22},"end":{"line":63,"column":11}},"31":{"start":{"line":64,"column":2},"end":{"line":64,"column":29}},"32":{"start":{"line":66,"column":2},"end":{"line":66,"column":38}},"33":{"start":{"line":69,"column":2},"end":{"line":69,"column":43}},"34":{"start":{"line":70,"column":2},"end":{"line":70,"column":65}},"35":{"start":{"line":72,"column":2},"end":{"line":75,"column":12}},"36":{"start":{"line":73,"column":19},"end":{"line":73,"column":36}},"37":{"start":{"line":74,"column":4},"end":{"line":74,"column":22}},"38":{"start":{"line":76,"column":2},"end":{"line":79,"column":12}},"39":{"start":{"line":77,"column":24},"end":{"line":77,"column":46}},"40":{"start":{"line":78,"column":4},"end":{"line":78,"column":27}},"41":{"start":{"line":80,"column":2},"end":{"line":85,"column":12}},"42":{"start":{"line":81,"column":22},"end":{"line":81,"column":51}},"43":{"start":{"line":82,"column":21},"end":{"line":82,"column":55}},"44":{"start":{"line":83,"column":16},"end":{"line":83,"column":41}},"45":{"start":{"line":84,"column":4},"end":{"line":84,"column":87}},"46":{"start":{"line":88,"column":2},"end":{"line":88,"column":22}},"47":{"start":{"line":92,"column":20},"end":{"line":200,"column":1}},"48":{"start":{"line":94,"column":24},"end":{"line":94,"column":56}},"49":{"start":{"line":95,"column":26},"end":{"line":95,"column":67}},"50":{"start":{"line":96,"column":2},"end":{"line":99,"column":5}},"51":{"start":{"line":102,"column":26},"end":{"line":102,"column":98}},"52":{"start":{"line":102,"column":81},"end":{"line":102,"column":82}},"53":{"start":{"line":103,"column":23},"end":{"line":103,"column":92}},"54":{"start":{"line":103,"column":75},"end":{"line":103,"column":76}},"55":{"start":{"line":104,"column":24},"end":{"line":104,"column":94}},"56":{"start":{"line":104,"column":77},"end":{"line":104,"column":78}},"57":{"start":{"line":106,"column":2},"end":{"line":108,"column":12}},"58":{"start":{"line":107,"column":4},"end":{"line":107,"column":88}},"59":{"start":{"line":107,"column":70},"end":{"line":107,"column":71}},"60":{"start":{"line":111,"column":2},"end":{"line":111,"column":106}},"61":{"start":{"line":111,"column":8},"end":{"line":111,"column":95}},"62":{"start":{"line":111,"column":77},"end":{"line":111,"column":78}},"63":{"start":{"line":112,"column":2},"end":{"line":112,"column":106}},"64":{"start":{"line":112,"column":8},"end":{"line":112,"column":95}},"65":{"start":{"line":112,"column":77},"end":{"line":112,"column":78}},"66":{"start":{"line":113,"column":2},"end":{"line":113,"column":108}},"67":{"start":{"line":113,"column":8},"end":{"line":113,"column":97}},"68":{"start":{"line":113,"column":79},"end":{"line":113,"column":80}},"69":{"start":{"line":114,"column":2},"end":{"line":114,"column":106}},"70":{"start":{"line":114,"column":8},"end":{"line":114,"column":95}},"71":{"start":{"line":114,"column":77},"end":{"line":114,"column":78}},"72":{"start":{"line":115,"column":2},"end":{"line":115,"column":104}},"73":{"start":{"line":115,"column":8},"end":{"line":115,"column":93}},"74":{"start":{"line":115,"column":75},"end":{"line":115,"column":76}},"75":{"start":{"line":117,"column":29},"end":{"line":117,"column":83}},"76":{"start":{"line":117,"column":30},"end":{"line":117,"column":74}},"77":{"start":{"line":118,"column":29},"end":{"line":118,"column":75}},"78":{"start":{"line":118,"column":30},"end":{"line":118,"column":66}},"79":{"start":{"line":119,"column":24},"end":{"line":119,"column":73}},"80":{"start":{"line":119,"column":25},"end":{"line":119,"column":64}},"81":{"start":{"line":122,"column":2},"end":{"line":122,"column":48}},"82":{"start":{"line":123,"column":2},"end":{"line":123,"column":35}},"83":{"start":{"line":124,"column":2},"end":{"line":124,"column":37}},"84":{"start":{"line":125,"column":2},"end":{"line":125,"column":47}},"85":{"start":{"line":125,"column":18},"end":{"line":125,"column":47}},"86":{"start":{"line":126,"column":2},"end":{"line":126,"column":45}},"87":{"start":{"line":127,"column":2},"end":{"line":127,"column":61}},"88":{"start":{"line":127,"column":21},"end":{"line":127,"column":61}},"89":{"start":{"line":128,"column":2},"end":{"line":128,"column":61}},"90":{"start":{"line":128,"column":21},"end":{"line":128,"column":61}},"91":{"start":{"line":129,"column":2},"end":{"line":129,"column":64}},"92":{"start":{"line":129,"column":22},"end":{"line":129,"column":64}},"93":{"start":{"line":130,"column":2},"end":{"line":130,"column":61}},"94":{"start":{"line":130,"column":21},"end":{"line":130,"column":61}},"95":{"start":{"line":131,"column":2},"end":{"line":131,"column":57}},"96":{"start":{"line":131,"column":20},"end":{"line":131,"column":57}},"97":{"start":{"line":132,"column":2},"end":{"line":132,"column":47}},"98":{"start":{"line":137,"column":2},"end":{"line":164,"column":3}},"99":{"start":{"line":138,"column":4},"end":{"line":138,"column":84}},"100":{"start":{"line":139,"column":4},"end":{"line":154,"column":5}},"101":{"start":{"line":141,"column":34},"end":{"line":141,"column":110}},"102":{"start":{"line":141,"column":93},"end":{"line":141,"column":94}},"103":{"start":{"line":142,"column":30},"end":{"line":142,"column":102}},"104":{"start":{"line":142,"column":85},"end":{"line":142,"column":86}},"105":{"start":{"line":143,"column":25},"end":{"line":143,"column":92}},"106":{"start":{"line":143,"column":75},"end":{"line":143,"column":76}},"107":{"start":{"line":145,"column":6},"end":{"line":145,"column":62}},"108":{"start":{"line":146,"column":6},"end":{"line":146,"column":54}},"109":{"start":{"line":147,"column":6},"end":{"line":147,"column":39}},"110":{"start":{"line":149,"column":6},"end":{"line":149,"column":87}},"111":{"start":{"line":150,"column":6},"end":{"line":150,"column":79}},"112":{"start":{"line":151,"column":6},"end":{"line":151,"column":69}},"113":{"start":{"line":153,"column":6},"end":{"line":153,"column":74}},"114":{"start":{"line":156,"column":4},"end":{"line":156,"column":78}},"115":{"start":{"line":157,"column":4},"end":{"line":163,"column":7}},"116":{"start":{"line":158,"column":6},"end":{"line":162,"column":9}},"117":{"start":{"line":166,"column":2},"end":{"line":166,"column":56}},"118":{"start":{"line":167,"column":2},"end":{"line":167,"column":52}},"119":{"start":{"line":168,"column":2},"end":{"line":168,"column":55}},"120":{"start":{"line":169,"column":2},"end":{"line":169,"column":47}},"121":{"start":{"line":170,"column":2},"end":{"line":170,"column":55}},"122":{"start":{"line":172,"column":2},"end":{"line":172,"column":43}},"123":{"start":{"line":173,"column":2},"end":{"line":173,"column":41}},"124":{"start":{"line":174,"column":2},"end":{"line":174,"column":88}},"125":{"start":{"line":175,"column":2},"end":{"line":175,"column":66}},"126":{"start":{"line":178,"column":2},"end":{"line":178,"column":47}},"127":{"start":{"line":179,"column":2},"end":{"line":186,"column":5}},"128":{"start":{"line":180,"column":4},"end":{"line":185,"column":7}},"129":{"start":{"line":187,"column":2},"end":{"line":187,"column":46}},"130":{"start":{"line":191,"column":2},"end":{"line":191,"column":57}},"131":{"start":{"line":192,"column":2},"end":{"line":192,"column":41}},"132":{"start":{"line":193,"column":2},"end":{"line":193,"column":56}},"133":{"start":{"line":196,"column":2},"end":{"line":196,"column":58}},"134":{"start":{"line":197,"column":2},"end":{"line":197,"column":23}},"135":{"start":{"line":198,"column":2},"end":{"line":198,"column":34}},"136":{"start":{"line":199,"column":2},"end":{"line":199,"column":57}},"137":{"start":{"line":202,"column":0},"end":{"line":202,"column":19}}},"fnMap":{"0":{"name":"(anonymous_10)","decl":{"start":{"line":21,"column":29},"end":{"line":21,"column":34}},"loc":{"start":{"line":21,"column":101},"end":{"line":42,"column":1}}},"1":{"name":"(anonymous_11)","decl":{"start":{"line":45,"column":25},"end":{"line":45,"column":34}},"loc":{"start":{"line":45,"column":36},"end":{"line":89,"column":1}}},"2":{"name":"(anonymous_12)","decl":{"start":{"line":52,"column":43},"end":{"line":52,"column":44}},"loc":{"start":{"line":52,"column":48},"end":{"line":52,"column":56}}},"3":{"name":"(anonymous_13)","decl":{"start":{"line":92,"column":20},"end":{"line":92,"column":25}},"loc":{"start":{"line":92,"column":46},"end":{"line":200,"column":1}}},"4":{"name":"(anonymous_14)","decl":{"start":{"line":102,"column":81},"end":{"line":102,"column":82}},"loc":{"start":{"line":102,"column":81},"end":{"line":102,"column":82}}},"5":{"name":"(anonymous_15)","decl":{"start":{"line":103,"column":75},"end":{"line":103,"column":76}},"loc":{"start":{"line":103,"column":75},"end":{"line":103,"column":76}}},"6":{"name":"(anonymous_16)","decl":{"start":{"line":104,"column":77},"end":{"line":104,"column":78}},"loc":{"start":{"line":104,"column":77},"end":{"line":104,"column":78}}},"7":{"name":"(anonymous_17)","decl":{"start":{"line":107,"column":70},"end":{"line":107,"column":71}},"loc":{"start":{"line":107,"column":70},"end":{"line":107,"column":71}}},"8":{"name":"(anonymous_18)","decl":{"start":{"line":111,"column":77},"end":{"line":111,"column":78}},"loc":{"start":{"line":111,"column":77},"end":{"line":111,"column":78}}},"9":{"name":"(anonymous_19)","decl":{"start":{"line":112,"column":77},"end":{"line":112,"column":78}},"loc":{"start":{"line":112,"column":77},"end":{"line":112,"column":78}}},"10":{"name":"(anonymous_20)","decl":{"start":{"line":113,"column":79},"end":{"line":113,"column":80}},"loc":{"start":{"line":113,"column":79},"end":{"line":113,"column":80}}},"11":{"name":"(anonymous_21)","decl":{"start":{"line":114,"column":77},"end":{"line":114,"column":78}},"loc":{"start":{"line":114,"column":77},"end":{"line":114,"column":78}}},"12":{"name":"(anonymous_22)","decl":{"start":{"line":115,"column":75},"end":{"line":115,"column":76}},"loc":{"start":{"line":115,"column":75},"end":{"line":115,"column":76}}},"13":{"name":"(anonymous_23)","decl":{"start":{"line":117,"column":30},"end":{"line":117,"column":43}},"loc":{"start":{"line":117,"column":30},"end":{"line":117,"column":74}}},"14":{"name":"(anonymous_24)","decl":{"start":{"line":118,"column":30},"end":{"line":118,"column":43}},"loc":{"start":{"line":118,"column":30},"end":{"line":118,"column":66}}},"15":{"name":"(anonymous_25)","decl":{"start":{"line":119,"column":25},"end":{"line":119,"column":38}},"loc":{"start":{"line":119,"column":25},"end":{"line":119,"column":64}}},"16":{"name":"(anonymous_26)","decl":{"start":{"line":141,"column":93},"end":{"line":141,"column":94}},"loc":{"start":{"line":141,"column":93},"end":{"line":141,"column":94}}},"17":{"name":"(anonymous_27)","decl":{"start":{"line":142,"column":85},"end":{"line":142,"column":86}},"loc":{"start":{"line":142,"column":85},"end":{"line":142,"column":86}}},"18":{"name":"(anonymous_28)","decl":{"start":{"line":143,"column":75},"end":{"line":143,"column":76}},"loc":{"start":{"line":143,"column":75},"end":{"line":143,"column":76}}},"19":{"name":"(anonymous_29)","decl":{"start":{"line":157,"column":27},"end":{"line":157,"column":28}},"loc":{"start":{"line":157,"column":40},"end":{"line":163,"column":5}}},"20":{"name":"(anonymous_30)","decl":{"start":{"line":179,"column":15},"end":{"line":179,"column":16}},"loc":{"start":{"line":179,"column":28},"end":{"line":186,"column":3}}}},"branchMap":{"0":{"loc":{"start":{"line":21,"column":36},"end":{"line":21,"column":67}},"type":"default-arg","locations":[{"start":{"line":21,"column":62},"end":{"line":21,"column":67}}]},"1":{"loc":{"start":{"line":23,"column":4},"end":{"line":29,"column":5}},"type":"if","locations":[{"start":{"line":23,"column":4},"end":{"line":29,"column":5}},{"start":{"line":27,"column":11},"end":{"line":29,"column":5}}]},"2":{"loc":{"start":{"line":51,"column":20},"end":{"line":51,"column":103}},"type":"binary-expr","locations":[{"start":{"line":51,"column":20},"end":{"line":51,"column":35}},{"start":{"line":51,"column":39},"end":{"line":51,"column":56}},{"start":{"line":51,"column":60},"end":{"line":51,"column":76}},{"start":{"line":51,"column":80},"end":{"line":51,"column":103}}]},"3":{"loc":{"start":{"line":82,"column":21},"end":{"line":82,"column":55}},"type":"binary-expr","locations":[{"start":{"line":82,"column":21},"end":{"line":82,"column":45}},{"start":{"line":82,"column":49},"end":{"line":82,"column":55}}]},"4":{"loc":{"start":{"line":83,"column":16},"end":{"line":83,"column":41}},"type":"binary-expr","locations":[{"start":{"line":83,"column":16},"end":{"line":83,"column":34}},{"start":{"line":83,"column":38},"end":{"line":83,"column":41}}]},"5":{"loc":{"start":{"line":98,"column":21},"end":{"line":98,"column":72}},"type":"binary-expr","locations":[{"start":{"line":98,"column":21},"end":{"line":98,"column":47}},{"start":{"line":98,"column":51},"end":{"line":98,"column":72}}]},"6":{"loc":{"start":{"line":125,"column":2},"end":{"line":125,"column":47}},"type":"if","locations":[{"start":{"line":125,"column":2},"end":{"line":125,"column":47}},{"start":{},"end":{}}]},"7":{"loc":{"start":{"line":127,"column":2},"end":{"line":127,"column":61}},"type":"if","locations":[{"start":{"line":127,"column":2},"end":{"line":127,"column":61}},{"start":{},"end":{}}]},"8":{"loc":{"start":{"line":128,"column":2},"end":{"line":128,"column":61}},"type":"if","locations":[{"start":{"line":128,"column":2},"end":{"line":128,"column":61}},{"start":{},"end":{}}]},"9":{"loc":{"start":{"line":129,"column":2},"end":{"line":129,"column":64}},"type":"if","locations":[{"start":{"line":129,"column":2},"end":{"line":129,"column":64}},{"start":{},"end":{}}]},"10":{"loc":{"start":{"line":130,"column":2},"end":{"line":130,"column":61}},"type":"if","locations":[{"start":{"line":130,"column":2},"end":{"line":130,"column":61}},{"start":{},"end":{}}]},"11":{"loc":{"start":{"line":131,"column":2},"end":{"line":131,"column":57}},"type":"if","locations":[{"start":{"line":131,"column":2},"end":{"line":131,"column":57}},{"start":{},"end":{}}]},"12":{"loc":{"start":{"line":137,"column":2},"end":{"line":164,"column":3}},"type":"if","locations":[{"start":{"line":137,"column":2},"end":{"line":164,"column":3}},{"start":{"line":155,"column":9},"end":{"line":164,"column":3}}]}},"s":{"0":0,"1":0,"2":0,"3":0,"4":0,"5":0,"6":0,"7":0,"8":0,"9":0,"10":0,"11":0,"12":0,"13":0,"14":0,"15":0,"16":0,"17":0,"18":0,"19":0,"20":0,"21":0,"22":0,"23":0,"24":0,"25":0,"26":0,"27":0,"28":0,"29":0,"30":0,"31":0,"32":0,"33":0,"34":0,"35":0,"36":0,"37":0,"38":0,"39":0,"40":0,"41":0,"42":0,"43":0,"44":0,"45":0,"46":0,"47":0,"48":0,"49":0,"50":0,"51":0,"52":0,"53":0,"54":0,"55":0,"56":0,"57":0,"58":0,"59":0,"60":0,"61":0,"62":0,"63":0,"64":0,"65":0,"66":0,"67":0,"68":0,"69":0,"70":0,"71":0,"72":0,"73":0,"74":0,"75":0,"76":0,"77":0,"78":0,"79":0,"80":0,"81":0,"82":0,"83":0,"84":0,"85":0,"86":0,"87":0,"88":0,"89":0,"90":0,"91":0,"92":0,"93":0,"94":0,"95":0,"96":0,"97":0,"98":0,"99":0,"100":0,"101":0,"102":0,"103":0,"104":0,"105":0,"106":0,"107":0,"108":0,"109":0,"110":0,"111":0,"112":0,"113":0,"114":0,"115":0,"116":0,"117":0,"118":0,"119":0,"120":0,"121":0,"122":0,"123":0,"124":0,"125":0,"126":0,"127":0,"128":0,"129":0,"130":0,"131":0,"132":0,"133":0,"134":0,"135":0,"136":0,"137":0},"f":{"0":0,"1":0,"2":0,"3":0,"4":0,"5":0,"6":0,"7":0,"8":0,"9":0,"10":0,"11":0,"12":0,"13":0,"14":0,"15":0,"16":0,"17":0,"18":0,"19":0,"20":0},"b":{"0":[0],"1":[0,0],"2":[0,0,0,0],"3":[0,0],"4":[0,0],"5":[0,0],"6":[0,0],"7":[0,0],"8":[0,0],"9":[0,0],"10":[0,0],"11":[0,0],"12":[0,0]}}
,"/home/administrador/monorepo-bca/apps/backend/src/server.ts": {"path":"/home/administrador/monorepo-bca/apps/backend/src/server.ts","statementMap":{"0":{"start":{"line":2,"column":0},"end":{"line":2,"column":55}},"1":{"start":{"line":4,"column":0},"end":{"line":4,"column":28}},"2":{"start":{"line":5,"column":0},"end":{"line":5,"column":24}},"3":{"start":{"line":8,"column":0},"end":{"line":8,"column":66}},"4":{"start":{"line":10,"column":0},"end":{"line":10,"column":44}},"5":{"start":{"line":11,"column":0},"end":{"line":11,"column":38}},"6":{"start":{"line":12,"column":0},"end":{"line":12,"column":54}},"7":{"start":{"line":15,"column":12},"end":{"line":15,"column":28}},"8":{"start":{"line":16,"column":13},"end":{"line":16,"column":65}},"9":{"start":{"line":19,"column":20},"end":{"line":60,"column":1}},"10":{"start":{"line":20,"column":2},"end":{"line":59,"column":3}},"11":{"start":{"line":21,"column":17},"end":{"line":21,"column":21}},"12":{"start":{"line":22,"column":16},"end":{"line":22,"column":37}},"13":{"start":{"line":24,"column":19},"end":{"line":29,"column":6}},"14":{"start":{"line":25,"column":6},"end":{"line":25,"column":58}},"15":{"start":{"line":26,"column":6},"end":{"line":26,"column":91}},"16":{"start":{"line":27,"column":6},"end":{"line":27,"column":57}},"17":{"start":{"line":28,"column":6},"end":{"line":28,"column":59}},"18":{"start":{"line":31,"column":29},"end":{"line":37,"column":5}},"19":{"start":{"line":32,"column":6},"end":{"line":32,"column":72}},"20":{"start":{"line":33,"column":6},"end":{"line":36,"column":9}},"21":{"start":{"line":34,"column":8},"end":{"line":34,"column":60}},"22":{"start":{"line":35,"column":8},"end":{"line":35,"column":24}},"23":{"start":{"line":39,"column":4},"end":{"line":39,"column":59}},"24":{"start":{"line":39,"column":31},"end":{"line":39,"column":57}},"25":{"start":{"line":40,"column":4},"end":{"line":40,"column":61}},"26":{"start":{"line":40,"column":32},"end":{"line":40,"column":59}},"27":{"start":{"line":41,"column":4},"end":{"line":46,"column":7}},"28":{"start":{"line":42,"column":6},"end":{"line":44,"column":9}},"29":{"start":{"line":45,"column":6},"end":{"line":45,"column":22}},"30":{"start":{"line":48,"column":4},"end":{"line":53,"column":7}},"31":{"start":{"line":49,"column":6},"end":{"line":51,"column":9}},"32":{"start":{"line":52,"column":6},"end":{"line":52,"column":22}},"33":{"start":{"line":55,"column":4},"end":{"line":57,"column":7}},"34":{"start":{"line":58,"column":4},"end":{"line":58,"column":20}},"35":{"start":{"line":62,"column":0},"end":{"line":62,"column":14}}},"fnMap":{"0":{"name":"(anonymous_1)","decl":{"start":{"line":19,"column":20},"end":{"line":19,"column":25}},"loc":{"start":{"line":19,"column":31},"end":{"line":60,"column":1}}},"1":{"name":"(anonymous_2)","decl":{"start":{"line":24,"column":36},"end":{"line":24,"column":39}},"loc":{"start":{"line":24,"column":41},"end":{"line":29,"column":5}}},"2":{"name":"(anonymous_3)","decl":{"start":{"line":31,"column":29},"end":{"line":31,"column":30}},"loc":{"start":{"line":31,"column":48},"end":{"line":37,"column":5}}},"3":{"name":"(anonymous_4)","decl":{"start":{"line":33,"column":19},"end":{"line":33,"column":22}},"loc":{"start":{"line":33,"column":24},"end":{"line":36,"column":7}}},"4":{"name":"(anonymous_5)","decl":{"start":{"line":39,"column":25},"end":{"line":39,"column":28}},"loc":{"start":{"line":39,"column":31},"end":{"line":39,"column":57}}},"5":{"name":"(anonymous_6)","decl":{"start":{"line":40,"column":26},"end":{"line":40,"column":29}},"loc":{"start":{"line":40,"column":32},"end":{"line":40,"column":59}}},"6":{"name":"(anonymous_7)","decl":{"start":{"line":41,"column":36},"end":{"line":41,"column":37}},"loc":{"start":{"line":41,"column":44},"end":{"line":46,"column":5}}},"7":{"name":"(anonymous_8)","decl":{"start":{"line":48,"column":37},"end":{"line":48,"column":38}},"loc":{"start":{"line":48,"column":58},"end":{"line":53,"column":5}}}},"branchMap":{"0":{"loc":{"start":{"line":16,"column":20},"end":{"line":16,"column":64}},"type":"binary-expr","locations":[{"start":{"line":16,"column":20},"end":{"line":16,"column":36}},{"start":{"line":16,"column":40},"end":{"line":16,"column":56}},{"start":{"line":16,"column":60},"end":{"line":16,"column":64}}]},"1":{"loc":{"start":{"line":26,"column":43},"end":{"line":26,"column":86}},"type":"binary-expr","locations":[{"start":{"line":26,"column":43},"end":{"line":26,"column":60}},{"start":{"line":26,"column":64},"end":{"line":26,"column":80}},{"start":{"line":26,"column":84},"end":{"line":26,"column":86}}]},"2":{"loc":{"start":{"line":43,"column":15},"end":{"line":43,"column":31}},"type":"binary-expr","locations":[{"start":{"line":43,"column":15},"end":{"line":43,"column":24}},{"start":{"line":43,"column":28},"end":{"line":43,"column":31}}]},"3":{"loc":{"start":{"line":56,"column":13},"end":{"line":56,"column":57}},"type":"cond-expr","locations":[{"start":{"line":56,"column":38},"end":{"line":56,"column":49}},{"start":{"line":56,"column":52},"end":{"line":56,"column":57}}]}},"s":{"0":0,"1":0,"2":0,"3":0,"4":0,"5":0,"6":0,"7":0,"8":0,"9":0,"10":0,"11":0,"12":0,"13":0,"14":0,"15":0,"16":0,"17":0,"18":0,"19":0,"20":0,"21":0,"22":0,"23":0,"24":0,"25":0,"26":0,"27":0,"28":0,"29":0,"30":0,"31":0,"32":0,"33":0,"34":0,"35":0},"f":{"0":0,"1":0,"2":0,"3":0,"4":0,"5":0,"6":0,"7":0},"b":{"0":[0,0,0],"1":[0,0,0],"2":[0,0],"3":[0,0]}}
,"/home/administrador/monorepo-bca/apps/backend/src/config/database.ts": {"path":"/home/administrador/monorepo-bca/apps/backend/src/config/database.ts","statementMap":{"0":{"start":{"line":1,"column":0},"end":{"line":1,"column":33}},"1":{"start":{"line":2,"column":0},"end":{"line":2,"column":29}},"2":{"start":{"line":3,"column":0},"end":{"line":3,"column":37}},"3":{"start":{"line":4,"column":0},"end":{"line":4,"column":47}},"4":{"start":{"line":7,"column":0},"end":{"line":7,"column":66}},"5":{"start":{"line":34,"column":4},"end":{"line":34,"column":40}},"6":{"start":{"line":35,"column":4},"end":{"line":35,"column":37}},"7":{"start":{"line":36,"column":4},"end":{"line":36,"column":33}},"8":{"start":{"line":37,"column":4},"end":{"line":37,"column":30}},"9":{"start":{"line":45,"column":20},"end":{"line":45,"column":57}},"10":{"start":{"line":46,"column":4},"end":{"line":49,"column":5}},"11":{"start":{"line":47,"column":6},"end":{"line":47,"column":98}},"12":{"start":{"line":48,"column":6},"end":{"line":48,"column":13}},"13":{"start":{"line":52,"column":4},"end":{"line":52,"column":38}},"14":{"start":{"line":52,"column":10},"end":{"line":52,"column":27}},"15":{"start":{"line":54,"column":25},"end":{"line":62,"column":6}},"16":{"start":{"line":64,"column":34},"end":{"line":64,"column":36}},"17":{"start":{"line":66,"column":4},"end":{"line":70,"column":5}},"18":{"start":{"line":67,"column":6},"end":{"line":69,"column":7}},"19":{"start":{"line":68,"column":8},"end":{"line":68,"column":34}},"20":{"start":{"line":72,"column":4},"end":{"line":76,"column":5}},"21":{"start":{"line":73,"column":20},"end":{"line":73,"column":92}},"22":{"start":{"line":74,"column":6},"end":{"line":74,"column":29}},"23":{"start":{"line":75,"column":6},"end":{"line":75,"column":29}},"24":{"start":{"line":79,"column":17},"end":{"line":79,"column":47}},"25":{"start":{"line":80,"column":4},"end":{"line":84,"column":5}},"26":{"start":{"line":81,"column":20},"end":{"line":81,"column":107}},"27":{"start":{"line":82,"column":6},"end":{"line":82,"column":29}},"28":{"start":{"line":83,"column":6},"end":{"line":83,"column":29}},"29":{"start":{"line":86,"column":4},"end":{"line":86,"column":83}},"30":{"start":{"line":93,"column":4},"end":{"line":105,"column":6}},"31":{"start":{"line":112,"column":20},"end":{"line":112,"column":122}},"32":{"start":{"line":114,"column":4},"end":{"line":118,"column":6}},"33":{"start":{"line":125,"column":4},"end":{"line":125,"column":53}},"34":{"start":{"line":126,"column":4},"end":{"line":126,"column":53}},"35":{"start":{"line":127,"column":4},"end":{"line":127,"column":67}},"36":{"start":{"line":129,"column":4},"end":{"line":138,"column":5}},"37":{"start":{"line":130,"column":6},"end":{"line":137,"column":9}},"38":{"start":{"line":145,"column":4},"end":{"line":145,"column":46}},"39":{"start":{"line":152,"column":4},"end":{"line":152,"column":30}},"40":{"start":{"line":159,"column":4},"end":{"line":159,"column":28}},"41":{"start":{"line":166,"column":4},"end":{"line":166,"column":33}},"42":{"start":{"line":173,"column":4},"end":{"line":173,"column":27}},"43":{"start":{"line":180,"column":4},"end":{"line":180,"column":42}},"44":{"start":{"line":187,"column":4},"end":{"line":187,"column":50}},"45":{"start":{"line":194,"column":4},"end":{"line":194,"column":37}},"46":{"start":{"line":201,"column":4},"end":{"line":201,"column":42}},"47":{"start":{"line":208,"column":4},"end":{"line":216,"column":6}},"48":{"start":{"line":223,"column":4},"end":{"line":233,"column":5}},"49":{"start":{"line":225,"column":6},"end":{"line":225,"column":73}},"50":{"start":{"line":226,"column":6},"end":{"line":226,"column":67}},"51":{"start":{"line":228,"column":6},"end":{"line":228,"column":79}},"52":{"start":{"line":230,"column":23},"end":{"line":230,"column":76}},"53":{"start":{"line":231,"column":6},"end":{"line":231,"column":32}},"54":{"start":{"line":232,"column":6},"end":{"line":232,"column":32}},"55":{"start":{"line":238,"column":13},"end":{"line":238,"column":65}},"56":{"start":{"line":244,"column":38},"end":{"line":246,"column":1}},"57":{"start":{"line":245,"column":2},"end":{"line":245,"column":87}},"58":{"start":{"line":244,"column":13},"end":{"line":244,"column":38}}},"fnMap":{"0":{"name":"(anonymous_9)","decl":{"start":{"line":33,"column":2},"end":{"line":33,"column":null}},"loc":{"start":{"line":33,"column":2},"end":{"line":38,"column":3}}},"1":{"name":"(anonymous_10)","decl":{"start":{"line":43,"column":10},"end":{"line":43,"column":38}},"loc":{"start":{"line":43,"column":38},"end":{"line":87,"column":3}}},"2":{"name":"(anonymous_11)","decl":{"start":{"line":92,"column":10},"end":{"line":92,"column":21}},"loc":{"start":{"line":92,"column":21},"end":{"line":106,"column":3}}},"3":{"name":"(anonymous_12)","decl":{"start":{"line":111,"column":10},"end":{"line":111,"column":19}},"loc":{"start":{"line":111,"column":19},"end":{"line":119,"column":3}}},"4":{"name":"(anonymous_13)","decl":{"start":{"line":124,"column":10},"end":{"line":124,"column":28}},"loc":{"start":{"line":124,"column":28},"end":{"line":139,"column":3}}},"5":{"name":"(anonymous_14)","decl":{"start":{"line":144,"column":10},"end":{"line":144,"column":22}},"loc":{"start":{"line":144,"column":34},"end":{"line":146,"column":3}}},"6":{"name":"(anonymous_15)","decl":{"start":{"line":151,"column":9},"end":{"line":151,"column":18}},"loc":{"start":{"line":151,"column":18},"end":{"line":153,"column":3}}},"7":{"name":"(anonymous_16)","decl":{"start":{"line":158,"column":9},"end":{"line":158,"column":16}},"loc":{"start":{"line":158,"column":16},"end":{"line":160,"column":3}}},"8":{"name":"(anonymous_17)","decl":{"start":{"line":165,"column":9},"end":{"line":165,"column":26}},"loc":{"start":{"line":165,"column":26},"end":{"line":167,"column":3}}},"9":{"name":"(anonymous_18)","decl":{"start":{"line":172,"column":9},"end":{"line":172,"column":20}},"loc":{"start":{"line":172,"column":20},"end":{"line":174,"column":3}}},"10":{"name":"(anonymous_19)","decl":{"start":{"line":179,"column":9},"end":{"line":179,"column":19}},"loc":{"start":{"line":179,"column":19},"end":{"line":181,"column":3}}},"11":{"name":"(anonymous_20)","decl":{"start":{"line":186,"column":9},"end":{"line":186,"column":22}},"loc":{"start":{"line":186,"column":22},"end":{"line":188,"column":3}}},"12":{"name":"(anonymous_21)","decl":{"start":{"line":193,"column":9},"end":{"line":193,"column":25}},"loc":{"start":{"line":193,"column":25},"end":{"line":195,"column":3}}},"13":{"name":"(anonymous_22)","decl":{"start":{"line":200,"column":9},"end":{"line":200,"column":30}},"loc":{"start":{"line":200,"column":30},"end":{"line":202,"column":3}}},"14":{"name":"(anonymous_23)","decl":{"start":{"line":207,"column":9},"end":{"line":207,"column":26}},"loc":{"start":{"line":207,"column":26},"end":{"line":217,"column":3}}},"15":{"name":"(anonymous_24)","decl":{"start":{"line":222,"column":9},"end":{"line":222,"column":30}},"loc":{"start":{"line":222,"column":30},"end":{"line":234,"column":3}}},"16":{"name":"(anonymous_25)","decl":{"start":{"line":244,"column":38},"end":{"line":244,"column":41}},"loc":{"start":{"line":244,"column":43},"end":{"line":246,"column":1}}}},"branchMap":{"0":{"loc":{"start":{"line":45,"column":20},"end":{"line":45,"column":57}},"type":"binary-expr","locations":[{"start":{"line":45,"column":20},"end":{"line":45,"column":40}},{"start":{"line":45,"column":44},"end":{"line":45,"column":57}}]},"1":{"loc":{"start":{"line":46,"column":4},"end":{"line":49,"column":5}},"type":"if","locations":[{"start":{"line":46,"column":4},"end":{"line":49,"column":5}},{"start":{},"end":{}}]},"2":{"loc":{"start":{"line":46,"column":8},"end":{"line":46,"column":65}},"type":"binary-expr","locations":[{"start":{"line":46,"column":8},"end":{"line":46,"column":26}},{"start":{"line":46,"column":30},"end":{"line":46,"column":65}}]},"3":{"loc":{"start":{"line":67,"column":6},"end":{"line":69,"column":7}},"type":"if","locations":[{"start":{"line":67,"column":6},"end":{"line":69,"column":7}},{"start":{},"end":{}}]},"4":{"loc":{"start":{"line":72,"column":4},"end":{"line":76,"column":5}},"type":"if","locations":[{"start":{"line":72,"column":4},"end":{"line":76,"column":5}},{"start":{},"end":{}}]},"5":{"loc":{"start":{"line":80,"column":4},"end":{"line":84,"column":5}},"type":"if","locations":[{"start":{"line":80,"column":4},"end":{"line":84,"column":5}},{"start":{},"end":{}}]},"6":{"loc":{"start":{"line":80,"column":8},"end":{"line":80,"column":48}},"type":"binary-expr","locations":[{"start":{"line":80,"column":8},"end":{"line":80,"column":19}},{"start":{"line":80,"column":23},"end":{"line":80,"column":32}},{"start":{"line":80,"column":36},"end":{"line":80,"column":48}}]},"7":{"loc":{"start":{"line":101,"column":34},"end":{"line":101,"column":78}},"type":"binary-expr","locations":[{"start":{"line":101,"column":34},"end":{"line":101,"column":67}},{"start":{"line":101,"column":71},"end":{"line":101,"column":78}}]},"8":{"loc":{"start":{"line":102,"column":31},"end":{"line":102,"column":72}},"type":"binary-expr","locations":[{"start":{"line":102,"column":31},"end":{"line":102,"column":61}},{"start":{"line":102,"column":65},"end":{"line":102,"column":72}}]},"9":{"loc":{"start":{"line":129,"column":4},"end":{"line":138,"column":5}},"type":"if","locations":[{"start":{"line":129,"column":4},"end":{"line":138,"column":5}},{"start":{},"end":{}}]},"10":{"loc":{"start":{"line":245,"column":9},"end":{"line":245,"column":86}},"type":"binary-expr","locations":[{"start":{"line":245,"column":9},"end":{"line":245,"column":47}},{"start":{"line":245,"column":51},"end":{"line":245,"column":86}}]}},"s":{"0":0,"1":0,"2":0,"3":0,"4":0,"5":0,"6":0,"7":0,"8":0,"9":0,"10":0,"11":0,"12":0,"13":0,"14":0,"15":0,"16":0,"17":0,"18":0,"19":0,"20":0,"21":0,"22":0,"23":0,"24":0,"25":0,"26":0,"27":0,"28":0,"29":0,"30":0,"31":0,"32":0,"33":0,"34":0,"35":0,"36":0,"37":0,"38":0,"39":0,"40":0,"41":0,"42":0,"43":0,"44":0,"45":0,"46":0,"47":0,"48":0,"49":0,"50":0,"51":0,"52":0,"53":0,"54":0,"55":0,"56":0,"57":0,"58":0},"f":{"0":0,"1":0,"2":0,"3":0,"4":0,"5":0,"6":0,"7":0,"8":0,"9":0,"10":0,"11":0,"12":0,"13":0,"14":0,"15":0,"16":0},"b":{"0":[0,0],"1":[0,0],"2":[0,0],"3":[0,0],"4":[0,0],"5":[0,0],"6":[0,0,0],"7":[0,0],"8":[0,0],"9":[0,0],"10":[0,0]}}
,"/home/administrador/monorepo-bca/apps/backend/src/config/db.ts": {"path":"/home/administrador/monorepo-bca/apps/backend/src/config/db.ts","statementMap":{"0":{"start":{"line":1,"column":0},"end":{"line":1,"column":26}},"1":{"start":{"line":2,"column":0},"end":{"line":2,"column":28}},"2":{"start":{"line":4,"column":0},"end":{"line":4,"column":16}},"3":{"start":{"line":6,"column":60},"end":{"line":6,"column":71}},"4":{"start":{"line":9,"column":13},"end":{"line":18,"column":3}},"5":{"start":{"line":21,"column":0},"end":{"line":23,"column":3}},"6":{"start":{"line":22,"column":2},"end":{"line":22,"column":52}},"7":{"start":{"line":25,"column":0},"end":{"line":27,"column":3}},"8":{"start":{"line":26,"column":2},"end":{"line":26,"column":59}},"9":{"start":{"line":30,"column":30},"end":{"line":40,"column":1}},"10":{"start":{"line":31,"column":2},"end":{"line":39,"column":3}},"11":{"start":{"line":32,"column":19},"end":{"line":32,"column":37}},"12":{"start":{"line":33,"column":4},"end":{"line":33,"column":73}},"13":{"start":{"line":34,"column":4},"end":{"line":34,"column":21}},"14":{"start":{"line":35,"column":4},"end":{"line":35,"column":16}},"15":{"start":{"line":37,"column":4},"end":{"line":37,"column":68}},"16":{"start":{"line":38,"column":4},"end":{"line":38,"column":17}},"17":{"start":{"line":30,"column":13},"end":{"line":30,"column":30}}},"fnMap":{"0":{"name":"(anonymous_1)","decl":{"start":{"line":21,"column":17},"end":{"line":21,"column":20}},"loc":{"start":{"line":21,"column":22},"end":{"line":23,"column":1}}},"1":{"name":"(anonymous_2)","decl":{"start":{"line":25,"column":15},"end":{"line":25,"column":18}},"loc":{"start":{"line":25,"column":21},"end":{"line":27,"column":1}}},"2":{"name":"(anonymous_3)","decl":{"start":{"line":30,"column":30},"end":{"line":30,"column":35}},"loc":{"start":{"line":30,"column":41},"end":{"line":40,"column":1}}}},"branchMap":{"0":{"loc":{"start":{"line":10,"column":8},"end":{"line":10,"column":30}},"type":"binary-expr","locations":[{"start":{"line":10,"column":8},"end":{"line":10,"column":15}},{"start":{"line":10,"column":19},"end":{"line":10,"column":30}}]},"1":{"loc":{"start":{"line":11,"column":17},"end":{"line":11,"column":34}},"type":"binary-expr","locations":[{"start":{"line":11,"column":17},"end":{"line":11,"column":24}},{"start":{"line":11,"column":28},"end":{"line":11,"column":34}}]},"2":{"loc":{"start":{"line":12,"column":12},"end":{"line":12,"column":36}},"type":"binary-expr","locations":[{"start":{"line":12,"column":12},"end":{"line":12,"column":19}},{"start":{"line":12,"column":23},"end":{"line":12,"column":36}}]},"3":{"loc":{"start":{"line":13,"column":8},"end":{"line":13,"column":29}},"type":"binary-expr","locations":[{"start":{"line":13,"column":8},"end":{"line":13,"column":15}},{"start":{"line":13,"column":19},"end":{"line":13,"column":29}}]},"4":{"loc":{"start":{"line":14,"column":12},"end":{"line":14,"column":37}},"type":"binary-expr","locations":[{"start":{"line":14,"column":12},"end":{"line":14,"column":23}},{"start":{"line":14,"column":27},"end":{"line":14,"column":37}}]}},"s":{"0":0,"1":0,"2":0,"3":0,"4":0,"5":0,"6":0,"7":0,"8":0,"9":0,"10":0,"11":0,"12":0,"13":0,"14":0,"15":0,"16":0,"17":0},"f":{"0":0,"1":0,"2":0},"b":{"0":[0,0],"1":[0,0],"2":[0,0],"3":[0,0],"4":[0,0]}}
,"/home/administrador/monorepo-bca/apps/backend/src/config/environment.ts": {"path":"/home/administrador/monorepo-bca/apps/backend/src/config/environment.ts","statementMap":{"0":{"start":{"line":47,"column":0},"end":{"line":47,"column":16}},"1":{"start":{"line":1,"column":0},"end":{"line":1,"column":24}},"2":{"start":{"line":2,"column":0},"end":{"line":2,"column":20}},"3":{"start":{"line":3,"column":0},"end":{"line":3,"column":24}},"4":{"start":{"line":5,"column":18},"end":{"line":24,"column":2}},"5":{"start":{"line":34,"column":28},"end":{"line":34,"column":32}},"6":{"start":{"line":37,"column":2},"end":{"line":37,"column":34}},"7":{"start":{"line":37,"column":17},"end":{"line":37,"column":34}},"8":{"start":{"line":38,"column":2},"end":{"line":43,"column":12}},"9":{"start":{"line":39,"column":14},"end":{"line":39,"column":36}},"10":{"start":{"line":40,"column":4},"end":{"line":42,"column":5}},"11":{"start":{"line":41,"column":6},"end":{"line":41,"column":40}},"12":{"start":{"line":44,"column":2},"end":{"line":44,"column":19}},"13":{"start":{"line":48,"column":2},"end":{"line":48,"column":34}},"14":{"start":{"line":48,"column":17},"end":{"line":48,"column":34}},"15":{"start":{"line":49,"column":17},"end":{"line":49,"column":49}},"16":{"start":{"line":50,"column":2},"end":{"line":52,"column":3}},"17":{"start":{"line":51,"column":4},"end":{"line":51,"column":99}},"18":{"start":{"line":53,"column":14},"end":{"line":53,"column":25}},"19":{"start":{"line":56,"column":15},"end":{"line":56,"column":80}},"20":{"start":{"line":57,"column":14},"end":{"line":57,"column":77}},"21":{"start":{"line":59,"column":2},"end":{"line":64,"column":3}},"22":{"start":{"line":61,"column":4},"end":{"line":63,"column":5}},"23":{"start":{"line":62,"column":6},"end":{"line":62,"column":133}},"24":{"start":{"line":67,"column":23},"end":{"line":70,"column":3}},"25":{"start":{"line":68,"column":4},"end":{"line":68,"column":31}},"26":{"start":{"line":68,"column":14},"end":{"line":68,"column":31}},"27":{"start":{"line":69,"column":4},"end":{"line":69,"column":72}},"28":{"start":{"line":72,"column":2},"end":{"line":79,"column":4}},"29":{"start":{"line":80,"column":2},"end":{"line":80,"column":19}}},"fnMap":{"0":{"name":"readFileIfExists","decl":{"start":{"line":36,"column":9},"end":{"line":36,"column":25}},"loc":{"start":{"line":36,"column":43},"end":{"line":45,"column":1}}},"1":{"name":"getEnvironment","decl":{"start":{"line":47,"column":16},"end":{"line":47,"column":30}},"loc":{"start":{"line":47,"column":30},"end":{"line":81,"column":1}}},"2":{"name":"(anonymous_3)","decl":{"start":{"line":67,"column":23},"end":{"line":67,"column":24}},"loc":{"start":{"line":67,"column":71},"end":{"line":70,"column":3}}}},"branchMap":{"0":{"loc":{"start":{"line":37,"column":2},"end":{"line":37,"column":34}},"type":"if","locations":[{"start":{"line":37,"column":2},"end":{"line":37,"column":34}},{"start":{},"end":{}}]},"1":{"loc":{"start":{"line":40,"column":4},"end":{"line":42,"column":5}},"type":"if","locations":[{"start":{"line":40,"column":4},"end":{"line":42,"column":5}},{"start":{},"end":{}}]},"2":{"loc":{"start":{"line":48,"column":2},"end":{"line":48,"column":34}},"type":"if","locations":[{"start":{"line":48,"column":2},"end":{"line":48,"column":34}},{"start":{},"end":{}}]},"3":{"loc":{"start":{"line":50,"column":2},"end":{"line":52,"column":3}},"type":"if","locations":[{"start":{"line":50,"column":2},"end":{"line":52,"column":3}},{"start":{},"end":{}}]},"4":{"loc":{"start":{"line":56,"column":15},"end":{"line":56,"column":80}},"type":"binary-expr","locations":[{"start":{"line":56,"column":15},"end":{"line":56,"column":34}},{"start":{"line":56,"column":38},"end":{"line":56,"column":80}}]},"5":{"loc":{"start":{"line":57,"column":14},"end":{"line":57,"column":77}},"type":"binary-expr","locations":[{"start":{"line":57,"column":14},"end":{"line":57,"column":32}},{"start":{"line":57,"column":36},"end":{"line":57,"column":77}}]},"6":{"loc":{"start":{"line":59,"column":2},"end":{"line":64,"column":3}},"type":"if","locations":[{"start":{"line":59,"column":2},"end":{"line":64,"column":3}},{"start":{},"end":{}}]},"7":{"loc":{"start":{"line":59,"column":6},"end":{"line":59,"column":19}},"type":"binary-expr","locations":[{"start":{"line":59,"column":6},"end":{"line":59,"column":11}},{"start":{"line":59,"column":15},"end":{"line":59,"column":19}}]},"8":{"loc":{"start":{"line":61,"column":4},"end":{"line":63,"column":5}},"type":"if","locations":[{"start":{"line":61,"column":4},"end":{"line":63,"column":5}},{"start":{},"end":{}}]},"9":{"loc":{"start":{"line":68,"column":4},"end":{"line":68,"column":31}},"type":"if","locations":[{"start":{"line":68,"column":4},"end":{"line":68,"column":31}},{"start":{},"end":{}}]},"10":{"loc":{"start":{"line":69,"column":11},"end":{"line":69,"column":71}},"type":"cond-expr","locations":[{"start":{"line":69,"column":40},"end":{"line":69,"column":43}},{"start":{"line":69,"column":46},"end":{"line":69,"column":71}}]}},"s":{"0":4,"1":4,"2":4,"3":4,"4":4,"5":4,"6":4,"7":4,"8":0,"9":0,"10":0,"11":0,"12":0,"13":4,"14":1,"15":3,"16":3,"17":0,"18":3,"19":3,"20":3,"21":3,"22":2,"23":0,"24":3,"25":6,"26":4,"27":2,"28":3,"29":3},"f":{"0":4,"1":4,"2":6},"b":{"0":[4,0],"1":[0,0],"2":[1,3],"3":[0,3],"4":[3,2],"5":[3,2],"6":[2,1],"7":[3,1],"8":[0,2],"9":[4,2],"10":[2,0]}}
,"/home/administrador/monorepo-bca/apps/backend/src/config/logger.ts": {"path":"/home/administrador/monorepo-bca/apps/backend/src/config/logger.ts","statementMap":{"0":{"start":{"line":1,"column":0},"end":{"line":1,"column":35}},"1":{"start":{"line":2,"column":0},"end":{"line":2,"column":29}},"2":{"start":{"line":3,"column":0},"end":{"line":3,"column":25}},"3":{"start":{"line":5,"column":0},"end":{"line":5,"column":56}},"4":{"start":{"line":8,"column":16},"end":{"line":8,"column":48}},"5":{"start":{"line":9,"column":0},"end":{"line":11,"column":1}},"6":{"start":{"line":10,"column":2},"end":{"line":10,"column":45}},"7":{"start":{"line":14,"column":18},"end":{"line":20,"column":2}},"8":{"start":{"line":23,"column":18},"end":{"line":29,"column":2}},"9":{"start":{"line":31,"column":0},"end":{"line":31,"column":29}},"10":{"start":{"line":34,"column":22},"end":{"line":37,"column":null}},"11":{"start":{"line":37,"column":32},"end":{"line":37,"column":82}},"12":{"start":{"line":41,"column":22},"end":{"line":47,"column":1}},"13":{"start":{"line":43,"column":22},"end":{"line":43,"column":120}},"14":{"start":{"line":45,"column":22},"end":{"line":45,"column":144}},"15":{"start":{"line":45,"column":117},"end":{"line":45,"column":143}},"16":{"start":{"line":46,"column":2},"end":{"line":46,"column":21}},"17":{"start":{"line":49,"column":22},"end":{"line":59,"column":2}},"18":{"start":{"line":50,"column":2},"end":{"line":54,"column":3}},"19":{"start":{"line":51,"column":4},"end":{"line":51,"column":47}},"20":{"start":{"line":52,"column":9},"end":{"line":54,"column":3}},"21":{"start":{"line":53,"column":4},"end":{"line":53,"column":80}},"22":{"start":{"line":53,"column":10},"end":{"line":53,"column":69}},"23":{"start":{"line":55,"column":2},"end":{"line":57,"column":3}},"24":{"start":{"line":56,"column":4},"end":{"line":56,"column":86}},"25":{"start":{"line":56,"column":10},"end":{"line":56,"column":75}},"26":{"start":{"line":58,"column":2},"end":{"line":58,"column":14}},"27":{"start":{"line":62,"column":22},"end":{"line":70,"column":null}},"28":{"start":{"line":67,"column":20},"end":{"line":67,"column":98}},"29":{"start":{"line":68,"column":17},"end":{"line":68,"column":67}},"30":{"start":{"line":69,"column":4},"end":{"line":69,"column":80}},"31":{"start":{"line":74,"column":19},"end":{"line":102,"column":2}},"32":{"start":{"line":105,"column":15},"end":{"line":128,"column":2}},"33":{"start":{"line":136,"column":4},"end":{"line":136,"column":25}},"34":{"start":{"line":140,"column":4},"end":{"line":142,"column":5}},"35":{"start":{"line":141,"column":6},"end":{"line":141,"column":37}},"36":{"start":{"line":143,"column":4},"end":{"line":143,"column":27}},"37":{"start":{"line":147,"column":4},"end":{"line":147,"column":37}},"38":{"start":{"line":151,"column":4},"end":{"line":151,"column":36}},"39":{"start":{"line":155,"column":4},"end":{"line":155,"column":36}},"40":{"start":{"line":159,"column":4},"end":{"line":159,"column":36}},"41":{"start":{"line":163,"column":4},"end":{"line":163,"column":37}},"42":{"start":{"line":168,"column":4},"end":{"line":168,"column":68}},"43":{"start":{"line":172,"column":20},"end":{"line":174,"column":37}},"44":{"start":{"line":175,"column":4},"end":{"line":175,"column":24}},"45":{"start":{"line":179,"column":19},"end":{"line":179,"column":49}},"46":{"start":{"line":180,"column":20},"end":{"line":180,"column":82}},"47":{"start":{"line":181,"column":4},"end":{"line":181,"column":23}},"48":{"start":{"line":185,"column":20},"end":{"line":185,"column":76}},"49":{"start":{"line":186,"column":4},"end":{"line":190,"column":7}},"50":{"start":{"line":131,"column":0},"end":{"line":131,"column":13}},"51":{"start":{"line":195,"column":13},"end":{"line":195,"column":46}},"52":{"start":{"line":198,"column":0},"end":{"line":198,"column":25}}},"fnMap":{"0":{"name":"(anonymous_10)","decl":{"start":{"line":37,"column":24},"end":{"line":37,"column":28}},"loc":{"start":{"line":37,"column":32},"end":{"line":37,"column":82}}},"1":{"name":"(anonymous_11)","decl":{"start":{"line":41,"column":22},"end":{"line":41,"column":23}},"loc":{"start":{"line":41,"column":47},"end":{"line":47,"column":1}}},"2":{"name":"(anonymous_12)","decl":{"start":{"line":45,"column":93},"end":{"line":45,"column":94}},"loc":{"start":{"line":45,"column":117},"end":{"line":45,"column":143}}},"3":{"name":"(anonymous_13)","decl":{"start":{"line":49,"column":37},"end":{"line":49,"column":38}},"loc":{"start":{"line":49,"column":46},"end":{"line":59,"column":1}}},"4":{"name":"(anonymous_14)","decl":{"start":{"line":66,"column":24},"end":{"line":66,"column":28}},"loc":{"start":{"line":66,"column":31},"end":{"line":70,"column":3}}},"5":{"name":"(anonymous_15)","decl":{"start":{"line":135,"column":2},"end":{"line":135,"column":null}},"loc":{"start":{"line":135,"column":2},"end":{"line":137,"column":3}}},"6":{"name":"(anonymous_16)","decl":{"start":{"line":139,"column":9},"end":{"line":139,"column":15}},"loc":{"start":{"line":139,"column":27},"end":{"line":144,"column":3}}},"7":{"name":"(anonymous_17)","decl":{"start":{"line":146,"column":9},"end":{"line":146,"column":14}},"loc":{"start":{"line":146,"column":42},"end":{"line":148,"column":3}}},"8":{"name":"(anonymous_18)","decl":{"start":{"line":150,"column":9},"end":{"line":150,"column":13}},"loc":{"start":{"line":150,"column":41},"end":{"line":152,"column":3}}},"9":{"name":"(anonymous_19)","decl":{"start":{"line":154,"column":9},"end":{"line":154,"column":13}},"loc":{"start":{"line":154,"column":41},"end":{"line":156,"column":3}}},"10":{"name":"(anonymous_20)","decl":{"start":{"line":158,"column":9},"end":{"line":158,"column":13}},"loc":{"start":{"line":158,"column":41},"end":{"line":160,"column":3}}},"11":{"name":"(anonymous_21)","decl":{"start":{"line":162,"column":9},"end":{"line":162,"column":14}},"loc":{"start":{"line":162,"column":42},"end":{"line":164,"column":3}}},"12":{"name":"(anonymous_22)","decl":{"start":{"line":167,"column":9},"end":{"line":167,"column":19}},"loc":{"start":{"line":167,"column":89},"end":{"line":169,"column":3}}},"13":{"name":"(anonymous_23)","decl":{"start":{"line":171,"column":9},"end":{"line":171,"column":29}},"loc":{"start":{"line":171,"column":81},"end":{"line":176,"column":3}}},"14":{"name":"(anonymous_24)","decl":{"start":{"line":178,"column":9},"end":{"line":178,"column":23}},"loc":{"start":{"line":178,"column":68},"end":{"line":182,"column":3}}},"15":{"name":"(anonymous_25)","decl":{"start":{"line":184,"column":9},"end":{"line":184,"column":17}},"loc":{"start":{"line":184,"column":48},"end":{"line":191,"column":3}}}},"branchMap":{"0":{"loc":{"start":{"line":9,"column":0},"end":{"line":11,"column":1}},"type":"if","locations":[{"start":{"line":9,"column":0},"end":{"line":11,"column":1}},{"start":{},"end":{}}]},"1":{"loc":{"start":{"line":45,"column":120},"end":{"line":45,"column":128}},"type":"binary-expr","locations":[{"start":{"line":45,"column":120},"end":{"line":45,"column":122}},{"start":{"line":45,"column":126},"end":{"line":45,"column":128}}]},"2":{"loc":{"start":{"line":50,"column":2},"end":{"line":54,"column":3}},"type":"if","locations":[{"start":{"line":50,"column":2},"end":{"line":54,"column":3}},{"start":{"line":52,"column":9},"end":{"line":54,"column":3}}]},"3":{"loc":{"start":{"line":52,"column":9},"end":{"line":54,"column":3}},"type":"if","locations":[{"start":{"line":52,"column":9},"end":{"line":54,"column":3}},{"start":{},"end":{}}]},"4":{"loc":{"start":{"line":55,"column":2},"end":{"line":57,"column":3}},"type":"if","locations":[{"start":{"line":55,"column":2},"end":{"line":57,"column":3}},{"start":{},"end":{}}]},"5":{"loc":{"start":{"line":67,"column":20},"end":{"line":67,"column":98}},"type":"cond-expr","locations":[{"start":{"line":67,"column":55},"end":{"line":67,"column":67}},{"start":{"line":67,"column":70},"end":{"line":67,"column":98}}]},"6":{"loc":{"start":{"line":68,"column":17},"end":{"line":68,"column":67}},"type":"cond-expr","locations":[{"start":{"line":68,"column":29},"end":{"line":68,"column":62}},{"start":{"line":68,"column":65},"end":{"line":68,"column":67}}]},"7":{"loc":{"start":{"line":78,"column":11},"end":{"line":78,"column":67}},"type":"cond-expr","locations":[{"start":{"line":78,"column":51},"end":{"line":78,"column":57}},{"start":{"line":78,"column":60},"end":{"line":78,"column":67}}]},"8":{"loc":{"start":{"line":88,"column":11},"end":{"line":88,"column":67}},"type":"cond-expr","locations":[{"start":{"line":88,"column":51},"end":{"line":88,"column":57}},{"start":{"line":88,"column":60},"end":{"line":88,"column":67}}]},"9":{"loc":{"start":{"line":106,"column":9},"end":{"line":106,"column":65}},"type":"cond-expr","locations":[{"start":{"line":106,"column":49},"end":{"line":106,"column":55}},{"start":{"line":106,"column":58},"end":{"line":106,"column":65}}]},"10":{"loc":{"start":{"line":140,"column":4},"end":{"line":142,"column":5}},"type":"if","locations":[{"start":{"line":140,"column":4},"end":{"line":142,"column":5}},{"start":{},"end":{}}]},"11":{"loc":{"start":{"line":172,"column":20},"end":{"line":174,"column":37}},"type":"cond-expr","locations":[{"start":{"line":173,"column":8},"end":{"line":173,"column":53}},{"start":{"line":174,"column":8},"end":{"line":174,"column":37}}]},"12":{"loc":{"start":{"line":179,"column":19},"end":{"line":179,"column":49}},"type":"cond-expr","locations":[{"start":{"line":179,"column":29},"end":{"line":179,"column":38}},{"start":{"line":179,"column":41},"end":{"line":179,"column":49}}]},"13":{"loc":{"start":{"line":180,"column":57},"end":{"line":180,"column":80}},"type":"cond-expr","locations":[{"start":{"line":180,"column":62},"end":{"line":180,"column":75}},{"start":{"line":180,"column":78},"end":{"line":180,"column":80}}]},"14":{"loc":{"start":{"line":185,"column":20},"end":{"line":185,"column":76}},"type":"cond-expr","locations":[{"start":{"line":185,"column":30},"end":{"line":185,"column":60}},{"start":{"line":185,"column":63},"end":{"line":185,"column":76}}]}},"s":{"0":3,"1":3,"2":3,"3":3,"4":3,"5":3,"6":0,"7":3,"8":3,"9":3,"10":3,"11":0,"12":3,"13":0,"14":0,"15":0,"16":0,"17":3,"18":0,"19":0,"20":0,"21":0,"22":0,"23":0,"24":0,"25":0,"26":0,"27":3,"28":0,"29":0,"30":0,"31":3,"32":3,"33":3,"34":3,"35":3,"36":3,"37":0,"38":0,"39":0,"40":0,"41":0,"42":0,"43":0,"44":0,"45":0,"46":0,"47":0,"48":0,"49":0,"50":3,"51":3,"52":3},"f":{"0":0,"1":0,"2":0,"3":0,"4":0,"5":3,"6":3,"7":0,"8":0,"9":0,"10":0,"11":0,"12":0,"13":0,"14":0,"15":0},"b":{"0":[0,3],"1":[0,0],"2":[0,0],"3":[0,0],"4":[0,0],"5":[0,0],"6":[0,0],"7":[0,3],"8":[0,3],"9":[0,3],"10":[3,0],"11":[0,0],"12":[0,0],"13":[0,0],"14":[0,0]}}
,"/home/administrador/monorepo-bca/apps/backend/src/config/logging.ts": {"path":"/home/administrador/monorepo-bca/apps/backend/src/config/logging.ts","statementMap":{"0":{"start":{"line":1,"column":0},"end":{"line":1,"column":20}},"1":{"start":{"line":2,"column":0},"end":{"line":2,"column":24}},"2":{"start":{"line":3,"column":0},"end":{"line":3,"column":28}},"3":{"start":{"line":6,"column":0},"end":{"line":6,"column":16}},"4":{"start":{"line":9,"column":21},"end":{"line":9,"column":58}},"5":{"start":{"line":12,"column":15},"end":{"line":12,"column":49}},"6":{"start":{"line":15,"column":0},"end":{"line":17,"column":1}},"7":{"start":{"line":16,"column":2},"end":{"line":16,"column":44}},"8":{"start":{"line":20,"column":19},"end":{"line":20,"column":47}},"9":{"start":{"line":21,"column":21},"end":{"line":21,"column":51}},"10":{"start":{"line":22,"column":22},"end":{"line":22,"column":53}},"11":{"start":{"line":27,"column":23},"end":{"line":74,"column":1}},"12":{"start":{"line":28,"column":2},"end":{"line":28,"column":23}},"13":{"start":{"line":28,"column":12},"end":{"line":28,"column":23}},"14":{"start":{"line":31,"column":2},"end":{"line":37,"column":3}},"15":{"start":{"line":33,"column":4},"end":{"line":35,"column":5}},"16":{"start":{"line":34,"column":6},"end":{"line":34,"column":33}},"17":{"start":{"line":36,"column":4},"end":{"line":36,"column":15}},"18":{"start":{"line":40,"column":2},"end":{"line":42,"column":3}},"19":{"start":{"line":41,"column":4},"end":{"line":41,"column":49}},"20":{"start":{"line":41,"column":27},"end":{"line":41,"column":47}},"21":{"start":{"line":45,"column":2},"end":{"line":71,"column":3}},"22":{"start":{"line":46,"column":43},"end":{"line":46,"column":45}},"23":{"start":{"line":48,"column":4},"end":{"line":68,"column":5}},"24":{"start":{"line":50,"column":28},"end":{"line":60,"column":8}},"25":{"start":{"line":63,"column":6},"end":{"line":67,"column":7}},"26":{"start":{"line":63,"column":34},"end":{"line":63,"column":63}},"27":{"start":{"line":64,"column":8},"end":{"line":64,"column":38}},"28":{"start":{"line":66,"column":8},"end":{"line":66,"column":47}},"29":{"start":{"line":70,"column":4},"end":{"line":70,"column":21}},"30":{"start":{"line":73,"column":2},"end":{"line":73,"column":13}},"31":{"start":{"line":79,"column":19},"end":{"line":81,"column":1}},"32":{"start":{"line":80,"column":2},"end":{"line":80,"column":46}},"33":{"start":{"line":86,"column":25},"end":{"line":104,"column":1}},"34":{"start":{"line":87,"column":20},"end":{"line":87,"column":44}},"35":{"start":{"line":88,"column":25},"end":{"line":88,"column":63}},"36":{"start":{"line":90,"column":2},"end":{"line":101,"column":3}},"37":{"start":{"line":91,"column":21},"end":{"line":91,"column":23}},"38":{"start":{"line":92,"column":4},"end":{"line":98,"column":5}},"39":{"start":{"line":94,"column":28},"end":{"line":94,"column":70}},"40":{"start":{"line":95,"column":6},"end":{"line":95,"column":49}},"41":{"start":{"line":97,"column":6},"end":{"line":97,"column":57}},"42":{"start":{"line":100,"column":4},"end":{"line":100,"column":42}},"43":{"start":{"line":103,"column":2},"end":{"line":103,"column":26}},"44":{"start":{"line":109,"column":13},"end":{"line":189,"column":2}},"45":{"start":{"line":111,"column":29},"end":{"line":111,"column":68}},"46":{"start":{"line":112,"column":4},"end":{"line":112,"column":34}},"47":{"start":{"line":113,"column":4},"end":{"line":113,"column":45}},"48":{"start":{"line":117,"column":29},"end":{"line":117,"column":68}},"49":{"start":{"line":118,"column":4},"end":{"line":118,"column":35}},"50":{"start":{"line":119,"column":4},"end":{"line":119,"column":45}},"51":{"start":{"line":123,"column":20},"end":{"line":123,"column":25}},"52":{"start":{"line":126,"column":4},"end":{"line":132,"column":5}},"53":{"start":{"line":127,"column":6},"end":{"line":131,"column":8}},"54":{"start":{"line":134,"column":29},"end":{"line":134,"column":74}},"55":{"start":{"line":135,"column":4},"end":{"line":135,"column":36}},"56":{"start":{"line":136,"column":4},"end":{"line":136,"column":47}},"57":{"start":{"line":137,"column":4},"end":{"line":137,"column":45}},"58":{"start":{"line":142,"column":4},"end":{"line":142,"column":29}},"59":{"start":{"line":142,"column":22},"end":{"line":142,"column":29}},"60":{"start":{"line":144,"column":29},"end":{"line":144,"column":69}},"61":{"start":{"line":145,"column":4},"end":{"line":145,"column":36}},"62":{"start":{"line":146,"column":4},"end":{"line":146,"column":45}},"63":{"start":{"line":151,"column":54},"end":{"line":151,"column":57}},"64":{"start":{"line":154,"column":41},"end":{"line":170,"column":6}},"65":{"start":{"line":173,"column":4},"end":{"line":175,"column":5}},"66":{"start":{"line":174,"column":6},"end":{"line":174,"column":50}},"67":{"start":{"line":177,"column":29},"end":{"line":180,"column":null}},"68":{"start":{"line":182,"column":4},"end":{"line":182,"column":48}},"69":{"start":{"line":185,"column":4},"end":{"line":187,"column":5}},"70":{"start":{"line":186,"column":6},"end":{"line":186,"column":36}},"71":{"start":{"line":192,"column":29},"end":{"line":202,"column":1}},"72":{"start":{"line":193,"column":16},"end":{"line":193,"column":26}},"73":{"start":{"line":196,"column":2},"end":{"line":199,"column":5}},"74":{"start":{"line":197,"column":25},"end":{"line":197,"column":43}},"75":{"start":{"line":198,"column":4},"end":{"line":198,"column":42}},"76":{"start":{"line":201,"column":2},"end":{"line":201,"column":9}},"77":{"start":{"line":192,"column":13},"end":{"line":192,"column":29}},"78":{"start":{"line":204,"column":0},"end":{"line":204,"column":22}}},"fnMap":{"0":{"name":"(anonymous_1)","decl":{"start":{"line":27,"column":23},"end":{"line":27,"column":24}},"loc":{"start":{"line":27,"column":41},"end":{"line":74,"column":1}}},"1":{"name":"(anonymous_2)","decl":{"start":{"line":41,"column":19},"end":{"line":41,"column":23}},"loc":{"start":{"line":41,"column":27},"end":{"line":41,"column":47}}},"2":{"name":"(anonymous_3)","decl":{"start":{"line":63,"column":29},"end":{"line":63,"column":30}},"loc":{"start":{"line":63,"column":34},"end":{"line":63,"column":63}}},"3":{"name":"(anonymous_4)","decl":{"start":{"line":79,"column":19},"end":{"line":79,"column":20}},"loc":{"start":{"line":79,"column":63},"end":{"line":81,"column":1}}},"4":{"name":"(anonymous_5)","decl":{"start":{"line":86,"column":25},"end":{"line":86,"column":26}},"loc":{"start":{"line":86,"column":80},"end":{"line":104,"column":1}}},"5":{"name":"(anonymous_6)","decl":{"start":{"line":110,"column":8},"end":{"line":110,"column":9}},"loc":{"start":{"line":110,"column":46},"end":{"line":114,"column":3}}},"6":{"name":"(anonymous_7)","decl":{"start":{"line":116,"column":8},"end":{"line":116,"column":9}},"loc":{"start":{"line":116,"column":46},"end":{"line":120,"column":3}}},"7":{"name":"(anonymous_8)","decl":{"start":{"line":122,"column":9},"end":{"line":122,"column":10}},"loc":{"start":{"line":122,"column":48},"end":{"line":138,"column":3}}},"8":{"name":"(anonymous_9)","decl":{"start":{"line":140,"column":9},"end":{"line":140,"column":10}},"loc":{"start":{"line":140,"column":47},"end":{"line":147,"column":3}}},"9":{"name":"(anonymous_10)","decl":{"start":{"line":150,"column":10},"end":{"line":150,"column":11}},"loc":{"start":{"line":150,"column":62},"end":{"line":188,"column":3}}},"10":{"name":"(anonymous_11)","decl":{"start":{"line":192,"column":29},"end":{"line":192,"column":30}},"loc":{"start":{"line":192,"column":69},"end":{"line":202,"column":1}}},"11":{"name":"(anonymous_12)","decl":{"start":{"line":196,"column":19},"end":{"line":196,"column":22}},"loc":{"start":{"line":196,"column":24},"end":{"line":199,"column":3}}}},"branchMap":{"0":{"loc":{"start":{"line":15,"column":0},"end":{"line":17,"column":1}},"type":"if","locations":[{"start":{"line":15,"column":0},"end":{"line":17,"column":1}},{"start":{},"end":{}}]},"1":{"loc":{"start":{"line":28,"column":2},"end":{"line":28,"column":23}},"type":"if","locations":[{"start":{"line":28,"column":2},"end":{"line":28,"column":23}},{"start":{},"end":{}}]},"2":{"loc":{"start":{"line":31,"column":2},"end":{"line":37,"column":3}},"type":"if","locations":[{"start":{"line":31,"column":2},"end":{"line":37,"column":3}},{"start":{},"end":{}}]},"3":{"loc":{"start":{"line":33,"column":4},"end":{"line":35,"column":5}},"type":"if","locations":[{"start":{"line":33,"column":4},"end":{"line":35,"column":5}},{"start":{},"end":{}}]},"4":{"loc":{"start":{"line":40,"column":2},"end":{"line":42,"column":3}},"type":"if","locations":[{"start":{"line":40,"column":2},"end":{"line":42,"column":3}},{"start":{},"end":{}}]},"5":{"loc":{"start":{"line":45,"column":2},"end":{"line":71,"column":3}},"type":"if","locations":[{"start":{"line":45,"column":2},"end":{"line":71,"column":3}},{"start":{},"end":{}}]},"6":{"loc":{"start":{"line":63,"column":6},"end":{"line":67,"column":7}},"type":"if","locations":[{"start":{"line":63,"column":6},"end":{"line":67,"column":7}},{"start":{"line":65,"column":13},"end":{"line":67,"column":7}}]},"7":{"loc":{"start":{"line":90,"column":2},"end":{"line":101,"column":3}},"type":"if","locations":[{"start":{"line":90,"column":2},"end":{"line":101,"column":3}},{"start":{},"end":{}}]},"8":{"loc":{"start":{"line":94,"column":28},"end":{"line":94,"column":70}},"type":"cond-expr","locations":[{"start":{"line":94,"column":43},"end":{"line":94,"column":63}},{"start":{"line":94,"column":66},"end":{"line":94,"column":70}}]},"9":{"loc":{"start":{"line":126,"column":4},"end":{"line":132,"column":5}},"type":"if","locations":[{"start":{"line":126,"column":4},"end":{"line":132,"column":5}},{"start":{},"end":{}}]},"10":{"loc":{"start":{"line":129,"column":15},"end":{"line":129,"column":69}},"type":"cond-expr","locations":[{"start":{"line":129,"column":30},"end":{"line":129,"column":55}},{"start":{"line":129,"column":58},"end":{"line":129,"column":69}}]},"11":{"loc":{"start":{"line":142,"column":4},"end":{"line":142,"column":29}},"type":"if","locations":[{"start":{"line":142,"column":4},"end":{"line":142,"column":29}},{"start":{},"end":{}}]},"12":{"loc":{"start":{"line":151,"column":37},"end":{"line":151,"column":49}},"type":"default-arg","locations":[{"start":{"line":151,"column":47},"end":{"line":151,"column":49}}]},"13":{"loc":{"start":{"line":159,"column":20},"end":{"line":159,"column":66}},"type":"cond-expr","locations":[{"start":{"line":159,"column":35},"end":{"line":159,"column":54}},{"start":{"line":159,"column":57},"end":{"line":159,"column":66}}]},"14":{"loc":{"start":{"line":162,"column":10},"end":{"line":169,"column":12}},"type":"cond-expr","locations":[{"start":{"line":163,"column":10},"end":{"line":163,"column":12}},{"start":{"line":164,"column":10},"end":{"line":169,"column":12}}]},"15":{"loc":{"start":{"line":168,"column":22},"end":{"line":168,"column":59}},"type":"cond-expr","locations":[{"start":{"line":168,"column":33},"end":{"line":168,"column":54}},{"start":{"line":168,"column":57},"end":{"line":168,"column":59}}]},"16":{"loc":{"start":{"line":173,"column":4},"end":{"line":175,"column":5}},"type":"if","locations":[{"start":{"line":173,"column":4},"end":{"line":175,"column":5}},{"start":{},"end":{}}]},"17":{"loc":{"start":{"line":185,"column":4},"end":{"line":187,"column":5}},"type":"if","locations":[{"start":{"line":185,"column":4},"end":{"line":187,"column":5}},{"start":{},"end":{}}]}},"s":{"0":0,"1":0,"2":0,"3":0,"4":0,"5":0,"6":0,"7":0,"8":0,"9":0,"10":0,"11":0,"12":0,"13":0,"14":0,"15":0,"16":0,"17":0,"18":0,"19":0,"20":0,"21":0,"22":0,"23":0,"24":0,"25":0,"26":0,"27":0,"28":0,"29":0,"30":0,"31":0,"32":0,"33":0,"34":0,"35":0,"36":0,"37":0,"38":0,"39":0,"40":0,"41":0,"42":0,"43":0,"44":0,"45":0,"46":0,"47":0,"48":0,"49":0,"50":0,"51":0,"52":0,"53":0,"54":0,"55":0,"56":0,"57":0,"58":0,"59":0,"60":0,"61":0,"62":0,"63":0,"64":0,"65":0,"66":0,"67":0,"68":0,"69":0,"70":0,"71":0,"72":0,"73":0,"74":0,"75":0,"76":0,"77":0,"78":0},"f":{"0":0,"1":0,"2":0,"3":0,"4":0,"5":0,"6":0,"7":0,"8":0,"9":0,"10":0,"11":0},"b":{"0":[0,0],"1":[0,0],"2":[0,0],"3":[0,0],"4":[0,0],"5":[0,0],"6":[0,0],"7":[0,0],"8":[0,0],"9":[0,0],"10":[0,0],"11":[0,0],"12":[0],"13":[0,0],"14":[0,0],"15":[0,0],"16":[0,0],"17":[0,0]}}
,"/home/administrador/monorepo-bca/apps/backend/src/config/prisma.ts": {"path":"/home/administrador/monorepo-bca/apps/backend/src/config/prisma.ts","statementMap":{"0":{"start":{"line":1,"column":0},"end":{"line":1,"column":46}},"1":{"start":{"line":2,"column":0},"end":{"line":2,"column":37}},"2":{"start":{"line":3,"column":0},"end":{"line":3,"column":44}},"3":{"start":{"line":10,"column":10},"end":{"line":10,"column":30}},"4":{"start":{"line":11,"column":10},"end":{"line":11,"column":33}},"5":{"start":{"line":12,"column":10},"end":{"line":12,"column":25}},"6":{"start":{"line":13,"column":10},"end":{"line":13,"column":32}},"7":{"start":{"line":16,"column":4},"end":{"line":23,"column":7}},"8":{"start":{"line":30,"column":4},"end":{"line":30,"column":35}},"9":{"start":{"line":30,"column":28},"end":{"line":30,"column":35}},"10":{"start":{"line":32,"column":19},"end":{"line":32,"column":45}},"11":{"start":{"line":34,"column":4},"end":{"line":40,"column":5}},"12":{"start":{"line":35,"column":6},"end":{"line":39,"column":9}},"13":{"start":{"line":42,"column":4},"end":{"line":42,"column":30}},"14":{"start":{"line":49,"column":4},"end":{"line":51,"column":5}},"15":{"start":{"line":50,"column":6},"end":{"line":50,"column":13}},"16":{"start":{"line":54,"column":4},"end":{"line":54,"column":24}},"17":{"start":{"line":56,"column":4},"end":{"line":95,"column":5}},"18":{"start":{"line":56,"column":23},"end":{"line":56,"column":24}},"19":{"start":{"line":57,"column":6},"end":{"line":94,"column":7}},"20":{"start":{"line":58,"column":8},"end":{"line":58,"column":99}},"21":{"start":{"line":60,"column":8},"end":{"line":60,"column":37}},"22":{"start":{"line":63,"column":8},"end":{"line":63,"column":46}},"23":{"start":{"line":65,"column":8},"end":{"line":65,"column":32}},"24":{"start":{"line":66,"column":8},"end":{"line":66,"column":42}},"25":{"start":{"line":68,"column":8},"end":{"line":72,"column":11}},"26":{"start":{"line":74,"column":8},"end":{"line":74,"column":15}},"27":{"start":{"line":76,"column":30},"end":{"line":76,"column":57}},"28":{"start":{"line":77,"column":29},"end":{"line":77,"column":89}},"29":{"start":{"line":79,"column":8},"end":{"line":93,"column":9}},"30":{"start":{"line":80,"column":10},"end":{"line":85,"column":13}},"31":{"start":{"line":86,"column":10},"end":{"line":86,"column":85}},"32":{"start":{"line":88,"column":10},"end":{"line":91,"column":13}},"33":{"start":{"line":92,"column":10},"end":{"line":92,"column":33}},"34":{"start":{"line":102,"column":4},"end":{"line":104,"column":5}},"35":{"start":{"line":103,"column":6},"end":{"line":103,"column":13}},"36":{"start":{"line":106,"column":4},"end":{"line":113,"column":5}},"37":{"start":{"line":107,"column":6},"end":{"line":107,"column":38}},"38":{"start":{"line":108,"column":6},"end":{"line":108,"column":31}},"39":{"start":{"line":109,"column":6},"end":{"line":109,"column":70}},"40":{"start":{"line":111,"column":6},"end":{"line":111,"column":72}},"41":{"start":{"line":112,"column":6},"end":{"line":112,"column":18}},"42":{"start":{"line":120,"column":4},"end":{"line":122,"column":5}},"43":{"start":{"line":121,"column":6},"end":{"line":121,"column":102}},"44":{"start":{"line":123,"column":4},"end":{"line":123,"column":23}},"45":{"start":{"line":130,"column":4},"end":{"line":136,"column":5}},"46":{"start":{"line":131,"column":6},"end":{"line":131,"column":44}},"47":{"start":{"line":132,"column":6},"end":{"line":132,"column":18}},"48":{"start":{"line":134,"column":6},"end":{"line":134,"column":62}},"49":{"start":{"line":135,"column":6},"end":{"line":135,"column":19}},"50":{"start":{"line":143,"column":4},"end":{"line":155,"column":5}},"51":{"start":{"line":144,"column":21},"end":{"line":150,"column":8}},"52":{"start":{"line":151,"column":6},"end":{"line":151,"column":20}},"53":{"start":{"line":153,"column":6},"end":{"line":153,"column":81}},"54":{"start":{"line":154,"column":6},"end":{"line":154,"column":18}},"55":{"start":{"line":162,"column":4},"end":{"line":169,"column":6}},"56":{"start":{"line":179,"column":4},"end":{"line":200,"column":5}},"57":{"start":{"line":179,"column":23},"end":{"line":179,"column":24}},"58":{"start":{"line":180,"column":6},"end":{"line":199,"column":7}},"59":{"start":{"line":181,"column":8},"end":{"line":181,"column":57}},"60":{"start":{"line":183,"column":30},"end":{"line":183,"column":52}},"61":{"start":{"line":184,"column":29},"end":{"line":184,"column":89}},"62":{"start":{"line":186,"column":8},"end":{"line":198,"column":9}},"63":{"start":{"line":187,"column":10},"end":{"line":190,"column":13}},"64":{"start":{"line":191,"column":10},"end":{"line":191,"column":22}},"65":{"start":{"line":193,"column":10},"end":{"line":196,"column":13}},"66":{"start":{"line":197,"column":10},"end":{"line":197,"column":33}},"67":{"start":{"line":202,"column":4},"end":{"line":202,"column":56}},"68":{"start":{"line":209,"column":4},"end":{"line":209,"column":59}},"69":{"start":{"line":209,"column":34},"end":{"line":209,"column":57}},"70":{"start":{"line":216,"column":4},"end":{"line":216,"column":59}},"71":{"start":{"line":217,"column":4},"end":{"line":217,"column":28}},"72":{"start":{"line":222,"column":50},"end":{"line":222,"column":54}},"73":{"start":{"line":224,"column":25},"end":{"line":229,"column":1}},"74":{"start":{"line":225,"column":2},"end":{"line":227,"column":3}},"75":{"start":{"line":226,"column":4},"end":{"line":226,"column":48}},"76":{"start":{"line":228,"column":2},"end":{"line":228,"column":31}},"77":{"start":{"line":232,"column":0},"end":{"line":236,"column":3}},"78":{"start":{"line":233,"column":2},"end":{"line":235,"column":3}},"79":{"start":{"line":234,"column":4},"end":{"line":234,"column":42}},"80":{"start":{"line":238,"column":0},"end":{"line":243,"column":3}},"81":{"start":{"line":239,"column":2},"end":{"line":241,"column":3}},"82":{"start":{"line":240,"column":4},"end":{"line":240,"column":42}},"83":{"start":{"line":242,"column":2},"end":{"line":242,"column":18}},"84":{"start":{"line":245,"column":0},"end":{"line":250,"column":3}},"85":{"start":{"line":246,"column":2},"end":{"line":248,"column":3}},"86":{"start":{"line":247,"column":4},"end":{"line":247,"column":42}},"87":{"start":{"line":249,"column":2},"end":{"line":249,"column":18}},"88":{"start":{"line":253,"column":13},"end":{"line":253,"column":53}},"89":{"start":{"line":256,"column":13},"end":{"line":256,"column":48}},"90":{"start":{"line":259,"column":32},"end":{"line":261,"column":1}},"91":{"start":{"line":260,"column":2},"end":{"line":260,"column":37}},"92":{"start":{"line":259,"column":13},"end":{"line":259,"column":32}}},"fnMap":{"0":{"name":"(anonymous_0)","decl":{"start":{"line":15,"column":2},"end":{"line":15,"column":null}},"loc":{"start":{"line":15,"column":2},"end":{"line":24,"column":3}}},"1":{"name":"(anonymous_1)","decl":{"start":{"line":29,"column":10},"end":{"line":29,"column":22}},"loc":{"start":{"line":29,"column":22},"end":{"line":43,"column":3}}},"2":{"name":"(anonymous_2)","decl":{"start":{"line":48,"column":9},"end":{"line":48,"column":14}},"loc":{"start":{"line":48,"column":22},"end":{"line":96,"column":3}}},"3":{"name":"(anonymous_3)","decl":{"start":{"line":101,"column":9},"end":{"line":101,"column":14}},"loc":{"start":{"line":101,"column":25},"end":{"line":114,"column":3}}},"4":{"name":"(anonymous_4)","decl":{"start":{"line":119,"column":9},"end":{"line":119,"column":18}},"loc":{"start":{"line":119,"column":18},"end":{"line":124,"column":3}}},"5":{"name":"(anonymous_5)","decl":{"start":{"line":129,"column":9},"end":{"line":129,"column":14}},"loc":{"start":{"line":129,"column":30},"end":{"line":137,"column":3}}},"6":{"name":"(anonymous_6)","decl":{"start":{"line":142,"column":9},"end":{"line":142,"column":14}},"loc":{"start":{"line":142,"column":30},"end":{"line":156,"column":3}}},"7":{"name":"(anonymous_7)","decl":{"start":{"line":161,"column":9},"end":{"line":161,"column":27}},"loc":{"start":{"line":161,"column":27},"end":{"line":170,"column":3}}},"8":{"name":"(anonymous_8)","decl":{"start":{"line":175,"column":9},"end":{"line":175,"column":14}},"loc":{"start":{"line":177,"column":26},"end":{"line":203,"column":3}}},"9":{"name":"(anonymous_9)","decl":{"start":{"line":208,"column":10},"end":{"line":208,"column":15}},"loc":{"start":{"line":208,"column":26},"end":{"line":210,"column":3}}},"10":{"name":"(anonymous_10)","decl":{"start":{"line":209,"column":23},"end":{"line":209,"column":30}},"loc":{"start":{"line":209,"column":34},"end":{"line":209,"column":57}}},"11":{"name":"(anonymous_11)","decl":{"start":{"line":215,"column":9},"end":{"line":215,"column":14}},"loc":{"start":{"line":215,"column":22},"end":{"line":218,"column":3}}},"12":{"name":"(anonymous_12)","decl":{"start":{"line":224,"column":25},"end":{"line":224,"column":43}},"loc":{"start":{"line":224,"column":45},"end":{"line":229,"column":1}}},"13":{"name":"(anonymous_13)","decl":{"start":{"line":232,"column":25},"end":{"line":232,"column":30}},"loc":{"start":{"line":232,"column":36},"end":{"line":236,"column":1}}},"14":{"name":"(anonymous_14)","decl":{"start":{"line":238,"column":21},"end":{"line":238,"column":26}},"loc":{"start":{"line":238,"column":32},"end":{"line":243,"column":1}}},"15":{"name":"(anonymous_15)","decl":{"start":{"line":245,"column":22},"end":{"line":245,"column":27}},"loc":{"start":{"line":245,"column":33},"end":{"line":250,"column":1}}},"16":{"name":"(anonymous_16)","decl":{"start":{"line":259,"column":32},"end":{"line":259,"column":37}},"loc":{"start":{"line":259,"column":58},"end":{"line":261,"column":1}}}},"branchMap":{"0":{"loc":{"start":{"line":30,"column":4},"end":{"line":30,"column":35}},"type":"if","locations":[{"start":{"line":30,"column":4},"end":{"line":30,"column":35}},{"start":{},"end":{}}]},"1":{"loc":{"start":{"line":34,"column":4},"end":{"line":40,"column":5}},"type":"if","locations":[{"start":{"line":34,"column":4},"end":{"line":40,"column":5}},{"start":{},"end":{}}]},"2":{"loc":{"start":{"line":49,"column":4},"end":{"line":51,"column":5}},"type":"if","locations":[{"start":{"line":49,"column":4},"end":{"line":51,"column":5}},{"start":{},"end":{}}]},"3":{"loc":{"start":{"line":77,"column":29},"end":{"line":77,"column":89}},"type":"cond-expr","locations":[{"start":{"line":77,"column":54},"end":{"line":77,"column":67}},{"start":{"line":77,"column":70},"end":{"line":77,"column":89}}]},"4":{"loc":{"start":{"line":79,"column":8},"end":{"line":93,"column":9}},"type":"if","locations":[{"start":{"line":79,"column":8},"end":{"line":93,"column":9}},{"start":{"line":87,"column":15},"end":{"line":93,"column":9}}]},"5":{"loc":{"start":{"line":102,"column":4},"end":{"line":104,"column":5}},"type":"if","locations":[{"start":{"line":102,"column":4},"end":{"line":104,"column":5}},{"start":{},"end":{}}]},"6":{"loc":{"start":{"line":120,"column":4},"end":{"line":122,"column":5}},"type":"if","locations":[{"start":{"line":120,"column":4},"end":{"line":122,"column":5}},{"start":{},"end":{}}]},"7":{"loc":{"start":{"line":177,"column":4},"end":{"line":177,"column":26}},"type":"default-arg","locations":[{"start":{"line":177,"column":25},"end":{"line":177,"column":26}}]},"8":{"loc":{"start":{"line":184,"column":29},"end":{"line":184,"column":89}},"type":"cond-expr","locations":[{"start":{"line":184,"column":54},"end":{"line":184,"column":67}},{"start":{"line":184,"column":70},"end":{"line":184,"column":89}}]},"9":{"loc":{"start":{"line":186,"column":8},"end":{"line":198,"column":9}},"type":"if","locations":[{"start":{"line":186,"column":8},"end":{"line":198,"column":9}},{"start":{"line":192,"column":15},"end":{"line":198,"column":9}}]},"10":{"loc":{"start":{"line":225,"column":2},"end":{"line":227,"column":3}},"type":"if","locations":[{"start":{"line":225,"column":2},"end":{"line":227,"column":3}},{"start":{},"end":{}}]},"11":{"loc":{"start":{"line":233,"column":2},"end":{"line":235,"column":3}},"type":"if","locations":[{"start":{"line":233,"column":2},"end":{"line":235,"column":3}},{"start":{},"end":{}}]},"12":{"loc":{"start":{"line":239,"column":2},"end":{"line":241,"column":3}},"type":"if","locations":[{"start":{"line":239,"column":2},"end":{"line":241,"column":3}},{"start":{},"end":{}}]},"13":{"loc":{"start":{"line":246,"column":2},"end":{"line":248,"column":3}},"type":"if","locations":[{"start":{"line":246,"column":2},"end":{"line":248,"column":3}},{"start":{},"end":{}}]}},"s":{"0":0,"1":0,"2":0,"3":0,"4":0,"5":0,"6":0,"7":0,"8":0,"9":0,"10":0,"11":0,"12":0,"13":0,"14":0,"15":0,"16":0,"17":0,"18":0,"19":0,"20":0,"21":0,"22":0,"23":0,"24":0,"25":0,"26":0,"27":0,"28":0,"29":0,"30":0,"31":0,"32":0,"33":0,"34":0,"35":0,"36":0,"37":0,"38":0,"39":0,"40":0,"41":0,"42":0,"43":0,"44":0,"45":0,"46":0,"47":0,"48":0,"49":0,"50":0,"51":0,"52":0,"53":0,"54":0,"55":0,"56":0,"57":0,"58":0,"59":0,"60":0,"61":0,"62":0,"63":0,"64":0,"65":0,"66":0,"67":0,"68":0,"69":0,"70":0,"71":0,"72":0,"73":0,"74":0,"75":0,"76":0,"77":0,"78":0,"79":0,"80":0,"81":0,"82":0,"83":0,"84":0,"85":0,"86":0,"87":0,"88":0,"89":0,"90":0,"91":0,"92":0},"f":{"0":0,"1":0,"2":0,"3":0,"4":0,"5":0,"6":0,"7":0,"8":0,"9":0,"10":0,"11":0,"12":0,"13":0,"14":0,"15":0,"16":0},"b":{"0":[0,0],"1":[0,0],"2":[0,0],"3":[0,0],"4":[0,0],"5":[0,0],"6":[0,0],"7":[0],"8":[0,0],"9":[0,0],"10":[0,0],"11":[0,0],"12":[0,0],"13":[0,0]}}
,"/home/administrador/monorepo-bca/apps/backend/src/config/serviceConfig.ts": {"path":"/home/administrador/monorepo-bca/apps/backend/src/config/serviceConfig.ts","statementMap":{"0":{"start":{"line":18,"column":10},"end":{"line":18,"column":52}},"1":{"start":{"line":24,"column":4},"end":{"line":26,"column":5}},"2":{"start":{"line":25,"column":6},"end":{"line":25,"column":83}},"3":{"start":{"line":27,"column":4},"end":{"line":27,"column":50}},"4":{"start":{"line":35,"column":30},"end":{"line":35,"column":68}},"5":{"start":{"line":36,"column":4},"end":{"line":38,"column":5}},"6":{"start":{"line":37,"column":6},"end":{"line":37,"column":31}},"7":{"start":{"line":40,"column":38},"end":{"line":44,"column":6}},"8":{"start":{"line":45,"column":4},"end":{"line":45,"column":35}},"9":{"start":{"line":47,"column":4},"end":{"line":47,"column":22}},"10":{"start":{"line":54,"column":19},"end":{"line":54,"column":35}},"11":{"start":{"line":55,"column":4},"end":{"line":55,"column":37}},"12":{"start":{"line":62,"column":19},"end":{"line":62,"column":35}},"13":{"start":{"line":63,"column":30},"end":{"line":63,"column":32}},"14":{"start":{"line":64,"column":4},"end":{"line":64,"column":62}},"15":{"start":{"line":64,"column":35},"end":{"line":64,"column":62}},"16":{"start":{"line":65,"column":4},"end":{"line":65,"column":19}},"17":{"start":{"line":72,"column":4},"end":{"line":72,"column":29}},"18":{"start":{"line":16,"column":0},"end":{"line":16,"column":13}},"19":{"start":{"line":79,"column":13},"end":{"line":79,"column":80}}},"fnMap":{"0":{"name":"(anonymous_0)","decl":{"start":{"line":16,"column":0},"end":{"line":16,"column":13}},"loc":{"start":{"line":16,"column":0},"end":{"line":74,"column":1}}},"1":{"name":"(anonymous_1)","decl":{"start":{"line":23,"column":9},"end":{"line":23,"column":15}},"loc":{"start":{"line":23,"column":27},"end":{"line":28,"column":3}}},"2":{"name":"(anonymous_2)","decl":{"start":{"line":33,"column":9},"end":{"line":33,"column":18}},"loc":{"start":{"line":33,"column":18},"end":{"line":48,"column":3}}},"3":{"name":"(anonymous_3)","decl":{"
[...]
}},"2":{"name":"(anonymous_2)","decl":{"start":{"line":61,"column":12},"end":{"line":61,"column":17}},"loc":{"start":{"line":61,"column":51},"end":{"line":73,"column":3}}},"3":{"name":"(anonymous_3)","decl":{"start":{"line":75,"column":12},"end":{"line":75,"column":17}},"loc":{"start":{"line":75,"column":65},"end":{"line":122,"column":3}}},"4":{"name":"(anonymous_4)","decl":{"start":{"line":124,"column":12},"end":{"line":124,"column":17}},"loc":{"start":{"line":124,"column":62},"end":{"line":147,"column":3}}},"5":{"name":"(anonymous_5)","decl":{"start":{"line":149,"column":12},"end":{"line":149,"column":17}},"loc":{"start":{"line":149,"column":74},"end":{"line":175,"column":3}}},"6":{"name":"(anonymous_6)","decl":{"start":{"line":177,"column":12},"end":{"line":177,"column":17}},"loc":{"start":{"line":177,"column":49},"end":{"line":194,"column":3}}},"7":{"name":"(anonymous_7)","decl":{"start":{"line":196,"column":12},"end":{"line":196,"column":17}},"loc":{"start":{"line":196,"column":62},"end":{"line":223,"column":3}}},"8":{"name":"(anonymous_8)","decl":{"start":{"line":230,"column":9},"end":{"line":230,"column":14}},"loc":{"start":{"line":230,"column":42},"end":{"line":250,"column":3}}},"9":{"name":"(anonymous_9)","decl":{"start":{"line":255,"column":9},"end":{"line":255,"column":14}},"loc":{"start":{"line":255,"column":28},"end":{"line":275,"column":3}}},"10":{"name":"(anonymous_10)","decl":{"start":{"line":280,"column":9},"end":{"line":280,"column":14}},"loc":{"start":{"line":280,"column":49},"end":{"line":301,"column":3}}},"11":{"name":"(anonymous_11)","decl":{"start":{"line":306,"column":9},"end":{"line":306,"column":14}},"loc":{"start":{"line":306,"column":23},"end":{"line":350,"column":3}}},"12":{"name":"(anonymous_12)","decl":{"start":{"line":329,"column":51},"end":{"line":329,"column":52}},"loc":{"start":{"line":329,"column":56},"end":{"line":329,"column":77}}},"13":{"name":"(anonymous_13)","decl":{"start":{"line":330,"column":53},"end":{"line":330,"column":54}},"loc":{"start":{"line":330,"column":58},"end":{"line":330,"column":81}}},"14":{"name":"(anonymous_14)","decl":{"start":{"line":331,"column":57},"end":{"line":331,"column":58}},"loc":{"start":{"line":331,"column":62},"end":{"line":331,"column":90}}},"15":{"name":"(anonymous_15)","decl":{"start":{"line":332,"column":57},"end":{"line":332,"column":58}},"loc":{"start":{"line":332,"column":62},"end":{"line":332,"column":84}}},"16":{"name":"(anonymous_16)","decl":{"start":{"line":334,"column":58},"end":{"line":334,"column":59}},"loc":{"start":{"line":334,"column":70},"end":{"line":334,"column":94}}},"17":{"name":"(anonymous_17)","decl":{"start":{"line":355,"column":9},"end":{"line":355,"column":14}},"loc":{"start":{"line":355,"column":61},"end":{"line":371,"column":3}}}},"branchMap":{"0":{"loc":{"start":{"line":54,"column":4},"end":{"line":56,"column":5}},"type":"if","locations":[{"start":{"line":54,"column":4},"end":{"line":56,"column":5}},{"start":{},"end":{}}]},"1":{"loc":{"start":{"line":80,"column":4},"end":{"line":101,"column":5}},"type":"if","locations":[{"start":{"line":80,"column":4},"end":{"line":101,"column":5}},{"start":{},"end":{}}]},"2":{"loc":{"start":{"line":81,"column":6},"end":{"line":96,"column":7}},"type":"if","locations":[{"start":{"line":81,"column":6},"end":{"line":96,"column":7}},{"start":{},"end":{}}]},"3":{"loc":{"start":{"line":98,"column":6},"end":{"line":100,"column":7}},"type":"if","locations":[{"start":{"line":98,"column":6},"end":{"line":100,"column":7}},{"start":{},"end":{}}]},"4":{"loc":{"start":{"line":114,"column":12},"end":{"line":114,"column":32}},"type":"binary-expr","locations":[{"start":{"line":114,"column":12},"end":{"line":114,"column":26}},{"start":{"line":114,"column":30},"end":{"line":114,"column":32}}]},"5":{"loc":{"start":{"line":115,"column":12},"end":{"line":115,"column":32}},"type":"binary-expr","locations":[{"start":{"line":115,"column":12},"end":{"line":115,"column":27}},{"start":{"line":115,"column":31},"end":{"line":115,"column":32}}]},"6":{"loc":{"start":{"line":128,"column":21},"end":{"line":128,"column":45}},"type":"binary-expr","locations":[{"start":{"line":128,"column":21},"end":{"line":128,"column":37}},{"start":{"line":128,"column":41},"end":{"line":128,"column":45}}]},"7":{"loc":{"start":{"line":129,"column":17},"end":{"line":129,"column":37}},"type":"binary-expr","locations":[{"start":{"line":129,"column":17},"end":{"line":129,"column":29}},{"start":{"line":129,"column":33},"end":{"line":129,"column":37}}]},"8":{"loc":{"start":{"line":130,"column":16},"end":{"line":130,"column":39}},"type":"binary-expr","locations":[{"start":{"line":130,"column":16},"end":{"line":130,"column":27}},{"start":{"line":130,"column":31},"end":{"line":130,"column":39}}]},"9":{"loc":{"start":{"line":152,"column":4},"end":{"line":152,"column":53}},"type":"if","locations":[{"start":{"line":152,"column":4},"end":{"line":152,"column":53}},{"start":{},"end":{}}]},"10":{"loc":{"start":{"line":153,"column":4},"end":{"line":153,"column":90}},"type":"if","locations":[{"start":{"line":153,"column":4},"end":{"line":153,"column":90}},{"start":{},"end":{}}]},"11":{"loc":{"start":{"line":153,"column":65},"end":{"line":153,"column":89}},"type":"binary-expr","locations":[{"start":{"line":153,"column":65},"end":{"line":153,"column":81}},{"start":{"line":153,"column":85},"end":{"line":153,"column":89}}]},"12":{"loc":{"start":{"line":154,"column":4},"end":{"line":154,"column":78}},"type":"if","locations":[{"start":{"line":154,"column":4},"end":{"line":154,"column":78}},{"start":{},"end":{}}]},"13":{"loc":{"start":{"line":154,"column":57},"end":{"line":154,"column":77}},"type":"binary-expr","locations":[{"start":{"line":154,"column":57},"end":{"line":154,"column":69}},{"start":{"line":154,"column":73},"end":{"line":154,"column":77}}]},"14":{"loc":{"start":{"line":155,"column":4},"end":{"line":155,"column":53}},"type":"if","locations":[{"start":{"line":155,"column":4},"end":{"line":155,"column":53}},{"start":{},"end":{}}]},"15":{"loc":{"start":{"line":183,"column":4},"end":{"line":187,"column":5}},"type":"if","locations":[{"start":{"line":183,"column":4},"end":{"line":187,"column":5}},{"start":{},"end":{}}]},"16":{"loc":{"start":{"line":199,"column":4},"end":{"line":220,"column":5}},"type":"if","locations":[{"start":{"line":199,"column":4},"end":{"line":220,"column":5}},{"start":{},"end":{}}]},"17":{"loc":{"start":{"line":200,"column":6},"end":{"line":215,"column":7}},"type":"if","locations":[{"start":{"line":200,"column":6},"end":{"line":215,"column":7}},{"start":{},"end":{}}]},"18":{"loc":{"start":{"line":217,"column":6},"end":{"line":219,"column":7}},"type":"if","locations":[{"start":{"line":217,"column":6},"end":{"line":219,"column":7}},{"start":{},"end":{}}]},"19":{"loc":{"start":{"line":335,"column":41},"end":{"line":335,"column":79}},"type":"cond-expr","locations":[{"start":{"line":335,"column":53},"end":{"line":335,"column":75}},{"start":{"line":335,"column":78},"end":{"line":335,"column":79}}]}},"s":{"0":0,"1":0,"2":0,"3":0,"4":0,"5":0,"6":0,"7":0,"8":0,"9":0,"10":0,"11":0,"12":0,"13":0,"14":0,"15":0,"16":0,"17":0,"18":0,"19":0,"20":0,"21":0,"22":0,"23":0,"24":0,"25":0,"26":0,"27":0,"28":0,"29":0,"30":0,"31":0,"32":0,"33":0,"34":0,"35":0,"36":0,"37":0,"38":0,"39":0,"40":0,"41":0,"42":0,"43":0,"44":0,"45":0,"46":0,"47":0,"48":0,"49":0,"50":0,"51":0,"52":0,"53":0,"54":0,"55":0,"56":0,"57":0,"58":0,"59":0,"60":0,"61":0,"62":0,"63":0,"64":0,"65":0,"66":0,"67":0,"68":0,"69":0,"70":0,"71":0,"72":0,"73":0,"74":0,"75":0,"76":0,"77":0,"78":0,"79":0,"80":0,"81":0,"82":0,"83":0,"84":0,"85":0,"86":0,"87":0,"88":0},"f":{"0":0,"1":0,"2":0,"3":0,"4":0,"5":0,"6":0,"7":0,"8":0,"9":0,"10":0,"11":0,"12":0,"13":0,"14":0,"15":0,"16":0,"17":0},"b":{"0":[0,0],"1":[0,0],"2":[0,0],"3":[0,0],"4":[0,0],"5":[0,0],"6":[0,0],"7":[0,0],"8":[0,0],"9":[0,0],"10":[0,0],"11":[0,0],"12":[0,0],"13":[0,0],"14":[0,0],"15":[0,0],"16":[0,0],"17":[0,0],"18":[0,0],"19":[0,0]}}
,"/home/administrador/monorepo-bca/apps/backend/src/services/user.service.test.ts": {"path":"/home/administrador/monorepo-bca/apps/backend/src/services/user.service.test.ts","statementMap":{"0":{"start":{"line":5,"column":0},"end":{"line":5,"column":45}},"1":{"start":{"line":7,"column":0},"end":{"line":56,"column":3}},"2":{"start":{"line":10,"column":2},"end":{"line":12,"column":5}},"3":{"start":{"line":11,"column":4},"end":{"line":11,"column":44}},"4":{"start":{"line":14,"column":2},"end":{"line":21,"column":5}},"5":{"start":{"line":15,"column":4},"end":{"line":20,"column":7}},"6":{"start":{"line":16,"column":24},"end":{"line":16,"column":49}},"7":{"start":{"line":17,"column":24},"end":{"line":17,"column":49}},"8":{"start":{"line":19,"column":6},"end":{"line":19,"column":40}},"9":{"start":{"line":23,"column":2},"end":{"line":55,"column":5}},"10":{"start":{"line":24,"column":4},"end":{"line":26,"column":7}},"11":{"start":{"line":25,"column":6},"end":{"line":25,"column":40}},"12":{"start":{"line":28,"column":4},"end":{"line":30,"column":7}},"13":{"start":{"line":29,"column":6},"end":{"line":29,"column":62}},"14":{"start":{"line":32,"column":4},"end":{"line":34,"column":7}},"15":{"start":{"line":33,"column":6},"end":{"line":33,"column":65}},"16":{"start":{"line":36,"column":4},"end":{"line":38,"column":7}},"17":{"start":{"line":37,"column":6},"end":{"line":37,"column":65}},"18":{"start":{"line":40,"column":4},"end":{"line":42,"column":7}},"19":{"start":{"line":41,"column":6},"end":{"line":41,"column":64}},"20":{"start":{"line":44,"column":4},"end":{"line":46,"column":7}},"21":{"start":{"line":45,"column":6},"end":{"line":45,"column":59}},"22":{"start":{"line":48,"column":4},"end":{"line":50,"column":7}},"23":{"start":{"line":49,"column":6},"end":{"line":49,"column":56}},"24":{"start":{"line":52,"column":4},"end":{"line":54,"column":7}},"25":{"start":{"line":53,"column":6},"end":{"line":53,"column":59}}},"fnMap":{"0":{"name":"(anonymous_0)","decl":{"start":{"line":7,"column":24},"end":{"line":7,"column":27}},"loc":{"start":{"line":7,"column":29},"end":{"line":56,"column":1}}},"1":{"name":"(anonymous_1)","decl":{"start":{"line":10,"column":13},"end":{"line":10,"column":16}},"loc":{"start":{"line":10,"column":18},"end":{"line":12,"column":3}}},"2":{"name":"(anonymous_2)","decl":{"start":{"line":14,"column":26},"end":{"line":14,"column":29}},"loc":{"start":{"line":14,"column":31},"end":{"line":21,"column":3}}},"3":{"name":"(anonymous_3)","decl":{"start":{"line":15,"column":43},"end":{"line":15,"column":46}},"loc":{"start":{"line":15,"column":48},"end":{"line":20,"column":5}}},"4":{"name":"(anonymous_4)","decl":{"start":{"line":23,"column":39},"end":{"line":23,"column":42}},"loc":{"start":{"line":23,"column":44},"end":{"line":55,"column":3}}},"5":{"name":"(anonymous_5)","decl":{"start":{"line":24,"column":28},"end":{"line":24,"column":31}},"loc":{"start":{"line":24,"column":33},"end":{"line":26,"column":5}}},"6":{"name":"(anonymous_6)","decl":{"start":{"line":28,"column":41},"end":{"line":28,"column":44}},"loc":{"start":{"line":28,"column":46},"end":{"line":30,"column":5}}},"7":{"name":"(anonymous_7)","decl":{"start":{"line":32,"column":44},"end":{"line":32,"column":47}},"loc":{"start":{"line":32,"column":49},"end":{"line":34,"column":5}}},"8":{"name":"(anonymous_8)","decl":{"start":{"line":36,"column":44},"end":{"line":36,"column":47}},"loc":{"start":{"line":36,"column":49},"end":{"line":38,"column":5}}},"9":{"name":"(anonymous_9)","decl":{"start":{"line":40,"column":43},"end":{"line":40,"column":46}},"loc":{"start":{"line":40,"column":48},"end":{"line":42,"column":5}}},"10":{"name":"(anonymous_10)","decl":{"start":{"line":44,"column":38},"end":{"line":44,"column":41}},"loc":{"start":{"line":44,"column":43},"end":{"line":46,"column":5}}},"11":{"name":"(anonymous_11)","decl":{"start":{"line":48,"column":35},"end":{"line":48,"column":38}},"loc":{"start":{"line":48,"column":40},"end":{"line":50,"column":5}}},"12":{"name":"(anonymous_12)","decl":{"start":{"line":52,"column":38},"end":{"line":52,"column":41}},"loc":{"start":{"line":52,"column":43},"end":{"line":54,"column":5}}}},"branchMap":{},"s":{"0":0,"1":0,"2":0,"3":0,"4":0,"5":0,"6":0,"7":0,"8":0,"9":0,"10":0,"11":0,"12":0,"13":0,"14":0,"15":0,"16":0,"17":0,"18":0,"19":0,"20":0,"21":0,"22":0,"23":0,"24":0,"25":0},"f":{"0":0,"1":0,"2":0,"3":0,"4":0,"5":0,"6":0,"7":0,"8":0,"9":0,"10":0,"11":0,"12":0},"b":{}}
,"/home/administrador/monorepo-bca/apps/backend/src/services/user.service.ts": {"path":"/home/administrador/monorepo-bca/apps/backend/src/services/user.service.ts","statementMap":{"0":{"start":{"line":1,"column":0},"end":{"line":1,"column":45}},"1":{"start":{"line":2,"column":0},"end":{"line":2,"column":49}},"2":{"start":{"line":3,"column":0},"end":{"line":3,"column":45}},"3":{"start":{"line":4,"column":0},"end":{"line":4,"column":30}},"4":{"start":{"line":6,"column":0},"end":{"line":6,"column":42}},"5":{"start":{"line":59,"column":4},"end":{"line":59,"column":45}},"6":{"start":{"line":63,"column":4},"end":{"line":65,"column":5}},"7":{"start":{"line":64,"column":6},"end":{"line":64,"column":47}},"8":{"start":{"line":66,"column":4},"end":{"line":66,"column":32}},"9":{"start":{"line":71,"column":17},"end":{"line":76,"column":6}},"10":{"start":{"line":77,"column":4},"end":{"line":77,"column":42}},"11":{"start":{"line":81,"column":23},"end":{"line":81,"column":25}},"12":{"start":{"line":82,"column":4},"end":{"line":88,"column":5}},"13":{"start":{"line":83,"column":6},"end":{"line":83,"column":50}},"14":{"start":{"line":83,"column":24},"end":{"line":83,"column":50}},"15":{"start":{"line":84,"column":6},"end":{"line":84,"column":65}},"16":{"start":{"line":84,"column":29},"end":{"line":84,"column":65}},"17":{"start":{"line":85,"column":6},"end":{"line":87,"column":7}},"18":{"start":{"line":86,"column":8},"end":{"line":86,"column":72}},"19":{"start":{"line":90,"column":18},"end":{"line":98,"column":6}},"20":{"start":{"line":100,"column":4},"end":{"line":100,"column":38}},"21":{"start":{"line":104,"column":19},"end":{"line":104,"column":55}},"22":{"start":{"line":105,"column":20},"end":{"line":115,"column":6}},"23":{"start":{"line":116,"column":4},"end":{"line":116,"column":96}},"24":{"start":{"line":117,"column":4},"end":{"line":117,"column":38}},"25":{"start":{"line":121,"column":28},"end":{"line":121,"column":39}},"26":{"start":{"line":122,"column":4},"end":{"line":124,"column":5}},"27":{"start":{"line":123,"column":6},"end":{"line":123,"column":65}},"28":{"start":{"line":125,"column":20},"end":{"line":129,"column":6}},"29":{"start":{"line":130,"column":4},"end":{"line":130,"column":38}},"30":{"start":{"line":134,"column":4},"end":{"line":134,"column":53}},"31":{"start":{"line":138,"column":23},"end":{"line":138,"column":25}},"32":{"start":{"line":139,"column":4},"end":{"line":142,"column":5}},"33":{"start":{"line":140,"column":6},"end":{"line":140,"column":50}},"34":{"start":{"line":140,"column":24},"end":{"line":140,"column":50}},"35":{"start":{"line":141,"column":6},"end":{"line":141,"column":65}},"36":{"start":{"line":141,"column":29},"end":{"line":141,"column":65}},"37":{"start":{"line":143,"column":4},"end":{"line":143,"column":45}},"38":{"start":{"line":50,"column":0},"end":{"line":50,"column":13}}},"fnMap":{"0":{"name":"(anonymous_1)","decl":{"start":{"line":57,"column":2},"end":{"line":57,"column":null}},"loc":{"start":{"line":57,"column":2},"end":{"line":60,"column":3}}},"1":{"name":"(anonymous_2)","decl":{"start":{"line":62,"column":9},"end":{"line":62,"column":15}},"loc":{"start":{"line":62,"column":27},"end":{"line":67,"column":3}}},"2":{"name":"(anonymous_3)","decl":{"start":{"line":70,"column":12},"end":{"line":70,"column":17}},"loc":{"start":{"line":70,"column":51},"end":{"line":78,"column":3}}},"3":{"name":"(anonymous_4)","decl":{"start":{"line":80,"column":12},"end":{"line":80,"column":17}},"loc":{"start":{"line":80,"column":62},"end":{"line":101,"column":3}}},"4":{"name":"(anonymous_5)","decl":{"start":{"line":103,"column":12},"end":{"line":103,"column":17}},"loc":{"start":{"line":103,"column":59},"end":{"line":118,"column":3}}},"5":{"name":"(anonymous_6)","decl":{"start":{"line":120,"column":12},"end":{"line":120,"column":17}},"loc":{"start":{"line":120,"column":71},"end":{"line":131,"column":3}}},"6":{"name":"(anonymous_7)","decl":{"start":{"line":133,"column":12},"end":{"line":133,"column":17}},"loc":{"start":{"line":133,"column":49},"end":{"line":135,"column":3}}},"7":{"name":"(anonymous_8)","decl":{"start":{"line":137,"column":12},"end":{"line":137,"column":17}},"loc":{"start":{"line":137,"column":59},"end":{"line":144,"column":3}}}},"branchMap":{"0":{"loc":{"start":{"line":63,"column":4},"end":{"line":65,"column":5}},"type":"if","locations":[{"start":{"line":63,"column":4},"end":{"line":65,"column":5}},{"start":{},"end":{}}]},"1":{"loc":{"start":{"line":82,"column":4},"end":{"line":88,"column":5}},"type":"if","locations":[{"start":{"line":82,"column":4},"end":{"line":88,"column":5}},{"start":{},"end":{}}]},"2":{"loc":{"start":{"line":83,"column":6},"end":{"line":83,"column":50}},"type":"if","locations":[{"start":{"line":83,"column":6},"end":{"line":83,"column":50}},{"start":{},"end":{}}]},"3":{"loc":{"start":{"line":84,"column":6},"end":{"line":84,"column":65}},"type":"if","locations":[{"start":{"line":84,"column":6},"end":{"line":84,"column":65}},{"start":{},"end":{}}]},"4":{"loc":{"start":{"line":85,"column":6},"end":{"line":87,"column":7}},"type":"if","locations":[{"start":{"line":85,"column":6},"end":{"line":87,"column":7}},{"start":{},"end":{}}]},"5":{"loc":{"start":{"line":95,"column":12},"end":{"line":95,"column":32}},"type":"binary-expr","locations":[{"start":{"line":95,"column":12},"end":{"line":95,"column":26}},{"start":{"line":95,"column":30},"end":{"line":95,"column":32}}]},"6":{"loc":{"start":{"line":96,"column":12},"end":{"line":96,"column":32}},"type":"binary-expr","locations":[{"start":{"line":96,"column":12},"end":{"line":96,"column":27}},{"start":{"line":96,"column":31},"end":{"line":96,"column":32}}]},"7":{"loc":{"start":{"line":109,"column":14},"end":{"line":109,"column":44}},"type":"binary-expr","locations":[{"start":{"line":109,"column":14},"end":{"line":109,"column":23}},{"start":{"line":109,"column":27},"end":{"line":109,"column":44}}]},"8":{"loc":{"start":{"line":110,"column":19},"end":{"line":110,"column":41}},"type":"binary-expr","locations":[{"start":{"line":110,"column":19},"end":{"line":110,"column":33}},{"start":{"line":110,"column":37},"end":{"line":110,"column":41}}]},"9":{"loc":{"start":{"line":122,"column":4},"end":{"line":124,"column":5}},"type":"if","locations":[{"start":{"line":122,"column":4},"end":{"line":124,"column":5}},{"start":{},"end":{}}]},"10":{"loc":{"start":{"line":139,"column":4},"end":{"line":142,"column":5}},"type":"if","locations":[{"start":{"line":139,"column":4},"end":{"line":142,"column":5}},{"start":{},"end":{}}]},"11":{"loc":{"start":{"line":140,"column":6},"end":{"line":140,"column":50}},"type":"if","locations":[{"start":{"line":140,"column":6},"end":{"line":140,"column":50}},{"start":{},"end":{}}]},"12":{"loc":{"start":{"line":141,"column":6},"end":{"line":141,"column":65}},"type":"if","locations":[{"start":{"line":141,"column":6},"end":{"line":141,"column":65}},{"start":{},"end":{}}]}},"s":{"0":1,"1":1,"2":1,"3":1,"4":1,"5":1,"6":15,"7":1,"8":15,"9":2,"10":2,"11":3,"12":3,"13":3,"14":1,"15":3,"16":0,"17":3,"18":1,"19":3,"20":3,"21":2,"22":2,"23":2,"24":2,"25":2,"26":2,"27":1,"28":2,"29":2,"30":1,"31":2,"32":2,"33":1,"34":1,"35":1,"36":0,"37":2,"38":1},"f":{"0":1,"1":15,"2":2,"3":3,"4":2,"5":2,"6":1,"7":2},"b":{"0":[1,14],"1":[3,0],"2":[1,2],"3":[0,3],"4":[1,2],"5":[3,2],"6":[3,2],"7":[2,1],"8":[2,2],"9":[1,1],"10":[1,1],"11":[1,0],"12":[0,1]}}
,"/home/administrador/monorepo-bca/apps/backend/src/types/express/index.d.ts": {"path":"/home/administrador/monorepo-bca/apps/backend/src/types/express/index.d.ts","statementMap":{},"fnMap":{},"branchMap":{},"s":{},"f":{},"b":{}}
}
