{"total": {"lines":{"total":788,"covered":735,"skipped":0,"pct":93.27},"statements":{"total":838,"covered":772,"skipped":0,"pct":92.12},"functions":{"total":122,"covered":112,"skipped":0,"pct":91.8},"branches":{"total":492,"covered":427,"skipped":0,"pct":86.78},"branchesTrue":{"total":0,"covered":0,"skipped":0,"pct":100}}
,"C:\\Users\\agust\\Desktop\\solucion-de-compromiso-testing-playwright\\monorepo-bca\\apps\\remitos\\src\\index.ts": {"lines":{"total":72,"covered":41,"skipped":0,"pct":56.94},"functions":{"total":8,"covered":2,"skipped":0,"pct":25},"statements":{"total":77,"covered":43,"skipped":0,"pct":55.84},"branches":{"total":8,"covered":5,"skipped":0,"pct":62.5}}
,"C:\\Users\\agust\\Desktop\\solucion-de-compromiso-testing-playwright\\monorepo-bca\\apps\\remitos\\src\\config\\database.ts": {"lines":{"total":15,"covered":13,"skipped":0,"pct":86.66},"functions":{"total":4,"covered":4,"skipped":0,"pct":100},"statements":{"total":16,"covered":14,"skipped":0,"pct":87.5},"branches":{"total":8,"covered":5,"skipped":0,"pct":62.5}}
,"C:\\Users\\agust\\Desktop\\solucion-de-compromiso-testing-playwright\\monorepo-bca\\apps\\remitos\\src\\config\\environment.ts": {"lines":{"total":7,"covered":7,"skipped":0,"pct":100},"functions":{"total":2,"covered":2,"skipped":0,"pct":100},"statements":{"total":8,"covered":8,"skipped":0,"pct":100},"branches":{"total":32,"covered":32,"skipped":0,"pct":100}}
,"C:\\Users\\agust\\Desktop\\solucion-de-compromiso-testing-playwright\\monorepo-bca\\apps\\remitos\\src\\config\\logger.ts": {"lines":{"total":7,"covered":7,"skipped":0,"pct":100},"functions":{"total":1,"covered":1,"skipped":0,"pct":100},"statements":{"total":7,"covered":7,"skipped":0,"pct":100},"branches":{"total":4,"covered":3,"skipped":0,"pct":75}}
,"C:\\Users\\agust\\Desktop\\solucion-de-compromiso-testing-playwright\\monorepo-bca\\apps\\remitos\\src\\controllers\\config.controller.ts": {"lines":{"total":23,"covered":23,"skipped":0,"pct":100},"functions":{"total":3,"covered":3,"skipped":0,"pct":100},"statements":{"total":23,"covered":23,"skipped":0,"pct":100},"branches":{"total":4,"covered":4,"skipped":0,"pct":100}}
,"C:\\Users\\agust\\Desktop\\solucion-de-compromiso-testing-playwright\\monorepo-bca\\apps\\remitos\\src\\controllers\\remitos.controller.ts": {"lines":{"total":114,"covered":110,"skipped":0,"pct":96.49},"functions":{"total":24,"covered":24,"skipped":0,"pct":100},"statements":{"total":121,"covered":117,"skipped":0,"pct":96.69},"branches":{"total":81,"covered":67,"skipped":0,"pct":82.71}}
,"C:\\Users\\agust\\Desktop\\solucion-de-compromiso-testing-playwright\\monorepo-bca\\apps\\remitos\\src\\middlewares\\auth.middleware.ts": {"lines":{"total":41,"covered":36,"skipped":0,"pct":87.8},"functions":{"total":4,"covered":4,"skipped":0,"pct":100},"statements":{"total":41,"covered":36,"skipped":0,"pct":87.8},"branches":{"total":19,"covered":15,"skipped":0,"pct":78.94}}
,"C:\\Users\\agust\\Desktop\\solucion-de-compromiso-testing-playwright\\monorepo-bca\\apps\\remitos\\src\\middlewares\\error.middleware.ts": {"lines":{"total":14,"covered":14,"skipped":0,"pct":100},"functions":{"total":3,"covered":3,"skipped":0,"pct":100},"statements":{"total":14,"covered":14,"skipped":0,"pct":100},"branches":{"total":8,"covered":8,"skipped":0,"pct":100}}
,"C:\\Users\\agust\\Desktop\\solucion-de-compromiso-testing-playwright\\monorepo-bca\\apps\\remitos\\src\\routes\\config.routes.ts": {"lines":{"total":8,"covered":8,"skipped":0,"pct":100},"functions":{"total":0,"covered":0,"skipped":0,"pct":100},"statements":{"total":8,"covered":8,"skipped":0,"pct":100},"branches":{"total":0,"covered":0,"skipped":0,"pct":100}}
,"C:\\Users\\agust\\Desktop\\solucion-de-compromiso-testing-playwright\\monorepo-bca\\apps\\remitos\\src\\routes\\index.ts": {"lines":{"total":9,"covered":9,"skipped":0,"pct":100},"functions":{"total":1,"covered":1,"skipped":0,"pct":100},"statements":{"total":9,"covered":9,"skipped":0,"pct":100},"branches":{"total":2,"covered":2,"skipped":0,"pct":100}}
,"C:\\Users\\agust\\Desktop\\solucion-de-compromiso-testing-playwright\\monorepo-bca\\apps\\remitos\\src\\routes\\remitos.routes.ts": {"lines":{"total":21,"covered":21,"skipped":0,"pct":100},"functions":{"total":1,"covered":1,"skipped":0,"pct":100},"statements":{"total":21,"covered":21,"skipped":0,"pct":100},"branches":{"total":4,"covered":4,"skipped":0,"pct":100}}
,"C:\\Users\\agust\\Desktop\\solucion-de-compromiso-testing-playwright\\monorepo-bca\\apps\\remitos\\src\\services\\config.service.ts": {"lines":{"total":43,"covered":43,"skipped":0,"pct":100},"functions":{"total":5,"covered":5,"skipped":0,"pct":100},"statements":{"total":44,"covered":44,"skipped":0,"pct":100},"branches":{"total":52,"covered":51,"skipped":0,"pct":98.07}}
,"C:\\Users\\agust\\Desktop\\solucion-de-compromiso-testing-playwright\\monorepo-bca\\apps\\remitos\\src\\services\\flowise.service.ts": {"lines":{"total":57,"covered":56,"skipped":0,"pct":98.24},"functions":{"total":7,"covered":7,"skipped":0,"pct":100},"statements":{"total":60,"covered":58,"skipped":0,"pct":96.66},"branches":{"total":91,"covered":84,"skipped":0,"pct":92.3}}
,"C:\\Users\\agust\\Desktop\\solucion-de-compromiso-testing-playwright\\monorepo-bca\\apps\\remitos\\src\\services\\media.service.ts": {"lines":{"total":52,"covered":49,"skipped":0,"pct":94.23},"functions":{"total":10,"covered":10,"skipped":0,"pct":100},"statements":{"total":58,"covered":55,"skipped":0,"pct":94.82},"branches":{"total":21,"covered":17,"skipped":0,"pct":80.95}}
,"C:\\Users\\agust\\Desktop\\solucion-de-compromiso-testing-playwright\\monorepo-bca\\apps\\remitos\\src\\services\\minio.service.ts": {"lines":{"total":36,"covered":36,"skipped":0,"pct":100},"functions":{"total":11,"covered":11,"skipped":0,"pct":100},"statements":{"total":38,"covered":38,"skipped":0,"pct":100},"branches":{"total":7,"covered":7,"skipped":0,"pct":100}}
,"C:\\Users\\agust\\Desktop\\solucion-de-compromiso-testing-playwright\\monorepo-bca\\apps\\remitos\\src\\services\\pdf.service.ts": {"lines":{"total":49,"covered":49,"skipped":0,"pct":100},"functions":{"total":3,"covered":3,"skipped":0,"pct":100},"statements":{"total":49,"covered":49,"skipped":0,"pct":100},"branches":{"total":11,"covered":8,"skipped":0,"pct":72.72}}
,"C:\\Users\\agust\\Desktop\\solucion-de-compromiso-testing-playwright\\monorepo-bca\\apps\\remitos\\src\\services\\queue.service.ts": {"lines":{"total":15,"covered":15,"skipped":0,"pct":100},"functions":{"total":4,"covered":4,"skipped":0,"pct":100},"statements":{"total":15,"covered":15,"skipped":0,"pct":100},"branches":{"total":0,"covered":0,"skipped":0,"pct":100}}
,"C:\\Users\\agust\\Desktop\\solucion-de-compromiso-testing-playwright\\monorepo-bca\\apps\\remitos\\src\\services\\remito.service.ts": {"lines":{"total":117,"covered":115,"skipped":0,"pct":98.29},"functions":{"total":17,"covered":16,"skipped":0,"pct":94.11},"statements":{"total":138,"covered":129,"skipped":0,"pct":93.47},"branches":{"total":120,"covered":98,"skipped":0,"pct":81.66}}
,"C:\\Users\\agust\\Desktop\\solucion-de-compromiso-testing-playwright\\monorepo-bca\\apps\\remitos\\src\\types\\index.ts": {"lines":{"total":1,"covered":1,"skipped":0,"pct":100},"functions":{"total":0,"covered":0,"skipped":0,"pct":100},"statements":{"total":1,"covered":1,"skipped":0,"pct":100},"branches":{"total":0,"covered":0,"skipped":0,"pct":100}}
,"C:\\Users\\agust\\Desktop\\solucion-de-compromiso-testing-playwright\\monorepo-bca\\apps\\remitos\\src\\workers\\analysis.worker.ts": {"lines":{"total":87,"covered":82,"skipped":0,"pct":94.25},"functions":{"total":14,"covered":11,"skipped":0,"pct":78.57},"statements":{"total":90,"covered":83,"skipped":0,"pct":92.22},"branches":{"total":20,"covered":17,"skipped":0,"pct":85}}
}
