{"total": {"lines":{"total":947,"covered":765,"skipped":0,"pct":80.78},"statements":{"total":1000,"covered":802,"skipped":0,"pct":80.2},"functions":{"total":163,"covered":118,"skipped":0,"pct":72.39},"branches":{"total":557,"covered":407,"skipped":0,"pct":73.07},"branchesTrue":{"total":0,"covered":0,"skipped":0,"pct":100}}
,"C:\\Users\\agust\\Desktop\\solucion-de-compromiso-testing-playwright\\monorepo-bca\\apps\\remitos\\src\\index.ts": {"lines":{"total":72,"covered":41,"skipped":0,"pct":56.94},"functions":{"total":8,"covered":2,"skipped":0,"pct":25},"statements":{"total":77,"covered":43,"skipped":0,"pct":55.84},"branches":{"total":8,"covered":5,"skipped":0,"pct":62.5}}
,"C:\\Users\\agust\\Desktop\\solucion-de-compromiso-testing-playwright\\monorepo-bca\\apps\\remitos\\src\\config\\database.ts": {"lines":{"total":15,"covered":13,"skipped":0,"pct":86.66},"functions":{"total":4,"covered":4,"skipped":0,"pct":100},"statements":{"total":16,"covered":14,"skipped":0,"pct":87.5},"branches":{"total":8,"covered":5,"skipped":0,"pct":62.5}}
,"C:\\Users\\agust\\Desktop\\solucion-de-compromiso-testing-playwright\\monorepo-bca\\apps\\remitos\\src\\config\\environment.ts": {"lines":{"total":7,"covered":7,"skipped":0,"pct":100},"functions":{"total":2,"covered":2,"skipped":0,"pct":100},"statements":{"total":8,"covered":8,"skipped":0,"pct":100},"branches":{"total":32,"covered":32,"skipped":0,"pct":100}}
,"C:\\Users\\agust\\Desktop\\solucion-de-compromiso-testing-playwright\\monorepo-bca\\apps\\remitos\\src\\config\\logger.ts": {"lines":{"total":7,"covered":7,"skipped":0,"pct":100},"functions":{"total":1,"covered":1,"skipped":0,"pct":100},"statements":{"total":7,"covered":7,"skipped":0,"pct":100},"branches":{"total":4,"covered":3,"skipped":0,"pct":75}}
,"C:\\Users\\agust\\Desktop\\solucion-de-compromiso-testing-playwright\\monorepo-bca\\apps\\remitos\\src\\controllers\\config.controller.ts": {"lines":{"total":22,"covered":20,"skipped":0,"pct":90.9},"functions":{"total":3,"covered":3,"skipped":0,"pct":100},"statements":{"total":22,"covered":20,"skipped":0,"pct":90.9},"branches":{"total":4,"covered":4,"skipped":0,"pct":100}}
,"C:\\Users\\agust\\Desktop\\solucion-de-compromiso-testing-playwright\\monorepo-bca\\apps\\remitos\\src\\controllers\\remitos.controller.ts": {"lines":{"total":155,"covered":121,"skipped":0,"pct":78.06},"functions":{"total":26,"covered":24,"skipped":0,"pct":92.3},"statements":{"total":162,"covered":128,"skipped":0,"pct":79.01},"branches":{"total":97,"covered":67,"skipped":0,"pct":69.07}}
,"C:\\Users\\agust\\Desktop\\solucion-de-compromiso-testing-playwright\\monorepo-bca\\apps\\remitos\\src\\middlewares\\auth.middleware.ts": {"lines":{"total":41,"covered":36,"skipped":0,"pct":87.8},"functions":{"total":4,"covered":4,"skipped":0,"pct":100},"statements":{"total":41,"covered":36,"skipped":0,"pct":87.8},"branches":{"total":19,"covered":15,"skipped":0,"pct":78.94}}
,"C:\\Users\\agust\\Desktop\\solucion-de-compromiso-testing-playwright\\monorepo-bca\\apps\\remitos\\src\\middlewares\\error.middleware.ts": {"lines":{"total":14,"covered":14,"skipped":0,"pct":100},"functions":{"total":3,"covered":3,"skipped":0,"pct":100},"statements":{"total":14,"covered":14,"skipped":0,"pct":100},"branches":{"total":8,"covered":8,"skipped":0,"pct":100}}
,"C:\\Users\\agust\\Desktop\\solucion-de-compromiso-testing-playwright\\monorepo-bca\\apps\\remitos\\src\\routes\\config.routes.ts": {"lines":{"total":8,"covered":8,"skipped":0,"pct":100},"functions":{"total":0,"covered":0,"skipped":0,"pct":100},"statements":{"total":8,"covered":8,"skipped":0,"pct":100},"branches":{"total":0,"covered":0,"skipped":0,"pct":100}}
,"C:\\Users\\agust\\Desktop\\solucion-de-compromiso-testing-playwright\\monorepo-bca\\apps\\remitos\\src\\routes\\index.ts": {"lines":{"total":9,"covered":9,"skipped":0,"pct":100},"functions":{"total":1,"covered":1,"skipped":0,"pct":100},"statements":{"total":9,"covered":9,"skipped":0,"pct":100},"branches":{"total":2,"covered":2,"skipped":0,"pct":100}}
,"C:\\Users\\agust\\Desktop\\solucion-de-compromiso-testing-playwright\\monorepo-bca\\apps\\remitos\\src\\routes\\remitos.routes.ts": {"lines":{"total":23,"covered":23,"skipped":0,"pct":100},"functions":{"total":1,"covered":1,"skipped":0,"pct":100},"statements":{"total":23,"covered":23,"skipped":0,"pct":100},"branches":{"total":4,"covered":4,"skipped":0,"pct":100}}
,"C:\\Users\\agust\\Desktop\\solucion-de-compromiso-testing-playwright\\monorepo-bca\\apps\\remitos\\src\\services\\config.service.ts": {"lines":{"total":43,"covered":43,"skipped":0,"pct":100},"functions":{"total":5,"covered":5,"skipped":0,"pct":100},"statements":{"total":44,"covered":44,"skipped":0,"pct":100},"branches":{"total":52,"covered":51,"skipped":0,"pct":98.07}}
,"C:\\Users\\agust\\Desktop\\solucion-de-compromiso-testing-playwright\\monorepo-bca\\apps\\remitos\\src\\services\\export.service.ts": {"lines":{"total":82,"covered":4,"skipped":0,"pct":4.87},"functions":{"total":29,"covered":0,"skipped":0,"pct":0},"statements":{"total":84,"covered":4,"skipped":0,"pct":4.76},"branches":{"total":50,"covered":0,"skipped":0,"pct":0}}
,"C:\\Users\\agust\\Desktop\\solucion-de-compromiso-testing-playwright\\monorepo-bca\\apps\\remitos\\src\\services\\flowise.service.ts": {"lines":{"total":65,"covered":64,"skipped":0,"pct":98.46},"functions":{"total":12,"covered":12,"skipped":0,"pct":100},"statements":{"total":70,"covered":67,"skipped":0,"pct":95.71},"branches":{"total":67,"covered":59,"skipped":0,"pct":88.05}}
,"C:\\Users\\agust\\Desktop\\solucion-de-compromiso-testing-playwright\\monorepo-bca\\apps\\remitos\\src\\services\\media.service.ts": {"lines":{"total":52,"covered":49,"skipped":0,"pct":94.23},"functions":{"total":10,"covered":10,"skipped":0,"pct":100},"statements":{"total":57,"covered":54,"skipped":0,"pct":94.73},"branches":{"total":21,"covered":17,"skipped":0,"pct":80.95}}
,"C:\\Users\\agust\\Desktop\\solucion-de-compromiso-testing-playwright\\monorepo-bca\\apps\\remitos\\src\\services\\minio.service.ts": {"lines":{"total":36,"covered":36,"skipped":0,"pct":100},"functions":{"total":11,"covered":11,"skipped":0,"pct":100},"statements":{"total":38,"covered":38,"skipped":0,"pct":100},"branches":{"total":7,"covered":7,"skipped":0,"pct":100}}
,"C:\\Users\\agust\\Desktop\\solucion-de-compromiso-testing-playwright\\monorepo-bca\\apps\\remitos\\src\\services\\pdf.service.ts": {"lines":{"total":46,"covered":46,"skipped":0,"pct":100},"functions":{"total":3,"covered":3,"skipped":0,"pct":100},"statements":{"total":46,"covered":46,"skipped":0,"pct":100},"branches":{"total":11,"covered":8,"skipped":0,"pct":72.72}}
,"C:\\Users\\agust\\Desktop\\solucion-de-compromiso-testing-playwright\\monorepo-bca\\apps\\remitos\\src\\services\\queue.service.ts": {"lines":{"total":15,"covered":15,"skipped":0,"pct":100},"functions":{"total":4,"covered":4,"skipped":0,"pct":100},"statements":{"total":15,"covered":15,"skipped":0,"pct":100},"branches":{"total":0,"covered":0,"skipped":0,"pct":100}}
,"C:\\Users\\agust\\Desktop\\solucion-de-compromiso-testing-playwright\\monorepo-bca\\apps\\remitos\\src\\services\\remito.service.ts": {"lines":{"total":133,"covered":118,"skipped":0,"pct":88.72},"functions":{"total":20,"covered":16,"skipped":0,"pct":80},"statements":{"total":154,"covered":132,"skipped":0,"pct":85.71},"branches":{"total":129,"covered":98,"skipped":0,"pct":75.96}}
,"C:\\Users\\agust\\Desktop\\solucion-de-compromiso-testing-playwright\\monorepo-bca\\apps\\remitos\\src\\types\\index.ts": {"lines":{"total":1,"covered":1,"skipped":0,"pct":100},"functions":{"total":0,"covered":0,"skipped":0,"pct":100},"statements":{"total":1,"covered":1,"skipped":0,"pct":100},"branches":{"total":0,"covered":0,"skipped":0,"pct":100}}
,"C:\\Users\\agust\\Desktop\\solucion-de-compromiso-testing-playwright\\monorepo-bca\\apps\\remitos\\src\\utils\\params.ts": {"lines":{"total":14,"covered":8,"skipped":0,"pct":57.14},"functions":{"total":2,"covered":1,"skipped":0,"pct":50},"statements":{"total":14,"covered":8,"skipped":0,"pct":57.14},"branches":{"total":14,"covered":5,"skipped":0,"pct":35.71}}
,"C:\\Users\\agust\\Desktop\\solucion-de-compromiso-testing-playwright\\monorepo-bca\\apps\\remitos\\src\\workers\\analysis.worker.ts": {"lines":{"total":87,"covered":82,"skipped":0,"pct":94.25},"functions":{"total":14,"covered":11,"skipped":0,"pct":78.57},"statements":{"total":90,"covered":83,"skipped":0,"pct":92.22},"branches":{"total":20,"covered":17,"skipped":0,"pct":85}}
}
