<?xml version="1.0" encoding="UTF-8"?>
<coverage generated="1769134882899" clover="3.2.0">
  <project timestamp="1769134882899" name="All files">
    <metrics statements="164" coveredstatements="162" conditionals="93" coveredconditionals="90" methods="52" coveredmethods="52" elements="309" coveredelements="304" complexity="0" loc="164" ncloc="164" packages="1" files="1" classes="1"/>
    <file name="index.ts" path="C:\Users\agust\Desktop\solucion-de-compromiso-testing-playwright\monorepo-bca\packages\utils\src\index.ts">
      <metrics statements="164" coveredstatements="162" conditionals="93" coveredconditionals="90" methods="52" coveredmethods="52"/>
      <line num="1" count="9" type="stmt"/>
      <line num="2" count="9" type="stmt"/>
      <line num="9" count="9" type="stmt"/>
      <line num="11" count="20" type="cond" truecount="4" falsecount="0"/>
      <line num="12" count="19" type="stmt"/>
      <line num="13" count="19" type="stmt"/>
      <line num="16" count="9" type="stmt"/>
      <line num="17" count="14" type="stmt"/>
      <line num="19" count="14" type="cond" truecount="2" falsecount="0"/>
      <line num="20" count="5" type="stmt"/>
      <line num="23" count="14" type="cond" truecount="2" falsecount="0"/>
      <line num="24" count="5" type="stmt"/>
      <line num="30" count="14" type="cond" truecount="2" falsecount="0"/>
      <line num="31" count="2" type="stmt"/>
      <line num="37" count="14" type="cond" truecount="2" falsecount="0"/>
      <line num="38" count="5" type="stmt"/>
      <line num="41" count="14" type="stmt"/>
      <line num="44" count="9" type="stmt"/>
      <line num="45" count="20" type="cond" truecount="2" falsecount="0"/>
      <line num="46" count="20" type="cond" truecount="5" falsecount="0"/>
      <line num="47" count="20" type="cond" truecount="4" falsecount="0"/>
      <line num="48" count="11" type="stmt"/>
      <line num="50" count="9" type="stmt"/>
      <line num="54" count="9" type="stmt"/>
      <line num="55" count="26" type="cond" truecount="2" falsecount="0"/>
      <line num="56" count="22" type="stmt"/>
      <line num="59" count="9" type="stmt"/>
      <line num="60" count="8" type="cond" truecount="2" falsecount="0"/>
      <line num="61" count="6" type="stmt"/>
      <line num="63" count="12" type="stmt"/>
      <line num="71" count="9" type="stmt"/>
      <line num="73" count="15" type="stmt"/>
      <line num="74" count="15" type="stmt"/>
      <line num="82" count="9" type="cond" truecount="1" falsecount="0"/>
      <line num="83" count="12" type="cond" truecount="2" falsecount="0"/>
      <line num="84" count="7" type="stmt"/>
      <line num="88" count="9" type="cond" truecount="1" falsecount="0"/>
      <line num="89" count="9" type="cond" truecount="2" falsecount="0"/>
      <line num="90" count="9" type="stmt"/>
      <line num="97" count="9" type="cond" truecount="1" falsecount="0"/>
      <line num="98" count="4" type="cond" truecount="2" falsecount="0"/>
      <line num="99" count="4" type="stmt"/>
      <line num="108" count="9" type="cond" truecount="1" falsecount="0"/>
      <line num="109" count="8" type="cond" truecount="2" falsecount="0"/>
      <line num="110" count="8" type="stmt"/>
      <line num="111" count="8" type="stmt"/>
      <line num="113" count="8" type="cond" truecount="2" falsecount="0"/>
      <line num="114" count="6" type="cond" truecount="2" falsecount="0"/>
      <line num="115" count="5" type="cond" truecount="2" falsecount="0"/>
      <line num="116" count="4" type="cond" truecount="2" falsecount="0"/>
      <line num="118" count="1" type="stmt"/>
      <line num="121" count="9" type="stmt"/>
      <line num="122" count="9" type="cond" truecount="2" falsecount="0"/>
      <line num="123" count="9" type="stmt"/>
      <line num="124" count="9" type="stmt"/>
      <line num="128" count="9" type="cond" truecount="1" falsecount="0"/>
      <line num="129" count="7" type="stmt"/>
      <line num="132" count="9" type="cond" truecount="2" falsecount="0"/>
      <line num="133" count="7" type="stmt"/>
      <line num="139" count="9" type="cond" truecount="1" falsecount="0"/>
      <line num="140" count="7" type="stmt"/>
      <line num="148" count="9" type="stmt"/>
      <line num="149" count="4" type="stmt"/>
      <line num="151" count="7" type="stmt"/>
      <line num="152" count="7" type="cond" truecount="2" falsecount="0"/>
      <line num="153" count="5" type="stmt"/>
      <line num="155" count="7" type="stmt"/>
      <line num="156" count="7" type="stmt"/>
      <line num="162" count="9" type="cond" truecount="1" falsecount="0"/>
      <line num="163" count="6" type="stmt"/>
      <line num="164" count="20" type="cond" truecount="2" falsecount="0"/>
      <line num="165" count="12" type="cond" truecount="2" falsecount="0"/>
      <line num="167" count="8" type="cond" truecount="2" falsecount="0"/>
      <line num="172" count="9" type="stmt"/>
      <line num="173" count="5" type="stmt"/>
      <line num="174" count="5" type="stmt"/>
      <line num="175" count="11" type="stmt"/>
      <line num="176" count="11" type="cond" truecount="2" falsecount="0"/>
      <line num="177" count="3" type="stmt"/>
      <line num="179" count="8" type="stmt"/>
      <line num="180" count="8" type="stmt"/>
      <line num="185" count="9" type="stmt"/>
      <line num="189" count="6" type="stmt"/>
      <line num="190" count="7" type="stmt"/>
      <line num="191" count="6" type="stmt"/>
      <line num="194" count="9" type="stmt"/>
      <line num="198" count="5" type="stmt"/>
      <line num="199" count="5" type="stmt"/>
      <line num="200" count="8" type="cond" truecount="2" falsecount="0"/>
      <line num="201" count="6" type="stmt"/>
      <line num="204" count="5" type="stmt"/>
      <line num="207" count="9" type="stmt"/>
      <line num="208" count="31" type="cond" truecount="4" falsecount="0"/>
      <line num="209" count="14" type="cond" truecount="2" falsecount="0"/>
      <line num="210" count="13" type="cond" truecount="2" falsecount="0"/>
      <line num="211" count="10" type="cond" truecount="1" falsecount="1"/>
      <line num="212" count="10" type="stmt"/>
      <line num="213" count="10" type="stmt"/>
      <line num="214" count="11" type="stmt"/>
      <line num="216" count="10" type="stmt"/>
      <line num="218" count="0" type="stmt"/>
      <line num="222" count="9" type="stmt"/>
      <line num="223" count="2" type="stmt"/>
      <line num="226" count="9" type="stmt"/>
      <line num="227" count="3" type="stmt"/>
      <line num="232" count="3" type="cond" truecount="1" falsecount="1"/>
      <line num="235" count="9" type="stmt"/>
      <line num="236" count="2" type="stmt"/>
      <line num="239" count="9" type="stmt"/>
      <line num="240" count="2" type="stmt"/>
      <line num="244" count="9" type="cond" truecount="1" falsecount="0"/>
      <line num="245" count="2" type="stmt"/>
      <line num="246" count="2" type="stmt"/>
      <line num="247" count="2" type="stmt"/>
      <line num="250" count="9" type="stmt"/>
      <line num="251" count="3" type="cond" truecount="2" falsecount="0"/>
      <line num="252" count="1" type="stmt"/>
      <line num="254" count="2" type="cond" truecount="2" falsecount="0"/>
      <line num="255" count="1" type="stmt"/>
      <line num="257" count="1" type="stmt"/>
      <line num="261" count="9" type="stmt"/>
      <line num="262" count="9" type="stmt"/>
      <line num="265" count="9" type="stmt"/>
      <line num="270" count="7" type="stmt"/>
      <line num="272" count="7" type="stmt"/>
      <line num="273" count="12" type="stmt"/>
      <line num="274" count="12" type="stmt"/>
      <line num="276" count="7" type="cond" truecount="1" falsecount="1"/>
      <line num="278" count="7" type="cond" truecount="2" falsecount="0"/>
      <line num="279" count="2" type="stmt"/>
      <line num="282" count="5" type="stmt"/>
      <line num="286" count="0" type="stmt"/>
      <line num="290" count="9" type="stmt"/>
      <line num="296" count="3" type="stmt"/>
      <line num="297" count="7" type="stmt"/>
      <line num="298" count="7" type="stmt"/>
      <line num="303" count="9" type="stmt"/>
      <line num="309" count="3" type="stmt"/>
      <line num="310" count="6" type="cond" truecount="2" falsecount="0"/>
      <line num="311" count="4" type="stmt"/>
      <line num="312" count="4" type="stmt"/>
      <line num="313" count="4" type="stmt"/>
      <line num="319" count="9" type="stmt"/>
      <line num="321" count="20" type="stmt"/>
      <line num="324" count="9" type="stmt"/>
      <line num="326" count="10" type="stmt"/>
      <line num="330" count="9" type="stmt"/>
      <line num="331" count="2" type="stmt"/>
      <line num="334" count="9" type="stmt"/>
      <line num="335" count="2" type="stmt"/>
      <line num="338" count="9" type="stmt"/>
      <line num="339" count="1" type="stmt"/>
      <line num="343" count="9" type="stmt"/>
      <line num="344" count="2" type="stmt"/>
      <line num="346" count="2" type="cond" truecount="2" falsecount="0"/>
      <line num="347" count="1" type="stmt"/>
      <line num="348" count="2" type="stmt"/>
      <line num="352" count="2" type="stmt"/>
      <line num="355" count="9" type="stmt"/>
      <line num="356" count="2" type="stmt"/>
      <line num="357" count="2" type="stmt"/>
      <line num="359" count="2" type="stmt"/>
      <line num="360" count="2" type="stmt"/>
      <line num="363" count="2" type="stmt"/>
    </file>
  </project>
</coverage>
