<?xml version="1.0" encoding="UTF-8"?>
<coverage generated="1768530984408" clover="3.2.0">
  <project timestamp="1768530984408" name="All files">
    <metrics statements="161" coveredstatements="158" conditionals="89" coveredconditionals="82" methods="52" coveredmethods="52" elements="302" coveredelements="292" complexity="0" loc="161" ncloc="161" packages="1" files="1" classes="1"/>
    <file name="index.ts" path="C:\Users\agust\Desktop\solucion-de-compromiso-testing-playwright\monorepo-bca\packages\utils\src\index.ts">
      <metrics statements="161" coveredstatements="158" conditionals="89" coveredconditionals="82" methods="52" coveredmethods="52"/>
      <line num="1" count="8" type="stmt"/>
      <line num="2" count="8" type="stmt"/>
      <line num="7" count="8" type="stmt"/>
      <line num="8" count="20" type="stmt"/>
      <line num="9" count="20" type="stmt"/>
      <line num="12" count="8" type="stmt"/>
      <line num="13" count="14" type="stmt"/>
      <line num="15" count="14" type="cond" truecount="2" falsecount="0"/>
      <line num="16" count="5" type="stmt"/>
      <line num="19" count="14" type="cond" truecount="2" falsecount="0"/>
      <line num="20" count="5" type="stmt"/>
      <line num="26" count="14" type="cond" truecount="2" falsecount="0"/>
      <line num="27" count="2" type="stmt"/>
      <line num="33" count="14" type="cond" truecount="2" falsecount="0"/>
      <line num="34" count="5" type="stmt"/>
      <line num="37" count="14" type="stmt"/>
      <line num="40" count="8" type="stmt"/>
      <line num="41" count="20" type="cond" truecount="2" falsecount="0"/>
      <line num="42" count="20" type="cond" truecount="5" falsecount="0"/>
      <line num="43" count="20" type="cond" truecount="4" falsecount="0"/>
      <line num="44" count="11" type="stmt"/>
      <line num="46" count="9" type="stmt"/>
      <line num="50" count="8" type="stmt"/>
      <line num="51" count="26" type="cond" truecount="2" falsecount="0"/>
      <line num="52" count="22" type="stmt"/>
      <line num="55" count="8" type="stmt"/>
      <line num="56" count="8" type="cond" truecount="2" falsecount="0"/>
      <line num="57" count="6" type="stmt"/>
      <line num="59" count="12" type="stmt"/>
      <line num="63" count="8" type="stmt"/>
      <line num="64" count="15" type="stmt"/>
      <line num="72" count="8" type="cond" truecount="1" falsecount="0"/>
      <line num="73" count="12" type="cond" truecount="2" falsecount="0"/>
      <line num="74" count="7" type="stmt"/>
      <line num="78" count="8" type="cond" truecount="1" falsecount="0"/>
      <line num="79" count="4" type="cond" truecount="2" falsecount="0"/>
      <line num="80" count="4" type="stmt"/>
      <line num="87" count="8" type="cond" truecount="0" falsecount="1"/>
      <line num="88" count="1" type="cond" truecount="1" falsecount="1"/>
      <line num="89" count="1" type="stmt"/>
      <line num="98" count="8" type="cond" truecount="1" falsecount="0"/>
      <line num="99" count="4" type="cond" truecount="1" falsecount="1"/>
      <line num="100" count="4" type="stmt"/>
      <line num="101" count="4" type="stmt"/>
      <line num="103" count="4" type="cond" truecount="2" falsecount="0"/>
      <line num="104" count="3" type="cond" truecount="2" falsecount="0"/>
      <line num="105" count="2" type="cond" truecount="2" falsecount="0"/>
      <line num="106" count="1" type="cond" truecount="1" falsecount="1"/>
      <line num="108" count="0" type="stmt"/>
      <line num="111" count="8" type="stmt"/>
      <line num="112" count="3" type="cond" truecount="2" falsecount="0"/>
      <line num="113" count="3" type="stmt"/>
      <line num="114" count="3" type="stmt"/>
      <line num="118" count="8" type="cond" truecount="1" falsecount="0"/>
      <line num="119" count="7" type="stmt"/>
      <line num="122" count="8" type="cond" truecount="2" falsecount="0"/>
      <line num="123" count="7" type="stmt"/>
      <line num="129" count="8" type="cond" truecount="1" falsecount="0"/>
      <line num="130" count="7" type="stmt"/>
      <line num="138" count="8" type="stmt"/>
      <line num="139" count="4" type="stmt"/>
      <line num="141" count="7" type="stmt"/>
      <line num="142" count="7" type="cond" truecount="2" falsecount="0"/>
      <line num="143" count="5" type="stmt"/>
      <line num="145" count="7" type="stmt"/>
      <line num="146" count="7" type="stmt"/>
      <line num="152" count="8" type="cond" truecount="1" falsecount="0"/>
      <line num="153" count="6" type="stmt"/>
      <line num="154" count="20" type="cond" truecount="2" falsecount="0"/>
      <line num="155" count="12" type="cond" truecount="2" falsecount="0"/>
      <line num="157" count="8" type="cond" truecount="2" falsecount="0"/>
      <line num="162" count="8" type="stmt"/>
      <line num="163" count="5" type="stmt"/>
      <line num="164" count="5" type="stmt"/>
      <line num="165" count="11" type="stmt"/>
      <line num="166" count="11" type="cond" truecount="2" falsecount="0"/>
      <line num="167" count="3" type="stmt"/>
      <line num="169" count="8" type="stmt"/>
      <line num="170" count="8" type="stmt"/>
      <line num="175" count="8" type="stmt"/>
      <line num="179" count="6" type="stmt"/>
      <line num="180" count="7" type="stmt"/>
      <line num="181" count="6" type="stmt"/>
      <line num="184" count="8" type="stmt"/>
      <line num="188" count="5" type="stmt"/>
      <line num="189" count="5" type="stmt"/>
      <line num="190" count="8" type="cond" truecount="2" falsecount="0"/>
      <line num="191" count="6" type="stmt"/>
      <line num="194" count="5" type="stmt"/>
      <line num="197" count="8" type="stmt"/>
      <line num="198" count="31" type="cond" truecount="4" falsecount="0"/>
      <line num="199" count="14" type="cond" truecount="2" falsecount="0"/>
      <line num="200" count="13" type="cond" truecount="2" falsecount="0"/>
      <line num="201" count="10" type="cond" truecount="1" falsecount="1"/>
      <line num="202" count="10" type="stmt"/>
      <line num="203" count="10" type="stmt"/>
      <line num="204" count="11" type="stmt"/>
      <line num="206" count="10" type="stmt"/>
      <line num="208" count="0" type="stmt"/>
      <line num="212" count="8" type="stmt"/>
      <line num="213" count="2" type="stmt"/>
      <line num="216" count="8" type="stmt"/>
      <line num="217" count="3" type="stmt"/>
      <line num="222" count="3" type="cond" truecount="1" falsecount="1"/>
      <line num="225" count="8" type="stmt"/>
      <line num="226" count="2" type="stmt"/>
      <line num="229" count="8" type="stmt"/>
      <line num="230" count="2" type="stmt"/>
      <line num="234" count="8" type="cond" truecount="1" falsecount="0"/>
      <line num="235" count="2" type="stmt"/>
      <line num="236" count="2" type="stmt"/>
      <line num="237" count="2" type="stmt"/>
      <line num="240" count="8" type="stmt"/>
      <line num="241" count="3" type="cond" truecount="2" falsecount="0"/>
      <line num="242" count="1" type="stmt"/>
      <line num="244" count="2" type="cond" truecount="2" falsecount="0"/>
      <line num="245" count="1" type="stmt"/>
      <line num="247" count="1" type="stmt"/>
      <line num="251" count="8" type="stmt"/>
      <line num="252" count="9" type="stmt"/>
      <line num="255" count="8" type="stmt"/>
      <line num="262" count="7" type="stmt"/>
      <line num="263" count="12" type="stmt"/>
      <line num="264" count="12" type="stmt"/>
      <line num="266" count="7" type="cond" truecount="1" falsecount="1"/>
      <line num="268" count="7" type="cond" truecount="2" falsecount="0"/>
      <line num="269" count="2" type="stmt"/>
      <line num="272" count="5" type="stmt"/>
      <line num="276" count="0" type="stmt"/>
      <line num="280" count="8" type="stmt"/>
      <line num="286" count="3" type="stmt"/>
      <line num="287" count="7" type="stmt"/>
      <line num="288" count="7" type="stmt"/>
      <line num="293" count="8" type="stmt"/>
      <line num="299" count="3" type="stmt"/>
      <line num="300" count="6" type="cond" truecount="2" falsecount="0"/>
      <line num="301" count="4" type="stmt"/>
      <line num="302" count="4" type="stmt"/>
      <line num="303" count="4" type="stmt"/>
      <line num="309" count="8" type="stmt"/>
      <line num="311" count="20" type="stmt"/>
      <line num="314" count="8" type="stmt"/>
      <line num="316" count="10" type="stmt"/>
      <line num="320" count="8" type="stmt"/>
      <line num="321" count="2" type="stmt"/>
      <line num="324" count="8" type="stmt"/>
      <line num="325" count="2" type="stmt"/>
      <line num="328" count="8" type="stmt"/>
      <line num="329" count="1" type="stmt"/>
      <line num="333" count="8" type="stmt"/>
      <line num="334" count="2" type="stmt"/>
      <line num="336" count="2" type="cond" truecount="2" falsecount="0"/>
      <line num="337" count="1" type="stmt"/>
      <line num="338" count="2" type="stmt"/>
      <line num="342" count="2" type="stmt"/>
      <line num="345" count="8" type="stmt"/>
      <line num="346" count="2" type="stmt"/>
      <line num="347" count="2" type="stmt"/>
      <line num="349" count="2" type="stmt"/>
      <line num="350" count="2" type="stmt"/>
      <line num="353" count="2" type="stmt"/>
    </file>
  </project>
</coverage>
