{"/home/administrador/monorepo-bca/packages/utils/src/index.ts": {"path":"/home/administrador/monorepo-bca/packages/utils/src/index.ts","statementMap":{"0":{"start":{"line":1,"column":0},"end":{"line":1,"column":67}},"1":{"start":{"line":2,"column":0},"end":{"line":2,"column":49}},"2":{"start":{"line":9,"column":29},"end":{"line":14,"column":1}},"3":{"start":{"line":11,"column":2},"end":{"line":11,"column":49}},"4":{"start":{"line":11,"column":36},"end":{"line":11,"column":49}},"5":{"start":{"line":12,"column":21},"end":{"line":12,"column":49}},"6":{"start":{"line":13,"column":2},"end":{"line":13,"column":32}},"7":{"start":{"line":9,"column":13},"end":{"line":9,"column":29}},"8":{"start":{"line":16,"column":32},"end":{"line":42,"column":1}},"9":{"start":{"line":17,"column":36},"end":{"line":17,"column":38}},"10":{"start":{"line":19,"column":2},"end":{"line":21,"column":3}},"11":{"start":{"line":20,"column":4},"end":{"line":20,"column":95}},"12":{"start":{"line":23,"column":2},"end":{"line":28,"column":3}},"13":{"start":{"line":24,"column":4},"end":{"line":27,"column":7}},"14":{"start":{"line":30,"column":2},"end":{"line":35,"column":3}},"15":{"start":{"line":31,"column":4},"end":{"line":34,"column":7}},"16":{"start":{"line":37,"column":2},"end":{"line":39,"column":3}},"17":{"start":{"line":38,"column":4},"end":{"line":38,"column":93}},"18":{"start":{"line":41,"column":2},"end":{"line":41,"column":16}},"19":{"start":{"line":16,"column":13},"end":{"line":16,"column":32}},"20":{"start":{"line":44,"column":32},"end":{"line":51,"column":1}},"21":{"start":{"line":45,"column":24},"end":{"line":45,"column":72}},"22":{"start":{"line":46,"column":18},"end":{"line":46,"column":105}},"23":{"start":{"line":47,"column":2},"end":{"line":49,"column":3}},"24":{"start":{"line":48,"column":4},"end":{"line":48,"column":69}},"25":{"start":{"line":50,"column":2},"end":{"line":50,"column":14}},"26":{"start":{"line":44,"column":13},"end":{"line":44,"column":32}},"27":{"start":{"line":54,"column":31},"end":{"line":57,"column":1}},"28":{"start":{"line":55,"column":2},"end":{"line":55,"column":23}},"29":{"start":{"line":55,"column":12},"end":{"line":55,"column":23}},"30":{"start":{"line":56,"column":2},"end":{"line":56,"column":66}},"31":{"start":{"line":54,"column":13},"end":{"line":54,"column":31}},"32":{"start":{"line":59,"column":26},"end":{"line":65,"column":1}},"33":{"start":{"line":60,"column":2},"end":{"line":60,"column":23}},"34":{"start":{"line":60,"column":12},"end":{"line":60,"column":23}},"35":{"start":{"line":61,"column":2},"end":{"line":64,"column":15}},"36":{"start":{"line":63,"column":17},"end":{"line":63,"column":38}},"37":{"start":{"line":59,"column":13},"end":{"line":59,"column":26}},"38":{"start":{"line":71,"column":23},"end":{"line":80,"column":1}},"39":{"start":{"line":73,"column":18},"end":{"line":73,"column":35}},"40":{"start":{"line":74,"column":2},"end":{"line":79,"column":43}},"41":{"start":{"line":71,"column":13},"end":{"line":71,"column":23}},"42":{"start":{"line":82,"column":24},"end":{"line":85,"column":1}},"43":{"start":{"line":83,"column":2},"end":{"line":83,"column":39}},"44":{"start":{"line":83,"column":28},"end":{"line":83,"column":39}},"45":{"start":{"line":84,"column":2},"end":{"line":84,"column":43}},"46":{"start":{"line":82,"column":13},"end":{"line":82,"column":24}},"47":{"start":{"line":88,"column":26},"end":{"line":95,"column":1}},"48":{"start":{"line":89,"column":12},"end":{"line":89,"column":60}},"49":{"start":{"line":90,"column":2},"end":{"line":94,"column":15}},"50":{"start":{"line":88,"column":13},"end":{"line":88,"column":26}},"51":{"start":{"line":97,"column":30},"end":{"line":106,"column":1}},"52":{"start":{"line":98,"column":12},"end":{"line":98,"column":60}},"53":{"start":{"line":99,"column":2},"end":{"line":105,"column":15}},"54":{"start":{"line":97,"column":13},"end":{"line":97,"column":30}},"55":{"start":{"line":108,"column":34},"end":{"line":119,"column":1}},"56":{"start":{"line":109,"column":12},"end":{"line":109,"column":60}},"57":{"start":{"line":110,"column":14},"end":{"line":110,"column":24}},"58":{"start":{"line":111,"column":24},"end":{"line":111,"column":72}},"59":{"start":{"line":113,"column":2},"end":{"line":113,"column":51}},"60":{"start":{"line":113,"column":26},"end":{"line":113,"column":51}},"61":{"start":{"line":114,"column":2},"end":{"line":114,"column":84}},"62":{"start":{"line":114,"column":28},"end":{"line":114,"column":84}},"63":{"start":{"line":115,"column":2},"end":{"line":115,"column":85}},"64":{"start":{"line":115,"column":29},"end":{"line":115,"column":85}},"65":{"start":{"line":116,"column":2},"end":{"line":116,"column":87}},"66":{"start":{"line":116,"column":31},"end":{"line":116,"column":87}},"67":{"start":{"line":118,"column":2},"end":{"line":118,"column":31}},"68":{"start":{"line":108,"column":13},"end":{"line":108,"column":34}},"69":{"start":{"line":121,"column":23},"end":{"line":125,"column":1}},"70":{"start":{"line":122,"column":12},"end":{"line":122,"column":60}},"71":{"start":{"line":123,"column":16},"end":{"line":123,"column":26}},"72":{"start":{"line":124,"column":2},"end":{"line":124,"column":51}},"73":{"start":{"line":121,"column":13},"end":{"line":121,"column":23}},"74":{"start":{"line":128,"column":28},"end":{"line":130,"column":1}},"75":{"start":{"line":129,"column":2},"end":{"line":129,"column":51}},"76":{"start":{"line":128,"column":13},"end":{"line":128,"column":28}},"77":{"start":{"line":132,"column":30},"end":{"line":137,"column":1}},"78":{"start":{"line":133,"column":2},"end":{"line":136,"column":20}},"79":{"start":{"line":132,"column":13},"end":{"line":132,"column":30}},"80":{"start":{"line":139,"column":32},"end":{"line":145,"column":1}},"81":{"start":{"line":140,"column":2},"end":{"line":144,"column":19}},"82":{"start":{"line":139,"column":13},"end":{"line":139,"column":32}},"83":{"start":{"line":148,"column":23},"end":{"line":160,"column":1}},"84":{"start":{"line":149,"column":2},"end":{"line":159,"column":4}},"85":{"start":{"line":151,"column":20},"end":{"line":151,"column":37}},"86":{"start":{"line":152,"column":6},"end":{"line":154,"column":7}},"87":{"start":{"line":153,"column":8},"end":{"line":153,"column":27}},"88":{"start":{"line":155,"column":6},"end":{"line":155,"column":31}},"89":{"start":{"line":156,"column":6},"end":{"line":156,"column":20}},"90":{"start":{"line":148,"column":13},"end":{"line":148,"column":23}},"91":{"start":{"line":162,"column":22},"end":{"line":170,"column":1}},"92":{"start":{"line":163,"column":2},"end":{"line":169,"column":5}},"93":{"start":{"line":164,"column":4},"end":{"line":168,"column":5}},"94":{"start":{"line":165,"column":6},"end":{"line":165,"column":38}},"95":{"start":{"line":167,"column":6},"end":{"line":167,"column":38}},"96":{"start":{"line":162,"column":13},"end":{"line":162,"column":22}},"97":{"start":{"line":172,"column":24},"end":{"line":182,"column":1}},"98":{"start":{"line":173,"column":15},"end":{"line":173,"column":24}},"99":{"start":{"line":174,"column":2},"end":{"line":181,"column":5}},"100":{"start":{"line":175,"column":18},"end":{"line":175,"column":27}},"101":{"start":{"line":176,"column":4},"end":{"line":178,"column":5}},"102":{"start":{"line":177,"column":6},"end":{"line":177,"column":19}},"103":{"start":{"line":179,"column":4},"end":{"line":179,"column":20}},"104":{"start":{"line":180,"column":4},"end":{"line":180,"column":16}},"105":{"start":{"line":172,"column":13},"end":{"line":172,"column":24}},"106":{"start":{"line":185,"column":20},"end":{"line":192,"column":1}},"107":{"start":{"line":189,"column":17},"end":{"line":189,"column":27}},"108":{"start":{"line":190,"column":2},"end":{"line":190,"column":42}},"109":{"start":{"line":190,"column":22},"end":{"line":190,"column":40}},"110":{"start":{"line":191,"column":2},"end":{"line":191,"column":16}},"111":{"start":{"line":185,"column":13},"end":{"line":185,"column":20}},"112":{"start":{"line":194,"column":20},"end":{"line":205,"column":1}},"113":{"start":{"line":198,"column":17},"end":{"line":198,"column":33}},"114":{"start":{"line":199,"column":2},"end":{"line":203,"column":5}},"115":{"start":{"line":200,"column":4},"end":{"line":202,"column":5}},"116":{"start":{"line":201,"column":6},"end":{"line":201,"column":29}},"117":{"start":{"line":204,"column":2},"end":{"line":204,"column":16}},"118":{"start":{"line":194,"column":13},"end":{"line":194,"column":20}},"119":{"start":{"line":207,"column":25},"end":{"line":219,"column":1}},"120":{"start":{"line":208,"column":2},"end":{"line":208,"column":58}},"121":{"start":{"line":208,"column":47},"end":{"line":208,"column":58}},"122":{"start":{"line":209,"column":2},"end":{"line":209,"column":65}},"123":{"start":{"line":209,"column":27},"end":{"line":209,"column":65}},"124":{"start":{"line":210,"column":2},"end":{"line":210,"column":75}},"125":{"start":{"line":210,"column":28},"end":{"line":210,"column":75}},"126":{"start":{"line":210,"column":51},"end":{"line":210,"column":66}},"127":{"start":{"line":211,"column":2},"end":{"line":217,"column":3}},"128":{"start":{"line":212,"column":19},"end":{"line":212,"column":28}},"129":{"start":{"line":213,"column":4},"end":{"line":215,"column":7}},"130":{"start":{"line":214,"column":6},"end":{"line":214,"column":49}},"131":{"start":{"line":216,"column":4},"end":{"line":216,"column":18}},"132":{"start":{"line":218,"column":2},"end":{"line":218,"column":13}},"133":{"start":{"line":207,"column":13},"end":{"line":207,"column":25}},"134":{"start":{"line":222,"column":34},"end":{"line":224,"column":1}},"135":{"start":{"line":223,"column":2},"end":{"line":223,"column":34}},"136":{"start":{"line":222,"column":13},"end":{"line":222,"column":34}},"137":{"start":{"line":226,"column":32},"end":{"line":233,"column":1}},"138":{"start":{"line":227,"column":43},"end":{"line":231,"column":4}},"139":{"start":{"line":232,"column":2},"end":{"line":232,"column":39}},"140":{"start":{"line":226,"column":13},"end":{"line":226,"column":32}},"141":{"start":{"line":235,"column":37},"end":{"line":237,"column":1}},"142":{"start":{"line":236,"column":2},"end":{"line":236,"column":43}},"143":{"start":{"line":235,"column":13},"end":{"line":235,"column":37}},"144":{"start":{"line":239,"column":31},"end":{"line":241,"column":1}},"145":{"start":{"line":240,"column":2},"end":{"line":240,"column":38}},"146":{"start":{"line":239,"column":13},"end":{"line":239,"column":31}},"147":{"start":{"line":244,"column":27},"end":{"line":248,"column":1}},"148":{"start":{"line":245,"column":16},"end":{"line":245,"column":34}},"149":{"start":{"line":246,"column":3},"end":{"line":246,"column":41}},"150":{"start":{"line":247,"column":2},"end":{"line":247,"column":15}},"151":{"start":{"line":244,"column":13},"end":{"line":244,"column":27}},"152":{"start":{"line":250,"column":27},"end":{"line":258,"column":1}},"153":{"start":{"line":251,"column":2},"end":{"line":253,"column":3}},"154":{"start":{"line":252,"column":4},"end":{"line":252,"column":25}},"155":{"start":{"line":254,"column":2},"end":{"line":256,"column":3}},"156":{"start":{"line":255,"column":4},"end":{"line":255,"column":17}},"157":{"start":{"line":257,"column":2},"end":{"line":257,"column":37}},"158":{"start":{"line":250,"column":13},"end":{"line":250,"column":27}},"159":{"start":{"line":261,"column":21},"end":{"line":263,"column":1}},"160":{"start":{"line":262,"column":2},"end":{"line":262,"column":57}},"161":{"start":{"line":262,"column":32},"end":{"line":262,"column":55}},"162":{"start":{"line":261,"column":13},"end":{"line":261,"column":21}},"163":{"start":{"line":265,"column":21},"end":{"line":287,"column":1}},"164":{"start":{"line":270,"column":25},"end":{"line":270,"column":50}},"165":{"start":{"line":272,"column":2},"end":{"line":284,"column":3}},"166":{"start":{"line":272,"column":21},"end":{"line":272,"column":22}},"167":{"start":{"line":273,"column":4},"end":{"line":283,"column":5}},"168":{"start":{"line":274,"column":6},"end":{"line":274,"column":24}},"169":{"start":{"line":276,"column":6},"end":{"line":276,"column":76}},"170":{"start":{"line":278,"column":6},"end":{"line":280,"column":7}},"171":{"start":{"line":279,"column":8},"end":{"line":279,"column":24}},"172":{"start":{"line":282,"column":6},"end":{"line":282,"column":37}},"173":{"start":{"line":286,"column":2},"end":{"line":286,"column":18}},"174":{"start":{"line":265,"column":13},"end":{"line":265,"column":21}},"175":{"start":{"line":290,"column":24},"end":{"line":300,"column":1}},"176":{"start":{"line":296,"column":2},"end":{"line":299,"column":4}},"177":{"start":{"line":297,"column":4},"end":{"line":297,"column":28}},"178":{"start":{"line":298,"column":4},"end":{"line":298,"column":55}},"179":{"start":{"line":298,"column":33},"end":{"line":298,"column":46}},"180":{"start":{"line":290,"column":13},"end":{"line":290,"column":24}},"181":{"start":{"line":303,"column":24},"end":{"line":316,"column":1}},"182":{"start":{"line":309,"column":2},"end":{"line":315,"column":4}},"183":{"start":{"line":310,"column":4},"end":{"line":314,"column":5}},"184":{"start":{"line":311,"column":6},"end":{"line":311,"column":20}},"185":{"start":{"line":312,"column":6},"end":{"line":312,"column":24}},"186":{"start":{"line":313,"column":6},"end":{"line":313,"column":52}},"187":{"start":{"line":313,"column":24},"end":{"line":313,"column":42}},"188":{"start":{"line":303,"column":13},"end":{"line":303,"column":24}},"189":{"start":{"line":319,"column":26},"end":{"line":322,"column":1}},"190":{"start":{"line":321,"column":2},"end":{"line":321,"column":66}},"191":{"start":{"line":319,"column":13},"end":{"line":319,"column":26}},"192":{"start":{"line":324,"column":28},"end":{"line":327,"column":1}},"193":{"start":{"line":326,"column":2},"end":{"line":326,"column":22}},"194":{"start":{"line":324,"column":13},"end":{"line":324,"column":28}},"195":{"start":{"line":330,"column":29},"end":{"line":332,"column":1}},"196":{"start":{"line":331,"column":2},"end":{"line":331,"column":48}},"197":{"start":{"line":330,"column":13},"end":{"line":330,"column":29}},"198":{"start":{"line":334,"column":28},"end":{"line":336,"column":1}},"199":{"start":{"line":335,"column":2},"end":{"line":335,"column":47}},"200":{"start":{"line":334,"column":13},"end":{"line":334,"column":28}},"201":{"start":{"line":338,"column":22},"end":{"line":340,"column":1}},"202":{"start":{"line":339,"column":2},"end":{"line":339,"column":41}},"203":{"start":{"line":338,"column":13},"end":{"line":338,"column":22}},"204":{"start":{"line":343,"column":24},"end":{"line":353,"column":1}},"205":{"start":{"line":344,"column":14},"end":{"line":344,"column":33}},"206":{"start":{"line":346,"column":2},"end":{"line":350,"column":3}},"207":{"start":{"line":347,"column":4},"end":{"line":349,"column":7}},"208":{"start":{"line":348,"column":6},"end":{"line":348,"column":42}},"209":{"start":{"line":352,"column":2},"end":{"line":352,"column":24}},"210":{"start":{"line":343,"column":13},"end":{"line":343,"column":24}},"211":{"start":{"line":355,"column":32},"end":{"line":364,"column":1}},"212":{"start":{"line":356,"column":17},"end":{"line":356,"column":49}},"213":{"start":{"line":357,"column":41},"end":{"line":357,"column":43}},"214":{"start":{"line":359,"column":2},"end":{"line":361,"column":5}},"215":{"start":{"line":360,"column":4},"end":{"line":360,"column":24}},"216":{"start":{"line":363,"column":2},"end":{"line":363,"column":16}},"217":{"start":{"line":355,"column":13},"end":{"line":355,"column":32}}},"fnMap":{"0":{"name":"(anonymous_0)","decl":{"start":{"line":9,"column":29},"end":{"line":9,"column":30}},"loc":{"start":{"line":9,"column":56},"end":{"line":14,"column":1}}},"1":{"name":"(anonymous_1)","decl":{"start":{"line":16,"column":32},"end":{"line":16,"column":33}},"loc":{"start":{"line":16,"column":72},"end":{"line":42,"column":1}}},"2":{"name":"(anonymous_2)","decl":{"start":{"line":44,"column":32},"end":{"line":44,"column":33}},"loc":{"start":{"line":44,"column":94},"end":{"line":51,"column":1}}},"3":{"name":"(anonymous_3)","decl":{"start":{"line":54,"column":31},"end":{"line":54,"column":32}},"loc":{"start":{"line":54,"column":55},"end":{"line":57,"column":1}}},"4":{"name":"(anonymous_4)","decl":{"start":{"line":59,"column":26},"end":{"line":59,"column":27}},"loc":{"start":{"line":59,"column":50},"end":{"line":65,"column":1}}},"5":{"name":"(anonymous_5)","decl":{"start":{"line":63,"column":9},"end":{"line":63,"column":13}},"loc":{"start":{"line":63,"column":17},"end":{"line":63,"column":38}}},"6":{"name":"(anonymous_6)","decl":{"start":{"line":71,"column":23},"end":{"line":71,"column":24}},"loc":{"start":{"line":71,"column":47},"end":{"line":80,"column":1}}},"7":{"name":"(anonymous_7)","decl":{"start":{"line":82,"column":24},"end":{"line":82,"column":25}},"loc":{"start":{"line":82,"column":80},"end":{"line":85,"column":1}}},"8":{"name":"(anonymous_8)","decl":{"start":{"line":88,"column":26},"end":{"line":88,"column":27}},"loc":{"start":{"line":88,"column":76},"end":{"line":95,"column":1}}},"9":{"name":"(anonymous_9)","decl":{"start":{"line":97,"column":30},"end":{"line":97,"column":31}},"loc":{"start":{"line":97,"column":80},"end":{"line":106,"column":1}}},"10":{"name":"(anonymous_10)","decl":{"start":{"line":108,"column":34},"end":{"line":108,"column":35}},"loc":{"start":{"line":108,"column":84},"end":{"line":119,"column":1}}},"11":{"name":"(anonymous_11)","decl":{"start":{"line":121,"column":23},"end":{"line":121,"column":24}},"loc":{"start":{"line":121,"column":56},"end":{"line":125,"column":1}}},"12":{"name":"(anonymous_12)","decl":{"start":{"line":128,"column":28},"end":{"line":128,"column":29}},"loc":{"start":{"line":128,"column":70},"end":{"line":130,"column":1}}},"13":{"name":"(anonymous_13)","decl":{"start":{"line":132,"column":30},"end":{"line":132,"column":31}},"loc":{"start":{"line":132,"column":93},"end":{"line":137,"column":1}}},"14":{"name":"(anonymous_14)","decl":{"start":{"line":139,"column":32},"end":{"line":139,"column":33}},"loc":{"start":{"line":139,"column":76},"end":{"line":145,"column":1}}},"15":{"name":"(anonymous_15)","decl":{"start":{"line":148,"column":23},"end":{"line":148,"column":46}},"loc":{"start":{"line":148,"column":89},"end":{"line":160,"column":1}}},"16":{"name":"(anonymous_16)","decl":{"start":{"line":150,"column":4},"end":{"line":150,"column":5}},"loc":{"start":{"line":150,"column":21},"end":{"line":157,"column":5}}},"17":{"name":"(anonymous_17)","decl":{"start":{"line":162,"column":22},"end":{"line":162,"column":26}},"loc":{"start":{"line":162,"column":94},"end":{"line":170,"column":1}}},"18":{"name":"(anonymous_18)","decl":{"start":{"line":163,"column":25},"end":{"line":163,"column":26}},"loc":{"start":{"line":163,"column":34},"end":{"line":169,"column":3}}},"19":{"name":"(anonymous_19)","decl":{"start":{"line":172,"column":24},"end":{"line":172,"column":28}},"loc":{"start":{"line":172,"column":61},"end":{"line":182,"column":1}}},"20":{"name":"(anonymous_20)","decl":{"start":{"line":174,"column":22},"end":{"line":174,"column":26}},"loc":{"start":{"line":174,"column":29},"end":{"line":181,"column":3}}},"21":{"name":"(anonymous_21)","decl":{"start":{"line":185,"column":20},"end":{"line":185,"column":null}},"loc":{"start":{"line":188,"column":16},"end":{"line":192,"column":1}}},"22":{"name":"(anonymous_22)","decl":{"start":{"line":190,"column":15},"end":{"line":190,"column":18}},"loc":{"start":{"line":190,"column":22},"end":{"line":190,"column":40}}},"23":{"name":"(anonymous_23)","decl":{"start":{"line":194,"column":20},"end":{"line":194,"column":null}},"loc":{"start":{"line":197,"column":16},"end":{"line":205,"column":1}}},"24":{"name":"(anonymous_24)","decl":{"start":{"line":199,"column":15},"end":{"line":199,"column":18}},"loc":{"start":{"line":199,"column":21},"end":{"line":203,"column":3}}},"25":{"name":"(anonymous_25)","decl":{"start":{"line":207,"column":25},"end":{"line":207,"column":29}},"loc":{"start":{"line":207,"column":42},"end":{"line":219,"column":1}}},"26":{"name":"(anonymous_26)","decl":{"start":{"line":210,"column":43},"end":{"line":210,"column":47}},"loc":{"start":{"line":210,"column":51},"end":{"line":210,"column":66}}},"27":{"name":"(anonymous_27)","decl":{"start":{"line":213,"column":29},"end":{"line":213,"column":32}},"loc":{"start":{"line":213,"column":35},"end":{"line":215,"column":5}}},"28":{"name":"(anonymous_28)","decl":{"start":{"line":222,"column":34},"end":{"line":222,"column":35}},"loc":{"start":{"line":222,"column":57},"end":{"line":224,"column":1}}},"29":{"name":"(anonymous_29)","decl":{"start":{"line":226,"column":32},"end":{"line":226,"column":33}},"loc":{"start":{"line":226,"column":59},"end":{"line":233,"column":1}}},"30":{"name":"(anonymous_30)","decl":{"start":{"line":235,"column":37},"end":{"line":235,"column":38}},"loc":{"start":{"line":235,"column":88},"end":{"line":237,"column":1}}},"31":{"name":"(anonymous_31)","decl":{"start":{"line":239,"column":31},"end":{"line":239,"column":32}},"loc":{"start":{"line":239,"column":74},"end":{"line":241,"column":1}}},"32":{"name":"(anonymous_32)","decl":{"start":{"line":244,"column":27},"end":{"line":244,"column":28}},"loc":{"start":{"line":244,"column":72},"end":{"line":248,"column":1}}},"33":{"name":"(anonymous_33)","decl":{"start":{"line":250,"column":27},"end":{"line":250,"column":28}},"loc":{"start":{"line":250,"column":54},"end":{"line":258,"column":1}}},"34":{"name":"(anonymous_34)","decl":{"start":{"line":261,"column":21},"end":{"line":261,"column":22}},"loc":{"start":{"line":261,"column":51},"end":{"line":263,"column":1}}},"35":{"name":"(anonymous_35)","decl":{"start":{"line":262,"column":21},"end":{"line":262,"column":28}},"loc":{"start":{"line":262,"column":32},"end":{"line":262,"column":55}}},"36":{"name":"(anonymous_36)","decl":{"start":{"line":265,"column":21},"end":{"line":265,"column":26}},"loc":{"start":{"line":269,"column":16},"end":{"line":287,"column":1}}},"37":{"name":"(anonymous_37)","decl":{"start":{"line":290,"column":24},"end":{"line":290,"column":null}},"loc":{"start":{"line":293,"column":40},"end":{"line":300,"column":1}}},"38":{"name":"(anonymous_38)","decl":{"start":{"line":296,"column":9},"end":{"line":296,"column":10}},"loc":{"start":{"line":296,"column":36},"end":{"line":299,"column":3}}},"39":{"name":"(anonymous_39)","decl":{"start":{"line":298,"column":27},"end":{"line":298,"column":30}},"loc":{"start":{"line":298,"column":33},"end":{"line":298,"column":46}}},"40":{"name":"(anonymous_40)","decl":{"start":{"line":303,"column":24},"end":{"line":303,"column":null}},"loc":{"start":{"line":306,"column":40},"end":{"line":316,"column":1}}},"41":{"name":"(anonymous_41)","decl":{"start":{"line":309,"column":9},"end":{"line":309,"column":10}},"loc":{"start":{"line":309,"column":36},"end":{"line":315,"column":3}}},"42":{"name":"(anonymous_42)","decl":{"start":{"line":313,"column":17},"end":{"line":313,"column":20}},"loc":{"start":{"line":313,"column":24},"end":{"line":313,"column":42}}},"43":{"name":"(anonymous_43)","decl":{"start":{"line":319,"column":26},"end":{"line":319,"column":37}},"loc":{"start":{"line":319,"column":39},"end":{"line":322,"column":1}}},"44":{"name":"(anonymous_44)","decl":{"start":{"line":324,"column":28},"end":{"line":324,"column":39}},"loc":{"start":{"line":324,"column":41},"end":{"line":327,"column":1}}},"45":{"name":"(anonymous_45)","decl":{"start":{"line":330,"column":29},"end":{"line":330,"column":41}},"loc":{"start":{"line":330,"column":43},"end":{"line":332,"column":1}}},"46":{"name":"(anonymous_46)","decl":{"start":{"line":334,"column":28},"end":{"line":334,"column":40}},"loc":{"start":{"line":334,"column":42},"end":{"line":336,"column":1}}},"47":{"name":"(anonymous_47)","decl":{"start":{"line":338,"column":22},"end":{"line":338,"column":34}},"loc":{"start":{"line":338,"column":36},"end":{"line":340,"column":1}}},"48":{"name":"(anonymous_48)","decl":{"start":{"line":343,"column":24},"end":{"line":343,"column":25}},"loc":{"start":{"line":343,"column":96},"end":{"line":353,"column":1}}},"49":{"name":"(anonymous_49)","decl":{"start":{"line":347,"column":35},"end":{"line":347,"column":36}},"loc":{"start":{"line":347,"column":52},"end":{"line":349,"column":5}}},"50":{"name":"(anonymous_50)","decl":{"start":{"line":355,"column":32},"end":{"line":355,"column":33}},"loc":{"start":{"line":355,"column":80},"end":{"line":364,"column":1}}},"51":{"name":"(anonymous_51)","decl":{"start":{"line":359,"column":17},"end":{"line":359,"column":18}},"loc":{"start":{"line":359,"column":32},"end":{"line":361,"column":3}}}},"branchMap":{"0":{"loc":{"start":{"line":11,"column":2},"end":{"line":11,"column":49}},"type":"if","locations":[{"start":{"line":11,"column":2},"end":{"line":11,"column":49}},{"start":{},"end":{}}]},"1":{"loc":{"start":{"line":11,"column":6},"end":{"line":11,"column":34}},"type":"binary-expr","locations":[{"start":{"line":11,"column":6},"end":{"line":11,"column":12}},{"start":{"line":11,"column":16},"end":{"line":11,"column":34}}]},"2":{"loc":{"start":{"line":19,"column":2},"end":{"line":21,"column":3}},"type":"if","locations":[{"start":{"line":19,"column":2},"end":{"line":21,"column":3}},{"start":{},"end":{}}]},"3":{"loc":{"start":{"line":23,"column":2},"end":{"line":28,"column":3}},"type":"if","locations":[{"start":{"line":23,"column":2},"end":{"line":28,"column":3}},{"start":{},"end":{}}]},"4":{"loc":{"start":{"line":30,"column":2},"end":{"line":35,"column":3}},"type":"if","locations":[{"start":{"line":30,"column":2},"end":{"line":35,"column":3}},{"start":{},"end":{}}]},"5":{"loc":{"start":{"line":37,"column":2},"end":{"line":39,"column":3}},"type":"if","locations":[{"start":{"line":37,"column":2},"end":{"line":39,"column":3}},{"start":{},"end":{}}]},"6":{"loc":{"start":{"line":45,"column":24},"end":{"line":45,"column":72}},"type":"binary-expr","locations":[{"start":{"line":45,"column":24},"end":{"line":45,"column":49}},{"start":{"line":45,"column":53},"end":{"line":45,"column":72}}]},"7":{"loc":{"start":{"line":46,"column":18},"end":{"line":46,"column":105}},"type":"binary-expr","locations":[{"start":{"line":46,"column":18},"end":{"line":46,"column":32}},{"start":{"line":46,"column":36},"end":{"line":46,"column":55}},{"start":{"line":46,"column":59},"end":{"line":46,"column":74}},{"start":{"line":46,"column":78},"end":{"line":46,"column":89}},{"start":{"line":46,"column":93},"end":{"line":46,"column":105}}]},"8":{"loc":{"start":{"line":47,"column":2},"end":{"line":49,"column":3}},"type":"if","locations":[{"start":{"line":47,"column":2},"end":{"line":49,"column":3}},{"start":{},"end":{}}]},"9":{"loc":{"start":{"line":47,"column":6},"end":{"line":47,"column":30}},"type":"binary-expr","locations":[{"start":{"line":47,"column":6},"end":{"line":47,"column":13}},{"start":{"line":47,"column":17},"end":{"line":47,"column":30}}]},"10":{"loc":{"start":{"line":55,"column":2},"end":{"line":55,"column":23}},"type":"if","locations":[{"start":{"line":55,"column":2},"end":{"line":55,"column":23}},{"start":{},"end":{}}]},"11":{"loc":{"start":{"line":60,"column":2},"end":{"line":60,"column":23}},"type":"if","locations":[{"start":{"line":60,"column":2},"end":{"line":60,"column":23}},{"start":{},"end":{}}]},"12":{"loc":{"start":{"line":82,"column":54},"end":{"line":82,"column":68}},"type":"default-arg","locations":[{"start":{"line":82,"column":63},"end":{"line":82,"column":68}}]},"13":{"loc":{"start":{"line":83,"column":2},"end":{"line":83,"column":39}},"type":"if","locations":[{"start":{"line":83,"column":2},"end":{"line":83,"column":39}},{"start":{},"end":{}}]},"14":{"loc":{"start":{"line":88,"column":48},"end":{"line":88,"column":64}},"type":"default-arg","locations":[{"start":{"line":88,"column":57},"end":{"line":88,"column":64}}]},"15":{"loc":{"start":{"line":89,"column":12},"end":{"line":89,"column":60}},"type":"cond-expr","locations":[{"start":{"line":89,"column":39},"end":{"line":89,"column":53}},{"start":{"line":89,"column":56},"end":{"line":89,"column":60}}]},"16":{"loc":{"start":{"line":97,"column":52},"end":{"line":97,"column":68}},"type":"default-arg","locations":[{"start":{"line":97,"column":61},"end":{"line":97,"column":68}}]},"17":{"loc":{"start":{"line":98,"column":12},"end":{"line":98,"column":60}},"type":"cond-expr","locations":[{"start":{"line":98,"column":39},"end":{"line":98,"column":53}},{"start":{"line":98,"column":56},"end":{"line":98,"column":60}}]},"18":{"loc":{"start":{"line":108,"column":56},"end":{"line":108,"column":72}},"type":"default-arg","locations":[{"start":{"line":108,"column":65},"end":{"line":108,"column":72}}]},"19":{"loc":{"start":{"line":109,"column":12},"end":{"line":109,"column":60}},"type":"cond-expr","locations":[{"start":{"line":109,"column":39},"end":{"line":109,"column":53}},{"start":{"line":109,"column":56},"end":{"line":109,"column":60}}]},"20":{"loc":{"start":{"line":113,"column":2},"end":{"line":113,"column":51}},"type":"if","locations":[{"start":{"line":113,"column":2},"end":{"line":113,"column":51}},{"start":{},"end":{}}]},"21":{"loc":{"start":{"line":114,"column":2},"end":{"line":114,"column":84}},"type":"if","locations":[{"start":{"line":114,"column":2},"end":{"line":114,"column":84}},{"start":{},"end":{}}]},"22":{"loc":{"start":{"line":115,"column":2},"end":{"line":115,"column":85}},"type":"if","locations":[{"start":{"line":115,"column":2},"end":{"line":115,"column":85}},{"start":{},"end":{}}]},"23":{"loc":{"start":{"line":116,"column":2},"end":{"line":116,"column":87}},"type":"if","locations":[{"start":{"line":116,"column":2},"end":{"line":116,"column":87}},{"start":{},"end":{}}]},"24":{"loc":{"start":{"line":122,"column":12},"end":{"line":122,"column":60}},"type":"cond-expr","locations":[{"start":{"line":122,"column":39},"end":{"line":122,"column":53}},{"start":{"line":122,"column":56},"end":{"line":122,"column":60}}]},"25":{"loc":{"start":{"line":128,"column":42},"end":{"line":128,"column":58}},"type":"default-arg","locations":[{"start":{"line":128,"column":51},"end":{"line":128,"column":58}}]},"26":{"loc":{"start":{"line":132,"column":47},"end":{"line":132,"column":63}},"type":"default-arg","locations":[{"start":{"line":132,"column":58},"end":{"line":132,"column":63}}]},"27":{"loc":{"start":{"line":132,"column":65},"end":{"line":132,"column":81}},"type":"default-arg","locations":[{"start":{"line":132,"column":74},"end":{"line":132,"column":81}}]},"28":{"loc":{"start":{"line":139,"column":48},"end":{"line":139,"column":64}},"type":"default-arg","locations":[{"start":{"line":139,"column":57},"end":{"line":139,"column":64}}]},"29":{"loc":{"start":{"line":152,"column":6},"end":{"line":154,"column":7}},"type":"if","locations":[{"start":{"line":152,"column":6},"end":{"line":154,"column":7}},{"start":{},"end":{}}]},"30":{"loc":{"start":{"line":162,"column":52},"end":{"line":162,"column":85}},"type":"default-arg","locations":[{"start":{"line":162,"column":80},"end":{"line":162,"column":85}}]},"31":{"loc":{"start":{"line":164,"column":4},"end":{"line":168,"column":5}},"type":"if","locations":[{"start":{"line":164,"column":4},"end":{"line":168,"column":5}},{"start":{"line":166,"column":11},"end":{"line":168,"column":5}}]},"32":{"loc":{"start":{"line":165,"column":13},"end":{"line":165,"column":37}},"type":"cond-expr","locations":[{"start":{"line":165,"column":31},"end":{"line":165,"column":32}},{"start":{"line":165,"column":35},"end":{"line":165,"column":37}}]},"33":{"loc":{"start":{"line":167,"column":13},"end":{"line":167,"column":37}},"type":"cond-expr","locations":[{"start":{"line":167,"column":31},"end":{"line":167,"column":32}},{"start":{"line":167,"column":35},"end":{"line":167,"column":37}}]},"34":{"loc":{"start":{"line":176,"column":4},"end":{"line":178,"column":5}},"type":"if","locations":[{"start":{"line":176,"column":4},"end":{"line":178,"column":5}},{"start":{},"end":{}}]},"35":{"loc":{"start":{"line":200,"column":4},"end":{"line":202,"column":5}},"type":"if","locations":[{"start":{"line":200,"column":4},"end":{"line":202,"column":5}},{"start":{},"end":{}}]},"36":{"loc":{"start":{"line":208,"column":2},"end":{"line":208,"column":58}},"type":"if","locations":[{"start":{"line":208,"column":2},"end":{"line":208,"column":58}},{"start":{},"end":{}}]},"37":{"loc":{"start":{"line":208,"column":6},"end":{"line":208,"column":45}},"type":"binary-expr","locations":[{"start":{"line":208,"column":6},"end":{"line":208,"column":18}},{"start":{"line":208,"column":22},"end":{"line":208,"column":45}}]},"38":{"loc":{"start":{"line":209,"column":2},"end":{"line":209,"column":65}},"type":"if","locations":[{"start":{"line":209,"column":2},"end":{"line":209,"column":65}},{"start":{},"end":{}}]},"39":{"loc":{"start":{"line":210,"column":2},"end":{"line":210,"column":75}},"type":"if","locations":[{"start":{"line":210,"column":2},"end":{"line":210,"column":75}},{"start":{},"end":{}}]},"40":{"loc":{"start":{"line":211,"column":2},"end":{"line":217,"column":3}},"type":"if","locations":[{"start":{"line":211,"column":2},"end":{"line":217,"column":3}},{"start":{},"end":{}}]},"41":{"loc":{"start":{"line":232,"column":9},"end":{"line":232,"column":38}},"type":"binary-expr","locations":[{"start":{"line":232,"column":9},"end":{"line":232,"column":21}},{"start":{"line":232,"column":25},"end":{"line":232,"column":38}}]},"42":{"loc":{"start":{"line":244,"column":45},"end":{"line":244,"column":61}},"type":"default-arg","locations":[{"start":{"line":244,"column":58},"end":{"line":244,"column":61}}]},"43":{"loc":{"start":{"line":251,"column":2},"end":{"line":253,"column":3}},"type":"if","locations":[{"start":{"line":251,"column":2},"end":{"line":253,"column":3}},{"start":{},"end":{}}]},"44":{"loc":{"start":{"line":254,"column":2},"end":{"line":256,"column":3}},"type":"if","locations":[{"start":{"line":254,"column":2},"end":{"line":256,"column":3}},{"start":{},"end":{}}]},"45":{"loc":{"start":{"line":267,"column":2},"end":{"line":267,"column":17}},"type":"default-arg","locations":[{"start":{"line":267,"column":16},"end":{"line":267,"column":17}}]},"46":{"loc":{"start":{"line":268,"column":2},"end":{"line":268,"column":16}},"type":"default-arg","locations":[{"start":{"line":268,"column":12},"end":{"line":268,"column":16}}]},"47":{"loc":{"start":{"line":276,"column":18},"end":{"line":276,"column":75}},"type":"cond-expr","locations":[{"start":{"line":276,"column":43},"end":{"line":276,"column":48}},{"start":{"line":276,"column":51},"end":{"line":276,"column":75}}]},"48":{"loc":{"start":{"line":278,"column":6},"end":{"line":280,"column":7}},"type":"if","locations":[{"start":{"line":278,"column":6},"end":{"line":280,"column":7}},{"start":{},"end":{}}]},"49":{"loc":{"start":{"line":310,"column":4},"end":{"line":314,"column":5}},"type":"if","locations":[{"start":{"line":310,"column":4},"end":{"line":314,"column":5}},{"start":{},"end":{}}]},"50":{"loc":{"start":{"line":346,"column":2},"end":{"line":350,"column":3}},"type":"if","locations":[{"start":{"line":346,"column":2},"end":{"line":350,"column":3}},{"start":{},"end":{}}]}},"s":{"0":1,"1":1,"2":1,"3":9,"4":2,"5":7,"6":7,"7":1,"8":1,"9":7,"10":7,"11":3,"12":7,"13":3,"14":7,"15":2,"16":7,"17":3,"18":7,"19":1,"20":1,"21":11,"22":11,"23":11,"24":6,"25":5,"26":1,"27":1,"28":11,"29":1,"30":10,"31":1,"32":1,"33":4,"34":1,"35":3,"36":5,"37":1,"38":1,"39":10,"40":10,"41":1,"42":1,"43":4,"44":2,"45":2,"46":1,"47":1,"48":3,"49":3,"50":1,"51":1,"52":2,"53":2,"54":1,"55":1,"56":6,"57":6,"58":6,"59":6,"60":2,"61":4,"62":1,"63":3,"64":1,"65":2,"66":1,"67":1,"68":1,"69":1,"70":4,"71":4,"72":4,"73":1,"74":1,"75":2,"76":1,"77":1,"78":2,"79":1,"80":1,"81":2,"82":1,"83":1,"84":3,"85":5,"86":5,"87":4,"88":5,"89":5,"90":1,"91":1,"92":3,"93":12,"94":8,"95":4,"96":1,"97":1,"98":2,"99":2,"100":3,"101":3,"102":1,"103":2,"104":2,"105":1,"106":1,"107":3,"108":3,"109":4,"110":3,"111":1,"112":1,"113":2,"114":2,"115":4,"116":3,"117":2,"118":1,"119":1,"120":25,"121":14,"122":11,"123":2,"124":9,"125":5,"126":11,"127":4,"128":4,"129":4,"130":5,"131":4,"132":0,"133":1,"134":1,"135":2,"136":1,"137":1,"138":4,"139":4,"140":1,"141":1,"142":3,"143":1,"144":1,"145":3,"146":1,"147":1,"148":2,"149":2,"150":2,"151":1,"152":1,"153":5,"154":1,"155":4,"156":1,"157":3,"158":1,"159":1,"160":7,"161":7,"162":1,"163":1,"164":5,"165":5,"166":5,"167":10,"168":10,"169":6,"170":6,"171":1,"172":5,"173":0,"174":1,"175":1,"176":4,"177":7,"178":7,"179":4,"180":1,"181":1,"182":4,"183":7,"184":5,"185":5,"186":5,"187":1,"188":1,"189":1,"190":51,"191":1,"192":1,"193":3,"194":1,"195":1,"196":2,"197":1,"198":1,"199":2,"200":1,"201":1,"202":2,"203":1,"204":1,"205":4,"206":4,"207":2,"208":2,"209":4,"210":1,"211":1,"212":4,"213":4,"214":4,"215":4,"216":4,"217":1},"f":{"0":9,"1":7,"2":11,"3":11,"4":4,"5":5,"6":10,"7":4,"8":3,"9":2,"10":6,"11":4,"12":2,"13":2,"14":2,"15":3,"16":5,"17":3,"18":12,"19":2,"20":3,"21":3,"22":4,"23":2,"24":4,"25":25,"26":11,"27":5,"28":2,"29":4,"30":3,"31":3,"32":2,"33":5,"34":7,"35":7,"36":5,"37":4,"38":7,"39":4,"40":4,"41":7,"42":1,"43":51,"44":3,"45":2,"46":2,"47":2,"48":4,"49":2,"50":4,"51":4},"b":{"0":[2,7],"1":[9,8],"2":[3,4],"3":[3,4],"4":[2,5],"5":[3,4],"6":[11,3],"7":[11,10,9,8,7],"8":[6,5],"9":[11,6],"10":[1,10],"11":[1,3],"12":[3],"13":[2,2],"14":[1],"15":[1,2],"16":[1],"17":[1,1],"18":[6],"19":[1,5],"20":[2,4],"21":[1,3],"22":[1,2],"23":[1,1],"24":[2,2],"25":[1],"26":[1],"27":[1],"28":[2],"29":[4,1],"30":[2],"31":[8,4],"32":[4,4],"33":[2,2],"34":[1,2],"35":[3,1],"36":[14,11],"37":[25,24],"38":[2,9],"39":[5,4],"40":[4,0],"41":[4,1],"42":[1],"43":[1,4],"44":[1,3],"45":[1],"46":[1],"47":[5,1],"48":[1,5],"49":[5,2],"50":[2,2]}}
}
