{"C:\\Users\\agust\\Desktop\\solucion-de-compromiso-testing-playwright\\monorepo-bca\\packages\\utils\\src\\index.ts": {"path":"C:\\Users\\agust\\Desktop\\solucion-de-compromiso-testing-playwright\\monorepo-bca\\packages\\utils\\src\\index.ts","statementMap":{"0":{"start":{"line":1,"column":0},"end":{"line":1,"column":67}},"1":{"start":{"line":2,"column":0},"end":{"line":2,"column":49}},"2":{"start":{"line":7,"column":29},"end":{"line":10,"column":1}},"3":{"start":{"line":8,"column":21},"end":{"line":8,"column":49}},"4":{"start":{"line":9,"column":2},"end":{"line":9,"column":32}},"5":{"start":{"line":7,"column":13},"end":{"line":7,"column":29}},"6":{"start":{"line":12,"column":32},"end":{"line":38,"column":1}},"7":{"start":{"line":13,"column":36},"end":{"line":13,"column":38}},"8":{"start":{"line":15,"column":2},"end":{"line":17,"column":3}},"9":{"start":{"line":16,"column":4},"end":{"line":16,"column":95}},"10":{"start":{"line":19,"column":2},"end":{"line":24,"column":3}},"11":{"start":{"line":20,"column":4},"end":{"line":23,"column":7}},"12":{"start":{"line":26,"column":2},"end":{"line":31,"column":3}},"13":{"start":{"line":27,"column":4},"end":{"line":30,"column":7}},"14":{"start":{"line":33,"column":2},"end":{"line":35,"column":3}},"15":{"start":{"line":34,"column":4},"end":{"line":34,"column":93}},"16":{"start":{"line":37,"column":2},"end":{"line":37,"column":16}},"17":{"start":{"line":12,"column":13},"end":{"line":12,"column":32}},"18":{"start":{"line":40,"column":32},"end":{"line":47,"column":1}},"19":{"start":{"line":41,"column":24},"end":{"line":41,"column":72}},"20":{"start":{"line":42,"column":18},"end":{"line":42,"column":105}},"21":{"start":{"line":43,"column":2},"end":{"line":45,"column":3}},"22":{"start":{"line":44,"column":4},"end":{"line":44,"column":69}},"23":{"start":{"line":46,"column":2},"end":{"line":46,"column":14}},"24":{"start":{"line":40,"column":13},"end":{"line":40,"column":32}},"25":{"start":{"line":50,"column":31},"end":{"line":53,"column":1}},"26":{"start":{"line":51,"column":2},"end":{"line":51,"column":23}},"27":{"start":{"line":51,"column":12},"end":{"line":51,"column":23}},"28":{"start":{"line":52,"column":2},"end":{"line":52,"column":66}},"29":{"start":{"line":50,"column":13},"end":{"line":50,"column":31}},"30":{"start":{"line":55,"column":26},"end":{"line":61,"column":1}},"31":{"start":{"line":56,"column":2},"end":{"line":56,"column":23}},"32":{"start":{"line":56,"column":12},"end":{"line":56,"column":23}},"33":{"start":{"line":57,"column":2},"end":{"line":60,"column":15}},"34":{"start":{"line":59,"column":17},"end":{"line":59,"column":38}},"35":{"start":{"line":55,"column":13},"end":{"line":55,"column":26}},"36":{"start":{"line":63,"column":23},"end":{"line":70,"column":1}},"37":{"start":{"line":64,"column":2},"end":{"line":69,"column":33}},"38":{"start":{"line":63,"column":13},"end":{"line":63,"column":23}},"39":{"start":{"line":72,"column":24},"end":{"line":75,"column":1}},"40":{"start":{"line":73,"column":2},"end":{"line":73,"column":39}},"41":{"start":{"line":73,"column":28},"end":{"line":73,"column":39}},"42":{"start":{"line":74,"column":2},"end":{"line":74,"column":43}},"43":{"start":{"line":72,"column":13},"end":{"line":72,"column":24}},"44":{"start":{"line":78,"column":26},"end":{"line":85,"column":1}},"45":{"start":{"line":79,"column":12},"end":{"line":79,"column":60}},"46":{"start":{"line":80,"column":2},"end":{"line":84,"column":15}},"47":{"start":{"line":78,"column":13},"end":{"line":78,"column":26}},"48":{"start":{"line":87,"column":30},"end":{"line":96,"column":1}},"49":{"start":{"line":88,"column":12},"end":{"line":88,"column":60}},"50":{"start":{"line":89,"column":2},"end":{"line":95,"column":15}},"51":{"start":{"line":87,"column":13},"end":{"line":87,"column":30}},"52":{"start":{"line":98,"column":34},"end":{"line":109,"column":1}},"53":{"start":{"line":99,"column":12},"end":{"line":99,"column":60}},"54":{"start":{"line":100,"column":14},"end":{"line":100,"column":24}},"55":{"start":{"line":101,"column":24},"end":{"line":101,"column":72}},"56":{"start":{"line":103,"column":2},"end":{"line":103,"column":51}},"57":{"start":{"line":103,"column":26},"end":{"line":103,"column":51}},"58":{"start":{"line":104,"column":2},"end":{"line":104,"column":84}},"59":{"start":{"line":104,"column":28},"end":{"line":104,"column":84}},"60":{"start":{"line":105,"column":2},"end":{"line":105,"column":85}},"61":{"start":{"line":105,"column":29},"end":{"line":105,"column":85}},"62":{"start":{"line":106,"column":2},"end":{"line":106,"column":87}},"63":{"start":{"line":106,"column":31},"end":{"line":106,"column":87}},"64":{"start":{"line":108,"column":2},"end":{"line":108,"column":31}},"65":{"start":{"line":98,"column":13},"end":{"line":98,"column":34}},"66":{"start":{"line":111,"column":23},"end":{"line":115,"column":1}},"67":{"start":{"line":112,"column":12},"end":{"line":112,"column":60}},"68":{"start":{"line":113,"column":16},"end":{"line":113,"column":26}},"69":{"start":{"line":114,"column":2},"end":{"line":114,"column":51}},"70":{"start":{"line":111,"column":13},"end":{"line":111,"column":23}},"71":{"start":{"line":118,"column":28},"end":{"line":120,"column":1}},"72":{"start":{"line":119,"column":2},"end":{"line":119,"column":51}},"73":{"start":{"line":118,"column":13},"end":{"line":118,"column":28}},"74":{"start":{"line":122,"column":30},"end":{"line":127,"column":1}},"75":{"start":{"line":123,"column":2},"end":{"line":126,"column":20}},"76":{"start":{"line":122,"column":13},"end":{"line":122,"column":30}},"77":{"start":{"line":129,"column":32},"end":{"line":135,"column":1}},"78":{"start":{"line":130,"column":2},"end":{"line":134,"column":19}},"79":{"start":{"line":129,"column":13},"end":{"line":129,"column":32}},"80":{"start":{"line":138,"column":23},"end":{"line":150,"column":1}},"81":{"start":{"line":139,"column":2},"end":{"line":149,"column":4}},"82":{"start":{"line":141,"column":20},"end":{"line":141,"column":37}},"83":{"start":{"line":142,"column":6},"end":{"line":144,"column":7}},"84":{"start":{"line":143,"column":8},"end":{"line":143,"column":27}},"85":{"start":{"line":145,"column":6},"end":{"line":145,"column":31}},"86":{"start":{"line":146,"column":6},"end":{"line":146,"column":20}},"87":{"start":{"line":138,"column":13},"end":{"line":138,"column":23}},"88":{"start":{"line":152,"column":22},"end":{"line":160,"column":1}},"89":{"start":{"line":153,"column":2},"end":{"line":159,"column":5}},"90":{"start":{"line":154,"column":4},"end":{"line":158,"column":5}},"91":{"start":{"line":155,"column":6},"end":{"line":155,"column":38}},"92":{"start":{"line":157,"column":6},"end":{"line":157,"column":38}},"93":{"start":{"line":152,"column":13},"end":{"line":152,"column":22}},"94":{"start":{"line":162,"column":24},"end":{"line":172,"column":1}},"95":{"start":{"line":163,"column":15},"end":{"line":163,"column":24}},"96":{"start":{"line":164,"column":2},"end":{"line":171,"column":5}},"97":{"start":{"line":165,"column":18},"end":{"line":165,"column":27}},"98":{"start":{"line":166,"column":4},"end":{"line":168,"column":5}},"99":{"start":{"line":167,"column":6},"end":{"line":167,"column":19}},"100":{"start":{"line":169,"column":4},"end":{"line":169,"column":20}},"101":{"start":{"line":170,"column":4},"end":{"line":170,"column":16}},"102":{"start":{"line":162,"column":13},"end":{"line":162,"column":24}},"103":{"start":{"line":175,"column":20},"end":{"line":182,"column":1}},"104":{"start":{"line":179,"column":17},"end":{"line":179,"column":27}},"105":{"start":{"line":180,"column":2},"end":{"line":180,"column":42}},"106":{"start":{"line":180,"column":22},"end":{"line":180,"column":40}},"107":{"start":{"line":181,"column":2},"end":{"line":181,"column":16}},"108":{"start":{"line":175,"column":13},"end":{"line":175,"column":20}},"109":{"start":{"line":184,"column":20},"end":{"line":195,"column":1}},"110":{"start":{"line":188,"column":17},"end":{"line":188,"column":33}},"111":{"start":{"line":189,"column":2},"end":{"line":193,"column":5}},"112":{"start":{"line":190,"column":4},"end":{"line":192,"column":5}},"113":{"start":{"line":191,"column":6},"end":{"line":191,"column":29}},"114":{"start":{"line":194,"column":2},"end":{"line":194,"column":16}},"115":{"start":{"line":184,"column":13},"end":{"line":184,"column":20}},"116":{"start":{"line":197,"column":25},"end":{"line":209,"column":1}},"117":{"start":{"line":198,"column":2},"end":{"line":198,"column":58}},"118":{"start":{"line":198,"column":47},"end":{"line":198,"column":58}},"119":{"start":{"line":199,"column":2},"end":{"line":199,"column":65}},"120":{"start":{"line":199,"column":27},"end":{"line":199,"column":65}},"121":{"start":{"line":200,"column":2},"end":{"line":200,"column":75}},"122":{"start":{"line":200,"column":28},"end":{"line":200,"column":75}},"123":{"start":{"line":200,"column":51},"end":{"line":200,"column":66}},"124":{"start":{"line":201,"column":2},"end":{"line":207,"column":3}},"125":{"start":{"line":202,"column":19},"end":{"line":202,"column":28}},"126":{"start":{"line":203,"column":4},"end":{"line":205,"column":7}},"127":{"start":{"line":204,"column":6},"end":{"line":204,"column":49}},"128":{"start":{"line":206,"column":4},"end":{"line":206,"column":18}},"129":{"start":{"line":208,"column":2},"end":{"line":208,"column":13}},"130":{"start":{"line":197,"column":13},"end":{"line":197,"column":25}},"131":{"start":{"line":212,"column":34},"end":{"line":214,"column":1}},"132":{"start":{"line":213,"column":2},"end":{"line":213,"column":34}},"133":{"start":{"line":212,"column":13},"end":{"line":212,"column":34}},"134":{"start":{"line":216,"column":32},"end":{"line":223,"column":1}},"135":{"start":{"line":217,"column":43},"end":{"line":221,"column":4}},"136":{"start":{"line":222,"column":2},"end":{"line":222,"column":39}},"137":{"start":{"line":216,"column":13},"end":{"line":216,"column":32}},"138":{"start":{"line":225,"column":37},"end":{"line":227,"column":1}},"139":{"start":{"line":226,"column":2},"end":{"line":226,"column":43}},"140":{"start":{"line":225,"column":13},"end":{"line":225,"column":37}},"141":{"start":{"line":229,"column":31},"end":{"line":231,"column":1}},"142":{"start":{"line":230,"column":2},"end":{"line":230,"column":38}},"143":{"start":{"line":229,"column":13},"end":{"line":229,"column":31}},"144":{"start":{"line":234,"column":27},"end":{"line":238,"column":1}},"145":{"start":{"line":235,"column":16},"end":{"line":235,"column":34}},"146":{"start":{"line":236,"column":3},"end":{"line":236,"column":41}},"147":{"start":{"line":237,"column":2},"end":{"line":237,"column":15}},"148":{"start":{"line":234,"column":13},"end":{"line":234,"column":27}},"149":{"start":{"line":240,"column":27},"end":{"line":248,"column":1}},"150":{"start":{"line":241,"column":2},"end":{"line":243,"column":3}},"151":{"start":{"line":242,"column":4},"end":{"line":242,"column":25}},"152":{"start":{"line":244,"column":2},"end":{"line":246,"column":3}},"153":{"start":{"line":245,"column":4},"end":{"line":245,"column":17}},"154":{"start":{"line":247,"column":2},"end":{"line":247,"column":37}},"155":{"start":{"line":240,"column":13},"end":{"line":240,"column":27}},"156":{"start":{"line":251,"column":21},"end":{"line":253,"column":1}},"157":{"start":{"line":252,"column":2},"end":{"line":252,"column":57}},"158":{"start":{"line":252,"column":32},"end":{"line":252,"column":55}},"159":{"start":{"line":251,"column":13},"end":{"line":251,"column":21}},"160":{"start":{"line":255,"column":21},"end":{"line":277,"column":1}},"161":{"start":{"line":262,"column":2},"end":{"line":274,"column":3}},"162":{"start":{"line":262,"column":21},"end":{"line":262,"column":22}},"163":{"start":{"line":263,"column":4},"end":{"line":273,"column":5}},"164":{"start":{"line":264,"column":6},"end":{"line":264,"column":24}},"165":{"start":{"line":266,"column":6},"end":{"line":266,"column":76}},"166":{"start":{"line":268,"column":6},"end":{"line":270,"column":7}},"167":{"start":{"line":269,"column":8},"end":{"line":269,"column":24}},"168":{"start":{"line":272,"column":6},"end":{"line":272,"column":37}},"169":{"start":{"line":276,"column":2},"end":{"line":276,"column":19}},"170":{"start":{"line":255,"column":13},"end":{"line":255,"column":21}},"171":{"start":{"line":280,"column":24},"end":{"line":290,"column":1}},"172":{"start":{"line":286,"column":2},"end":{"line":289,"column":4}},"173":{"start":{"line":287,"column":4},"end":{"line":287,"column":28}},"174":{"start":{"line":288,"column":4},"end":{"line":288,"column":55}},"175":{"start":{"line":288,"column":33},"end":{"line":288,"column":46}},"176":{"start":{"line":280,"column":13},"end":{"line":280,"column":24}},"177":{"start":{"line":293,"column":24},"end":{"line":306,"column":1}},"178":{"start":{"line":299,"column":2},"end":{"line":305,"column":4}},"179":{"start":{"line":300,"column":4},"end":{"line":304,"column":5}},"180":{"start":{"line":301,"column":6},"end":{"line":301,"column":20}},"181":{"start":{"line":302,"column":6},"end":{"line":302,"column":24}},"182":{"start":{"line":303,"column":6},"end":{"line":303,"column":52}},"183":{"start":{"line":303,"column":24},"end":{"line":303,"column":42}},"184":{"start":{"line":293,"column":13},"end":{"line":293,"column":24}},"185":{"start":{"line":309,"column":26},"end":{"line":312,"column":1}},"186":{"start":{"line":311,"column":2},"end":{"line":311,"column":66}},"187":{"start":{"line":309,"column":13},"end":{"line":309,"column":26}},"188":{"start":{"line":314,"column":28},"end":{"line":317,"column":1}},"189":{"start":{"line":316,"column":2},"end":{"line":316,"column":22}},"190":{"start":{"line":314,"column":13},"end":{"line":314,"column":28}},"191":{"start":{"line":320,"column":29},"end":{"line":322,"column":1}},"192":{"start":{"line":321,"column":2},"end":{"line":321,"column":48}},"193":{"start":{"line":320,"column":13},"end":{"line":320,"column":29}},"194":{"start":{"line":324,"column":28},"end":{"line":326,"column":1}},"195":{"start":{"line":325,"column":2},"end":{"line":325,"column":47}},"196":{"start":{"line":324,"column":13},"end":{"line":324,"column":28}},"197":{"start":{"line":328,"column":22},"end":{"line":330,"column":1}},"198":{"start":{"line":329,"column":2},"end":{"line":329,"column":41}},"199":{"start":{"line":328,"column":13},"end":{"line":328,"column":22}},"200":{"start":{"line":333,"column":24},"end":{"line":343,"column":1}},"201":{"start":{"line":334,"column":14},"end":{"line":334,"column":33}},"202":{"start":{"line":336,"column":2},"end":{"line":340,"column":3}},"203":{"start":{"line":337,"column":4},"end":{"line":339,"column":7}},"204":{"start":{"line":338,"column":6},"end":{"line":338,"column":42}},"205":{"start":{"line":342,"column":2},"end":{"line":342,"column":24}},"206":{"start":{"line":333,"column":13},"end":{"line":333,"column":24}},"207":{"start":{"line":345,"column":32},"end":{"line":354,"column":1}},"208":{"start":{"line":346,"column":17},"end":{"line":346,"column":49}},"209":{"start":{"line":347,"column":41},"end":{"line":347,"column":43}},"210":{"start":{"line":349,"column":2},"end":{"line":351,"column":5}},"211":{"start":{"line":350,"column":4},"end":{"line":350,"column":24}},"212":{"start":{"line":353,"column":2},"end":{"line":353,"column":16}},"213":{"start":{"line":345,"column":13},"end":{"line":345,"column":32}}},"fnMap":{"0":{"name":"(anonymous_0)","decl":{"start":{"line":7,"column":29},"end":{"line":7,"column":30}},"loc":{"start":{"line":7,"column":56},"end":{"line":10,"column":1}}},"1":{"name":"(anonymous_1)","decl":{"start":{"line":12,"column":32},"end":{"line":12,"column":33}},"loc":{"start":{"line":12,"column":72},"end":{"line":38,"column":1}}},"2":{"name":"(anonymous_2)","decl":{"start":{"line":40,"column":32},"end":{"line":40,"column":33}},"loc":{"start":{"line":40,"column":94},"end":{"line":47,"column":1}}},"3":{"name":"(anonymous_3)","decl":{"start":{"line":50,"column":31},"end":{"line":50,"column":32}},"loc":{"start":{"line":50,"column":55},"end":{"line":53,"column":1}}},"4":{"name":"(anonymous_4)","decl":{"start":{"line":55,"column":26},"end":{"line":55,"column":27}},"loc":{"start":{"line":55,"column":50},"end":{"line":61,"column":1}}},"5":{"name":"(anonymous_5)","decl":{"start":{"line":59,"column":9},"end":{"line":59,"column":13}},"loc":{"start":{"line":59,"column":17},"end":{"line":59,"column":38}}},"6":{"name":"(anonymous_6)","decl":{"start":{"line":63,"column":23},"end":{"line":63,"column":24}},"loc":{"start":{"line":63,"column":47},"end":{"line":70,"column":1}}},"7":{"name":"(anonymous_7)","decl":{"start":{"line":72,"column":24},"end":{"line":72,"column":25}},"loc":{"start":{"line":72,"column":80},"end":{"line":75,"column":1}}},"8":{"name":"(anonymous_8)","decl":{"start":{"line":78,"column":26},"end":{"line":78,"column":27}},"loc":{"start":{"line":78,"column":76},"end":{"line":85,"column":1}}},"9":{"name":"(anonymous_9)","decl":{"start":{"line":87,"column":30},"end":{"line":87,"column":31}},"loc":{"start":{"line":87,"column":80},"end":{"line":96,"column":1}}},"10":{"name":"(anonymous_10)","decl":{"start":{"line":98,"column":34},"end":{"line":98,"column":35}},"loc":{"start":{"line":98,"column":84},"end":{"line":109,"column":1}}},"11":{"name":"(anonymous_11)","decl":{"start":{"line":111,"column":23},"end":{"line":111,"column":24}},"loc":{"start":{"line":111,"column":56},"end":{"line":115,"column":1}}},"12":{"name":"(anonymous_12)","decl":{"start":{"line":118,"column":28},"end":{"line":118,"column":29}},"loc":{"start":{"line":118,"column":70},"end":{"line":120,"column":1}}},"13":{"name":"(anonymous_13)","decl":{"start":{"line":122,"column":30},"end":{"line":122,"column":31}},"loc":{"start":{"line":122,"column":93},"end":{"line":127,"column":1}}},"14":{"name":"(anonymous_14)","decl":{"start":{"line":129,"column":32},"end":{"line":129,"column":33}},"loc":{"start":{"line":129,"column":76},"end":{"line":135,"column":1}}},"15":{"name":"(anonymous_15)","decl":{"start":{"line":138,"column":23},"end":{"line":138,"column":46}},"loc":{"start":{"line":138,"column":89},"end":{"line":150,"column":1}}},"16":{"name":"(anonymous_16)","decl":{"start":{"line":140,"column":4},"end":{"line":140,"column":5}},"loc":{"start":{"line":140,"column":21},"end":{"line":147,"column":5}}},"17":{"name":"(anonymous_17)","decl":{"start":{"line":152,"column":22},"end":{"line":152,"column":26}},"loc":{"start":{"line":152,"column":94},"end":{"line":160,"column":1}}},"18":{"name":"(anonymous_18)","decl":{"start":{"line":153,"column":25},"end":{"line":153,"column":26}},"loc":{"start":{"line":153,"column":34},"end":{"line":159,"column":3}}},"19":{"name":"(anonymous_19)","decl":{"start":{"line":162,"column":24},"end":{"line":162,"column":28}},"loc":{"start":{"line":162,"column":61},"end":{"line":172,"column":1}}},"20":{"name":"(anonymous_20)","decl":{"start":{"line":164,"column":22},"end":{"line":164,"column":26}},"loc":{"start":{"line":164,"column":29},"end":{"line":171,"column":3}}},"21":{"name":"(anonymous_21)","decl":{"start":{"line":175,"column":20},"end":{"line":175,"column":null}},"loc":{"start":{"line":178,"column":16},"end":{"line":182,"column":1}}},"22":{"name":"(anonymous_22)","decl":{"start":{"line":180,"column":15},"end":{"line":180,"column":18}},"loc":{"start":{"line":180,"column":22},"end":{"line":180,"column":40}}},"23":{"name":"(anonymous_23)","decl":{"start":{"line":184,"column":20},"end":{"line":184,"column":null}},"loc":{"start":{"line":187,"column":16},"end":{"line":195,"column":1}}},"24":{"name":"(anonymous_24)","decl":{"start":{"line":189,"column":15},"end":{"line":189,"column":18}},"loc":{"start":{"line":189,"column":21},"end":{"line":193,"column":3}}},"25":{"name":"(anonymous_25)","decl":{"start":{"line":197,"column":25},"end":{"line":197,"column":29}},"loc":{"start":{"line":197,"column":42},"end":{"line":209,"column":1}}},"26":{"name":"(anonymous_26)","decl":{"start":{"line":200,"column":43},"end":{"line":200,"column":47}},"loc":{"start":{"line":200,"column":51},"end":{"line":200,"column":66}}},"27":{"name":"(anonymous_27)","decl":{"start":{"line":203,"column":29},"end":{"line":203,"column":32}},"loc":{"start":{"line":203,"column":35},"end":{"line":205,"column":5}}},"28":{"name":"(anonymous_28)","decl":{"start":{"line":212,"column":34},"end":{"line":212,"column":35}},"loc":{"start":{"line":212,"column":57},"end":{"line":214,"column":1}}},"29":{"name":"(anonymous_29)","decl":{"start":{"line":216,"column":32},"end":{"line":216,"column":33}},"loc":{"start":{"line":216,"column":59},"end":{"line":223,"column":1}}},"30":{"name":"(anonymous_30)","decl":{"start":{"line":225,"column":37},"end":{"line":225,"column":38}},"loc":{"start":{"line":225,"column":88},"end":{"line":227,"column":1}}},"31":{"name":"(anonymous_31)","decl":{"start":{"line":229,"column":31},"end":{"line":229,"column":32}},"loc":{"start":{"line":229,"column":74},"end":{"line":231,"column":1}}},"32":{"name":"(anonymous_32)","decl":{"start":{"line":234,"column":27},"end":{"line":234,"column":28}},"loc":{"start":{"line":234,"column":72},"end":{"line":238,"column":1}}},"33":{"name":"(anonymous_33)","decl":{"start":{"line":240,"column":27},"end":{"line":240,"column":28}},"loc":{"start":{"line":240,"column":54},"end":{"line":248,"column":1}}},"34":{"name":"(anonymous_34)","decl":{"start":{"line":251,"column":21},"end":{"line":251,"column":22}},"loc":{"start":{"line":251,"column":51},"end":{"line":253,"column":1}}},"35":{"name":"(anonymous_35)","decl":{"start":{"line":252,"column":21},"end":{"line":252,"column":28}},"loc":{"start":{"line":252,"column":32},"end":{"line":252,"column":55}}},"36":{"name":"(anonymous_36)","decl":{"start":{"line":255,"column":21},"end":{"line":255,"column":26}},"loc":{"start":{"line":259,"column":16},"end":{"line":277,"column":1}}},"37":{"name":"(anonymous_37)","decl":{"start":{"line":280,"column":24},"end":{"line":280,"column":null}},"loc":{"start":{"line":283,"column":40},"end":{"line":290,"column":1}}},"38":{"name":"(anonymous_38)","decl":{"start":{"line":286,"column":9},"end":{"line":286,"column":10}},"loc":{"start":{"line":286,"column":36},"end":{"line":289,"column":3}}},"39":{"name":"(anonymous_39)","decl":{"start":{"line":288,"column":27},"end":{"line":288,"column":30}},"loc":{"start":{"line":288,"column":33},"end":{"line":288,"column":46}}},"40":{"name":"(anonymous_40)","decl":{"start":{"line":293,"column":24},"end":{"line":293,"column":null}},"loc":{"start":{"line":296,"column":40},"end":{"line":306,"column":1}}},"41":{"name":"(anonymous_41)","decl":{"start":{"line":299,"column":9},"end":{"line":299,"column":10}},"loc":{"start":{"line":299,"column":36},"end":{"line":305,"column":3}}},"42":{"name":"(anonymous_42)","decl":{"start":{"line":303,"column":17},"end":{"line":303,"column":20}},"loc":{"start":{"line":303,"column":24},"end":{"line":303,"column":42}}},"43":{"name":"(anonymous_43)","decl":{"start":{"line":309,"column":26},"end":{"line":309,"column":37}},"loc":{"start":{"line":309,"column":39},"end":{"line":312,"column":1}}},"44":{"name":"(anonymous_44)","decl":{"start":{"line":314,"column":28},"end":{"line":314,"column":39}},"loc":{"start":{"line":314,"column":41},"end":{"line":317,"column":1}}},"45":{"name":"(anonymous_45)","decl":{"start":{"line":320,"column":29},"end":{"line":320,"column":41}},"loc":{"start":{"line":320,"column":43},"end":{"line":322,"column":1}}},"46":{"name":"(anonymous_46)","decl":{"start":{"line":324,"column":28},"end":{"line":324,"column":40}},"loc":{"start":{"line":324,"column":42},"end":{"line":326,"column":1}}},"47":{"name":"(anonymous_47)","decl":{"start":{"line":328,"column":22},"end":{"line":328,"column":34}},"loc":{"start":{"line":328,"column":36},"end":{"line":330,"column":1}}},"48":{"name":"(anonymous_48)","decl":{"start":{"line":333,"column":24},"end":{"line":333,"column":25}},"loc":{"start":{"line":333,"column":96},"end":{"line":343,"column":1}}},"49":{"name":"(anonymous_49)","decl":{"start":{"line":337,"column":35},"end":{"line":337,"column":36}},"loc":{"start":{"line":337,"column":52},"end":{"line":339,"column":5}}},"50":{"name":"(anonymous_50)","decl":{"start":{"line":345,"column":32},"end":{"line":345,"column":33}},"loc":{"start":{"line":345,"column":80},"end":{"line":354,"column":1}}},"51":{"name":"(anonymous_51)","decl":{"start":{"line":349,"column":17},"end":{"line":349,"column":18}},"loc":{"start":{"line":349,"column":32},"end":{"line":351,"column":3}}}},"branchMap":{"0":{"loc":{"start":{"line":15,"column":2},"end":{"line":17,"column":3}},"type":"if","locations":[{"start":{"line":15,"column":2},"end":{"line":17,"column":3}},{"start":{},"end":{}}]},"1":{"loc":{"start":{"line":19,"column":2},"end":{"line":24,"column":3}},"type":"if","locations":[{"start":{"line":19,"column":2},"end":{"line":24,"column":3}},{"start":{},"end":{}}]},"2":{"loc":{"start":{"line":26,"column":2},"end":{"line":31,"column":3}},"type":"if","locations":[{"start":{"line":26,"column":2},"end":{"line":31,"column":3}},{"start":{},"end":{}}]},"3":{"loc":{"start":{"line":33,"column":2},"end":{"line":35,"column":3}},"type":"if","locations":[{"start":{"line":33,"column":2},"end":{"line":35,"column":3}},{"start":{},"end":{}}]},"4":{"loc":{"start":{"line":41,"column":24},"end":{"line":41,"column":72}},"type":"binary-expr","locations":[{"start":{"line":41,"column":24},"end":{"line":41,"column":49}},{"start":{"line":41,"column":53},"end":{"line":41,"column":72}}]},"5":{"loc":{"start":{"line":42,"column":18},"end":{"line":42,"column":105}},"type":"binary-expr","locations":[{"start":{"line":42,"column":18},"end":{"line":42,"column":32}},{"start":{"line":42,"column":36},"end":{"line":42,"column":55}},{"start":{"line":42,"column":59},"end":{"line":42,"column":74}},{"start":{"line":42,"column":78},"end":{"line":42,"column":89}},{"start":{"line":42,"column":93},"end":{"line":42,"column":105}}]},"6":{"loc":{"start":{"line":43,"column":2},"end":{"line":45,"column":3}},"type":"if","locations":[{"start":{"line":43,"column":2},"end":{"line":45,"column":3}},{"start":{},"end":{}}]},"7":{"loc":{"start":{"line":43,"column":6},"end":{"line":43,"column":30}},"type":"binary-expr","locations":[{"start":{"line":43,"column":6},"end":{"line":43,"column":13}},{"start":{"line":43,"column":17},"end":{"line":43,"column":30}}]},"8":{"loc":{"start":{"line":51,"column":2},"end":{"line":51,"column":23}},"type":"if","locations":[{"start":{"line":51,"column":2},"end":{"line":51,"column":23}},{"start":{},"end":{}}]},"9":{"loc":{"start":{"line":56,"column":2},"end":{"line":56,"column":23}},"type":"if","locations":[{"start":{"line":56,"column":2},"end":{"line":56,"column":23}},{"start":{},"end":{}}]},"10":{"loc":{"start":{"line":72,"column":54},"end":{"line":72,"column":68}},"type":"default-arg","locations":[{"start":{"line":72,"column":63},"end":{"line":72,"column":68}}]},"11":{"loc":{"start":{"line":73,"column":2},"end":{"line":73,"column":39}},"type":"if","locations":[{"start":{"line":73,"column":2},"end":{"line":73,"column":39}},{"start":{},"end":{}}]},"12":{"loc":{"start":{"line":78,"column":48},"end":{"line":78,"column":64}},"type":"default-arg","locations":[{"start":{"line":78,"column":57},"end":{"line":78,"column":64}}]},"13":{"loc":{"start":{"line":79,"column":12},"end":{"line":79,"column":60}},"type":"cond-expr","locations":[{"start":{"line":79,"column":39},"end":{"line":79,"column":53}},{"start":{"line":79,"column":56},"end":{"line":79,"column":60}}]},"14":{"loc":{"start":{"line":87,"column":52},"end":{"line":87,"column":68}},"type":"default-arg","locations":[{"start":{"line":87,"column":61},"end":{"line":87,"column":68}}]},"15":{"loc":{"start":{"line":88,"column":12},"end":{"line":88,"column":60}},"type":"cond-expr","locations":[{"start":{"line":88,"column":39},"end":{"line":88,"column":53}},{"start":{"line":88,"column":56},"end":{"line":88,"column":60}}]},"16":{"loc":{"start":{"line":98,"column":56},"end":{"line":98,"column":72}},"type":"default-arg","locations":[{"start":{"line":98,"column":65},"end":{"line":98,"column":72}}]},"17":{"loc":{"start":{"line":99,"column":12},"end":{"line":99,"column":60}},"type":"cond-expr","locations":[{"start":{"line":99,"column":39},"end":{"line":99,"column":53}},{"start":{"line":99,"column":56},"end":{"line":99,"column":60}}]},"18":{"loc":{"start":{"line":103,"column":2},"end":{"line":103,"column":51}},"type":"if","locations":[{"start":{"line":103,"column":2},"end":{"line":103,"column":51}},{"start":{},"end":{}}]},"19":{"loc":{"start":{"line":104,"column":2},"end":{"line":104,"column":84}},"type":"if","locations":[{"start":{"line":104,"column":2},"end":{"line":104,"column":84}},{"start":{},"end":{}}]},"20":{"loc":{"start":{"line":105,"column":2},"end":{"line":105,"column":85}},"type":"if","locations":[{"start":{"line":105,"column":2},"end":{"line":105,"column":85}},{"start":{},"end":{}}]},"21":{"loc":{"start":{"line":106,"column":2},"end":{"line":106,"column":87}},"type":"if","locations":[{"start":{"line":106,"column":2},"end":{"line":106,"column":87}},{"start":{},"end":{}}]},"22":{"loc":{"start":{"line":112,"column":12},"end":{"line":112,"column":60}},"type":"cond-expr","locations":[{"start":{"line":112,"column":39},"end":{"line":112,"column":53}},{"start":{"line":112,"column":56},"end":{"line":112,"column":60}}]},"23":{"loc":{"start":{"line":118,"column":42},"end":{"line":118,"column":58}},"type":"default-arg","locations":[{"start":{"line":118,"column":51},"end":{"line":118,"column":58}}]},"24":{"loc":{"start":{"line":122,"column":47},"end":{"line":122,"column":63}},"type":"default-arg","locations":[{"start":{"line":122,"column":58},"end":{"line":122,"column":63}}]},"25":{"loc":{"start":{"line":122,"column":65},"end":{"line":122,"column":81}},"type":"default-arg","locations":[{"start":{"line":122,"column":74},"end":{"line":122,"column":81}}]},"26":{"loc":{"start":{"line":129,"column":48},"end":{"line":129,"column":64}},"type":"default-arg","locations":[{"start":{"line":129,"column":57},"end":{"line":129,"column":64}}]},"27":{"loc":{"start":{"line":142,"column":6},"end":{"line":144,"column":7}},"type":"if","locations":[{"start":{"line":142,"column":6},"end":{"line":144,"column":7}},{"start":{},"end":{}}]},"28":{"loc":{"start":{"line":152,"column":52},"end":{"line":152,"column":85}},"type":"default-arg","locations":[{"start":{"line":152,"column":80},"end":{"line":152,"column":85}}]},"29":{"loc":{"start":{"line":154,"column":4},"end":{"line":158,"column":5}},"type":"if","locations":[{"start":{"line":154,"column":4},"end":{"line":158,"column":5}},{"start":{"line":156,"column":11},"end":{"line":158,"column":5}}]},"30":{"loc":{"start":{"line":155,"column":13},"end":{"line":155,"column":37}},"type":"cond-expr","locations":[{"start":{"line":155,"column":31},"end":{"line":155,"column":32}},{"start":{"line":155,"column":35},"end":{"line":155,"column":37}}]},"31":{"loc":{"start":{"line":157,"column":13},"end":{"line":157,"column":37}},"type":"cond-expr","locations":[{"start":{"line":157,"column":31},"end":{"line":157,"column":32}},{"start":{"line":157,"column":35},"end":{"line":157,"column":37}}]},"32":{"loc":{"start":{"line":166,"column":4},"end":{"line":168,"column":5}},"type":"if","locations":[{"start":{"line":166,"column":4},"end":{"line":168,"column":5}},{"start":{},"end":{}}]},"33":{"loc":{"start":{"line":190,"column":4},"end":{"line":192,"column":5}},"type":"if","locations":[{"start":{"line":190,"column":4},"end":{"line":192,"column":5}},{"start":{},"end":{}}]},"34":{"loc":{"start":{"line":198,"column":2},"end":{"line":198,"column":58}},"type":"if","locations":[{"start":{"line":198,"column":2},"end":{"line":198,"column":58}},{"start":{},"end":{}}]},"35":{"loc":{"start":{"line":198,"column":6},"end":{"line":198,"column":45}},"type":"binary-expr","locations":[{"start":{"line":198,"column":6},"end":{"line":198,"column":18}},{"start":{"line":198,"column":22},"end":{"line":198,"column":45}}]},"36":{"loc":{"start":{"line":199,"column":2},"end":{"line":199,"column":65}},"type":"if","locations":[{"start":{"line":199,"column":2},"end":{"line":199,"column":65}},{"start":{},"end":{}}]},"37":{"loc":{"start":{"line":200,"column":2},"end":{"line":200,"column":75}},"type":"if","locations":[{"start":{"line":200,"column":2},"end":{"line":200,"column":75}},{"start":{},"end":{}}]},"38":{"loc":{"start":{"line":201,"column":2},"end":{"line":207,"column":3}},"type":"if","locations":[{"start":{"line":201,"column":2},"end":{"line":207,"column":3}},{"start":{},"end":{}}]},"39":{"loc":{"start":{"line":222,"column":9},"end":{"line":222,"column":38}},"type":"binary-expr","locations":[{"start":{"line":222,"column":9},"end":{"line":222,"column":21}},{"start":{"line":222,"column":25},"end":{"line":222,"column":38}}]},"40":{"loc":{"start":{"line":234,"column":45},"end":{"line":234,"column":61}},"type":"default-arg","locations":[{"start":{"line":234,"column":58},"end":{"line":234,"column":61}}]},"41":{"loc":{"start":{"line":241,"column":2},"end":{"line":243,"column":3}},"type":"if","locations":[{"start":{"line":241,"column":2},"end":{"line":243,"column":3}},{"start":{},"end":{}}]},"42":{"loc":{"start":{"line":244,"column":2},"end":{"line":246,"column":3}},"type":"if","locations":[{"start":{"line":244,"column":2},"end":{"line":246,"column":3}},{"start":{},"end":{}}]},"43":{"loc":{"start":{"line":257,"column":2},"end":{"line":257,"column":17}},"type":"default-arg","locations":[{"start":{"line":257,"column":16},"end":{"line":257,"column":17}}]},"44":{"loc":{"start":{"line":258,"column":2},"end":{"line":258,"column":16}},"type":"default-arg","locations":[{"start":{"line":258,"column":12},"end":{"line":258,"column":16}}]},"45":{"loc":{"start":{"line":266,"column":18},"end":{"line":266,"column":75}},"type":"cond-expr","locations":[{"start":{"line":266,"column":43},"end":{"line":266,"column":48}},{"start":{"line":266,"column":51},"end":{"line":266,"column":75}}]},"46":{"loc":{"start":{"line":268,"column":6},"end":{"line":270,"column":7}},"type":"if","locations":[{"start":{"line":268,"column":6},"end":{"line":270,"column":7}},{"start":{},"end":{}}]},"47":{"loc":{"start":{"line":300,"column":4},"end":{"line":304,"column":5}},"type":"if","locations":[{"start":{"line":300,"column":4},"end":{"line":304,"column":5}},{"start":{},"end":{}}]},"48":{"loc":{"start":{"line":336,"column":2},"end":{"line":340,"column":3}},"type":"if","locations":[{"start":{"line":336,"column":2},"end":{"line":340,"column":3}},{"start":{},"end":{}}]}},"s":{"0":8,"1":8,"2":8,"3":20,"4":20,"5":8,"6":8,"7":14,"8":14,"9":5,"10":14,"11":5,"12":14,"13":2,"14":14,"15":5,"16":14,"17":8,"18":8,"19":20,"20":20,"21":20,"22":11,"23":9,"24":8,"25":8,"26":26,"27":4,"28":22,"29":8,"30":8,"31":8,"32":2,"33":6,"34":12,"35":8,"36":8,"37":15,"38":8,"39":8,"40":12,"41":5,"42":7,"43":8,"44":8,"45":4,"46":4,"47":8,"48":8,"49":1,"50":1,"51":8,"52":8,"53":4,"54":4,"55":4,"56":4,"57":1,"58":3,"59":1,"60":2,"61":1,"62":1,"63":1,"64":0,"65":8,"66":8,"67":3,"68":3,"69":3,"70":8,"71":8,"72":7,"73":8,"74":8,"75":7,"76":8,"77":8,"78":7,"79":8,"80":8,"81":4,"82":7,"83":7,"84":5,"85":7,"86":7,"87":8,"88":8,"89":6,"90":20,"91":12,"92":8,"93":8,"94":8,"95":5,"96":5,"97":11,"98":11,"99":3,"100":8,"101":8,"102":8,"103":8,"104":6,"105":6,"106":7,"107":6,"108":8,"109":8,"110":5,"111":5,"112":8,"113":6,"114":5,"115":8,"116":8,"117":31,"118":17,"119":14,"120":1,"121":13,"122":3,"123":9,"124":10,"125":10,"126":10,"127":11,"128":10,"129":0,"130":8,"131":8,"132":2,"133":8,"134":8,"135":3,"136":3,"137":8,"138":8,"139":2,"140":8,"141":8,"142":2,"143":8,"144":8,"145":2,"146":2,"147":2,"148":8,"149":8,"150":3,"151":1,"152":2,"153":1,"154":1,"155":8,"156":8,"157":9,"158":9,"159":8,"160":8,"161":7,"162":7,"163":12,"164":12,"165":7,"166":7,"167":2,"168":5,"169":0,"170":8,"171":8,"172":3,"173":7,"174":7,"175":3,"176":8,"177":8,"178":3,"179":6,"180":4,"181":4,"182":4,"183":1,"184":8,"185":8,"186":20,"187":8,"188":8,"189":10,"190":8,"191":8,"192":2,"193":8,"194":8,"195":2,"196":8,"197":8,"198":1,"199":8,"200":8,"201":2,"202":2,"203":1,"204":2,"205":2,"206":8,"207":8,"208":2,"209":2,"210":2,"211":2,"212":2,"213":8},"f":{"0":20,"1":14,"2":20,"3":26,"4":8,"5":12,"6":15,"7":12,"8":4,"9":1,"10":4,"11":3,"12":7,"13":7,"14":7,"15":4,"16":7,"17":6,"18":20,"19":5,"20":11,"21":6,"22":7,"23":5,"24":8,"25":31,"26":9,"27":11,"28":2,"29":3,"30":2,"31":2,"32":2,"33":3,"34":9,"35":9,"36":7,"37":3,"38":7,"39":3,"40":3,"41":6,"42":1,"43":20,"44":10,"45":2,"46":2,"47":1,"48":2,"49":2,"50":2,"51":2},"b":{"0":[5,9],"1":[5,9],"2":[2,12],"3":[5,9],"4":[20,6],"5":[20,18,16,15,13],"6":[11,9],"7":[20,11],"8":[4,22],"9":[2,6],"10":[9],"11":[5,7],"12":[2],"13":[2,2],"14":[0],"15":[0,1],"16":[4],"17":[0,4],"18":[1,3],"19":[1,2],"20":[1,1],"21":[1,0],"22":[1,2],"23":[5],"24":[3],"25":[5],"26":[6],"27":[5,2],"28":[4],"29":[12,8],"30":[6,6],"31":[4,4],"32":[3,8],"33":[6,2],"34":[17,14],"35":[31,29],"36":[1,13],"37":[3,10],"38":[10,0],"39":[3,0],"40":[1],"41":[1,2],"42":[1,1],"43":[1],"44":[2],"45":[7,0],"46":[2,5],"47":[4,2],"48":[1,1]}}
}
