TN:
SF:src\components\AuthInitializer.tsx
FN:15,(anonymous_0)
FN:19,(anonymous_1)
FN:20,(anonymous_2)
FN:21,(anonymous_3)
FN:24,(anonymous_4)
FN:31,(anonymous_5)
FN:44,(anonymous_6)
FN:53,(anonymous_7)
FNF:8
FNH:8
FNDA:5,(anonymous_0)
FNDA:5,(anonymous_1)
FNDA:5,(anonymous_2)
FNDA:5,(anonymous_3)
FNDA:4,(anonymous_4)
FNDA:5,(anonymous_5)
FNDA:4,(anonymous_6)
FNDA:4,(anonymous_7)
DA:15,4
DA:16,5
DA:17,5
DA:18,5
DA:19,5
DA:20,5
DA:21,5
DA:22,5
DA:24,5
DA:25,4
DA:26,2
DA:27,2
DA:31,5
DA:32,5
DA:33,1
DA:35,1
DA:36,1
DA:44,5
DA:45,4
DA:46,1
DA:47,1
DA:49,3
DA:50,3
DA:53,4
DA:54,4
DA:55,4
DA:60,5
LF:27
LH:27
BRDA:25,0,0,2
BRDA:25,0,1,2
BRDA:32,1,0,1
BRDA:32,1,1,4
BRDA:32,2,0,5
BRDA:32,2,1,3
BRDA:32,2,2,2
BRDA:45,3,0,1
BRDA:45,3,1,3
BRDA:45,4,0,4
BRDA:45,4,1,1
BRDA:45,4,2,1
BRDA:60,5,0,2
BRDA:60,5,1,3
BRF:14
BRH:14
end_of_record
TN:
SF:src\components\ChangePasswordForm.tsx
FN:13,(anonymous_0)
FN:30,(anonymous_1)
FN:32,(anonymous_2)
FN:38,(anonymous_3)
FN:39,(anonymous_4)
FN:45,(anonymous_5)
FN:81,(anonymous_6)
FN:132,(anonymous_7)
FN:155,(anonymous_8)
FN:186,(anonymous_9)
FN:217,(anonymous_10)
FNF:11
FNH:10
FNDA:87,(anonymous_0)
FNDA:49,(anonymous_1)
FNDA:49,(anonymous_2)
FNDA:6,(anonymous_3)
FNDA:6,(anonymous_4)
FNDA:18,(anonymous_5)
FNDA:18,(anonymous_6)
FNDA:0,(anonymous_7)
FNDA:1,(anonymous_8)
FNDA:3,(anonymous_9)
FNDA:2,(anonymous_10)
DA:13,5
DA:14,87
DA:15,87
DA:16,87
DA:22,87
DA:28,87
DA:30,87
DA:31,49
DA:32,49
DA:38,87
DA:39,6
DA:45,87
DA:46,18
DA:47,1
DA:48,1
DA:51,17
DA:52,1
DA:53,1
DA:56,16
DA:57,2
DA:58,2
DA:62,14
DA:63,14
DA:64,4
DA:65,4
DA:68,10
DA:69,2
DA:70,2
DA:73,8
DA:74,2
DA:75,2
DA:78,6
DA:81,87
DA:82,18
DA:84,18
DA:86,6
DA:88,6
DA:89,6
DA:90,6
DA:102,4
DA:103,2
DA:105,2
DA:106,2
DA:108,2
DA:114,2
DA:115,2
DA:118,1
DA:120,5
DA:155,1
DA:186,3
DA:217,2
LF:51
LH:51
BRDA:46,0,0,1
BRDA:46,0,1,17
BRDA:51,1,0,1
BRDA:51,1,1,16
BRDA:56,2,0,2
BRDA:56,2,1,14
BRDA:63,3,0,4
BRDA:63,3,1,10
BRDA:68,4,0,2
BRDA:68,4,1,8
BRDA:73,5,0,2
BRDA:73,5,1,6
BRDA:84,6,0,12
BRDA:84,6,1,6
BRDA:102,7,0,2
BRDA:102,7,1,2
BRDA:105,8,0,2
BRDA:105,8,1,0
BRDA:115,9,0,2
BRDA:115,9,1,1
BRDA:142,10,0,6
BRDA:142,10,1,81
BRDA:158,11,0,6
BRDA:172,12,0,3
BRDA:172,12,1,84
BRDA:189,13,0,3
BRDA:204,14,0,2
BRDA:204,14,1,85
BRDA:220,15,0,2
BRDA:234,16,0,6
BRDA:234,16,1,81
BRF:31
BRH:30
end_of_record
TN:
SF:src\components\ErrorBoundary.tsx
FN:19,(anonymous_0)
FN:24,(anonymous_1)
FN:28,(anonymous_2)
FN:33,(anonymous_3)
FNF:4
FNH:4
FNDA:6,(anonymous_0)
FNDA:4,(anonymous_1)
FNDA:2,(anonymous_2)
FNDA:9,(anonymous_3)
DA:20,6
DA:21,5
DA:25,4
DA:30,2
DA:34,9
DA:54,5
LF:6
LH:6
BRDA:34,0,0,4
BRDA:34,0,1,5
BRDA:44,1,0,4
BRDA:44,1,1,2
BRF:4
BRH:4
end_of_record
TN:
SF:src\components\ProtectedServiceRoute.tsx
FN:21,(anonymous_0)
FN:35,(anonymous_1)
FNF:2
FNH:2
FNDA:6,(anonymous_0)
FNDA:6,(anonymous_1)
DA:21,3
DA:32,6
DA:35,6
DA:36,6
DA:46,6
DA:60,5
DA:61,2
DA:63,2
DA:80,3
DA:81,3
DA:84,3
DA:85,2
DA:87,2
DA:117,3
LF:14
LH:14
BRDA:24,0,0,4
BRDA:25,1,0,2
BRDA:38,2,0,6
BRDA:38,2,1,5
BRDA:46,3,0,1
BRDA:46,3,1,5
BRDA:60,4,0,2
BRDA:60,4,1,3
BRDA:63,5,0,1
BRDA:63,5,1,1
BRDA:80,6,0,3
BRDA:80,6,1,0
BRDA:81,7,0,3
BRDA:81,7,1,0
BRDA:84,8,0,2
BRDA:84,8,1,1
BRDA:87,9,0,1
BRDA:87,9,1,1
BRDA:98,10,0,1
BRDA:98,10,1,0
BRF:20
BRH:17
end_of_record
TN:
SF:src\components\ProtectedServiceRoute.utils.tsx
FN:4,(anonymous_0)
FN:14,(anonymous_1)
FN:16,(anonymous_2)
FN:19,withServiceProtection
FNF:4
FNH:4
FNDA:7,(anonymous_0)
FNDA:8,(anonymous_1)
FNDA:5,(anonymous_2)
FNDA:5,withServiceProtection
DA:4,5
DA:5,7
DA:6,7
DA:14,5
DA:16,8
DA:19,5
DA:25,5
DA:26,5
LF:8
LH:8
BRDA:7,0,0,7
BRDA:7,0,1,5
BRDA:7,0,2,4
BRDA:7,0,3,2
BRDA:10,1,0,7
BRDA:10,1,1,2
BRDA:25,2,0,5
BRDA:25,2,1,4
BRF:8
BRH:8
end_of_record
TN:
SF:src\components\WebSocketStatus.tsx
FN:10,(anonymous_0)
FN:13,(anonymous_1)
FN:15,(anonymous_2)
FN:22,(anonymous_3)
FN:36,(anonymous_4)
FNF:5
FNH:5
FNDA:4,(anonymous_0)
FNDA:4,(anonymous_1)
FNDA:2,(anonymous_2)
FNDA:2,(anonymous_3)
FNDA:1,(anonymous_4)
DA:10,1
DA:11,4
DA:12,4
DA:13,4
DA:15,4
DA:16,2
DA:17,1
DA:18,1
DA:19,1
DA:22,1
DA:23,2
DA:24,2
DA:26,2
DA:27,2
DA:31,1
DA:34,1
DA:36,1
DA:39,4
DA:40,1
LF:19
LH:19
BRDA:16,0,0,1
BRDA:16,0,1,1
BRDA:24,1,0,2
BRDA:24,1,1,0
BRDA:39,2,0,1
BRDA:39,2,1,3
BRDA:47,3,0,1
BRDA:47,3,1,2
BRDA:54,4,0,1
BRDA:54,4,1,2
BRDA:57,5,0,1
BRDA:57,5,1,2
BRDA:59,6,0,3
BRDA:59,6,1,1
BRF:14
BRH:13
end_of_record
TN:
SF:src\components\common\AutocompleteInput.tsx
FN:14,AutocompleteInput
FN:31,(anonymous_1)
FN:41,(anonymous_2)
FN:69,(anonymous_3)
FN:77,(anonymous_4)
FN:78,handleClickOutside
FN:85,(anonymous_6)
FN:88,(anonymous_7)
FN:94,(anonymous_8)
FN:106,(anonymous_9)
FN:123,(anonymous_10)
FN:127,(anonymous_11)
FNF:12
FNH:12
FNDA:96,AutocompleteInput
FNDA:46,(anonymous_1)
FNDA:25,(anonymous_2)
FNDA:34,(anonymous_3)
FNDA:36,(anonymous_4)
FNDA:2,handleClickOutside
FNDA:36,(anonymous_6)
FNDA:2,(anonymous_7)
FNDA:1,(anonymous_8)
FNDA:9,(anonymous_9)
FNDA:13,(anonymous_10)
FNDA:2,(anonymous_11)
DA:22,96
DA:23,96
DA:24,96
DA:25,96
DA:26,96
DA:27,96
DA:28,96
DA:31,96
DA:32,46
DA:33,8
DA:36,46
DA:37,12
DA:38,12
DA:41,34
DA:42,25
DA:43,25
DA:45,25
DA:46,25
DA:47,25
DA:48,25
DA:57,24
DA:58,23
DA:59,23
DA:62,1
DA:63,1
DA:65,25
DA:69,34
DA:70,34
DA:71,34
DA:77,96
DA:79,2
DA:80,1
DA:84,36
DA:85,36
DA:88,96
DA:89,2
DA:90,2
DA:91,2
DA:94,96
DA:95,1
DA:96,1
DA:106,9
DA:124,13
DA:127,2
LF:44
LH:44
BRDA:18,0,0,94
BRDA:19,1,0,94
BRDA:20,2,0,94
BRDA:32,3,0,8
BRDA:32,3,1,38
BRDA:36,4,0,12
BRDA:36,4,1,34
BRDA:45,5,0,25
BRDA:45,5,1,0
BRDA:46,6,0,25
BRDA:46,6,1,25
BRDA:47,7,0,25
BRDA:47,7,1,25
BRDA:57,8,0,23
BRDA:57,8,1,1
BRDA:59,9,0,23
BRDA:59,9,1,3
BRDA:70,10,0,34
BRDA:70,10,1,0
BRDA:79,11,0,1
BRDA:79,11,1,1
BRDA:79,12,0,2
BRDA:79,12,1,2
BRDA:106,13,0,9
BRDA:106,13,1,8
BRDA:106,13,2,8
BRDA:114,14,0,96
BRDA:121,15,0,96
BRDA:121,15,1,11
BRF:29
BRH:27
end_of_record
TN:
SF:src\components\icons\index.tsx
FN:14,(anonymous_0)
FN:19,(anonymous_1)
FN:24,(anonymous_2)
FN:29,(anonymous_3)
FN:34,(anonymous_4)
FN:39,(anonymous_5)
FN:44,(anonymous_6)
FNF:7
FNH:7
FNDA:5,(anonymous_0)
FNDA:5,(anonymous_1)
FNDA:40,(anonymous_2)
FNDA:3,(anonymous_3)
FNDA:3,(anonymous_4)
FNDA:39,(anonymous_5)
FNDA:3,(anonymous_6)
DA:14,19
DA:19,19
DA:24,19
DA:29,19
DA:34,19
DA:39,19
DA:44,19
LF:7
LH:7
BRF:0
BRH:0
end_of_record
TN:
SF:src\components\layout\MainLayout.tsx
FN:28,(anonymous_0)
FN:40,(anonymous_1)
FN:72,(anonymous_2)
FN:80,(anonymous_3)
FN:81,(anonymous_4)
FN:102,(anonymous_5)
FN:108,(anonymous_6)
FN:119,(anonymous_7)
FN:131,(anonymous_8)
FN:131,(anonymous_9)
FN:141,(anonymous_10)
FN:166,(anonymous_11)
FN:378,(anonymous_12)
FN:380,(anonymous_13)
FN:385,(anonymous_14)
FN:394,(anonymous_15)
FNF:16
FNH:11
FNDA:61,(anonymous_0)
FNDA:7,(anonymous_1)
FNDA:1,(anonymous_2)
FNDA:1,(anonymous_3)
FNDA:0,(anonymous_4)
FNDA:73,(anonymous_5)
FNDA:1,(anonymous_6)
FNDA:12,(anonymous_7)
FNDA:0,(anonymous_8)
FNDA:0,(anonymous_9)
FNDA:0,(anonymous_10)
FNDA:61,(anonymous_11)
FNDA:438,(anonymous_12)
FNDA:0,(anonymous_13)
FNDA:2,(anonymous_14)
FNDA:452,(anonymous_15)
DA:28,5
DA:29,61
DA:30,61
DA:40,7
DA:72,1
DA:80,1
DA:81,0
DA:102,5
DA:103,73
DA:104,73
DA:105,73
DA:106,73
DA:108,73
DA:109,1
DA:110,1
DA:119,12
DA:131,0
DA:141,0
DA:166,5
DA:167,61
DA:168,61
DA:169,61
DA:170,61
DA:171,61
DA:172,61
DA:173,61
DA:176,61
DA:179,61
DA:182,61
DA:185,61
DA:378,5
DA:380,438
DA:381,0
DA:385,438
DA:386,2
DA:387,1
DA:395,452
LF:37
LH:33
BRDA:44,0,0,7
BRDA:68,1,0,7
BRDA:68,1,1,54
BRDA:69,2,0,7
BRDA:69,2,1,54
BRDA:77,3,0,61
BRDA:81,4,0,0
BRDA:81,4,1,0
BRDA:122,5,0,73
BRDA:122,5,1,3
BRDA:125,6,0,73
BRDA:125,6,1,3
BRDA:129,7,0,73
BRDA:131,8,0,0
BRDA:131,8,1,0
BRDA:169,9,0,61
BRDA:169,9,1,50
BRDA:176,10,0,61
BRDA:176,10,1,24
BRDA:176,10,2,19
BRDA:179,11,0,61
BRDA:179,11,1,45
BRDA:179,11,2,8
BRDA:179,11,3,6
BRDA:201,12,0,61
BRDA:212,13,0,61
BRDA:250,14,0,61
BRDA:250,14,1,59
BRDA:274,15,0,61
BRDA:292,16,0,61
BRDA:299,17,0,16
BRDA:309,18,0,16
BRDA:319,19,0,16
BRDA:386,20,0,1
BRDA:386,20,1,1
BRDA:396,21,0,63
BRDA:396,21,1,389
BRDA:409,22,0,63
BRDA:409,22,1,389
BRDA:415,23,0,452
BRF:40
BRH:36
end_of_record
TN:
SF:src\components\layout\MainLayout.utils.ts
FN:11,(anonymous_0)
FN:30,(anonymous_1)
FN:34,(anonymous_2)
FN:39,(anonymous_3)
FNF:4
FNH:1
FNDA:12,(anonymous_0)
FNDA:0,(anonymous_1)
FNDA:0,(anonymous_2)
FNDA:0,(anonymous_3)
DA:11,5
DA:12,12
DA:14,11
DA:16,1
DA:18,3
DA:20,1
DA:22,6
DA:30,5
DA:32,0
DA:34,0
DA:35,0
DA:39,0
DA:40,0
LF:13
LH:8
BRDA:12,0,0,1
BRDA:12,0,1,11
BRDA:14,1,0,1
BRDA:14,1,1,3
BRDA:14,1,2,1
BRDA:14,1,3,6
BRDA:32,2,0,0
BRDA:32,2,1,0
BRF:8
BRH:6
end_of_record
TN:
SF:src\components\layout\Sidebar.tsx
FN:11,(anonymous_0)
FN:13,(anonymous_1)
FNF:2
FNH:0
FNDA:0,(anonymous_0)
FNDA:0,(anonymous_1)
DA:11,1
DA:12,0
DA:13,0
DA:14,0
LF:4
LH:1
BRDA:21,0,0,0
BRF:1
BRH:0
end_of_record
TN:
SF:src\components\mobile\FloatingActionButton.tsx
FN:28,(anonymous_0)
FN:37,(anonymous_1)
FN:47,(anonymous_2)
FN:71,(anonymous_3)
FN:75,(anonymous_4)
FN:86,(anonymous_5)
FN:87,(anonymous_6)
FN:99,(anonymous_7)
FN:117,(anonymous_8)
FNF:9
FNH:6
FNDA:0,(anonymous_0)
FNDA:0,(anonymous_1)
FNDA:42,(anonymous_2)
FNDA:8,(anonymous_3)
FNDA:1,(anonymous_4)
FNDA:2,(anonymous_5)
FNDA:0,(anonymous_6)
FNDA:15,(anonymous_7)
FNDA:1,(anonymous_8)
DA:22,10
DA:29,0
DA:38,0
DA:47,10
DA:53,42
DA:55,42
DA:61,42
DA:66,42
DA:71,42
DA:72,8
DA:75,42
DA:76,1
DA:77,1
DA:86,2
DA:87,0
DA:100,15
DA:117,1
LF:17
LH:14
BRDA:48,0,0,15
BRDA:50,1,0,25
BRDA:51,2,0,26
BRDA:83,3,0,42
BRDA:87,4,0,0
BRDA:87,4,1,0
BRDA:98,5,0,42
BRDA:98,5,1,8
BRDA:123,6,0,15
BRDA:123,6,1,1
BRDA:151,7,0,8
BRF:11
BRH:9
end_of_record
TN:
SF:src\components\mobile\PullToRefresh.tsx
FN:17,(anonymous_0)
FN:32,(anonymous_1)
FN:44,(anonymous_2)
FN:63,(anonymous_3)
FN:84,(anonymous_4)
FNF:5
FNH:5
FNDA:66,(anonymous_0)
FNDA:14,(anonymous_1)
FNDA:13,(anonymous_2)
FNDA:6,(anonymous_3)
FNDA:27,(anonymous_4)
DA:17,9
DA:24,66
DA:25,66
DA:26,66
DA:27,66
DA:29,66
DA:30,66
DA:32,66
DA:33,14
DA:35,12
DA:36,12
DA:39,12
DA:40,11
DA:44,66
DA:45,13
DA:47,10
DA:48,10
DA:49,10
DA:52,10
DA:53,10
DA:55,10
DA:58,10
DA:59,10
DA:63,66
DA:64,6
DA:66,5
DA:68,5
DA:69,4
DA:71,4
DA:72,4
DA:74,1
DA:76,2
DA:80,3
DA:84,66
DA:85,27
DA:86,23
DA:87,23
DA:91,66
DA:92,66
LF:39
LH:39
BRDA:20,0,0,64
BRDA:22,1,0,20
BRDA:33,2,0,2
BRDA:33,2,1,12
BRDA:33,3,0,14
BRDA:33,3,1,12
BRDA:39,4,0,11
BRDA:39,4,1,1
BRDA:39,5,0,12
BRDA:39,5,1,12
BRDA:45,6,0,3
BRDA:45,6,1,10
BRDA:45,7,0,13
BRDA:45,7,1,10
BRDA:45,7,2,10
BRDA:58,8,0,10
BRDA:58,8,1,0
BRDA:64,9,0,1
BRDA:64,9,1,5
BRDA:64,10,0,6
BRDA:64,10,1,5
BRDA:68,11,0,4
BRDA:68,11,1,1
BRDA:68,12,0,5
BRDA:68,12,1,4
BRDA:85,13,0,23
BRDA:85,13,1,4
BRDA:92,14,0,66
BRDA:92,14,1,34
BRDA:102,15,0,32
BRDA:102,15,1,34
BRDA:103,16,0,32
BRDA:103,16,1,34
BRDA:107,17,0,66
BRDA:121,18,0,36
BRDA:121,18,1,4
BRDA:125,19,0,10
BRDA:125,19,1,26
BRDA:132,20,0,4
BRDA:132,20,1,32
BRDA:134,21,0,6
BRDA:134,21,1,26
BRDA:144,22,0,66
BRDA:144,22,1,36
BRF:44
BRH:43
end_of_record
TN:
SF:src\components\mobile\TouchFeedback.tsx
FN:18,(anonymous_0)
FN:32,(anonymous_1)
FN:43,(anonymous_2)
FN:64,(anonymous_3)
FN:67,(anonymous_4)
FN:68,(anonymous_5)
FN:68,(anonymous_6)
FN:73,(anonymous_7)
FN:79,(anonymous_8)
FN:84,(anonymous_9)
FN:90,(anonymous_10)
FN:120,(anonymous_11)
FNF:12
FNH:12
FNDA:1351,(anonymous_0)
FNDA:13,(anonymous_1)
FNDA:14,(anonymous_2)
FNDA:3,(anonymous_3)
FNDA:1,(anonymous_4)
FNDA:1,(anonymous_5)
FNDA:1,(anonymous_6)
FNDA:3,(anonymous_7)
FNDA:19,(anonymous_8)
FNDA:13,(anonymous_9)
FNDA:2,(anonymous_10)
FNDA:3,(anonymous_11)
DA:18,22
DA:27,1351
DA:28,1351
DA:29,1351
DA:32,1351
DA:33,13
DA:34,12
DA:39,12
DA:43,1351
DA:44,14
DA:46,13
DA:47,13
DA:49,13
DA:50,13
DA:53,13
DA:54,3
DA:55,3
DA:56,3
DA:58,3
DA:64,3
DA:67,3
DA:68,1
DA:73,1351
DA:74,3
DA:75,3
DA:76,3
DA:79,1351
DA:80,19
DA:81,17
DA:84,1351
DA:85,13
DA:86,11
DA:87,11
DA:90,1351
DA:91,2
DA:92,2
DA:121,3
LF:37
LH:37
BRDA:21,0,0,1346
BRDA:22,1,0,1025
BRDA:23,2,0,1141
BRDA:24,3,0,1343
BRDA:33,4,0,12
BRDA:33,4,1,1
BRDA:33,5,0,13
BRDA:33,5,1,12
BRDA:44,6,0,1
BRDA:44,6,1,13
BRDA:53,7,0,3
BRDA:53,7,1,10
BRDA:53,8,0,13
BRDA:53,8,1,3
BRDA:74,9,0,0
BRDA:74,9,1,3
BRDA:80,10,0,2
BRDA:80,10,1,17
BRDA:85,11,0,2
BRDA:85,11,1,11
BRDA:91,12,0,0
BRDA:91,12,1,2
BRDA:101,13,0,1351
BRDA:101,13,1,208
BRDA:101,13,2,13
BRDA:102,14,0,1351
BRDA:102,14,1,5
BRDA:118,15,0,1351
BRDA:137,16,0,1351
BRF:29
BRH:27
end_of_record
TN:
SF:src\components\notifications\NotificationBell.tsx
FN:16,(anonymous_0)
FN:38,(anonymous_1)
FN:58,(anonymous_2)
FN:67,(anonymous_3)
FN:68,(anonymous_4)
FN:78,(anonymous_5)
FN:83,(anonymous_6)
FN:84,(anonymous_7)
FN:90,(anonymous_8)
FN:105,(anonymous_9)
FN:114,(anonymous_10)
FN:126,(anonymous_11)
FN:221,(anonymous_12)
FN:231,(anonymous_13)
FN:232,(anonymous_14)
FN:268,(anonymous_15)
FN:314,(anonymous_17)
FNF:17
FNH:12
FNDA:3,(anonymous_0)
FNDA:42,(anonymous_1)
FNDA:32,(anonymous_2)
FNDA:42,(anonymous_3)
FNDA:1,(anonymous_4)
FNDA:42,(anonymous_5)
FNDA:9,(anonymous_6)
FNDA:9,(anonymous_7)
FNDA:1,(anonymous_8)
FNDA:0,(anonymous_9)
FNDA:0,(anonymous_10)
FNDA:3,(anonymous_11)
FNDA:3,(anonymous_12)
FNDA:1,(anonymous_13)
FNDA:0,(anonymous_14)
FNDA:0,(anonymous_15)
FNDA:0,(anonymous_17)
DA:16,5
DA:17,3
DA:35,3
DA:38,5
DA:39,42
DA:40,42
DA:41,42
DA:43,42
DA:46,42
DA:51,42
DA:52,42
DA:53,42
DA:55,42
DA:58,42
DA:59,32
DA:61,0
DA:63,32
DA:67,42
DA:68,42
DA:69,1
DA:70,1
DA:74,42
DA:75,9
DA:78,42
DA:79,42
DA:83,42
DA:84,9
DA:86,9
DA:90,42
DA:91,1
DA:92,0
DA:93,0
DA:94,0
DA:100,1
DA:101,0
DA:105,42
DA:106,0
DA:107,0
DA:108,0
DA:114,42
DA:115,0
DA:116,0
DA:117,0
DA:118,0
DA:119,0
DA:126,42
DA:127,3
DA:129,0
DA:135,0
DA:141,3
DA:147,0
DA:153,0
DA:222,3
DA:223,3
DA:225,3
DA:231,1
DA:232,0
DA:268,0
DA:314,0
LF:59
LH:39
BRDA:35,0,0,3
BRDA:35,0,1,3
BRDA:43,1,0,0
BRDA:55,2,0,42
BRDA:55,2,1,0
BRDA:59,3,0,0
BRDA:59,3,1,32
BRDA:59,4,0,32
BRDA:59,4,1,21
BRDA:69,5,0,1
BRDA:69,5,1,0
BRDA:69,6,0,1
BRDA:69,6,1,1
BRDA:74,7,0,9
BRDA:74,7,1,33
BRDA:91,8,0,0
BRDA:91,8,1,1
BRDA:100,9,0,0
BRDA:100,9,1,1
BRDA:127,10,0,0
BRDA:127,10,1,0
BRDA:127,10,2,3
BRDA:127,10,3,0
BRDA:127,10,4,0
BRDA:167,11,0,21
BRDA:167,11,1,21
BRDA:171,12,0,21
BRDA:171,12,1,21
BRDA:174,13,0,21
BRDA:180,14,0,42
BRDA:182,15,0,1
BRDA:182,15,1,20
BRDA:188,16,0,42
BRDA:195,17,0,9
BRDA:201,18,0,9
BRDA:201,18,1,3
BRDA:214,19,0,6
BRDA:229,20,0,0
BRDA:229,20,1,3
BRDA:232,21,0,0
BRDA:232,21,1,0
BRDA:238,22,0,0
BRDA:263,23,0,9
BRDA:302,24,0,0
BRDA:302,24,1,3
BRDA:305,25,0,3
BRF:46
BRH:31
end_of_record
TN:
SF:src\components\providers\theme-provider.tsx
FN:10,ThemeProvider
FN:17,(anonymous_1)
FN:20,(anonymous_2)
FN:39,(anonymous_3)
FNF:4
FNH:4
FNDA:15,ThemeProvider
FNDA:11,(anonymous_1)
FNDA:15,(anonymous_2)
FNDA:4,(anonymous_3)
DA:16,15
DA:17,11
DA:20,15
DA:21,15
DA:23,15
DA:25,15
DA:26,5
DA:30,5
DA:31,5
DA:34,10
DA:37,15
DA:40,4
DA:41,4
LF:13
LH:13
BRDA:12,0,0,4
BRDA:13,1,0,14
BRDA:17,2,0,11
BRDA:17,2,1,10
BRDA:25,3,0,5
BRDA:25,3,1,10
BRDA:26,4,0,1
BRDA:26,4,1,4
BRF:8
BRH:8
end_of_record
TN:
SF:src\components\providers\theme-provider.utils.ts
FN:5,(anonymous_0)
FN:9,(anonymous_1)
FNF:2
FNH:2
FNDA:1,(anonymous_0)
FNDA:11,(anonymous_1)
DA:5,9
DA:7,9
DA:9,9
DA:10,11
DA:11,11
DA:12,0
DA:14,11
LF:7
LH:6
BRDA:11,0,0,0
BRDA:11,0,1,11
BRF:2
BRH:1
end_of_record
TN:
SF:src\components\transportistas\AccionesRapidas.tsx
FN:13,(anonymous_0)
FN:20,(anonymous_1)
FN:27,(anonymous_2)
FN:34,(anonymous_3)
FN:44,(anonymous_4)
FN:51,(anonymous_5)
FN:63,(anonymous_6)
FNF:7
FNH:7
FNDA:27,(anonymous_0)
FNDA:2,(anonymous_1)
FNDA:1,(anonymous_2)
FNDA:1,(anonymous_3)
FNDA:1,(anonymous_4)
FNDA:1,(anonymous_5)
FNDA:81,(anonymous_6)
DA:13,9
DA:14,27
DA:20,2
DA:27,1
DA:34,1
DA:38,27
DA:44,1
DA:51,1
DA:64,81
LF:9
LH:9
BRF:0
BRH:0
end_of_record
TN:
SF:src\components\transportistas\AlertasUrgentes.tsx
FN:30,(anonymous_0)
FN:34,(anonymous_1)
FN:45,(anonymous_2)
FN:74,(anonymous_3)
FN:101,(anonymous_4)
FN:137,(anonymous_5)
FN:193,(anonymous_6)
FN:203,(anonymous_7)
FN:221,(anonymous_8)
FNF:9
FNH:9
FNDA:35,(anonymous_0)
FNDA:48,(anonymous_1)
FNDA:62,(anonymous_2)
FNDA:2,(anonymous_3)
FNDA:2,(anonymous_4)
FNDA:62,(anonymous_5)
FNDA:1,(anonymous_6)
FNDA:1,(anonymous_7)
FNDA:1,(anonymous_8)
DA:30,9
DA:31,35
DA:34,35
DA:35,48
DA:36,48
DA:37,24
DA:39,24
DA:43,35
DA:45,35
DA:46,62
DA:48,28
DA:56,23
DA:64,11
DA:74,35
DA:75,2
DA:79,35
DA:101,2
DA:138,62
DA:140,62
DA:193,1
DA:203,1
DA:221,1
LF:22
LH:22
BRDA:34,0,0,35
BRDA:34,0,1,6
BRDA:36,1,0,24
BRDA:36,1,1,24
BRDA:43,2,0,2
BRDA:43,2,1,33
BRDA:46,3,0,28
BRDA:46,3,1,23
BRDA:46,3,2,11
BRDA:79,4,0,9
BRDA:79,4,1,26
BRDA:79,5,0,35
BRDA:79,5,1,29
BRDA:114,6,0,16
BRDA:114,6,1,10
BRDA:114,7,0,10
BRDA:114,7,1,16
BRDA:127,8,0,2
BRDA:156,9,0,2
BRDA:179,10,0,2
BRDA:179,10,1,60
BRDA:219,11,0,26
BRDA:226,12,0,2
BRDA:226,12,1,4
BRF:24
BRH:24
end_of_record
TN:
SF:src\components\transportistas\AvatarUpload.tsx
FN:22,(anonymous_0)
FN:31,(anonymous_1)
FN:62,(anonymous_2)
FN:80,(anonymous_3)
FN:119,(anonymous_4)
FN:194,(anonymous_5)
FNF:6
FNH:5
FNDA:26,(anonymous_0)
FNDA:0,(anonymous_1)
FNDA:1,(anonymous_2)
FNDA:10,(anonymous_3)
FNDA:10,(anonymous_4)
FNDA:1,(anonymous_5)
DA:22,7
DA:27,26
DA:28,26
DA:29,26
DA:31,26
DA:32,0
DA:33,0
DA:34,0
DA:35,0
DA:38,0
DA:39,0
DA:40,0
DA:41,0
DA:42,0
DA:46,0
DA:53,0
DA:54,0
DA:55,0
DA:57,0
DA:58,0
DA:62,26
DA:63,1
DA:64,1
DA:71,1
DA:72,1
DA:73,1
DA:75,0
DA:76,0
DA:80,26
DA:81,10
DA:83,1
DA:85,1
DA:87,1
DA:89,7
DA:119,10
DA:194,1
LF:36
LH:19
BRDA:25,0,0,25
BRDA:33,1,0,0
BRDA:33,1,1,0
BRDA:38,2,0,0
BRDA:38,2,1,0
BRDA:40,3,0,0
BRDA:40,3,1,0
BRDA:58,4,0,0
BRDA:58,4,1,0
BRDA:76,5,0,0
BRDA:76,5,1,0
BRDA:81,6,0,1
BRDA:81,6,1,1
BRDA:81,6,2,1
BRDA:81,6,3,7
BRDA:99,7,0,1
BRDA:110,8,0,26
BRDA:133,9,0,26
BRDA:146,10,0,10
BRDA:146,10,1,10
BRDA:157,11,0,10
BRDA:184,12,0,10
BRF:22
BRH:12
end_of_record
TN:
SF:src\components\transportistas\CalendarFilters.tsx
FN:34,(anonymous_0)
FN:58,(anonymous_1)
FN:61,(anonymous_2)
FN:104,(anonymous_3)
FN:107,(anonymous_4)
FN:108,(anonymous_5)
FN:163,(anonymous_6)
FN:172,(anonymous_7)
FN:198,(anonymous_8)
FN:209,(anonymous_9)
FN:227,(anonymous_10)
FN:236,(anonymous_11)
FN:239,(anonymous_12)
FN:240,(anonymous_13)
FN:275,(anonymous_14)
FN:284,(anonymous_15)
FN:287,(anonymous_16)
FN:288,(anonymous_17)
FN:324,(anonymous_18)
FN:333,(anonymous_19)
FN:336,(anonymous_20)
FN:337,(anonymous_21)
FN:379,(anonymous_22)
FN:388,(anonymous_23)
FN:391,(anonymous_24)
FN:392,(anonymous_25)
FNF:26
FNH:16
FNDA:37,(anonymous_0)
FNDA:1,(anonymous_1)
FNDA:1,(anonymous_2)
FNDA:0,(anonymous_3)
FNDA:14,(anonymous_4)
FNDA:0,(anonymous_5)
FNDA:1,(anonymous_6)
FNDA:108,(anonymous_7)
FNDA:1,(anonymous_8)
FNDA:1,(anonymous_9)
FNDA:0,(anonymous_10)
FNDA:108,(anonymous_11)
FNDA:1,(anonymous_12)
FNDA:0,(anonymous_13)
FNDA:0,(anonymous_14)
FNDA:108,(anonymous_15)
FNDA:2,(anonymous_16)
FNDA:0,(anonymous_17)
FNDA:0,(anonymous_18)
FNDA:70,(anonymous_19)
FNDA:1,(anonymous_20)
FNDA:0,(anonymous_21)
FNDA:0,(anonymous_22)
FNDA:70,(anonymous_23)
FNDA:1,(anonymous_24)
FNDA:0,(anonymous_25)
DA:34,10
DA:42,37
DA:44,37
DA:55,36
DA:58,36
DA:59,1
DA:61,1
DA:62,1
DA:67,36
DA:91,36
DA:97,36
DA:104,0
DA:107,14
DA:108,0
DA:163,1
DA:173,108
DA:198,1
DA:209,1
DA:227,0
DA:237,108
DA:239,1
DA:240,0
DA:275,0
DA:285,108
DA:287,2
DA:288,0
DA:324,0
DA:334,70
DA:336,1
DA:337,0
DA:379,0
DA:389,70
DA:391,1
DA:392,0
LF:34
LH:24
BRDA:44,0,0,1
BRDA:44,0,1,36
BRDA:104,1,0,0
BRDA:104,1,1,0
BRDA:117,2,0,36
BRDA:119,3,0,1
BRDA:119,3,1,3
BRDA:119,4,0,1
BRDA:119,4,1,3
BRDA:126,5,0,36
BRDA:222,6,0,36
BRDA:240,7,0,0
BRDA:240,7,1,0
BRDA:244,8,0,2
BRDA:244,8,1,106
BRDA:252,9,0,108
BRDA:270,10,0,36
BRDA:288,11,0,0
BRDA:288,11,1,0
BRDA:292,12,0,0
BRDA:292,12,1,108
BRDA:300,13,0,108
BRDA:312,14,0,36
BRDA:319,15,0,35
BRDA:337,16,0,0
BRDA:337,16,1,0
BRDA:341,17,0,0
BRDA:341,17,1,70
BRDA:351,18,0,70
BRDA:351,18,1,0
BRDA:354,19,0,70
BRDA:367,20,0,36
BRDA:374,21,0,35
BRDA:392,22,0,0
BRDA:392,22,1,0
BRDA:396,23,0,0
BRDA:396,23,1,70
BRDA:406,24,0,70
BRDA:406,24,1,0
BRDA:409,25,0,70
BRF:40
BRH:25
end_of_record
TN:
SF:src\components\transportistas\CalendarView.tsx
FN:38,(anonymous_0)
FN:48,(anonymous_1)
FN:48,(anonymous_2)
FN:49,(anonymous_3)
FN:49,(anonymous_4)
FN:50,(anonymous_5)
FN:62,(anonymous_6)
FN:64,(anonymous_7)
FN:75,(anonymous_8)
FN:81,(anonymous_9)
FN:86,(anonymous_10)
FN:87,(anonymous_11)
FN:92,(anonymous_12)
FN:130,(anonymous_13)
FN:136,(anonymous_14)
FN:193,(anonymous_15)
FN:204,(anonymous_16)
FN:207,(anonymous_17)
FN:233,(anonymous_18)
FN:236,(anonymous_19)
FN:237,(anonymous_20)
FNF:21
FNH:17
FNDA:16,(anonymous_0)
FNDA:1,(anonymous_1)
FNDA:1,(anonymous_2)
FNDA:0,(anonymous_3)
FNDA:0,(anonymous_4)
FNDA:1,(anonymous_5)
FNDA:14,(anonymous_6)
FNDA:15,(anonymous_7)
FNDA:1379,(anonymous_8)
FNDA:454,(anonymous_9)
FNDA:7,(anonymous_10)
FNDA:1,(anonymous_11)
FNDA:454,(anonymous_12)
FNDA:454,(anonymous_13)
FNDA:15,(anonymous_14)
FNDA:112,(anonymous_15)
FNDA:454,(anonymous_16)
FNDA:0,(anonymous_17)
FNDA:10,(anonymous_18)
FNDA:1,(anonymous_19)
FNDA:0,(anonymous_20)
DA:38,10
DA:45,16
DA:48,16
DA:49,16
DA:50,16
DA:51,1
DA:52,1
DA:53,1
DA:57,16
DA:58,16
DA:59,16
DA:62,16
DA:63,14
DA:64,14
DA:65,15
DA:66,15
DA:67,7
DA:69,15
DA:71,14
DA:75,16
DA:76,1379
DA:77,1379
DA:81,16
DA:82,454
DA:83,454
DA:86,7
DA:87,1
DA:88,0
DA:92,16
DA:93,454
DA:94,454
DA:95,454
DA:96,454
DA:97,454
DA:99,454
DA:104,454
DA:105,0
DA:106,454
DA:107,11
DA:108,443
DA:109,6
DA:110,437
DA:111,2
DA:113,1
DA:114,1
DA:116,1
DA:117,1
DA:119,0
DA:120,0
DA:123,435
DA:126,454
DA:130,16
DA:131,454
DA:132,454
DA:137,15
DA:194,112
DA:205,454
DA:207,0
DA:234,10
DA:236,1
DA:237,0
LF:61
LH:55
BRDA:43,0,0,15
BRDA:45,1,0,16
BRDA:45,1,1,3
BRDA:66,2,0,7
BRDA:66,2,1,8
BRDA:77,3,0,1379
BRDA:77,3,1,1350
BRDA:83,4,0,447
BRDA:83,4,1,7
BRDA:86,5,0,6
BRDA:86,5,1,1
BRDA:87,6,0,1
BRDA:87,6,1,0
BRDA:95,7,0,454
BRDA:95,7,1,370
BRDA:104,8,0,0
BRDA:104,8,1,454
BRDA:106,9,0,11
BRDA:106,9,1,443
BRDA:108,10,0,6
BRDA:108,10,1,437
BRDA:110,11,0,2
BRDA:110,11,1,435
BRDA:111,12,0,1
BRDA:111,12,1,1
BRDA:111,12,2,0
BRDA:132,13,0,447
BRDA:132,13,1,7
BRDA:140,14,0,5
BRDA:140,14,1,10
BRDA:141,15,0,6
BRDA:141,15,1,4
BRDA:146,16,0,7
BRDA:220,17,0,16
BRDA:230,18,0,9
BRDA:237,19,0,0
BRDA:237,19,1,0
BRDA:244,20,0,10
BRDA:247,21,0,10
BRDA:250,22,0,10
BRDA:264,23,0,7
BRDA:264,23,1,3
BRDA:265,24,0,0
BRDA:265,24,1,3
BRF:44
BRH:38
end_of_record
TN:
SF:src\components\transportistas\CalendarioInteligente.tsx
FN:24,(anonymous_0)
FN:40,(anonymous_1)
FN:48,(anonymous_2)
FN:56,(anonymous_3)
FN:63,(anonymous_4)
FN:70,(anonymous_5)
FN:77,(anonymous_6)
FN:84,(anonymous_7)
FN:94,(anonymous_8)
FN:104,(anonymous_9)
FN:108,(anonymous_10)
FN:116,(anonymous_11)
FN:123,(anonymous_12)
FN:127,(anonymous_13)
FN:131,(anonymous_14)
FN:139,(anonymous_15)
FN:145,(anonymous_16)
FN:148,(anonymous_17)
FN:149,(anonymous_18)
FN:150,(anonymous_19)
FN:151,(anonymous_20)
FN:199,(anonymous_21)
FN:211,(anonymous_22)
FN:228,(anonymous_23)
FN:302,(anonymous_24)
FN:303,(anonymous_25)
FN:306,(anonymous_26)
FN:307,(anonymous_27)
FN:366,(anonymous_28)
FNF:29
FNH:25
FNDA:27,(anonymous_0)
FNDA:21,(anonymous_1)
FNDA:2,(anonymous_2)
FNDA:2,(anonymous_3)
FNDA:2,(anonymous_4)
FNDA:2,(anonymous_5)
FNDA:2,(anonymous_6)
FNDA:2,(anonymous_7)
FNDA:2,(anonymous_8)
FNDA:21,(anonymous_9)
FNDA:36,(anonymous_10)
FNDA:36,(anonymous_11)
FNDA:21,(anonymous_12)
FNDA:36,(anonymous_13)
FNDA:36,(anonymous_14)
FNDA:2,(anonymous_15)
FNDA:21,(anonymous_16)
FNDA:32,(anonymous_17)
FNDA:32,(anonymous_18)
FNDA:32,(anonymous_19)
FNDA:32,(anonymous_20)
FNDA:0,(anonymous_21)
FNDA:6,(anonymous_22)
FNDA:0,(anonymous_23)
FNDA:4,(anonymous_24)
FNDA:8,(anonymous_25)
FNDA:1,(anonymous_26)
FNDA:0,(anonymous_27)
FNDA:0,(anonymous_28)
DA:24,9
DA:25,27
DA:26,27
DA:29,27
DA:30,27
DA:37,27
DA:40,27
DA:41,21
DA:43,20
DA:46,20
DA:47,1
DA:48,1
DA:49,2
DA:55,20
DA:56,1
DA:57,2
DA:62,20
DA:63,1
DA:64,2
DA:69,20
DA:70,1
DA:71,2
DA:76,20
DA:77,1
DA:78,2
DA:83,20
DA:84,1
DA:85,2
DA:86,2
DA:87,2
DA:88,2
DA:93,20
DA:94,1
DA:95,2
DA:100,20
DA:104,27
DA:105,21
DA:107,20
DA:108,20
DA:109,36
DA:110,36
DA:116,36
DA:123,27
DA:124,21
DA:126,20
DA:127,20
DA:128,36
DA:131,36
DA:139,27
DA:141,2
DA:145,27
DA:146,21
DA:148,32
DA:149,32
DA:150,32
DA:151,21
DA:152,32
DA:155,21
DA:158,27
DA:199,0
DA:211,6
DA:228,0
DA:302,4
DA:304,8
DA:306,1
DA:307,0
DA:366,0
LF:67
LH:63
BRDA:41,0,0,1
BRDA:41,0,1,20
BRDA:46,1,0,1
BRDA:46,1,1,19
BRDA:49,2,0,2
BRDA:49,2,1,1
BRDA:55,3,0,1
BRDA:55,3,1,19
BRDA:62,4,0,1
BRDA:62,4,1,19
BRDA:69,5,0,1
BRDA:69,5,1,19
BRDA:76,6,0,1
BRDA:76,6,1,19
BRDA:83,7,0,1
BRDA:83,7,1,19
BRDA:83,8,0,20
BRDA:83,8,1,19
BRDA:86,9,0,0
BRDA:86,9,1,2
BRDA:86,10,0,2
BRDA:86,10,1,2
BRDA:87,11,0,0
BRDA:87,11,1,2
BRDA:87,12,0,2
BRDA:87,12,1,2
BRDA:93,13,0,1
BRDA:93,13,1,19
BRDA:95,14,0,2
BRDA:95,14,1,1
BRDA:95,14,2,1
BRDA:105,15,0,1
BRDA:105,15,1,20
BRDA:112,16,0,36
BRDA:112,16,1,36
BRDA:124,17,0,1
BRDA:124,17,1,20
BRDA:128,18,0,36
BRDA:128,18,1,36
BRDA:146,19,0,0
BRDA:146,19,1,21
BRDA:152,20,0,32
BRDA:152,20,1,17
BRDA:152,20,2,17
BRDA:158,21,0,0
BRDA:158,21,1,27
BRDA:185,22,0,27
BRDA:187,23,0,23
BRDA:187,23,1,4
BRDA:188,24,0,27
BRDA:188,24,1,3
BRDA:201,25,0,21
BRDA:201,25,1,6
BRDA:213,26,0,6
BRDA:213,26,1,21
BRDA:226,27,0,3
BRDA:226,27,1,24
BRDA:233,28,0,27
BRDA:247,29,0,27
BRDA:271,30,0,0
BRDA:279,31,0,21
BRDA:289,32,0,2
BRDA:293,33,0,1
BRDA:293,33,1,1
BRDA:307,34,0,0
BRDA:307,34,1,0
BRDA:319,35,0,4
BRDA:319,35,1,4
BRDA:320,36,0,4
BRDA:320,36,1,0
BRDA:338,37,0,8
BRDA:338,37,1,0
BRDA:339,38,0,0
BRDA:339,38,1,0
BRDA:347,39,0,4
BRDA:347,39,1,4
BRDA:349,40,0,0
BRDA:349,40,1,4
BRF:78
BRH:66
end_of_record
TN:
SF:src\components\transportistas\DashboardCumplimiento.tsx
FN:18,(anonymous_0)
FN:23,(anonymous_1)
FN:81,(anonymous_2)
FN:112,(anonymous_3)
FN:125,(anonymous_4)
FNF:5
FNH:1
FNDA:4,(anonymous_0)
FNDA:0,(anonymous_1)
FNDA:0,(anonymous_2)
FNDA:0,(anonymous_3)
FNDA:0,(anonymous_4)
DA:18,7
DA:21,4
DA:23,4
DA:24,0
DA:27,4
DA:28,0
DA:81,7
DA:113,0
DA:126,0
LF:9
LH:5
BRDA:27,0,0,0
BRDA:27,0,1,4
BRF:2
BRH:1
end_of_record
TN:
SF:src\components\transportistas\EquiposResumen.tsx
FN:34,(anonymous_0)
FN:72,(anonymous_1)
FN:92,(anonymous_2)
FN:95,(anonymous_3)
FN:154,(anonymous_4)
FNF:5
FNH:5
FNDA:42,(anonymous_0)
FNDA:4,(anonymous_1)
FNDA:126,(anonymous_2)
FNDA:3,(anonymous_3)
FNDA:1,(anonymous_4)
DA:34,10
DA:40,42
DA:42,42
DA:72,42
DA:74,4
DA:93,126
DA:95,3
DA:154,1
LF:8
LH:8
BRDA:36,0,0,6
BRDA:37,1,0,6
BRDA:38,2,0,6
BRDA:39,3,0,5
BRDA:40,4,0,42
BRDA:40,4,1,5
BRDA:128,5,0,126
BRDA:142,6,0,102
BRDA:142,6,1,0
BRDA:152,7,0,42
BRDA:165,8,0,31
BRDA:165,8,1,1
BRDA:165,9,0,31
BRDA:165,9,1,1
BRF:14
BRH:13
end_of_record
TN:
SF:src\components\transportistas\EstadoGeneral.tsx
FN:20,(anonymous_0)
FN:32,(anonymous_1)
FN:69,(anonymous_2)
FNF:3
FNH:3
FNDA:25,(anonymous_0)
FNDA:25,(anonymous_1)
FNDA:4,(anonymous_2)
DA:20,8
DA:21,25
DA:29,25
DA:32,25
DA:33,25
DA:34,23
DA:35,8
DA:38,25
DA:40,25
DA:61,25
DA:63,25
DA:64,25
DA:65,25
DA:69,4
LF:14
LH:14
BRDA:24,0,0,5
BRDA:25,1,0,5
BRDA:26,2,0,6
BRDA:27,3,0,6
BRDA:28,4,0,6
BRDA:29,5,0,25
BRDA:29,5,1,5
BRDA:33,6,0,2
BRDA:33,6,1,23
BRDA:34,7,0,15
BRDA:34,7,1,8
BRDA:77,8,0,4
BRDA:77,8,1,21
BRDA:112,9,0,2
BRDA:112,9,1,23
BRDA:112,10,0,15
BRDA:112,10,1,8
BRDA:113,11,0,2
BRDA:113,11,1,23
BRDA:113,12,0,15
BRDA:113,12,1,8
BRDA:132,13,0,25
BRDA:132,13,1,2
BRDA:133,14,0,25
BRDA:133,14,1,15
BRDA:134,15,0,25
BRDA:134,15,1,8
BRDA:144,16,0,4
BRDA:144,16,1,21
BRDA:147,17,0,4
BRDA:156,18,0,25
BRF:31
BRH:31
end_of_record
TN:
SF:src\components\transportistas\NotificationSettings.tsx
FN:31,(anonymous_0)
FN:47,(anonymous_1)
FN:49,(anonymous_2)
FN:57,(anonymous_3)
FN:61,(anonymous_4)
FN:62,(anonymous_5)
FN:68,(anonymous_6)
FN:78,(anonymous_7)
FN:87,(anonymous_8)
FN:202,(anonymous_11)
FN:210,(anonymous_12)
FN:219,(anonymous_13)
FN:228,(anonymous_14)
FN:241,(anonymous_15)
FN:255,(anonymous_16)
FNF:15
FNH:11
FNDA:66,(anonymous_0)
FNDA:31,(anonymous_1)
FNDA:31,(anonymous_2)
FNDA:31,(anonymous_3)
FNDA:2,(anonymous_4)
FNDA:2,(anonymous_5)
FNDA:5,(anonymous_6)
FNDA:3,(anonymous_7)
FNDA:2,(anonymous_8)
FNDA:1,(anonymous_11)
FNDA:0,(anonymous_12)
FNDA:1,(anonymous_13)
FNDA:0,(anonymous_14)
FNDA:0,(anonymous_15)
FNDA:0,(anonymous_16)
DA:31,8
DA:32,66
DA:34,66
DA:44,66
DA:47,66
DA:48,31
DA:49,31
DA:57,66
DA:58,31
DA:61,66
DA:62,2
DA:68,66
DA:69,5
DA:70,5
DA:71,4
DA:72,4
DA:74,1
DA:78,66
DA:79,3
DA:80,0
DA:81,0
DA:84,3
DA:85,3
DA:86,3
DA:87,2
DA:88,2
DA:90,1
DA:93,0
DA:202,1
DA:210,0
DA:219,1
DA:228,0
DA:241,0
LF:33
LH:27
BRDA:48,0,0,31
BRDA:48,0,1,0
BRDA:58,1,0,31
BRDA:58,1,1,8
BRDA:74,2,0,1
BRDA:74,2,1,0
BRDA:79,3,0,0
BRDA:79,3,1,3
BRDA:86,4,0,2
BRDA:86,4,1,1
BRDA:108,5,0,330
BRDA:108,5,1,66
BRDA:109,6,0,54
BRDA:109,6,1,342
BRDA:115,7,0,330
BRDA:115,7,1,66
BRDA:132,8,0,330
BRDA:132,8,1,66
BRDA:133,9,0,131
BRDA:133,9,1,199
BRDA:135,10,0,66
BRDA:135,10,1,133
BRDA:140,11,0,54
BRDA:140,11,1,342
BRDA:146,12,0,330
BRDA:146,12,1,66
BRDA:147,13,0,131
BRDA:147,13,1,199
BRDA:149,14,0,66
BRDA:149,14,1,133
BRDA:157,15,0,330
BRDA:157,15,1,66
BRDA:158,16,0,131
BRDA:158,16,1,199
BRDA:160,17,0,66
BRDA:160,17,1,133
BRDA:250,18,0,12
BRDA:250,18,1,54
BRDA:255,19,0,12
BRDA:255,19,1,54
BRDA:259,20,0,66
BRDA:259,20,1,64
BRDA:285,21,0,66
BRDA:285,21,1,0
BRDA:286,22,0,66
BRDA:286,22,1,0
BRDA:291,23,0,2
BRDA:291,23,1,64
BRDA:292,24,0,2
BRDA:292,24,1,64
BRDA:299,25,0,65
BRDA:299,25,1,1
BRDA:300,26,0,65
BRDA:300,26,1,1
BRDA:305,27,0,66
BRDA:305,27,1,0
BRDA:306,28,0,66
BRDA:306,28,1,0
BRDA:321,29,0,4
BRF:59
BRH:52
end_of_record
TN:
SF:src\components\transportistas\PerfilMobile.tsx
FN:26,(anonymous_0)
FN:40,(anonymous_1)
FN:60,(anonymous_2)
FN:61,(anonymous_3)
FN:65,(anonymous_4)
FN:75,(anonymous_5)
FN:84,(anonymous_6)
FN:97,(anonymous_8)
FN:98,(anonymous_9)
FN:220,(anonymous_10)
FN:233,(anonymous_11)
FN:249,(anonymous_12)
FN:263,(anonymous_13)
FNF:13
FNH:12
FNDA:65,(anonymous_0)
FNDA:20,(anonymous_1)
FNDA:9,(anonymous_2)
FNDA:9,(anonymous_3)
FNDA:4,(anonymous_4)
FNDA:3,(anonymous_5)
FNDA:16,(anonymous_6)
FNDA:14,(anonymous_8)
FNDA:0,(anonymous_9)
FNDA:6,(anonymous_10)
FNDA:1,(anonymous_11)
FNDA:1,(anonymous_12)
FNDA:1,(anonymous_13)
DA:26,8
DA:27,65
DA:28,65
DA:31,65
DA:38,65
DA:40,65
DA:41,20
DA:42,20
DA:48,20
DA:52,20
DA:56,20
DA:60,65
DA:61,9
DA:62,9
DA:65,65
DA:66,4
DA:67,4
DA:68,2
DA:69,2
DA:71,2
DA:75,65
DA:76,3
DA:77,3
DA:78,2
DA:80,1
DA:84,65
DA:85,16
DA:86,16
DA:97,14
DA:98,0
DA:128,65
DA:220,6
DA:233,1
DA:249,1
DA:263,1
LF:35
LH:34
BRDA:32,0,0,65
BRDA:32,0,1,0
BRDA:33,1,0,65
BRDA:33,1,1,0
BRDA:34,2,0,65
BRDA:34,2,1,0
BRDA:35,3,0,65
BRDA:35,3,1,0
BRDA:41,4,0,20
BRDA:41,4,1,0
BRDA:43,5,0,20
BRDA:43,5,1,0
BRDA:44,6,0,20
BRDA:44,6,1,0
BRDA:45,7,0,20
BRDA:45,7,1,0
BRDA:46,8,0,20
BRDA:46,8,1,0
BRDA:52,9,0,20
BRDA:52,9,1,20
BRDA:52,9,2,20
BRDA:52,9,3,20
BRDA:52,10,0,20
BRDA:52,10,1,0
BRDA:53,11,0,20
BRDA:53,11,1,0
BRDA:54,12,0,20
BRDA:54,12,1,0
BRDA:55,13,0,20
BRDA:55,13,1,0
BRDA:71,14,0,2
BRDA:71,14,1,1
BRDA:80,15,0,1
BRDA:80,15,1,0
BRDA:97,16,0,1
BRDA:97,16,1,13
BRDA:98,17,0,0
BRDA:98,17,1,0
BRDA:98,18,0,0
BRDA:98,18,1,0
BRDA:117,19,0,24
BRDA:128,20,0,0
BRDA:128,20,1,65
BRDA:157,21,0,65
BRDA:157,21,1,0
BRDA:157,22,0,65
BRDA:157,22,1,65
BRDA:165,23,0,63
BRDA:165,23,1,2
BRDA:203,24,0,65
BRDA:285,25,0,23
BRDA:285,25,1,0
BRDA:288,26,0,23
BRDA:301,27,0,23
BRDA:309,28,0,0
BRDA:327,29,0,65
BRDA:333,30,0,65
BRF:57
BRH:35
end_of_record
TN:
SF:src\components\transportistas\PreferenciasApp.tsx
FN:30,(anonymous_0)
FN:45,(anonymous_1)
FN:47,(anonymous_2)
FN:55,(anonymous_3)
FN:56,(anonymous_4)
FN:71,(anonymous_5)
FN:72,(anonymous_6)
FN:78,(anonymous_7)
FN:79,(anonymous_8)
FN:85,(anonymous_9)
FN:102,(anonymous_10)
FN:107,(anonymous_11)
FN:200,(anonymous_14)
FN:208,(anonymous_15)
FN:223,(anonymous_16)
FN:242,(anonymous_17)
FN:250,(anonymous_18)
FNF:17
FNH:17
FNDA:100,(anonymous_0)
FNDA:42,(anonymous_1)
FNDA:42,(anonymous_2)
FNDA:42,(anonymous_3)
FNDA:42,(anonymous_4)
FNDA:5,(anonymous_5)
FNDA:5,(anonymous_6)
FNDA:2,(anonymous_7)
FNDA:2,(anonymous_8)
FNDA:6,(anonymous_9)
FNDA:4,(anonymous_10)
FNDA:4,(anonymous_11)
FNDA:2,(anonymous_14)
FNDA:1,(anonymous_15)
FNDA:2,(anonymous_16)
FNDA:1,(anonymous_17)
FNDA:1,(anonymous_18)
DA:30,9
DA:31,100
DA:33,100
DA:42,100
DA:45,100
DA:46,42
DA:47,42
DA:55,100
DA:56,42
DA:57,42
DA:58,18
DA:59,18
DA:60,17
DA:61,17
DA:63,1
DA:68,42
DA:71,100
DA:72,5
DA:78,100
DA:79,2
DA:85,100
DA:86,6
DA:87,6
DA:88,4
DA:89,4
DA:92,4
DA:93,1
DA:95,3
DA:98,2
DA:102,100
DA:103,4
DA:104,4
DA:105,4
DA:106,3
DA:107,4
DA:112,3
DA:113,3
DA:114,3
DA:115,2
DA:118,3
DA:119,3
DA:121,1
DA:200,2
DA:208,1
DA:223,2
DA:242,1
DA:250,1
LF:47
LH:47
BRDA:46,0,0,42
BRDA:46,0,1,0
BRDA:57,1,0,18
BRDA:57,1,1,24
BRDA:57,2,0,42
BRDA:57,2,1,18
BRDA:60,3,0,17
BRDA:60,3,1,0
BRDA:92,4,0,1
BRDA:92,4,1,3
BRDA:98,5,0,2
BRDA:98,5,1,1
BRDA:104,6,0,4
BRDA:104,6,1,0
BRDA:114,7,0,2
BRDA:114,7,1,1
BRDA:136,8,0,196
BRDA:136,8,1,192
BRDA:137,9,0,0
BRDA:137,9,1,388
BRDA:143,10,0,196
BRDA:143,10,1,192
BRDA:170,11,0,485
BRDA:196,12,0,3
BRDA:196,12,1,97
BRDA:300,13,0,11
BRDA:300,13,1,89
BRDA:301,14,0,0
BRDA:301,14,1,89
BRDA:302,15,0,0
BRDA:302,15,1,89
BRDA:308,16,0,0
BRDA:308,16,1,100
BRDA:309,17,0,0
BRDA:309,17,1,100
BRDA:310,18,0,0
BRDA:310,18,1,100
BRDA:311,19,0,0
BRDA:311,19,1,100
BRDA:319,20,0,100
BRDA:319,20,1,0
BRDA:325,21,0,0
BRDA:325,21,1,100
BRDA:340,22,0,2
BRF:44
BRH:32
end_of_record
TN:
SF:src\components\transportistas\WhatsAppNotificationManager.tsx
FN:26,(anonymous_0)
FN:57,(anonymous_1)
FN:58,(anonymous_2)
FN:75,(anonymous_3)
FN:78,(anonymous_4)
FN:94,(anonymous_5)
FN:103,(anonymous_6)
FN:112,(anonymous_7)
FN:130,(anonymous_8)
FN:138,(anonymous_9)
FN:155,(anonymous_10)
FN:164,(anonymous_11)
FN:188,(anonymous_12)
FN:256,(anonymous_13)
FN:264,(anonymous_14)
FN:274,(anonymous_15)
FN:275,(anonymous_16)
FN:305,(anonymous_17)
FN:339,(anonymous_18)
FN:348,(anonymous_19)
FN:352,(anonymous_20)
FN:396,(anonymous_21)
FN:416,(anonymous_22)
FN:416,(anonymous_23)
FN:425,(anonymous_24)
FN:425,(anonymous_25)
FN:439,(anonymous_26)
FN:439,(anonymous_27)
FN:458,(anonymous_28)
FN:477,(anonymous_29)
FN:490,(anonymous_30)
FN:498,(anonymous_31)
FN:508,(anonymous_32)
FNF:33
FNH:27
FNDA:55,(anonymous_0)
FNDA:35,(anonymous_1)
FNDA:36,(anonymous_2)
FNDA:35,(anonymous_3)
FNDA:5,(anonymous_4)
FNDA:1,(anonymous_5)
FNDA:1,(anonymous_6)
FNDA:2,(anonymous_7)
FNDA:2,(anonymous_8)
FNDA:1,(anonymous_9)
FNDA:102,(anonymous_10)
FNDA:102,(anonymous_11)
FNDA:0,(anonymous_12)
FNDA:0,(anonymous_13)
FNDA:102,(anonymous_14)
FNDA:1,(anonymous_15)
FNDA:0,(anonymous_16)
FNDA:1,(anonymous_17)
FNDA:2,(anonymous_18)
FNDA:2,(anonymous_19)
FNDA:46,(anonymous_20)
FNDA:4,(anonymous_21)
FNDA:1,(anonymous_22)
FNDA:1,(anonymous_23)
FNDA:0,(anonymous_24)
FNDA:0,(anonymous_25)
FNDA:1,(anonymous_26)
FNDA:1,(anonymous_27)
FNDA:1,(anonymous_28)
FNDA:51,(anonymous_29)
FNDA:0,(anonymous_30)
FNDA:1,(anonymous_31)
FNDA:51,(anonymous_32)
DA:26,9
DA:41,55
DA:43,55
DA:44,55
DA:45,55
DA:46,55
DA:47,55
DA:50,55
DA:57,55
DA:58,35
DA:59,36
DA:61,35
DA:62,35
DA:63,70
DA:64,70
DA:65,68
DA:67,2
DA:70,35
DA:73,35
DA:74,35
DA:75,35
DA:78,55
DA:79,5
DA:81,4
DA:82,4
DA:83,3
DA:90,1
DA:94,55
DA:95,1
DA:96,1
DA:97,1
DA:99,0
DA:103,55
DA:104,1
DA:105,1
DA:106,1
DA:108,0
DA:112,55
DA:113,2
DA:114,0
DA:115,0
DA:118,2
DA:119,2
DA:124,1
DA:126,1
DA:130,55
DA:131,2
DA:132,1
DA:133,1
DA:136,1
DA:138,1
DA:140,1
DA:147,1
DA:148,1
DA:149,1
DA:151,0
DA:155,55
DA:156,102
DA:157,16
DA:158,0
DA:159,2
DA:160,84
DA:164,55
DA:165,102
DA:173,55
DA:182,54
DA:188,0
DA:256,0
DA:265,102
DA:274,1
DA:275,0
DA:305,1
DA:339,2
DA:348,2
DA:353,46
DA:396,4
DA:416,1
DA:425,0
DA:439,1
DA:458,1
DA:478,51
DA:490,0
DA:498,1
DA:509,51
LF:84
LH:73
BRDA:59,0,0,1
BRDA:59,0,1,35
BRDA:79,1,0,1
BRDA:79,1,1,4
BRDA:84,2,0,2
BRDA:84,2,1,1
BRDA:90,3,0,1
BRDA:90,3,1,0
BRDA:99,4,0,0
BRDA:99,4,1,0
BRDA:108,5,0,0
BRDA:108,5,1,0
BRDA:113,6,0,0
BRDA:113,6,1,2
BRDA:113,7,0,2
BRDA:113,7,1,2
BRDA:126,8,0,1
BRDA:126,8,1,0
BRDA:131,9,0,1
BRDA:131,9,1,1
BRDA:131,10,0,2
BRDA:131,10,1,1
BRDA:151,11,0,0
BRDA:151,11,1,0
BRDA:156,12,0,16
BRDA:156,12,1,0
BRDA:156,12,2,2
BRDA:156,12,3,84
BRDA:173,13,0,1
BRDA:173,13,1,54
BRDA:175,14,0,1
BRDA:175,14,1,1
BRDA:182,15,0,2
BRDA:182,15,1,52
BRDA:184,16,0,2
BRDA:184,16,1,2
BRDA:199,17,0,52
BRDA:199,17,1,51
BRDA:215,18,0,48
BRDA:215,18,1,4
BRDA:217,19,0,48
BRDA:217,19,1,4
BRDA:225,20,0,48
BRDA:225,20,1,4
BRDA:249,21,0,1
BRDA:269,22,0,49
BRDA:269,22,1,53
BRDA:275,23,0,0
BRDA:275,23,1,0
BRDA:282,24,0,102
BRDA:282,24,1,84
BRDA:283,25,0,102
BRDA:283,25,1,84
BRDA:284,26,0,102
BRDA:284,26,1,84
BRDA:296,27,0,52
BRDA:319,28,0,52
BRDA:319,28,1,48
BRDA:363,29,0,47
BRDA:363,29,1,5
BRDA:363,29,2,3
BRDA:367,30,0,0
BRDA:408,31,0,52
BRDA:470,32,0,1
BRDA:506,33,0,51
BRF:65
BRH:52
end_of_record
TN:
SF:src\components\ui\LoadingSpinner.tsx
FN:21,(anonymous_0)
FNF:1
FNH:1
FNDA:1,(anonymous_0)
DA:10,1
DA:16,1
DA:21,1
LF:3
LH:3
BRDA:21,0,0,1
BRDA:21,1,0,1
BRDA:23,2,0,1
BRDA:23,2,1,1
BRDA:25,3,0,1
BRF:5
BRH:5
end_of_record
TN:
SF:src\components\ui\Pagination.tsx
FN:11,(anonymous_0)
FN:20,(anonymous_1)
FN:28,(anonymous_2)
FNF:3
FNH:3
FNDA:160,(anonymous_0)
FNDA:1,(anonymous_1)
FNDA:1,(anonymous_2)
DA:11,18
DA:12,160
DA:13,160
DA:14,160
DA:20,1
DA:28,1
LF:6
LH:6
BRDA:17,0,0,160
BRDA:17,0,1,160
BRF:2
BRH:2
end_of_record
TN:
SF:src\components\ui\Skeleton.tsx
FN:7,(anonymous_0)
FN:11,(anonymous_1)
FN:13,(anonymous_2)
FNF:3
FNH:3
FNDA:101,(anonymous_0)
FNDA:5,(anonymous_1)
FNDA:23,(anonymous_2)
DA:7,7
DA:8,101
DA:11,7
DA:12,5
DA:14,23
LF:5
LH:5
BRDA:8,0,0,101
BRDA:8,0,1,0
BRDA:11,1,0,0
BRF:3
BRH:1
end_of_record
TN:
SF:src\components\ui\Toast.tsx
FN:19,(anonymous_0)
FN:25,(anonymous_1)
FN:28,(anonymous_2)
FN:149,(anonymous_7)
FN:163,(anonymous_8)
FN:165,(anonymous_9)
FN:171,(anonymous_10)
FNF:7
FNH:7
FNDA:22,(anonymous_0)
FNDA:22,(anonymous_1)
FNDA:21,(anonymous_2)
FNDA:1,(anonymous_7)
FNDA:6,(anonymous_8)
FNDA:1,(anonymous_9)
FNDA:6,(anonymous_10)
DA:19,5
DA:25,22
DA:26,22
DA:27,21
DA:28,21
DA:33,22
DA:34,22
DA:36,22
DA:38,4
DA:55,4
DA:57,4
DA:75,4
DA:77,4
DA:95,4
DA:97,10
DA:149,5
DA:150,1
DA:152,1
DA:154,0
DA:156,0
DA:159,0
DA:163,5
DA:164,6
DA:166,1
DA:171,6
LF:25
LH:22
BRDA:21,0,0,8
BRDA:22,1,0,19
BRDA:26,2,0,21
BRDA:26,2,1,1
BRDA:36,3,0,4
BRDA:36,3,1,4
BRDA:36,3,2,4
BRDA:121,4,0,22
BRDA:121,4,1,22
BRDA:150,5,0,1
BRDA:150,5,1,0
BRDA:150,5,2,0
BRDA:150,5,3,0
BRDA:150,5,4,0
BRDA:166,6,0,1
BRDA:166,6,1,1
BRF:16
BRH:12
end_of_record
TN:
SF:src\components\ui\Toast.utils.ts
FN:3,(anonymous_0)
FN:19,(anonymous_1)
FN:23,(anonymous_2)
FN:55,(anonymous_3)
FNF:4
FNH:3
FNDA:34,(anonymous_0)
FNDA:14,(anonymous_1)
FNDA:0,(anonymous_2)
FNDA:17,(anonymous_3)
DA:3,57
DA:8,34
DA:9,34
DA:10,16
DA:11,16
DA:12,16
DA:13,16
DA:16,34
DA:17,34
DA:18,34
DA:19,34
DA:20,14
DA:21,14
DA:22,0
DA:23,0
DA:24,0
DA:25,0
DA:26,0
DA:32,34
DA:33,34
DA:34,34
DA:35,34
DA:37,12
DA:38,12
DA:39,12
DA:41,10
DA:42,10
DA:43,10
DA:45,1
DA:46,1
DA:47,1
DA:49,11
DA:50,11
DA:52,34
DA:53,34
DA:54,34
DA:55,34
DA:56,34
DA:57,34
DA:58,34
DA:59,34
LF:41
LH:36
BRDA:5,0,0,5
BRDA:6,1,0,28
BRDA:9,2,0,16
BRDA:9,2,1,18
BRDA:21,3,0,0
BRDA:21,3,1,14
BRDA:25,4,0,0
BRDA:25,4,1,0
BRDA:25,5,0,0
BRDA:25,5,1,0
BRDA:35,6,0,12
BRDA:35,6,1,10
BRDA:35,6,2,1
BRDA:35,6,3,11
BRDA:57,7,0,34
BRDA:57,7,1,0
BRDA:58,8,0,33
BRDA:58,8,1,1
BRF:18
BRH:12
end_of_record
TN:
SF:src\components\ui\alert.tsx
FNF:0
FNH:0
DA:5,4
DA:27,4
DA:38,4
DA:46,4
LF:4
LH:4
BRF:0
BRH:0
end_of_record
TN:
SF:src\components\ui\badge.tsx
FN:10,Badge
FNF:1
FNH:1
FNDA:333,Badge
LF:0
LH:0
BRF:0
BRH:0
end_of_record
TN:
SF:src\components\ui\badge.utils.ts
FNF:0
FNH:0
DA:3,22
LF:1
LH:1
BRF:0
BRH:0
end_of_record
TN:
SF:src\components\ui\button.tsx
FN:15,(anonymous_0)
FNF:1
FNH:1
FNDA:23433,(anonymous_0)
DA:14,159
DA:16,23433
DA:22,159
LF:3
LH:3
BRDA:15,0,0,23431
BRDA:16,1,0,2
BRDA:16,1,1,23431
BRF:3
BRH:3
end_of_record
TN:
SF:src\components\ui\button.utils.ts
FNF:0
FNH:0
DA:3,160
LF:1
LH:1
BRF:0
BRH:0
end_of_record
TN:
SF:src\components\ui\card.tsx
FNF:0
FNH:0
DA:14,137
DA:21,137
DA:32,137
DA:40,137
DA:47,137
DA:54,137
LF:6
LH:6
BRF:0
BRH:0
end_of_record
TN:
SF:src\components\ui\confirm-dialog.tsx
FN:5,(anonymous_0)
FN:9,(anonymous_1)
FN:11,(anonymous_2)
FN:12,(anonymous_3)
FN:16,(anonymous_4)
FN:29,(anonymous_5)
FN:36,(anonymous_6)
FN:39,(anonymous_7)
FNF:8
FNH:7
FNDA:54,(anonymous_0)
FNDA:23,(anonymous_1)
FNDA:23,(anonymous_2)
FNDA:23,(anonymous_3)
FNDA:7,(anonymous_4)
FNDA:0,(anonymous_5)
FNDA:3,(anonymous_6)
FNDA:4,(anonymous_7)
DA:5,4
DA:6,54
DA:7,54
DA:9,54
DA:10,23
DA:11,23
DA:12,23
DA:16,54
DA:17,7
DA:18,7
DA:19,7
DA:22,54
DA:29,0
DA:36,3
DA:39,4
LF:15
LH:14
BRDA:17,0,0,7
BRDA:17,0,1,0
BRDA:22,1,0,22
BRDA:22,1,1,32
BRDA:29,2,0,0
BRDA:29,2,1,0
BRDA:32,3,0,54
BRDA:33,4,0,54
BRF:8
BRH:5
end_of_record
TN:
SF:src\components\ui\data-table.tsx
FN:19,(anonymous_0)
FN:34,(anonymous_1)
FN:40,(anonymous_2)
FN:58,(anonymous_3)
FN:79,(anonymous_4)
FN:80,(anonymous_5)
FN:81,(anonymous_6)
FN:82,(anonymous_7)
FNF:8
FNH:8
FNDA:40,(anonymous_0)
FNDA:4,(anonymous_1)
FNDA:1,(anonymous_2)
FNDA:152,(anonymous_3)
FNDA:362,(anonymous_4)
FNDA:1,(anonymous_5)
FNDA:1408,(anonymous_6)
FNDA:1403,(anonymous_7)
DA:19,2
DA:28,40
DA:29,40
DA:32,40
DA:34,40
DA:35,4
DA:36,4
DA:40,40
DA:41,1
DA:42,1
DA:59,152
DA:80,362
DA:82,1408
DA:83,1403
DA:84,5
DA:86,1398
DA:89,1408
LF:17
LH:17
BRDA:22,0,0,25
BRDA:23,1,0,27
BRDA:25,2,0,39
BRDA:29,3,0,14
BRDA:29,3,1,26
BRDA:32,4,0,14
BRDA:32,4,1,26
BRDA:35,5,0,4
BRDA:35,5,1,0
BRDA:41,6,0,1
BRDA:41,6,1,0
BRDA:48,7,0,40
BRDA:60,8,0,152
BRDA:60,8,1,0
BRDA:69,9,0,4
BRDA:69,9,1,36
BRDA:80,10,0,10
BRDA:80,10,1,352
BRDA:83,11,0,5
BRDA:83,11,1,1398
BRDA:91,12,0,10
BRDA:91,12,1,1398
BRDA:90,13,0,1408
BRDA:90,13,1,0
BRDA:80,14,0,362
BRDA:80,14,1,0
BRDA:104,15,0,40
BRDA:104,15,1,14
BRF:28
BRH:23
end_of_record
TN:
SF:src\components\ui\dialog.tsx
FNF:0
FNH:0
DA:6,11
DA:8,11
DA:10,11
DA:12,11
DA:27,11
DA:51,11
DA:56,11
DA:64,11
DA:76,11
DA:88,11
LF:10
LH:10
BRF:0
BRH:0
end_of_record
TN:
SF:src\components\ui\input.tsx
FN:7,(anonymous_0)
FNF:1
FNH:1
FNDA:3647,(anonymous_0)
DA:6,57
DA:21,57
LF:2
LH:2
BRF:0
BRH:0
end_of_record
TN:
SF:src\components\ui\label.tsx
FNF:0
FNH:0
DA:6,30
DA:16,30
LF:2
LH:2
BRF:0
BRH:0
end_of_record
TN:
SF:src\components\ui\progress.tsx
FN:9,(anonymous_0)
FNF:1
FNH:1
FNDA:17,(anonymous_0)
DA:9,1
DA:14,17
LF:2
LH:2
BRDA:11,0,0,16
BRDA:12,1,0,14
BRF:2
BRH:2
end_of_record
TN:
SF:src\components\ui\select-advanced.tsx
FNF:0
FNH:0
DA:7,8
DA:9,8
DA:11,8
DA:31,8
DA:60,8
DA:83,8
DA:95,8
DA:107,8
LF:8
LH:8
BRDA:36,0,0,9
BRDA:42,1,0,9
BRDA:42,1,1,9
BRDA:51,2,0,9
BRDA:51,2,1,9
BRF:5
BRH:5
end_of_record
TN:
SF:src\components\ui\select-full.tsx
FNF:0
FNH:0
DA:6,2
DA:8,2
DA:10,2
DA:30,2
DA:44,2
DA:58,2
DA:90,2
DA:102,2
DA:125,2
DA:137,2
LF:10
LH:10
BRDA:63,0,0,7
BRDA:69,1,0,7
BRDA:69,1,1,7
BRDA:80,2,0,7
BRDA:80,2,1,7
BRF:5
BRH:5
end_of_record
TN:
SF:src\components\ui\select.tsx
FN:19,(anonymous_0)
FNF:1
FNH:1
FNDA:74,(anonymous_0)
DA:19,7
DA:31,7
LF:2
LH:2
BRF:0
BRH:0
end_of_record
TN:
SF:src\components\ui\spinner.tsx
FN:6,Spinner
FNF:1
FNH:1
FNDA:45,Spinner
LF:0
LH:0
BRF:0
BRH:0
end_of_record
TN:
SF:src\components\ui\switch.tsx
FNF:0
FNH:0
DA:24,1
LF:1
LH:1
BRF:0
BRH:0
end_of_record
TN:
SF:src\components\ui\table.tsx
FNF:0
FNH:0
DA:14,4
DA:22,4
DA:30,4
DA:42,4
DA:56,4
DA:73,4
DA:85,4
DA:93,4
LF:8
LH:8
BRF:0
BRH:0
end_of_record
TN:
SF:src\components\ui\tabs.tsx
FN:18,(anonymous_0)
FN:22,(anonymous_1)
FN:64,(anonymous_3)
FN:78,(anonymous_4)
FN:91,(anonymous_5)
FNF:5
FNH:5
FNDA:125,(anonymous_0)
FNDA:27,(anonymous_1)
FNDA:590,(anonymous_3)
FNDA:27,(anonymous_4)
FNDA:580,(anonymous_5)
DA:9,10
DA:17,10
DA:19,125
DA:20,125
DA:22,125
DA:23,27
DA:24,23
DA:26,4
DA:41,10
DA:57,10
DA:63,10
DA:65,590
DA:66,590
DA:78,27
DA:84,10
DA:90,10
DA:92,580
DA:93,580
DA:95,580
DA:109,10
LF:20
LH:20
BRDA:19,0,0,125
BRDA:19,0,1,93
BRDA:20,1,0,125
BRDA:20,1,1,32
BRDA:23,2,0,23
BRDA:23,2,1,4
BRDA:73,3,0,125
BRDA:73,3,1,465
BRDA:95,4,0,462
BRDA:95,4,1,118
BRF:10
BRH:10
end_of_record
TN:
SF:src\components\ui\textarea.tsx
FN:7,(anonymous_0)
FNF:1
FNH:1
FNDA:42,(anonymous_0)
DA:6,8
DA:20,8
LF:2
LH:2
BRF:0
BRH:0
end_of_record
TN:
SF:src\components\ui\theme-toggle.tsx
FN:5,ThemeToggle
FN:12,(anonymous_1)
FNF:2
FNH:2
FNDA:7,ThemeToggle
FNDA:2,(anonymous_1)
DA:6,7
DA:12,2
LF:2
LH:2
BRDA:12,0,0,1
BRDA:12,0,1,1
BRF:2
BRH:2
end_of_record
TN:
SF:src\components\ui\toggle-switch.tsx
FN:16,(anonymous_0)
FN:47,(anonymous_1)
FNF:2
FNH:2
FNDA:112,(anonymous_0)
FNDA:6,(anonymous_1)
DA:16,12
DA:23,112
DA:29,112
DA:35,112
DA:47,6
LF:5
LH:5
BRDA:19,0,0,110
BRDA:20,1,0,100
BRDA:21,2,0,111
BRDA:36,3,0,8
BRDA:36,3,1,104
BRDA:37,4,0,8
BRDA:37,4,1,104
BRDA:38,5,0,8
BRDA:38,5,1,104
BRDA:47,6,0,6
BRDA:47,6,1,6
BRDA:53,7,0,8
BRDA:53,7,1,104
BRDA:57,8,0,2
BRDA:57,8,1,110
BRF:15
BRH:15
end_of_record
TN:
SF:src\components\ui\useToast.ts
FN:4,(anonymous_0)
FNF:1
FNH:1
FNDA:3,(anonymous_0)
DA:4,3
LF:1
LH:1
BRF:0
BRH:0
end_of_record
TN:
SF:src\contexts\confirmContext.ts
FN:15,(anonymous_0)
FNF:1
FNH:1
FNDA:3,(anonymous_0)
DA:15,27
LF:1
LH:1
BRF:0
BRH:0
end_of_record
TN:
SF:src\contexts\toastContext.ts
FN:5,(anonymous_0)
FNF:1
FNH:1
FNDA:3,(anonymous_0)
DA:5,20
LF:1
LH:1
BRF:0
BRH:0
end_of_record
TN:
SF:src\features\admin\pages\TransferenciasPage.tsx
FN:17,(anonymous_0)
FN:38,(anonymous_1)
FN:55,(anonymous_2)
FN:83,(anonymous_3)
FN:97,(anonymous_4)
FN:116,(anonymous_5)
FN:124,(anonymous_6)
FN:134,(anonymous_7)
FN:157,(anonymous_8)
FN:184,(anonymous_9)
FN:205,(anonymous_10)
FN:213,(anonymous_11)
FN:238,(anonymous_12)
FN:272,(anonymous_13)
FN:279,(anonymous_14)
FNF:15
FNH:0
FNDA:0,(anonymous_0)
FNDA:0,(anonymous_1)
FNDA:0,(anonymous_2)
FNDA:0,(anonymous_3)
FNDA:0,(anonymous_4)
FNDA:0,(anonymous_5)
FNDA:0,(anonymous_6)
FNDA:0,(anonymous_7)
FNDA:0,(anonymous_8)
FNDA:0,(anonymous_9)
FNDA:0,(anonymous_10)
FNDA:0,(anonymous_11)
FNDA:0,(anonymous_12)
FNDA:0,(anonymous_13)
FNDA:0,(anonymous_14)
DA:17,2
DA:18,0
DA:19,0
DA:20,0
DA:21,0
DA:22,0
DA:26,0
DA:29,0
DA:32,0
DA:33,0
DA:35,0
DA:36,0
DA:38,0
DA:39,0
DA:40,0
DA:41,0
DA:45,0
DA:47,0
DA:55,0
DA:56,0
DA:57,0
DA:62,0
DA:65,0
DA:66,0
DA:67,0
DA:71,0
DA:72,0
DA:73,0
DA:75,0
DA:83,0
DA:84,0
DA:97,0
DA:98,0
DA:104,0
DA:116,0
DA:124,0
DA:134,0
DA:158,0
DA:185,0
DA:205,0
DA:213,0
DA:239,0
DA:272,0
DA:280,0
DA:281,0
LF:45
LH:1
BRDA:35,0,0,0
BRDA:35,0,1,0
BRDA:36,1,0,0
BRDA:36,1,1,0
BRDA:43,2,0,0
BRDA:43,2,1,0
BRDA:49,3,0,0
BRDA:49,3,1,0
BRDA:56,4,0,0
BRDA:56,4,1,0
BRDA:56,5,0,0
BRDA:56,5,1,0
BRDA:56,5,2,0
BRDA:77,6,0,0
BRDA:77,6,1,0
BRDA:91,7,0,0
BRDA:91,7,1,0
BRDA:104,8,0,0
BRDA:104,8,1,0
BRDA:126,9,0,0
BRDA:126,9,1,0
BRDA:136,10,0,0
BRDA:136,10,1,0
BRDA:146,11,0,0
BRDA:148,12,0,0
BRDA:148,12,1,0
BRDA:150,13,0,0
BRDA:150,13,1,0
BRDA:171,14,0,0
BRDA:171,14,1,0
BRDA:176,15,0,0
BRDA:176,15,1,0
BRDA:184,16,0,0
BRDA:184,16,1,0
BRDA:189,17,0,0
BRDA:189,17,1,0
BRDA:186,18,0,0
BRDA:186,18,1,0
BRDA:186,18,2,0
BRDA:195,19,0,0
BRDA:209,20,0,0
BRDA:209,20,1,0
BRDA:227,21,0,0
BRDA:229,22,0,0
BRDA:229,22,1,0
BRDA:231,23,0,0
BRDA:231,23,1,0
BRDA:253,24,0,0
BRDA:266,25,0,0
BRDA:288,26,0,0
BRDA:288,26,1,0
BRDA:291,27,0,0
BRDA:291,27,1,0
BRF:53
BRH:0
end_of_record
TN:
SF:src\features\auth\authSlice.ts
FN:17,(anonymous_0)
FN:56,(anonymous_1)
FN:72,(anonymous_2)
FN:83,(anonymous_3)
FN:94,(anonymous_4)
FN:103,(anonymous_5)
FN:113,(anonymous_6)
FN:126,(anonymous_7)
FN:127,(anonymous_8)
FN:128,(anonymous_9)
FN:129,(anonymous_10)
FN:130,(anonymous_11)
FN:135,(anonymous_12)
FN:138,(anonymous_13)
FNF:14
FNH:14
FNDA:123,(anonymous_0)
FNDA:2,(anonymous_1)
FNDA:1,(anonymous_2)
FNDA:1,(anonymous_3)
FNDA:2,(anonymous_4)
FNDA:1,(anonymous_5)
FNDA:1,(anonymous_6)
FNDA:813,(anonymous_7)
FNDA:147,(anonymous_8)
FNDA:12,(anonymous_9)
FNDA:5,(anonymous_10)
FNDA:6,(anonymous_11)
FNDA:2,(anonymous_12)
FNDA:2,(anonymous_13)
DA:17,122
DA:18,123
DA:19,123
DA:20,122
DA:21,122
DA:23,122
DA:24,5
DA:25,5
DA:26,3
DA:28,2
DA:29,2
DA:30,2
DA:31,2
DA:32,2
DA:36,120
DA:37,3
DA:38,3
DA:41,117
DA:42,117
DA:44,1
DA:45,1
DA:46,1
DA:50,122
DA:52,122
DA:57,2
DA:58,2
DA:59,1
DA:60,1
DA:62,1
DA:63,1
DA:64,1
DA:65,1
DA:67,1
DA:69,1
DA:70,1
DA:73,1
DA:74,1
DA:75,1
DA:76,1
DA:78,1
DA:80,1
DA:81,1
DA:84,1
DA:85,1
DA:86,1
DA:87,1
DA:88,1
DA:90,1
DA:95,2
DA:96,1
DA:100,1
DA:105,1
DA:106,1
DA:110,1
DA:114,1
DA:115,1
DA:121,122
DA:126,813
DA:127,147
DA:128,122
DA:129,122
DA:130,122
DA:133,122
DA:135,2
DA:138,122
LF:65
LH:65
BRDA:23,0,0,5
BRDA:23,0,1,117
BRDA:23,1,0,122
BRDA:23,1,1,5
BRDA:23,1,2,5
BRDA:36,2,0,3
BRDA:36,2,1,117
BRDA:36,3,0,120
BRDA:36,3,1,3
BRDA:58,4,0,1
BRDA:58,4,1,1
BRDA:58,5,0,2
BRDA:58,5,1,1
BRDA:95,6,0,1
BRDA:95,6,1,1
BRDA:98,7,0,1
BRDA:98,7,1,0
BRDA:105,8,0,1
BRDA:105,8,1,0
BRDA:135,9,0,2
BRDA:135,9,1,1
BRF:21
BRH:19
end_of_record
TN:
SF:src\features\auth\navigationUtils.ts
FN:19,getDestinationByRole
FN:42,isValidRole
FN:60,getLoginErrorMessage
FN:81,classifyLoginError
FNF:4
FNH:4
FNDA:9,getDestinationByRole
FNDA:13,isValidRole
FNDA:11,getLoginErrorMessage
FNDA:9,classifyLoginError
DA:20,9
DA:22,2
DA:24,1
DA:27,2
DA:29,1
DA:31,1
DA:33,2
DA:43,13
DA:44,10
DA:52,10
DA:61,11
DA:63,2
DA:65,1
DA:67,8
DA:82,9
DA:83,7
DA:84,6
LF:17
LH:17
BRDA:20,0,0,2
BRDA:20,0,1,1
BRDA:20,0,2,1
BRDA:20,0,3,2
BRDA:20,0,4,1
BRDA:20,0,5,1
BRDA:20,0,6,2
BRDA:43,1,0,3
BRDA:43,1,1,10
BRDA:61,2,0,2
BRDA:61,2,1,1
BRDA:61,2,2,8
BRDA:82,3,0,2
BRDA:82,3,1,7
BRDA:83,4,0,1
BRDA:83,4,1,6
BRF:16
BRH:16
end_of_record
TN:
SF:src\features\auth\api\authApiSlice.ts
FN:5,(anonymous_0)
FN:7,(anonymous_1)
FN:12,(anonymous_2)
FN:18,(anonymous_3)
FN:25,(anonymous_4)
FN:31,(anonymous_5)
FN:37,(anonymous_6)
FNF:7
FNH:7
FNDA:12,(anonymous_0)
FNDA:3,(anonymous_1)
FNDA:1,(anonymous_2)
FNDA:3,(anonymous_3)
FNDA:2,(anonymous_4)
FNDA:2,(anonymous_5)
FNDA:3,(anonymous_6)
DA:4,13
DA:5,12
DA:7,3
DA:13,1
DA:14,1
DA:18,3
DA:25,2
DA:31,2
DA:37,3
DA:53,13
LF:10
LH:10
BRF:0
BRH:0
end_of_record
TN:
SF:src\features\auth\components\LoginForm.tsx
FN:14,(anonymous_0)
FN:26,(anonymous_1)
FNF:2
FNH:2
FNDA:49,(anonymous_0)
FNDA:10,(anonymous_1)
DA:14,7
DA:20,49
DA:21,49
DA:22,49
DA:24,49
DA:26,49
DA:27,10
DA:29,10
DA:30,10
DA:31,10
DA:33,10
DA:34,6
DA:37,6
DA:38,3
DA:39,3
DA:40,3
DA:42,3
DA:43,3
DA:49,4
DA:50,4
DA:53,4
DA:55,4
LF:22
LH:22
BRDA:37,0,0,3
BRDA:37,0,1,3
BRDA:37,1,0,6
BRDA:37,1,1,4
BRDA:50,2,0,3
BRDA:50,2,1,1
BRDA:50,3,0,4
BRDA:50,3,1,4
BRDA:50,3,2,4
BRDA:53,4,0,4
BRDA:53,4,1,1
BRDA:77,5,0,49
BRDA:93,6,0,49
BRDA:96,7,0,49
BRDA:99,8,0,0
BRDA:99,8,1,49
BRF:16
BRH:15
end_of_record
TN:
SF:src\features\auth\components\RequireAuth.tsx
FN:11,(anonymous_0)
FNF:1
FNH:1
FNDA:3,(anonymous_0)
DA:11,5
DA:12,3
DA:13,3
DA:14,3
DA:16,3
DA:22,2
DA:23,2
DA:25,2
DA:32,1
LF:9
LH:9
BRDA:16,0,0,1
BRDA:16,0,1,2
BRDA:16,1,0,3
BRDA:16,1,1,2
BRDA:22,2,0,2
BRDA:22,2,1,0
BRDA:22,3,0,2
BRDA:22,3,1,2
BRDA:25,4,0,1
BRDA:25,4,1,1
BRF:10
BRH:9
end_of_record
TN:
SF:src\features\auth\components\RequirePasswordChange.tsx
FN:12,(anonymous_0)
FN:14,(anonymous_1)
FNF:2
FNH:1
FNDA:3,(anonymous_0)
FNDA:0,(anonymous_1)
DA:12,5
DA:13,3
DA:14,3
DA:16,3
DA:20,2
LF:5
LH:5
BRDA:16,0,0,1
BRDA:16,0,1,2
BRDA:16,1,0,3
BRDA:16,1,1,2
BRF:4
BRH:4
end_of_record
TN:
SF:src\features\chofer\pages\ChoferDashboard.tsx
FN:17,(anonymous_0)
FN:46,(anonymous_1)
FNF:2
FNH:2
FNDA:4,(anonymous_0)
FNDA:1,(anonymous_1)
DA:17,5
DA:18,4
DA:46,1
LF:3
LH:3
BRF:0
BRH:0
end_of_record
TN:
SF:src\features\cliente\pages\ClienteDashboard.tsx
FN:29,(anonymous_0)
FN:57,(anonymous_1)
FN:64,(anonymous_2)
FN:71,(anonymous_3)
FN:76,(anonymous_4)
FN:85,(anonymous_5)
FN:89,(anonymous_6)
FN:90,(anonymous_7)
FN:110,(anonymous_8)
FN:156,(anonymous_9)
FN:160,(anonymous_10)
FN:169,(anonymous_11)
FN:171,(anonymous_12)
FN:175,(anonymous_13)
FN:177,(anonymous_14)
FN:182,(anonymous_15)
FN:260,(anonymous_16)
FN:284,(anonymous_17)
FN:301,(anonymous_18)
FN:313,(anonymous_19)
FN:332,(anonymous_20)
FN:346,(anonymous_21)
FN:434,(anonymous_22)
FN:442,(anonymous_23)
FNF:24
FNH:11
FNDA:15,(anonymous_0)
FNDA:0,(anonymous_1)
FNDA:0,(anonymous_2)
FNDA:0,(anonymous_3)
FNDA:2,(anonymous_4)
FNDA:1,(anonymous_5)
FNDA:2,(anonymous_6)
FNDA:2,(anonymous_7)
FNDA:1,(anonymous_8)
FNDA:0,(anonymous_9)
FNDA:0,(anonymous_10)
FNDA:0,(anonymous_11)
FNDA:0,(anonymous_12)
FNDA:0,(anonymous_13)
FNDA:0,(anonymous_14)
FNDA:3,(anonymous_15)
FNDA:0,(anonymous_16)
FNDA:0,(anonymous_17)
FNDA:1,(anonymous_18)
FNDA:0,(anonymous_19)
FNDA:0,(anonymous_20)
FNDA:1,(anonymous_21)
FNDA:3,(anonymous_22)
FNDA:1,(anonymous_23)
DA:29,6
DA:30,15
DA:33,14
DA:34,14
DA:35,14
DA:36,14
DA:37,14
DA:38,14
DA:41,14
DA:42,14
DA:43,14
DA:47,14
DA:52,10
DA:53,10
DA:54,10
DA:57,10
DA:58,0
DA:59,0
DA:60,0
DA:64,10
DA:65,0
DA:66,0
DA:71,10
DA:72,0
DA:76,10
DA:77,2
DA:78,2
DA:79,2
DA:80,2
DA:81,2
DA:85,10
DA:87,1
DA:89,2
DA:90,2
DA:92,1
DA:95,1
DA:96,1
DA:97,1
DA:98,1
DA:99,1
DA:100,1
DA:104,10
DA:110,10
DA:111,1
DA:113,1
DA:114,1
DA:115,0
DA:116,0
DA:119,1
DA:120,1
DA:124,1
DA:127,1
DA:128,1
DA:129,1
DA:130,1
DA:132,1
DA:133,1
DA:134,1
DA:135,1
DA:136,1
DA:138,1
DA:139,1
DA:140,1
DA:141,1
DA:142,1
DA:144,1
DA:145,1
DA:146,1
DA:147,1
DA:148,1
DA:150,1
DA:151,1
DA:152,1
DA:156,1
DA:160,10
DA:161,0
DA:162,0
DA:163,0
DA:169,10
DA:170,0
DA:171,0
DA:175,10
DA:176,0
DA:177,0
DA:182,10
DA:183,3
DA:185,3
DA:187,0
DA:189,0
DA:191,0
DA:193,0
DA:260,0
DA:285,0
DA:286,0
DA:287,0
DA:288,0
DA:289,0
DA:301,1
DA:313,0
DA:332,0
DA:346,1
DA:435,3
DA:436,3
DA:438,3
DA:442,1
LF:105
LH:78
BRDA:48,0,0,14
BRDA:48,0,1,0
BRDA:52,1,0,10
BRDA:52,1,1,5
BRDA:53,2,0,10
BRDA:53,2,1,5
BRDA:54,3,0,10
BRDA:54,3,1,5
BRDA:65,4,0,0
BRDA:65,4,1,0
BRDA:92,5,0,0
BRDA:92,5,1,1
BRDA:97,6,0,0
BRDA:97,6,1,1
BRDA:111,7,0,0
BRDA:111,7,1,1
BRDA:114,8,0,0
BRDA:114,8,1,1
BRDA:124,9,0,1
BRDA:124,9,1,1
BRDA:124,9,2,0
BRDA:141,10,0,1
BRDA:141,10,1,0
BRDA:147,11,0,1
BRDA:147,11,1,0
BRDA:163,12,0,0
BRDA:163,12,1,0
BRDA:170,13,0,0
BRDA:170,13,1,0
BRDA:176,14,0,0
BRDA:176,14,1,0
BRDA:183,15,0,3
BRDA:183,15,1,0
BRDA:183,15,2,0
BRDA:183,15,3,0
BRDA:183,15,4,0
BRDA:223,16,0,10
BRDA:223,16,1,4
BRDA:223,16,2,4
BRDA:281,17,0,10
BRDA:281,17,1,9
BRDA:309,18,0,10
BRDA:326,19,0,10
BRDA:363,20,0,10
BRDA:381,21,0,10
BRDA:381,21,1,4
BRDA:381,21,2,4
BRDA:389,22,0,10
BRDA:389,22,1,4
BRDA:389,22,2,0
BRDA:401,23,0,10
BRDA:401,23,1,4
BRDA:401,23,2,4
BRDA:401,23,3,4
BRDA:404,24,0,1
BRDA:408,25,0,1
BRDA:408,25,1,0
BRDA:428,26,0,1
BRDA:428,26,1,2
BRDA:449,27,0,3
BRDA:449,27,1,0
BRDA:450,28,0,3
BRDA:450,28,1,1
BRDA:453,29,0,1
BRDA:453,29,1,2
BRDA:454,30,0,1
BRDA:454,30,1,0
BRDA:454,31,0,1
BRDA:454,31,1,0
BRDA:457,32,0,3
BRDA:470,33,0,3
BRDA:488,34,0,3
BRF:72
BRH:47
end_of_record
TN:
SF:src\features\cliente\pages\ClienteEquipoDetalle.tsx
FN:26,(anonymous_0)
FN:45,(anonymous_1)
FN:60,(anonymous_2)
FN:61,(anonymous_3)
FN:62,(anonymous_4)
FN:66,(anonymous_5)
FN:80,(anonymous_6)
FN:95,(anonymous_7)
FN:106,(anonymous_8)
FN:113,(anonymous_9)
FN:115,(anonymous_10)
FN:121,(anonymous_11)
FN:126,(anonymous_12)
FN:133,(anonymous_13)
FN:142,(anonymous_14)
FN:149,(anonymous_15)
FN:151,(anonymous_16)
FN:157,(anonymous_17)
FN:163,(anonymous_18)
FN:170,(anonymous_19)
FN:177,(anonymous_20)
FN:179,(anonymous_21)
FN:185,(anonymous_22)
FN:191,(anonymous_23)
FN:319,(anonymous_24)
FN:335,(anonymous_25)
FN:365,(anonymous_26)
FN:375,(anonymous_27)
FN:409,(anonymous_28)
FN:412,(anonymous_29)
FN:413,(anonymous_30)
FNF:31
FNH:18
FNDA:4,(anonymous_0)
FNDA:3,(anonymous_1)
FNDA:4,(anonymous_2)
FNDA:4,(anonymous_3)
FNDA:4,(anonymous_4)
FNDA:4,(anonymous_5)
FNDA:2,(anonymous_6)
FNDA:2,(anonymous_7)
FNDA:1,(anonymous_8)
FNDA:1,(anonymous_9)
FNDA:0,(anonymous_10)
FNDA:1,(anonymous_11)
FNDA:0,(anonymous_12)
FNDA:0,(anonymous_13)
FNDA:1,(anonymous_14)
FNDA:1,(anonymous_15)
FNDA:0,(anonymous_16)
FNDA:1,(anonymous_17)
FNDA:0,(anonymous_18)
FNDA:0,(anonymous_19)
FNDA:0,(anonymous_20)
FNDA:0,(anonymous_21)
FNDA:0,(anonymous_22)
FNDA:0,(anonymous_23)
FNDA:2,(anonymous_24)
FNDA:4,(anonymous_25)
FNDA:1,(anonymous_26)
FNDA:1,(anonymous_27)
FNDA:0,(anonymous_28)
FNDA:0,(anonymous_29)
FNDA:0,(anonymous_30)
DA:26,5
DA:27,4
DA:28,4
DA:29,4
DA:31,4
DA:36,4
DA:37,4
DA:38,4
DA:41,4
DA:42,4
DA:45,4
DA:46,3
DA:47,3
DA:48,2
DA:49,2
DA:50,1
DA:52,2
DA:54,3
DA:58,4
DA:60,4
DA:61,4
DA:62,4
DA:66,4
DA:67,4
DA:69,2
DA:71,0
DA:73,2
DA:75,0
DA:80,4
DA:81,2
DA:83,2
DA:86,0
DA:88,0
DA:90,0
DA:95,4
DA:96,2
DA:97,2
DA:98,0
DA:99,0
DA:100,0
DA:101,0
DA:106,4
DA:107,1
DA:108,1
DA:110,1
DA:114,1
DA:115,0
DA:116,0
DA:119,1
DA:122,1
DA:123,1
DA:124,1
DA:127,0
DA:128,0
DA:133,4
DA:134,0
DA:135,0
DA:137,0
DA:138,0
DA:142,4
DA:143,1
DA:144,1
DA:146,1
DA:150,1
DA:151,0
DA:152,0
DA:155,1
DA:158,1
DA:159,1
DA:160,1
DA:161,1
DA:164,0
DA:165,0
DA:170,4
DA:171,0
DA:172,0
DA:174,0
DA:178,0
DA:179,0
DA:180,0
DA:183,0
DA:186,0
DA:187,0
DA:188,0
DA:189,0
DA:192,0
DA:193,0
DA:197,4
DA:208,3
DA:320,2
DA:321,2
DA:322,2
DA:324,2
DA:336,4
DA:337,4
DA:338,4
DA:340,4
DA:365,1
DA:375,1
DA:409,0
DA:412,0
DA:413,0
LF:102
LH:65
BRDA:37,0,0,4
BRDA:37,0,1,2
BRDA:38,1,0,4
BRDA:38,1,1,2
BRDA:49,2,0,1
BRDA:49,2,1,1
BRDA:58,3,0,4
BRDA:58,3,1,4
BRDA:67,4,0,2
BRDA:67,4,1,0
BRDA:67,4,2,2
BRDA:67,4,3,0
BRDA:81,5,0,2
BRDA:81,5,1,0
BRDA:81,5,2,0
BRDA:81,5,3,0
BRDA:81,5,4,0
BRDA:96,6,0,2
BRDA:96,6,1,0
BRDA:96,6,2,0
BRDA:96,6,3,0
BRDA:96,6,4,0
BRDA:114,7,0,0
BRDA:114,7,1,1
BRDA:116,8,0,0
BRDA:116,8,1,0
BRDA:128,9,0,0
BRDA:128,9,1,0
BRDA:134,10,0,0
BRDA:134,10,1,0
BRDA:150,11,0,0
BRDA:150,11,1,1
BRDA:152,12,0,0
BRDA:152,12,1,0
BRDA:165,13,0,0
BRDA:165,13,1,0
BRDA:178,14,0,0
BRDA:178,14,1,0
BRDA:180,15,0,0
BRDA:180,15,1,0
BRDA:188,16,0,0
BRDA:188,16,1,0
BRDA:193,17,0,0
BRDA:193,17,1,0
BRDA:197,18,0,1
BRDA:197,18,1,3
BRDA:208,19,0,1
BRDA:208,19,1,2
BRDA:208,20,0,3
BRDA:208,20,1,2
BRDA:235,21,0,2
BRDA:235,21,1,0
BRDA:241,22,0,2
BRDA:256,23,0,2
BRDA:256,23,1,0
BRDA:257,24,0,2
BRDA:257,24,1,2
BRDA:257,25,0,2
BRDA:257,25,1,0
BRDA:262,26,0,2
BRDA:262,26,1,0
BRDA:267,27,0,2
BRDA:267,27,1,0
BRDA:268,28,0,2
BRDA:268,28,1,0
BRDA:268,29,0,2
BRDA:268,29,1,0
BRDA:275,30,0,2
BRDA:275,30,1,0
BRDA:302,31,0,2
BRDA:313,32,0,0
BRDA:338,33,0,4
BRDA:338,33,1,4
BRDA:350,34,0,4
BRDA:350,34,1,0
BRDA:372,35,0,2
BRDA:404,36,0,2
BRDA:404,36,1,0
BRDA:408,37,0,2
BRDA:409,38,0,0
BRDA:409,38,1,0
BRF:81
BRH:38
end_of_record
TN:
SF:src\features\dador\pages\DadorDashboard.tsx
FN:18,(anonymous_0)
FN:47,(anonymous_1)
FN:89,(anonymous_2)
FN:138,(anonymous_3)
FNF:4
FNH:4
FNDA:5,(anonymous_0)
FNDA:1,(anonymous_1)
FNDA:1,(anonymous_2)
FNDA:1,(anonymous_3)
DA:18,6
DA:19,5
DA:47,1
DA:89,1
DA:138,1
LF:5
LH:5
BRF:0
BRH:0
end_of_record
TN:
SF:src\features\dashboard\api\dashboardApiSlice.ts
FN:80,(anonymous_0)
FN:82,(anonymous_1)
FN:86,(anonymous_2)
FN:90,(anonymous_3)
FN:94,(anonymous_4)
FNF:5
FNH:5
FNDA:9,(anonymous_0)
FNDA:2,(anonymous_1)
FNDA:2,(anonymous_2)
FNDA:2,(anonymous_3)
FNDA:1,(anonymous_4)
DA:79,9
DA:80,9
DA:82,2
DA:86,2
DA:90,2
DA:94,1
DA:108,9
LF:7
LH:7
BRF:0
BRH:0
end_of_record
TN:
SF:src\features\dashboard\components\AdminDashboard.tsx
FN:15,(anonymous_0)
FN:19,(anonymous_1)
FN:110,(anonymous_2)
FN:161,(anonymous_3)
FN:177,(anonymous_4)
FN:214,(anonymous_5)
FNF:6
FNH:6
FNDA:40,(anonymous_0)
FNDA:5,(anonymous_1)
FNDA:8,(anonymous_2)
FNDA:7,(anonymous_3)
FNDA:5,(anonymous_4)
FNDA:2,(anonymous_5)
DA:15,8
DA:16,40
DA:17,40
DA:19,40
DA:20,5
DA:21,5
DA:22,3
DA:23,3
DA:25,2
DA:26,2
DA:30,40
DA:38,38
DA:46,36
DA:111,8
DA:162,7
DA:178,5
DA:215,2
LF:17
LH:17
BRDA:30,0,0,2
BRDA:30,0,1,38
BRDA:38,1,0,2
BRDA:38,1,1,36
BRDA:46,2,0,2
BRDA:46,2,1,34
BRDA:60,3,0,2
BRDA:85,4,0,34
BRDA:85,4,1,32
BRDA:105,5,0,34
BRDA:105,5,1,34
BRDA:121,6,0,4
BRDA:121,6,1,4
BRDA:123,7,0,2
BRDA:123,7,1,2
BRDA:161,8,0,7
BRDA:160,9,0,34
BRDA:160,9,1,34
BRDA:167,10,0,4
BRDA:167,10,1,3
BRDA:185,11,0,7
BRDA:185,11,1,7
BRDA:214,12,0,2
BRDA:213,13,0,34
BRDA:213,13,1,34
BRF:25
BRH:25
end_of_record
TN:
SF:src\features\dashboard\components\ServiceWidgets.tsx
FN:18,(anonymous_0)
FNF:1
FNH:1
FNDA:3,(anonymous_0)
DA:18,8
LF:1
LH:1
BRF:0
BRH:0
end_of_record
TN:
SF:src\features\dashboard\components\SuperAdminDashboard.tsx
FN:23,(anonymous_0)
FN:24,(anonymous_1)
FN:25,(anonymous_2)
FN:27,(anonymous_3)
FN:33,(anonymous_4)
FN:34,(anonymous_5)
FN:39,(anonymous_6)
FN:40,(anonymous_7)
FN:41,(anonymous_8)
FN:49,(anonymous_9)
FN:53,(anonymous_10)
FN:62,(anonymous_11)
FN:115,(anonymous_12)
FN:121,(anonymous_13)
FN:213,(anonymous_14)
FN:224,(anonymous_15)
FN:226,(anonymous_16)
FN:231,(anonymous_17)
FN:251,(anonymous_18)
FN:251,(anonymous_19)
FN:258,(anonymous_20)
FN:258,(anonymous_21)
FN:274,(anonymous_22)
FNF:23
FNH:15
FNDA:22,(anonymous_0)
FNDA:18,(anonymous_1)
FNDA:0,(anonymous_2)
FNDA:0,(anonymous_3)
FNDA:0,(anonymous_4)
FNDA:0,(anonymous_5)
FNDA:0,(anonymous_6)
FNDA:0,(anonymous_7)
FNDA:0,(anonymous_8)
FNDA:18,(anonymous_9)
FNDA:23,(anonymous_10)
FNDA:2,(anonymous_11)
FNDA:36,(anonymous_12)
FNDA:36,(anonymous_13)
FNDA:72,(anonymous_14)
FNDA:36,(anonymous_15)
FNDA:144,(anonymous_16)
FNDA:0,(anonymous_17)
FNDA:1,(anonymous_18)
FNDA:1,(anonymous_19)
FNDA:3,(anonymous_20)
FNDA:3,(anonymous_21)
FNDA:2,(anonymous_22)
DA:23,7
DA:24,22
DA:25,18
DA:27,0
DA:29,0
DA:33,0
DA:34,0
DA:35,0
DA:39,0
DA:40,0
DA:41,0
DA:42,0
DA:49,18
DA:53,7
DA:54,23
DA:55,23
DA:56,23
DA:57,22
DA:60,22
DA:62,22
DA:63,2
DA:64,2
DA:65,1
DA:66,1
DA:68,1
DA:69,1
DA:73,22
DA:81,21
DA:89,20
DA:98,18
DA:99,18
DA:100,18
DA:101,18
DA:103,18
DA:116,36
DA:122,36
DA:214,72
DA:225,36
DA:227,144
DA:231,0
DA:251,1
DA:258,3
DA:275,2
LF:43
LH:33
BRDA:73,0,0,1
BRDA:73,0,1,21
BRDA:81,1,0,1
BRDA:81,1,1,20
BRDA:89,2,0,2
BRDA:89,2,1,18
BRDA:89,3,0,20
BRDA:89,3,1,19
BRDA:89,3,2,19
BRDA:116,4,0,36
BRDA:116,4,1,0
BRDA:132,5,0,1
BRDA:178,6,0,1
BRDA:178,6,1,17
BRDA:180,7,0,1
BRDA:180,7,1,16
BRDA:229,8,0,72
BRDA:229,8,1,72
BRDA:225,9,0,36
BRDA:225,9,1,0
BRF:20
BRH:18
end_of_record
TN:
SF:src\features\dashboard\components\UserDashboard.tsx
FN:10,(anonymous_0)
FN:14,(anonymous_1)
FN:69,(anonymous_2)
FNF:3
FNH:3
FNDA:22,(anonymous_0)
FNDA:4,(anonymous_1)
FNDA:4,(anonymous_2)
DA:10,8
DA:11,22
DA:12,22
DA:14,22
DA:15,4
DA:16,4
DA:17,3
DA:18,3
DA:20,1
DA:21,1
DA:25,22
DA:33,20
DA:41,18
DA:70,4
LF:14
LH:14
BRDA:25,0,0,2
BRDA:25,0,1,20
BRDA:33,1,0,2
BRDA:33,1,1,18
BRDA:41,2,0,2
BRDA:41,2,1,16
BRDA:55,3,0,3
BRDA:68,4,0,3
BRF:8
BRH:8
end_of_record
TN:
SF:src\features\documentos\api\documentosApiSlice.ts
FN:77,(anonymous_0)
FN:87,(anonymous_1)
FN:92,(anonymous_2)
FN:93,(anonymous_3)
FN:98,(anonymous_4)
FN:99,(anonymous_5)
FN:107,(anonymous_6)
FN:108,(anonymous_7)
FN:112,(anonymous_8)
FN:116,(anonymous_9)
FN:120,(anonymous_10)
FN:121,(anonymous_11)
FN:126,(anonymous_12)
FN:127,(anonymous_13)
FN:132,(anonymous_14)
FN:133,(anonymous_15)
FN:138,(anonymous_16)
FN:138,(anonymous_17)
FN:143,(anonymous_18)
FN:148,(anonymous_19)
FN:158,(anonymous_20)
FN:161,(anonymous_21)
FN:169,(anonymous_22)
FN:172,(anonymous_23)
FN:180,(anonymous_24)
FN:181,(anonymous_25)
FN:191,(anonymous_26)
FN:192,(anonymous_27)
FN:199,(anonymous_28)
FN:200,(anonymous_29)
FN:207,(anonymous_30)
FN:208,(anonymous_31)
FN:212,(anonymous_32)
FN:219,(anonymous_33)
FN:220,(anonymous_34)
FN:231,(anonymous_35)
FN:234,(anonymous_36)
FN:241,(anonymous_37)
FN:242,(anonymous_38)
FN:249,(anonymous_39)
FN:250,(anonymous_40)
FN:254,(anonymous_41)
FN:263,(anonymous_42)
FN:264,(anonymous_43)
FN:271,(anonymous_44)
FN:272,(anonymous_45)
FN:276,(anonymous_46)
FN:304,(anonymous_47)
FN:307,(anonymous_48)
FN:325,(anonymous_49)
FN:328,(anonymous_50)
FN:348,(anonymous_51)
FN:351,(anonymous_52)
FN:367,(anonymous_53)
FN:370,(anonymous_54)
FN:397,(anonymous_55)
FN:398,(anonymous_56)
FN:407,(anonymous_57)
FN:412,(anonymous_58)
FN:421,(anonymous_59)
FN:426,(anonymous_60)
FN:432,(anonymous_61)
FN:444,(anonymous_62)
FN:449,(anonymous_63)
FN:466,(anonymous_64)
FN:467,(anonymous_65)
FN:476,(anonymous_66)
FN:481,(anonymous_67)
FN:490,(anonymous_68)
FN:495,(anonymous_69)
FN:501,(anonymous_70)
FN:538,(anonymous_71)
FN:541,(anonymous_72)
FN:559,(anonymous_73)
FN:562,(anonymous_74)
FN:571,(anonymous_75)
FN:576,(anonymous_76)
FN:582,(anonymous_77)
FN:608,(anonymous_78)
FN:609,(anonymous_79)
FN:628,(anonymous_80)
FN:631,(anonymous_81)
FN:636,(anonymous_82)
FN:637,(anonymous_83)
FN:641,(anonymous_84)
FN:653,(anonymous_85)
FN:656,(anonymous_86)
FN:663,(anonymous_87)
FN:664,(anonymous_88)
FN:667,(anonymous_89)
FN:668,(anonymous_90)
FN:672,(anonymous_91)
FN:673,(anonymous_92)
FN:677,(anonymous_93)
FN:686,(anonymous_94)
FN:689,(anonymous_95)
FN:693,(anonymous_96)
FN:694,(anonymous_97)
FN:698,(anonymous_98)
FN:699,(anonymous_99)
FN:703,(anonymous_100)
FN:712,(anonymous_101)
FN:715,(anonymous_102)
FN:719,(anonymous_103)
FN:720,(anonymous_104)
FN:724,(anonymous_105)
FN:725,(anonymous_106)
FN:729,(anonymous_107)
FN:740,(anonymous_108)
FN:741,(anonymous_109)
FN:748,(anonymous_110)
FN:749,(anonymous_111)
FN:753,(anonymous_112)
FN:754,(anonymous_113)
FN:761,(anonymous_114)
FN:766,(anonymous_115)
FN:787,(anonymous_116)
FN:788,(anonymous_117)
FN:801,(anonymous_118)
FN:802,(anonymous_119)
FN:809,(anonymous_120)
FN:810,(anonymous_121)
FN:814,(anonymous_122)
FN:821,(anonymous_123)
FN:822,(anonymous_124)
FN:826,(anonymous_125)
FN:837,(anonymous_126)
FN:838,(anonymous_127)
FN:842,(anonymous_128)
FN:843,(anonymous_129)
FN:847,(anonymous_130)
FN:848,(anonymous_131)
FN:852,(anonymous_132)
FN:853,(anonymous_133)
FN:857,(anonymous_134)
FN:873,(anonymous_135)
FN:874,(anonymous_136)
FN:878,(anonymous_137)
FN:879,(anonymous_138)
FN:889,(anonymous_139)
FN:899,(anonymous_140)
FN:936,(anonymous_141)
FN:956,(anonymous_142)
FN:957,(anonymous_143)
FN:962,(anonymous_144)
FN:962,(anonymous_145)
FN:971,(anonymous_146)
FN:979,(anonymous_147)
FN:985,(anonymous_148)
FN:1001,(anonymous_149)
FN:1005,(anonymous_150)
FN:1014,(anonymous_151)
FN:1017,(anonymous_152)
FN:1029,(anonymous_153)
FN:1031,(anonymous_154)
FN:1045,(anonymous_155)
FN:1057,(anonymous_156)
FN:1072,(anonymous_157)
FN:1089,(anonymous_158)
FN:1100,(anonymous_159)
FN:1107,(anonymous_160)
FN:1108,(anonymous_161)
FN:1109,(anonymous_162)
FN:1131,(anonymous_163)
FN:1135,(anonymous_164)
FN:1139,(anonymous_165)
FN:1145,(anonymous_166)
FN:1145,(anonymous_167)
FN:1153,(anonymous_168)
FN:1162,(anonymous_169)
FN:1163,(anonymous_170)
FN:1170,(anonymous_171)
FN:1171,(anonymous_172)
FN:1172,(anonymous_173)
FN:1175,(anonymous_174)
FN:1176,(anonymous_175)
FN:1191,(anonymous_176)
FN:1195,(anonymous_177)
FN:1196,(anonymous_178)
FN:1199,(anonymous_179)
FN:1203,(anonymous_180)
FN:1207,(anonymous_181)
FN:1208,(anonymous_182)
FN:1209,(anonymous_183)
FN:1221,(anonymous_184)
FN:1230,(anonymous_185)
FN:1234,(anonymous_186)
FN:1235,(anonymous_187)
FN:1238,(anonymous_188)
FN:1239,(anonymous_189)
FN:1243,(anonymous_190)
FN:1247,(anonymous_191)
FN:1251,(anonymous_192)
FN:1252,(anonymous_193)
FN:1256,(anonymous_194)
FN:1257,(anonymous_195)
FN:1265,(anonymous_196)
FN:1269,(anonymous_197)
FN:1280,(anonymous_198)
FN:1282,(anonymous_199)
FN:1287,(anonymous_200)
FN:1328,(anonymous_201)
FN:1336,(anonymous_202)
FN:1372,(anonymous_203)
FN:1373,(anonymous_204)
FN:1392,(anonymous_205)
FN:1393,(anonymous_206)
FN:1398,(anonymous_207)
FN:1399,(anonymous_208)
FN:1404,(anonymous_209)
FN:1405,(anonymous_210)
FN:1410,(anonymous_211)
FN:1411,(anonymous_212)
FN:1417,(anonymous_213)
FN:1431,(anonymous_214)
FN:1432,(anonymous_215)
FN:1442,(anonymous_216)
FN:1446,(anonymous_217)
FN:1452,(anonymous_218)
FN:1453,(anonymous_219)
FN:1454,(anonymous_220)
FN:1462,(anonymous_221)
FN:1467,(anonymous_222)
FN:1475,(anonymous_223)
FN:1479,(anonymous_224)
FN:1487,(anonymous_225)
FN:1491,(anonymous_226)
FN:1504,(anonymous_227)
FN:1508,(anonymous_228)
FN:1517,(anonymous_229)
FN:1518,(anonymous_230)
FN:1523,(anonymous_231)
FN:1531,(anonymous_232)
FN:1539,(anonymous_233)
FN:1547,(anonymous_234)
FN:1603,(anonymous_235)
FN:1608,(anonymous_236)
FN:1618,(anonymous_237)
FN:1623,(anonymous_238)
FN:1631,(anonymous_239)
FN:1632,(anonymous_240)
FN:1640,(anonymous_241)
FN:1644,(anonymous_242)
FN:1649,(anonymous_243)
FN:1650,(anonymous_244)
FN:1658,(anonymous_245)
FN:1662,(anonymous_246)
FN:1670,(anonymous_247)
FN:1675,(anonymous_248)
FN:1683,(anonymous_249)
FN:1687,(anonymous_250)
FN:1698,(anonymous_251)
FN:1702,(anonymous_252)
FN:1710,(anonymous_253)
FN:1711,(anonymous_254)
FNF:255
FNH:187
FNDA:186,(anonymous_0)
FNDA:96,(anonymous_1)
FNDA:27,(anonymous_2)
FNDA:2,(anonymous_3)
FNDA:0,(anonymous_4)
FNDA:0,(anonymous_5)
FNDA:3,(anonymous_6)
FNDA:3,(anonymous_7)
FNDA:1,(anonymous_8)
FNDA:2,(anonymous_9)
FNDA:1,(anonymous_10)
FNDA:1,(anonymous_11)
FNDA:2,(anonymous_12)
FNDA:2,(anonymous_13)
FNDA:1,(anonymous_14)
FNDA:1,(anonymous_15)
FNDA:1,(anonymous_16)
FNDA:1,(anonymous_17)
FNDA:1,(anonymous_18)
FNDA:2,(anonymous_19)
FNDA:2,(anonymous_20)
FNDA:3,(anonymous_21)
FNDA:2,(anonymous_22)
FNDA:2,(anonymous_23)
FNDA:1,(anonymous_24)
FNDA:1,(anonymous_25)
FNDA:7,(anonymous_26)
FNDA:7,(anonymous_27)
FNDA:1,(anonymous_28)
FNDA:1,(anonymous_29)
FNDA:1,(anonymous_30)
FNDA:1,(anonymous_31)
FNDA:1,(anonymous_32)
FNDA:25,(anonymous_33)
FNDA:0,(anonymous_34)
FNDA:3,(anonymous_35)
FNDA:3,(anonymous_36)
FNDA:1,(anonymous_37)
FNDA:1,(anonymous_38)
FNDA:1,(anonymous_39)
FNDA:1,(anonymous_40)
FNDA:1,(anonymous_41)
FNDA:1,(anonymous_42)
FNDA:1,(anonymous_43)
FNDA:1,(anonymous_44)
FNDA:1,(anonymous_45)
FNDA:1,(anonymous_46)
FNDA:1,(anonymous_47)
FNDA:1,(anonymous_48)
FNDA:1,(anonymous_49)
FNDA:1,(anonymous_50)
FNDA:0,(anonymous_51)
FNDA:0,(anonymous_52)
FNDA:0,(anonymous_53)
FNDA:0,(anonymous_54)
FNDA:0,(anonymous_55)
FNDA:0,(anonymous_56)
FNDA:0,(anonymous_57)
FNDA:0,(anonymous_58)
FNDA:0,(anonymous_59)
FNDA:0,(anonymous_60)
FNDA:0,(anonymous_61)
FNDA:0,(anonymous_62)
FNDA:0,(anonymous_63)
FNDA:0,(anonymous_64)
FNDA:0,(anonymous_65)
FNDA:0,(anonymous_66)
FNDA:0,(anonymous_67)
FNDA:0,(anonymous_68)
FNDA:0,(anonymous_69)
FNDA:0,(anonymous_70)
FNDA:0,(anonymous_71)
FNDA:0,(anonymous_72)
FNDA:0,(anonymous_73)
FNDA:0,(anonymous_74)
FNDA:0,(anonymous_75)
FNDA:0,(anonymous_76)
FNDA:0,(anonymous_77)
FNDA:0,(anonymous_78)
FNDA:0,(anonymous_79)
FNDA:0,(anonymous_80)
FNDA:0,(anonymous_81)
FNDA:2,(anonymous_82)
FNDA:2,(anonymous_83)
FNDA:1,(anonymous_84)
FNDA:1,(anonymous_85)
FNDA:1,(anonymous_86)
FNDA:1,(anonymous_87)
FNDA:1,(anonymous_88)
FNDA:1,(anonymous_89)
FNDA:1,(anonymous_90)
FNDA:1,(anonymous_91)
FNDA:1,(anonymous_92)
FNDA:1,(anonymous_93)
FNDA:1,(anonymous_94)
FNDA:1,(anonymous_95)
FNDA:1,(anonymous_96)
FNDA:1,(anonymous_97)
FNDA:1,(anonymous_98)
FNDA:1,(anonymous_99)
FNDA:1,(anonymous_100)
FNDA:1,(anonymous_101)
FNDA:1,(anonymous_102)
FNDA:1,(anonymous_103)
FNDA:1,(anonymous_104)
FNDA:1,(anonymous_105)
FNDA:1,(anonymous_106)
FNDA:1,(anonymous_107)
FNDA:1,(anonymous_108)
FNDA:1,(anonymous_109)
FNDA:0,(anonymous_110)
FNDA:0,(anonymous_111)
FNDA:1,(anonymous_112)
FNDA:1,(anonymous_113)
FNDA:0,(anonymous_114)
FNDA:0,(anonymous_115)
FNDA:1,(anonymous_116)
FNDA:1,(anonymous_117)
FNDA:1,(anonymous_118)
FNDA:1,(anonymous_119)
FNDA:1,(anonymous_120)
FNDA:1,(anonymous_121)
FNDA:1,(anonymous_122)
FNDA:1,(anonymous_123)
FNDA:1,(anonymous_124)
FNDA:1,(anonymous_125)
FNDA:1,(anonymous_126)
FNDA:1,(anonymous_127)
FNDA:1,(anonymous_128)
FNDA:1,(anonymous_129)
FNDA:1,(anonymous_130)
FNDA:1,(anonymous_131)
FNDA:1,(anonymous_132)
FNDA:1,(anonymous_133)
FNDA:1,(anonymous_134)
FNDA:1,(anonymous_135)
FNDA:1,(anonymous_136)
FNDA:1,(anonymous_137)
FNDA:1,(anonymous_138)
FNDA:2,(anonymous_139)
FNDA:2,(anonymous_140)
FNDA:2,(anonymous_141)
FNDA:1,(anonymous_142)
FNDA:1,(anonymous_143)
FNDA:1,(anonymous_144)
FNDA:1,(anonymous_145)
FNDA:1,(anonymous_146)
FNDA:1,(anonymous_147)
FNDA:5,(anonymous_148)
FNDA:2,(anonymous_149)
FNDA:5,(anonymous_150)
FNDA:0,(anonymous_151)
FNDA:0,(anonymous_152)
FNDA:0,(anonymous_153)
FNDA:0,(anonymous_154)
FNDA:1,(anonymous_155)
FNDA:0,(anonymous_156)
FNDA:2,(anonymous_157)
FNDA:1,(anonymous_158)
FNDA:1,(anonymous_159)
FNDA:1,(anonymous_160)
FNDA:0,(anonymous_161)
FNDA:1,(anonymous_162)
FNDA:1,(anonymous_163)
FNDA:2,(anonymous_164)
FNDA:2,(anonymous_165)
FNDA:0,(anonymous_166)
FNDA:0,(anonymous_167)
FNDA:0,(anonymous_168)
FNDA:0,(anonymous_169)
FNDA:0,(anonymous_170)
FNDA:0,(anonymous_171)
FNDA:0,(anonymous_172)
FNDA:0,(anonymous_173)
FNDA:3,(anonymous_174)
FNDA:3,(anonymous_175)
FNDA:2,(anonymous_176)
FNDA:1,(anonymous_177)
FNDA:1,(anonymous_178)
FNDA:1,(anonymous_179)
FNDA:1,(anonymous_180)
FNDA:2,(anonymous_181)
FNDA:1,(anonymous_182)
FNDA:1,(anonymous_183)
FNDA:1,(anonymous_184)
FNDA:1,(anonymous_185)
FNDA:1,(anonymous_186)
FNDA:1,(anonymous_187)
FNDA:1,(anonymous_188)
FNDA:1,(anonymous_189)
FNDA:1,(anonymous_190)
FNDA:1,(anonymous_191)
FNDA:1,(anonymous_192)
FNDA:1,(anonymous_193)
FNDA:1,(anonymous_194)
FNDA:1,(anonymous_195)
FNDA:1,(anonymous_196)
FNDA:1,(anonymous_197)
FNDA:1,(anonymous_198)
FNDA:12,(anonymous_199)
FNDA:1,(anonymous_200)
FNDA:1,(anonymous_201)
FNDA:1,(anonymous_202)
FNDA:1,(anonymous_203)
FNDA:1,(anonymous_204)
FNDA:1,(anonymous_205)
FNDA:1,(anonymous_206)
FNDA:1,(anonymous_207)
FNDA:1,(anonymous_208)
FNDA:1,(anonymous_209)
FNDA:1,(anonymous_210)
FNDA:1,(anonymous_211)
FNDA:1,(anonymous_212)
FNDA:1,(anonymous_213)
FNDA:1,(anonymous_214)
FNDA:1,(anonymous_215)
FNDA:2,(anonymous_216)
FNDA:2,(anonymous_217)
FNDA:1,(anonymous_218)
FNDA:1,(anonymous_219)
FNDA:1,(anonymous_220)
FNDA:1,(anonymous_221)
FNDA:1,(anonymous_222)
FNDA:1,(anonymous_223)
FNDA:1,(anonymous_224)
FNDA:1,(anonymous_225)
FNDA:1,(anonymous_226)
FNDA:1,(anonymous_227)
FNDA:1,(anonymous_228)
FNDA:1,(anonymous_229)
FNDA:1,(anonymous_230)
FNDA:1,(anonymous_231)
FNDA:1,(anonymous_232)
FNDA:1,(anonymous_233)
FNDA:1,(anonymous_234)
FNDA:0,(anonymous_235)
FNDA:0,(anonymous_236)
FNDA:0,(anonymous_237)
FNDA:0,(anonymous_238)
FNDA:0,(anonymous_239)
FNDA:0,(anonymous_240)
FNDA:0,(anonymous_241)
FNDA:0,(anonymous_242)
FNDA:0,(anonymous_243)
FNDA:0,(anonymous_244)
FNDA:0,(anonymous_245)
FNDA:0,(anonymous_246)
FNDA:0,(anonymous_247)
FNDA:0,(anonymous_248)
FNDA:0,(anonymous_249)
FNDA:0,(anonymous_250)
FNDA:1,(anonymous_251)
FNDA:1,(anonymous_252)
FNDA:1,(anonymous_253)
FNDA:1,(anonymous_254)
DA:73,96
DA:78,186
DA:79,186
DA:80,186
DA:81,186
DA:82,186
DA:83,186
DA:87,96
DA:92,27
DA:93,2
DA:98,0
DA:99,0
DA:107,3
DA:108,3
DA:112,1
DA:116,2
DA:120,1
DA:121,1
DA:126,2
DA:127,2
DA:132,1
DA:133,1
DA:138,1
DA:143,1
DA:149,2
DA:150,2
DA:151,2
DA:152,2
DA:159,2
DA:160,2
DA:161,3
DA:162,2
DA:163,2
DA:170,2
DA:171,2
DA:172,2
DA:173,2
DA:174,2
DA:180,1
DA:181,1
DA:191,7
DA:192,7
DA:199,1
DA:200,1
DA:207,1
DA:208,1
DA:212,1
DA:219,25
DA:220,0
DA:231,3
DA:234,3
DA:241,1
DA:242,1
DA:249,1
DA:250,1
DA:254,1
DA:263,1
DA:264,1
DA:271,1
DA:272,1
DA:276,1
DA:304,1
DA:307,1
DA:325,1
DA:328,1
DA:348,0
DA:351,0
DA:367,0
DA:370,0
DA:397,0
DA:398,0
DA:407,0
DA:412,0
DA:421,0
DA:426,0
DA:432,0
DA:444,0
DA:449,0
DA:466,0
DA:467,0
DA:476,0
DA:481,0
DA:490,0
DA:495,0
DA:501,0
DA:538,0
DA:541,0
DA:559,0
DA:562,0
DA:571,0
DA:576,0
DA:582,0
DA:608,0
DA:609,0
DA:628,0
DA:631,0
DA:636,2
DA:637,2
DA:641,1
DA:653,1
DA:656,1
DA:663,1
DA:664,1
DA:667,1
DA:668,1
DA:672,1
DA:673,1
DA:677,1
DA:686,1
DA:689,1
DA:693,1
DA:694,1
DA:698,1
DA:699,1
DA:703,1
DA:712,1
DA:715,1
DA:719,1
DA:720,1
DA:724,1
DA:725,1
DA:729,1
DA:740,1
DA:741,1
DA:748,0
DA:749,0
DA:753,1
DA:754,1
DA:762,0
DA:763,0
DA:764,0
DA:766,0
DA:787,1
DA:788,1
DA:801,1
DA:802,1
DA:809,1
DA:810,1
DA:814,1
DA:821,1
DA:822,1
DA:826,1
DA:837,1
DA:838,1
DA:842,1
DA:843,1
DA:847,1
DA:848,1
DA:852,1
DA:853,1
DA:857,1
DA:873,1
DA:874,1
DA:878,1
DA:879,1
DA:890,2
DA:891,2
DA:892,2
DA:893,2
DA:894,2
DA:895,2
DA:896,2
DA:897,2
DA:899,2
DA:937,2
DA:938,2
DA:939,2
DA:940,2
DA:941,2
DA:942,2
DA:943,2
DA:944,2
DA:945,2
DA:946,2
DA:947,2
DA:948,2
DA:949,2
DA:956,1
DA:957,1
DA:962,1
DA:972,1
DA:973,1
DA:974,1
DA:975,1
DA:976,1
DA:977,1
DA:979,1
DA:987,5
DA:988,1
DA:990,4
DA:991,4
DA:992,4
DA:993,4
DA:994,4
DA:995,4
DA:996,4
DA:997,4
DA:998,4
DA:999,4
DA:1000,4
DA:1001,4
DA:1002,3
DA:1003,4
DA:1006,5
DA:1007,5
DA:1008,5
DA:1010,5
DA:1015,0
DA:1017,0
DA:1018,0
DA:1023,5
DA:1024,5
DA:1025,0
DA:1030,0
DA:1031,0
DA:1032,0
DA:1045,1
DA:1057,0
DA:1073,2
DA:1075,2
DA:1077,2
DA:1079,2
DA:1089,1
DA:1100,1
DA:1107,1
DA:1108,0
DA:1110,1
DA:1111,1
DA:1131,1
DA:1136,2
DA:1137,2
DA:1139,2
DA:1145,0
DA:1154,0
DA:1155,0
DA:1156,0
DA:1157,0
DA:1158,0
DA:1159,0
DA:1160,0
DA:1162,0
DA:1164,0
DA:1165,0
DA:1170,0
DA:1171,0
DA:1172,0
DA:1176,3
DA:1177,3
DA:1178,2
DA:1180,1
DA:1182,3
DA:1191,2
DA:1195,1
DA:1196,1
DA:1199,1
DA:1203,1
DA:1207,2
DA:1208,1
DA:1210,1
DA:1211,1
DA:1222,1
DA:1223,1
DA:1224,1
DA:1225,1
DA:1226,1
DA:1227,1
DA:1228,1
DA:1230,1
DA:1234,1
DA:1235,1
DA:1238,1
DA:1239,1
DA:1243,1
DA:1247,1
DA:1251,1
DA:1252,1
DA:1256,1
DA:1257,1
DA:1265,1
DA:1269,1
DA:1281,1
DA:1282,1
DA:1283,12
DA:1285,1
DA:1287,1
DA:1329,1
DA:1330,1
DA:1331,1
DA:1332,1
DA:1333,1
DA:1334,1
DA:1336,1
DA:1372,1
DA:1373,1
DA:1392,1
DA:1393,1
DA:1398,1
DA:1399,1
DA:1404,1
DA:1405,1
DA:1410,1
DA:1411,1
DA:1418,1
DA:1419,1
DA:1420,1
DA:1431,1
DA:1432,1
DA:1442,2
DA:1446,2
DA:1452,1
DA:1453,1
DA:1454,1
DA:1462,1
DA:1467,1
DA:1475,1
DA:1479,1
DA:1487,1
DA:1491,1
DA:1504,1
DA:1508,1
DA:1517,1
DA:1518,1
DA:1523,1
DA:1531,1
DA:1539,1
DA:1547,1
DA:1603,0
DA:1608,0
DA:1618,0
DA:1623,0
DA:1631,0
DA:1632,0
DA:1640,0
DA:1644,0
DA:1649,0
DA:1650,0
DA:1658,0
DA:1662,0
DA:1670,0
DA:1675,0
DA:1683,0
DA:1687,0
DA:1698,1
DA:1702,1
DA:1710,1
DA:1711,1
DA:1895,96
LF:347
LH:268
BRDA:76,0,0,96
BRDA:76,0,1,0
BRDA:81,1,0,186
BRDA:81,1,1,0
BRDA:82,2,0,186
BRDA:82,2,1,0
BRDA:93,3,0,2
BRDA:93,3,1,0
BRDA:99,4,0,0
BRDA:99,4,1,0
BRDA:108,5,0,3
BRDA:108,5,1,0
BRDA:121,6,0,1
BRDA:121,6,1,0
BRDA:127,7,0,2
BRDA:127,7,1,0
BRDA:133,8,0,1
BRDA:133,8,1,0
BRDA:151,9,0,1
BRDA:151,9,1,1
BRDA:160,10,0,2
BRDA:160,10,1,0
BRDA:162,11,0,1
BRDA:162,11,1,1
BRDA:171,12,0,2
BRDA:171,12,1,0
BRDA:173,13,0,1
BRDA:173,13,1,1
BRDA:191,14,0,0
BRDA:191,15,0,1
BRDA:191,15,1,6
BRDA:192,16,0,7
BRDA:192,16,1,5
BRDA:220,17,0,0
BRDA:220,17,1,0
BRDA:220,18,0,0
BRDA:220,18,1,0
BRDA:231,19,0,0
BRDA:232,20,0,0
BRDA:232,20,1,3
BRDA:234,21,0,3
BRDA:234,21,1,3
BRDA:264,22,0,1
BRDA:264,22,1,0
BRDA:307,23,0,1
BRDA:307,23,1,0
BRDA:328,24,0,1
BRDA:328,24,1,0
BRDA:348,25,0,0
BRDA:349,26,0,0
BRDA:349,26,1,0
BRDA:351,27,0,0
BRDA:351,27,1,0
BRDA:368,28,0,0
BRDA:368,28,1,0
BRDA:370,29,0,0
BRDA:370,29,1,0
BRDA:398,30,0,0
BRDA:398,30,1,0
BRDA:467,31,0,0
BRDA:467,31,1,0
BRDA:541,32,0,0
BRDA:541,32,1,0
BRDA:559,33,0,0
BRDA:560,34,0,0
BRDA:560,34,1,0
BRDA:562,35,0,0
BRDA:562,35,1,0
BRDA:609,36,0,0
BRDA:609,36,1,0
BRDA:631,37,0,0
BRDA:631,37,1,0
BRDA:637,38,0,2
BRDA:637,38,1,1
BRDA:654,39,0,1
BRDA:654,39,1,0
BRDA:654,40,0,1
BRDA:654,40,1,0
BRDA:654,41,0,1
BRDA:654,41,1,0
BRDA:654,42,0,1
BRDA:654,42,1,0
BRDA:656,43,0,1
BRDA:656,43,1,0
BRDA:664,44,0,1
BRDA:664,44,1,0
BRDA:687,45,0,1
BRDA:687,45,1,0
BRDA:687,46,0,1
BRDA:687,46,1,0
BRDA:687,47,0,1
BRDA:687,47,1,0
BRDA:687,48,0,1
BRDA:687,48,1,0
BRDA:689,49,0,1
BRDA:689,49,1,0
BRDA:713,50,0,1
BRDA:713,50,1,0
BRDA:713,51,0,1
BRDA:713,51,1,0
BRDA:713,52,0,0
BRDA:713,52,1,1
BRDA:713,53,0,0
BRDA:713,53,1,1
BRDA:715,54,0,1
BRDA:715,54,1,0
BRDA:741,55,0,1
BRDA:741,55,1,0
BRDA:749,56,0,0
BRDA:749,56,1,0
BRDA:754,57,0,1
BRDA:754,57,1,0
BRDA:763,58,0,0
BRDA:763,58,1,0
BRDA:874,59,0,1
BRDA:874,59,1,0
BRDA:879,60,0,1
BRDA:879,60,1,0
BRDA:891,61,0,2
BRDA:891,61,1,0
BRDA:892,62,0,1
BRDA:892,62,1,1
BRDA:893,63,0,0
BRDA:893,63,1,2
BRDA:894,64,0,1
BRDA:894,64,1,1
BRDA:895,65,0,1
BRDA:895,65,1,1
BRDA:896,66,0,0
BRDA:896,66,1,2
BRDA:899,67,0,2
BRDA:899,67,1,0
BRDA:936,68,0,0
BRDA:936,69,0,0
BRDA:936,70,0,1
BRDA:940,71,0,1
BRDA:940,71,1,1
BRDA:941,72,0,0
BRDA:941,72,1,2
BRDA:942,73,0,1
BRDA:942,73,1,1
BRDA:943,74,0,0
BRDA:943,74,1,2
BRDA:944,75,0,0
BRDA:944,75,1,2
BRDA:945,76,0,0
BRDA:945,76,1,2
BRDA:946,77,0,0
BRDA:946,77,1,2
BRDA:947,78,0,2
BRDA:947,78,1,0
BRDA:948,79,0,1
BRDA:948,79,1,1
BRDA:957,80,0,1
BRDA:957,80,1,0
BRDA:971,81,0,0
BRDA:971,82,0,0
BRDA:973,83,0,1
BRDA:973,83,1,0
BRDA:977,84,0,1
BRDA:977,84,1,0
BRDA:979,85,0,1
BRDA:979,85,1,0
BRDA:979,86,0,1
BRDA:979,86,1,0
BRDA:979,87,0,0
BRDA:979,87,1,0
BRDA:979,88,0,0
BRDA:979,88,1,0
BRDA:987,89,0,1
BRDA:987,89,1,4
BRDA:987,90,0,5
BRDA:987,90,1,5
BRDA:990,91,0,0
BRDA:990,92,0,4
BRDA:990,92,1,0
BRDA:992,93,0,4
BRDA:992,93,1,0
BRDA:993,94,0,4
BRDA:993,94,1,0
BRDA:994,95,0,4
BRDA:994,95,1,0
BRDA:995,96,0,4
BRDA:995,96,1,0
BRDA:996,97,0,1
BRDA:996,97,1,3
BRDA:997,98,0,2
BRDA:997,98,1,2
BRDA:997,99,0,0
BRDA:997,99,1,2
BRDA:999,100,0,1
BRDA:999,100,1,3
BRDA:1000,101,0,4
BRDA:1000,101,1,0
BRDA:1001,102,0,1
BRDA:1001,102,1,3
BRDA:1002,103,0,1
BRDA:1002,103,1,2
BRDA:1015,104,0,0
BRDA:1015,104,1,0
BRDA:1018,105,0,0
BRDA:1018,105,1,0
BRDA:1024,106,0,0
BRDA:1024,106,1,5
BRDA:1030,107,0,0
BRDA:1030,107,1,0
BRDA:1032,108,0,0
BRDA:1032,108,1,0
BRDA:1075,109,0,1
BRDA:1075,109,1,1
BRDA:1077,110,0,2
BRDA:1077,110,1,0
BRDA:1108,111,0,0
BRDA:1108,111,1,0
BRDA:1137,112,0,1
BRDA:1137,112,1,1
BRDA:1139,113,0,2
BRDA:1139,113,1,0
[...]
FN:283,(anonymous_26)
FN:285,(anonymous_27)
FN:286,(anonymous_28)
FN:342,(anonymous_29)
FN:351,(anonymous_30)
FN:355,(anonymous_31)
FN:366,(anonymous_32)
FN:381,(anonymous_33)
FN:384,(anonymous_34)
FN:402,(anonymous_35)
FN:408,(anonymous_36)
FN:421,(anonymous_37)
FN:453,(anonymous_38)
FN:458,(anonymous_39)
FN:464,(anonymous_40)
FN:471,(anonymous_41)
FN:472,(anonymous_42)
FN:479,(anonymous_43)
FN:482,(anonymous_44)
FN:505,(anonymous_45)
FN:506,(anonymous_46)
FN:509,(anonymous_47)
FN:522,(anonymous_48)
FN:530,(anonymous_49)
FN:540,(anonymous_50)
FN:571,(anonymous_51)
FN:588,(anonymous_52)
FNF:53
FNH:46
FNDA:124,(anonymous_0)
FNDA:35,(anonymous_1)
FNDA:35,(anonymous_2)
FNDA:35,(anonymous_3)
FNDA:61,(anonymous_4)
FNDA:27,(anonymous_5)
FNDA:244,(anonymous_6)
FNDA:244,(anonymous_7)
FNDA:244,(anonymous_8)
FNDA:244,(anonymous_9)
FNDA:244,(anonymous_10)
FNDA:244,(anonymous_11)
FNDA:65,(anonymous_12)
FNDA:5,(anonymous_13)
FNDA:4,(anonymous_14)
FNDA:3,(anonymous_15)
FNDA:74,(anonymous_16)
FNDA:5,(anonymous_17)
FNDA:1,(anonymous_18)
FNDA:1,(anonymous_19)
FNDA:3,(anonymous_20)
FNDA:6,(anonymous_21)
FNDA:6,(anonymous_22)
FNDA:5,(anonymous_23)
FNDA:1,(anonymous_24)
FNDA:71,(anonymous_25)
FNDA:3,(anonymous_26)
FNDA:3,(anonymous_27)
FNDA:1,(anonymous_28)
FNDA:38,(anonymous_29)
FNDA:38,(anonymous_30)
FNDA:105,(anonymous_31)
FNDA:36,(anonymous_32)
FNDA:1,(anonymous_33)
FNDA:1,(anonymous_34)
FNDA:0,(anonymous_35)
FNDA:0,(anonymous_36)
FNDA:39,(anonymous_37)
FNDA:50,(anonymous_38)
FNDA:3,(anonymous_39)
FNDA:0,(anonymous_40)
FNDA:25,(anonymous_41)
FNDA:0,(anonymous_42)
FNDA:25,(anonymous_43)
FNDA:50,(anonymous_44)
FNDA:3,(anonymous_45)
FNDA:2,(anonymous_46)
FNDA:2,(anonymous_47)
FNDA:0,(anonymous_48)
FNDA:0,(anonymous_49)
FNDA:38,(anonymous_50)
FNDA:1,(anonymous_51)
FNDA:0,(anonymous_52)
DA:26,8
DA:27,124
DA:28,124
DA:29,124
DA:30,124
DA:31,124
DA:32,124
DA:33,124
DA:34,124
DA:35,124
DA:36,124
DA:37,124
DA:38,124
DA:39,124
DA:40,124
DA:41,124
DA:43,124
DA:44,124
DA:47,124
DA:48,61
DA:49,61
DA:50,61
DA:51,61
DA:52,61
DA:53,61
DA:54,61
DA:55,61
DA:56,61
DA:67,27
DA:73,244
DA:74,244
DA:75,244
DA:76,244
DA:77,244
DA:78,244
DA:131,8
DA:188,5
DA:199,4
DA:209,3
DA:226,74
DA:230,5
DA:236,3
DA:248,6
DA:255,5
DA:273,1
DA:276,71
DA:284,3
DA:285,3
DA:286,3
DA:287,0
DA:289,3
DA:290,3
DA:291,3
DA:342,8
DA:351,8
DA:352,38
DA:355,8
DA:356,105
DA:357,105
DA:358,105
DA:359,105
DA:360,105
DA:361,105
DA:362,105
DA:363,105
DA:364,105
DA:366,105
DA:367,36
DA:368,0
DA:369,0
DA:370,0
DA:371,0
DA:372,0
DA:373,0
DA:381,1
DA:384,1
DA:402,0
DA:408,0
DA:421,8
DA:453,8
DA:454,50
DA:455,50
DA:456,50
DA:457,50
DA:458,50
DA:459,3
DA:460,3
DA:461,3
DA:462,3
DA:464,50
DA:465,0
DA:466,0
DA:467,0
DA:471,50
DA:472,25
DA:473,0
DA:474,0
DA:475,0
DA:476,0
DA:479,25
DA:482,50
DA:483,50
DA:484,0
DA:505,3
DA:506,2
DA:509,2
DA:523,0
DA:530,0
DA:541,38
DA:571,1
DA:588,0
LF:111
LH:91
BRDA:28,0,0,35
BRDA:28,0,1,0
BRDA:28,1,0,0
BRDA:28,1,1,0
BRDA:31,2,0,35
BRDA:31,2,1,0
BRDA:31,3,0,35
BRDA:31,3,1,0
BRDA:43,4,0,0
BRDA:44,5,0,35
BRDA:44,5,1,0
BRDA:50,6,0,0
BRDA:50,6,1,61
BRDA:50,7,0,61
BRDA:50,7,1,61
BRDA:255,8,0,65
BRDA:272,9,0,65
BRDA:272,9,1,12
BRDA:276,10,0,71
BRDA:276,10,1,0
BRDA:282,11,0,65
BRDA:282,11,1,53
BRDA:282,11,2,11
BRDA:282,11,3,6
BRDA:284,12,0,0
BRDA:284,12,1,3
BRDA:286,13,0,0
BRDA:286,13,1,3
BRDA:286,14,0,3
BRDA:286,14,1,1
BRDA:289,15,0,3
BRDA:289,15,1,2
BRDA:296,16,0,0
BRDA:359,17,0,105
BRDA:359,17,1,105
BRDA:360,18,0,105
BRDA:360,18,1,105
BRDA:361,19,0,105
BRDA:361,19,1,105
BRDA:361,20,0,0
BRDA:361,20,1,105
BRDA:367,21,0,0
BRDA:367,21,1,36
BRDA:367,22,0,36
BRDA:367,22,1,0
BRDA:369,23,0,0
BRDA:369,23,1,0
BRDA:370,24,0,0
BRDA:370,24,1,0
BRDA:370,25,0,0
BRDA:370,25,1,0
BRDA:371,26,0,0
BRDA:371,26,1,0
BRDA:371,27,0,0
BRDA:371,27,1,0
BRDA:384,28,0,105
BRDA:384,28,1,1
BRDA:384,29,0,0
BRDA:384,29,1,1
BRDA:385,30,0,105
BRDA:394,31,0,105
BRDA:394,31,1,0
BRDA:399,32,0,105
BRDA:403,33,0,0
BRDA:456,34,0,50
BRDA:460,35,0,1
BRDA:460,35,1,2
BRDA:461,36,0,1
BRDA:461,36,1,2
BRDA:465,37,0,0
BRDA:465,37,1,0
BRDA:473,38,0,0
BRDA:473,38,1,0
BRDA:474,39,0,0
BRDA:474,39,1,0
BRDA:475,40,0,0
BRDA:475,40,1,0
BRDA:475,41,0,0
BRDA:475,41,1,0
BRDA:483,42,0,0
BRDA:483,42,1,50
BRDA:483,43,0,50
BRDA:483,43,1,50
BRDA:512,44,0,50
BRDA:515,45,0,50
BRDA:515,45,1,50
BRDA:515,45,2,50
BRDA:515,45,3,50
BRDA:515,45,4,47
BRDA:518,46,0,50
BRDA:518,46,1,50
BRDA:525,47,0,0
BRDA:525,47,1,0
BRDA:526,48,0,0
BRDA:526,48,1,0
BRDA:527,49,0,0
BRDA:539,50,0,38
BRDA:561,51,0,38
BRF:98
BRH:54
end_of_record
TN:
SF:src\pages\UsuariosPage.lazy.tsx
FN:17,(anonymous_0)
FN:91,(anonymous_2)
FN:92,(anonymous_3)
FN:120,(anonymous_4)
FN:133,(anonymous_5)
FN:134,(anonymous_6)
FN:136,(anonymous_7)
FN:137,(anonymous_8)
FN:143,(anonymous_9)
FN:148,(anonymous_10)
FN:149,(anonymous_11)
FN:151,(anonymous_12)
FN:152,(anonymous_13)
FN:157,(anonymous_14)
FN:163,(anonymous_15)
FN:167,(anonymous_16)
FN:176,(anonymous_17)
FNF:17
FNH:16
FNDA:2,(anonymous_0)
FNDA:4,(anonymous_2)
FNDA:2,(anonymous_3)
FNDA:1,(anonymous_4)
FNDA:2,(anonymous_5)
FNDA:2,(anonymous_6)
FNDA:1,(anonymous_7)
FNDA:1,(anonymous_8)
FNDA:2,(anonymous_9)
FNDA:2,(anonymous_10)
FNDA:2,(anonymous_11)
FNDA:2,(anonymous_12)
FNDA:1,(anonymous_13)
FNDA:0,(anonymous_14)
FNDA:3,(anonymous_15)
FNDA:2,(anonymous_16)
FNDA:1,(anonymous_17)
DA:17,9
DA:18,2
DA:91,9
DA:92,4
DA:93,2
DA:120,1
DA:133,9
DA:134,2
DA:136,2
DA:137,1
DA:139,1
DA:143,2
DA:148,9
DA:149,2
DA:151,2
DA:152,2
DA:154,1
DA:157,2
DA:163,9
DA:168,2
DA:177,1
LF:21
LH:21
BRDA:109,0,0,4
BRDA:109,0,1,0
BRDA:171,1,0,2
BRDA:171,1,1,0
BRDA:172,2,0,2
BRDA:172,2,1,2
BRF:6
BRH:4
end_of_record
TN:
SF:src\pages\UsuariosPage.tsx
FN:23,(anonymous_0)
FN:28,(anonymous_1)
FN:49,(anonymous_2)
FN:73,(anonymous_3)
FNF:4
FNH:4
FNDA:18,(anonymous_0)
FNDA:18,(anonymous_1)
FNDA:18,(anonymous_2)
FNDA:1,(anonymous_3)
DA:23,5
DA:24,18
DA:25,18
DA:28,18
DA:29,18
DA:30,2
DA:31,2
DA:34,16
DA:35,16
DA:37,16
DA:38,5
DA:45,16
DA:49,18
DA:50,18
DA:51,2
DA:52,2
DA:53,2
DA:54,2
DA:57,16
DA:58,5
DA:59,5
DA:60,5
DA:61,5
DA:65,11
DA:73,18
DA:74,1
DA:78,18
DA:92,16
LF:28
LH:28
BRDA:29,0,0,2
BRDA:29,0,1,16
BRDA:37,1,0,5
BRDA:37,1,1,11
BRDA:50,2,0,2
BRDA:50,2,1,16
BRDA:57,3,0,5
BRDA:57,3,1,11
BRDA:78,4,0,2
BRDA:78,4,1,16
BRDA:92,5,0,5
BRDA:92,5,1,11
BRDA:160,6,0,11
BRF:13
BRH:13
end_of_record
TN:
SF:src\pages\documentos\RejectedDocumentsPage.tsx
FN:7,(anonymous_0)
FN:26,(anonymous_1)
FN:36,(anonymous_2)
FN:80,(anonymous_3)
FN:92,(anonymous_4)
FN:118,(anonymous_5)
FN:181,(anonymous_6)
FN:196,(anonymous_7)
FN:267,(anonymous_8)
FN:274,(anonymous_9)
FN:292,(anonymous_10)
FN:298,(anonymous_11)
FN:312,(anonymous_12)
FN:324,(anonymous_13)
FNF:14
FNH:0
FNDA:0,(anonymous_0)
FNDA:0,(anonymous_1)
FNDA:0,(anonymous_2)
FNDA:0,(anonymous_3)
FNDA:0,(anonymous_4)
FNDA:0,(anonymous_5)
FNDA:0,(anonymous_6)
FNDA:0,(anonymous_7)
FNDA:0,(anonymous_8)
FNDA:0,(anonymous_9)
FNDA:0,(anonymous_10)
FNDA:0,(anonymous_11)
FNDA:0,(anonymous_12)
FNDA:0,(anonymous_13)
DA:7,2
DA:8,0
DA:9,0
DA:10,0
DA:12,0
DA:14,0
DA:21,0
DA:23,0
DA:24,0
DA:26,0
DA:27,0
DA:33,0
DA:36,0
DA:37,0
DA:39,0
DA:41,0
DA:43,0
DA:45,0
DA:81,0
DA:93,0
DA:119,0
DA:120,0
DA:182,0
DA:197,0
DA:198,0
DA:267,0
DA:274,0
DA:292,0
DA:300,0
DA:301,0
DA:302,0
DA:303,0
DA:304,0
DA:305,0
DA:307,0
DA:309,0
DA:312,0
DA:324,0
LF:38
LH:1
BRDA:17,0,0,0
BRDA:17,0,1,0
BRDA:23,1,0,0
BRDA:23,1,1,0
BRDA:24,2,0,0
BRDA:24,2,1,0
BRDA:33,3,0,0
BRDA:33,3,1,0
BRDA:37,4,0,0
BRDA:37,4,1,0
BRDA:37,4,2,0
BRDA:37,4,3,0
BRDA:65,5,0,0
BRDA:71,6,0,0
BRDA:71,6,1,0
BRDA:95,7,0,0
BRDA:95,7,1,0
BRDA:93,8,0,0
BRDA:93,8,1,0
BRDA:137,9,0,0
BRDA:142,10,0,0
BRDA:147,11,0,0
BRDA:186,12,0,0
BRDA:194,13,0,0
BRDA:194,13,1,0
BRDA:214,14,0,0
BRDA:214,14,1,0
BRDA:227,15,0,0
BRDA:227,15,1,0
BRDA:232,16,0,0
BRDA:232,16,1,0
BRDA:234,17,0,0
BRDA:242,18,0,0
BRDA:242,18,1,0
BRDA:263,19,0,0
BRDA:300,20,0,0
BRDA:300,20,1,0
BRDA:302,21,0,0
BRDA:302,21,1,0
BRDA:304,22,0,0
BRDA:304,22,1,0
BRDA:314,23,0,0
BRDA:314,23,1,0
BRF:43
BRH:0
end_of_record
TN:
SF:src\pages\notificaciones\NotificationsPage.tsx
FN:15,getUnreadMessage
FN:21,(anonymous_1)
FN:41,(anonymous_2)
FN:45,(anonymous_3)
FN:49,(anonymous_4)
FN:53,(anonymous_5)
FN:59,(anonymous_6)
FN:74,(anonymous_7)
FN:90,(anonymous_8)
FN:139,(anonymous_9)
FN:175,(anonymous_10)
FN:204,(anonymous_11)
FN:214,(anonymous_12)
FN:222,(anonymous_13)
FN:239,(anonymous_14)
FN:246,(anonymous_15)
FN:264,(anonymous_16)
FN:270,(anonymous_17)
FN:284,(anonymous_18)
FN:296,(anonymous_19)
FNF:20
FNH:15
FNDA:49,getUnreadMessage
FNDA:49,(anonymous_1)
FNDA:2,(anonymous_2)
FNDA:1,(anonymous_3)
FNDA:1,(anonymous_4)
FNDA:3,(anonymous_5)
FNDA:170,(anonymous_6)
FNDA:170,(anonymous_7)
FNDA:49,(anonymous_8)
FNDA:3,(anonymous_9)
FNDA:170,(anonymous_10)
FNDA:2,(anonymous_11)
FNDA:1,(anonymous_12)
FNDA:1,(anonymous_13)
FNDA:0,(anonymous_14)
FNDA:0,(anonymous_15)
FNDA:0,(anonymous_16)
FNDA:8,(anonymous_17)
FNDA:0,(anonymous_18)
FNDA:0,(anonymous_19)
DA:16,49
DA:17,28
DA:18,28
DA:21,3
DA:22,49
DA:23,49
DA:24,49
DA:26,49
DA:32,49
DA:33,49
DA:34,49
DA:35,49
DA:37,49
DA:38,49
DA:39,49
DA:41,49
DA:42,2
DA:45,49
DA:46,1
DA:49,49
DA:50,1
DA:53,49
DA:54,3
DA:55,2
DA:59,49
DA:60,170
DA:62,2
DA:64,2
DA:66,163
DA:68,2
DA:70,1
DA:74,49
DA:75,170
DA:77,2
DA:79,2
DA:81,163
DA:83,2
DA:85,1
DA:90,49
DA:91,49
DA:92,48
DA:93,47
DA:94,34
DA:97,49
DA:140,3
DA:141,3
DA:176,170
DA:204,2
DA:214,1
DA:222,1
DA:239,0
DA:246,0
DA:264,0
DA:272,8
DA:273,8
DA:274,0
DA:275,0
DA:276,0
DA:277,0
DA:279,0
DA:281,8
DA:284,0
DA:296,0
LF:63
LH:53
BRDA:16,0,0,21
BRDA:16,0,1,28
BRDA:17,1,0,7
BRDA:17,1,1,21
BRDA:37,2,0,49
BRDA:37,2,1,2
BRDA:38,3,0,49
BRDA:38,3,1,2
BRDA:39,4,0,49
BRDA:39,4,1,2
BRDA:54,5,0,2
BRDA:54,5,1,1
BRDA:60,6,0,2
BRDA:60,6,1,2
BRDA:60,6,2,163
BRDA:60,6,3,2
BRDA:60,6,4,1
BRDA:75,7,0,2
BRDA:75,7,1,2
BRDA:75,7,2,163
BRDA:75,7,3,2
BRDA:75,7,4,1
BRDA:91,8,0,1
BRDA:91,8,1,48
BRDA:92,9,0,1
BRDA:92,9,1,47
BRDA:93,10,0,13
BRDA:93,10,1,34
BRDA:113,11,0,49
BRDA:152,12,0,49
BRDA:158,13,0,49
BRDA:164,14,0,49
BRDA:168,15,0,2
BRDA:168,15,1,11
BRDA:172,16,0,49
BRDA:179,17,0,162
BRDA:179,17,1,8
BRDA:185,18,0,162
BRDA:185,18,1,8
BRDA:188,19,0,170
BRDA:200,20,0,170
BRDA:204,21,0,2
BRDA:204,21,1,1
BRDA:212,22,0,170
BRDA:235,23,0,34
BRDA:272,24,0,8
BRDA:272,24,1,0
BRDA:274,25,0,0
BRDA:274,25,1,0
BRDA:276,26,0,0
BRDA:276,26,1,0
BRDA:286,27,0,3
BRDA:286,27,1,5
BRF:53
BRH:48
end_of_record
TN:
SF:src\services\websocket.service.ts
FN:22,(anonymous_0)
FN:75,(anonymous_1)
FN:82,(anonymous_2)
FN:95,(anonymous_3)
FN:106,(anonymous_4)
FN:128,(anonymous_5)
FN:145,(anonymous_6)
FN:162,(anonymous_7)
FN:181,(anonymous_8)
FN:192,(anonymous_9)
FN:224,(anonymous_10)
FN:251,(anonymous_11)
FN:264,(anonymous_12)
FN:273,(anonymous_13)
FN:287,(anonymous_14)
FN:304,(anonymous_15)
FN:327,(anonymous_16)
FN:334,(anonymous_17)
FN:341,(anonymous_18)
FN:348,(anonymous_19)
FN:355,(anonymous_20)
FNF:21
FNH:0
FNDA:0,(anonymous_0)
FNDA:0,(anonymous_1)
FNDA:0,(anonymous_2)
FNDA:0,(anonymous_3)
FNDA:0,(anonymous_4)
FNDA:0,(anonymous_5)
FNDA:0,(anonymous_6)
FNDA:0,(anonymous_7)
FNDA:0,(anonymous_8)
FNDA:0,(anonymous_9)
FNDA:0,(anonymous_10)
FNDA:0,(anonymous_11)
FNDA:0,(anonymous_12)
FNDA:0,(anonymous_13)
FNDA:0,(anonymous_14)
FNDA:0,(anonymous_15)
FNDA:0,(anonymous_16)
FNDA:0,(anonymous_17)
FNDA:0,(anonymous_18)
FNDA:0,(anonymous_19)
FNDA:0,(anonymous_20)
DA:11,4
DA:12,4
DA:13,4
DA:14,4
DA:15,4
DA:16,4
DA:17,4
DA:24,0
DA:25,0
DA:26,0
DA:30,0
DA:31,0
DA:32,0
DA:36,0
DA:38,0
DA:40,0
DA:41,0
DA:44,0
DA:47,0
DA:48,0
DA:49,0
DA:50,0
DA:53,0
DA:64,0
DA:67,0
DA:68,0
DA:76,0
DA:79,0
DA:82,0
DA:83,0
DA:84,0
DA:85,0
DA:87,0
DA:95,0
DA:96,0
DA:97,0
DA:99,0
DA:101,0
DA:106,0
DA:107,0
DA:108,0
DA:111,0
DA:114,0
DA:115,0
DA:116,0
DA:117,0
DA:118,0
DA:119,0
DA:122,0
DA:128,0
DA:129,0
DA:131,0
DA:132,0
DA:133,0
DA:136,0
DA:138,0
DA:141,0
DA:145,0
DA:146,0
DA:148,0
DA:149,0
DA:150,0
DA:153,0
DA:156,0
DA:162,0
DA:163,0
DA:165,0
DA:166,0
DA:167,0
DA:170,0
DA:172,0
DA:175,0
DA:177,0
DA:181,0
DA:182,0
DA:183,0
DA:184,0
DA:186,0
DA:188,0
DA:192,0
DA:193,0
DA:194,0
DA:195,0
DA:197,0
DA:198,0
DA:199,0
DA:202,0
DA:205,0
DA:210,0
DA:211,0
DA:225,0
DA:226,0
DA:228,0
DA:229,0
DA:233,0
DA:236,0
DA:237,0
DA:238,0
DA:239,0
DA:240,0
DA:245,0
DA:252,0
DA:253,0
DA:254,0
DA:259,0
DA:262,0
DA:264,0
DA:265,0
DA:266,0
DA:275,0
DA:288,0
DA:291,0
DA:292,0
DA:293,0
DA:294,0
DA:295,0
DA:298,0
DA:305,0
DA:306,0
DA:309,0
DA:312,0
DA:313,0
DA:317,0
DA:318,0
DA:321,0
DA:328,0
DA:335,0
DA:342,0
DA:349,0
DA:356,0
DA:361,4
LF:131
LH:8
BRDA:24,0,0,0
BRDA:24,0,1,0
BRDA:30,1,0,0
BRDA:30,1,1,0
BRDA:47,2,0,0
BRDA:47,2,1,0
BRDA:48,3,0,0
BRDA:48,3,1,0
BRDA:76,4,0,0
BRDA:76,4,1,0
BRDA:99,5,0,0
BRDA:99,5,1,0
BRDA:111,6,0,0
BRDA:111,6,1,0
BRDA:111,7,0,0
BRDA:111,7,1,0
BRDA:111,7,2,0
BRDA:131,8,0,0
BRDA:131,8,1,0
BRDA:148,9,0,0
BRDA:148,9,1,0
BRDA:165,10,0,0
BRDA:165,10,1,0
BRDA:175,11,0,0
BRDA:175,11,1,0
BRDA:183,12,0,0
BRDA:183,12,1,0
BRDA:193,13,0,0
BRDA:193,13,1,0
BRDA:195,14,0,0
BRDA:195,14,1,0
BRDA:197,15,0,0
BRDA:197,15,1,0
BRDA:210,16,0,0
BRDA:210,16,1,0
BRDA:210,17,0,0
BRDA:210,17,1,0
BRDA:212,18,0,0
BRDA:212,18,1,0
BRDA:213,19,0,0
BRDA:213,19,1,0
BRDA:228,20,0,0
BRDA:228,20,1,0
BRDA:228,21,0,0
BRDA:228,21,1,0
BRDA:236,22,0,0
BRDA:236,22,1,0
BRDA:239,23,0,0
BRDA:239,23,1,0
BRDA:252,24,0,0
BRDA:252,24,1,0
BRDA:288,25,0,0
BRDA:288,25,1,0
BRDA:292,26,0,0
BRDA:292,26,1,0
BRDA:294,27,0,0
BRDA:294,27,1,0
BRDA:305,28,0,0
BRDA:305,28,1,0
BRDA:328,29,0,0
BRDA:328,29,1,0
BRF:61
BRH:0
end_of_record
TN:
SF:src\store\apiSlice.ts
FN:15,(anonymous_0)
FN:27,(anonymous_1)
FN:41,(anonymous_2)
FN:61,(anonymous_3)
FN:64,(anonymous_4)
FN:109,(anonymous_5)
FNF:6
FNH:4
FNDA:89,(anonymous_0)
FNDA:89,(anonymous_1)
FNDA:89,(anonymous_2)
FNDA:0,(anonymous_3)
FNDA:0,(anonymous_4)
FNDA:87,(anonymous_5)
DA:7,87
DA:12,87
DA:16,89
DA:17,89
DA:18,89
DA:19,89
DA:20,88
DA:23,0
DA:25,89
DA:28,89
DA:29,89
DA:31,1
DA:32,1
DA:38,87
DA:41,87
DA:46,89
DA:49,18
DA:51,0
DA:52,0
DA:54,0
DA:57,0
DA:58,0
DA:61,0
DA:62,0
DA:64,0
DA:69,18
DA:73,87
DA:109,87
LF:28
LH:19
BRDA:7,0,0,0
BRDA:7,0,1,87
BRDA:9,1,0,87
BRDA:9,1,1,87
BRDA:9,1,2,0
BRDA:19,2,0,88
BRDA:19,2,1,1
BRDA:49,3,0,0
BRDA:49,3,1,18
BRDA:49,4,0,18
BRDA:49,4,1,1
BRDA:51,5,0,0
BRDA:51,5,1,0
BRF:13
BRH:8
end_of_record
TN:
SF:src\store\hooks.ts
FN:5,(anonymous_0)
FNF:1
FNH:0
FNDA:0,(anonymous_0)
DA:5,74
DA:6,74
LF:2
LH:2
BRF:0
BRH:0
end_of_record
TN:
SF:src\store\store.ts
FN:17,(anonymous_0)
FNF:1
FNH:1
FNDA:21,(anonymous_0)
DA:9,21
DA:18,21
DA:26,21
LF:3
LH:3
BRF:0
BRH:0
end_of_record
TN:
SF:src\store\uiSlice.ts
FN:15,(anonymous_0)
FN:18,(anonymous_1)
FNF:2
FNH:2
FNDA:3,(anonymous_0)
FNDA:5,(anonymous_1)
DA:7,22
DA:11,22
DA:16,3
DA:19,5
DA:24,22
LF:5
LH:5
BRF:0
BRH:0
end_of_record
TN:
SF:src\utils\apiErrors.ts
FN:1,getApiErrorMessage
FNF:1
FNH:1
FNDA:13,getApiErrorMessage
DA:2,13
DA:3,11
DA:4,11
DA:5,11
LF:4
LH:4
BRDA:2,0,0,2
BRDA:2,0,1,11
BRDA:4,1,0,11
BRDA:4,1,1,8
BRDA:4,1,2,3
BRDA:4,1,3,2
BRDA:4,2,0,1
BRDA:4,2,1,1
BRF:8
BRH:8
end_of_record
TN:
SF:src\utils\fileHandlers.ts
FN:5,generateFilePreview
FN:7,(anonymous_1)
FN:11,downloadFile
FN:22,validateBeforeUpload
FN:33,compressImage
FNF:5
FNH:5
FNDA:10,generateFilePreview
FNDA:4,(anonymous_1)
FNDA:1,downloadFile
FNDA:16,validateBeforeUpload
FNDA:2,compressImage
DA:6,10
DA:7,10
DA:8,10
DA:12,1
DA:13,1
DA:14,1
DA:15,1
DA:16,1
DA:17,1
DA:18,1
DA:19,1
DA:23,16
DA:24,5
DA:26,11
DA:27,2
DA:29,9
DA:35,2
LF:17
LH:17
BRDA:23,0,0,5
BRDA:23,0,1,11
BRDA:26,1,0,2
BRDA:26,1,1,9
BRDA:33,2,0,1
BRF:5
BRH:5
end_of_record
TN:
SF:src\utils\formatters.ts
FN:1,(anonymous_0)
FN:7,(anonymous_1)
FN:13,(anonymous_2)
FN:20,(anonymous_3)
FN:28,(anonymous_4)
FN:33,(anonymous_5)
FNF:6
FNH:6
FNDA:121,(anonymous_0)
FNDA:360,(anonymous_1)
FNDA:6,(anonymous_2)
FNDA:4,(anonymous_3)
FNDA:3,(anonymous_4)
FNDA:8,(anonymous_5)
DA:1,15
DA:2,121
DA:3,121
DA:4,120
DA:7,15
DA:8,360
DA:9,360
DA:10,359
DA:13,15
DA:14,6
DA:15,4
DA:16,4
DA:17,3
DA:20,15
DA:21,4
DA:22,4
DA:24,1
DA:28,15
DA:29,3
DA:30,3
DA:33,15
DA:34,8
DA:35,5
DA:36,4
DA:37,4
DA:38,4
DA:39,4
DA:40,4
LF:28
LH:28
BRDA:1,0,0,119
BRDA:1,1,0,120
BRDA:2,2,0,120
BRDA:2,2,1,1
BRDA:3,3,0,1
BRDA:3,3,1,120
BRDA:7,4,0,359
BRDA:8,5,0,359
BRDA:8,5,1,1
BRDA:9,6,0,1
BRDA:9,6,1,359
BRDA:14,7,0,2
BRDA:14,7,1,4
BRDA:16,8,0,1
BRDA:16,8,1,3
BRDA:20,9,0,1
BRDA:20,10,0,2
BRDA:34,11,0,3
BRDA:34,11,1,5
BRDA:34,12,0,8
BRDA:34,12,1,6
BRDA:35,13,0,1
BRDA:35,13,1,4
BRF:23
BRH:23
end_of_record
TN:
SF:src\utils\logger.ts
FN:12,getEnvLevel
FN:22,setLogLevel
FN:26,shouldLog
FN:32,formatMessage
FN:38,(anonymous_4)
FN:42,(anonymous_5)
FN:46,(anonymous_6)
FN:50,(anonymous_7)
FNF:8
FNH:8
FNDA:14,getEnvLevel
FNDA:10,setLogLevel
FNDA:38,shouldLog
FNDA:7,formatMessage
FNDA:21,(anonymous_4)
FNDA:5,(anonymous_5)
FNDA:4,(anonymous_6)
FNDA:8,(anonymous_7)
DA:5,14
DA:13,14
DA:15,14
DA:16,14
DA:17,0
DA:20,14
DA:23,10
DA:27,38
DA:28,13
DA:29,13
DA:33,7
DA:34,7
DA:37,14
DA:39,21
DA:40,1
DA:43,5
DA:44,2
DA:47,4
DA:48,2
DA:51,8
DA:52,2
LF:21
LH:20
BRDA:13,0,0,14
BRDA:13,0,1,0
BRDA:15,1,0,0
BRDA:15,1,1,14
BRDA:16,2,0,14
BRDA:16,2,1,0
BRDA:27,3,0,25
BRDA:27,3,1,13
BRDA:28,4,0,13
BRDA:28,4,1,0
BRDA:39,5,0,20
BRDA:39,5,1,1
BRDA:43,6,0,3
BRDA:43,6,1,2
BRDA:47,7,0,2
BRDA:47,7,1,2
BRDA:51,8,0,6
BRDA:51,8,1,2
BRF:18
BRH:14
end_of_record
TN:
SF:src\utils\validators.ts
FN:3,(anonymous_0)
FN:5,(anonymous_1)
FN:12,(anonymous_2)
FN:15,(anonymous_3)
FN:17,(anonymous_4)
FN:21,(anonymous_5)
FNF:6
FNH:6
FNDA:39,(anonymous_0)
FNDA:7,(anonymous_1)
FNDA:5,(anonymous_2)
FNDA:4,(anonymous_3)
FNDA:20,(anonymous_4)
FNDA:15,(anonymous_5)
DA:1,15
DA:3,39
DA:5,15
DA:6,7
DA:7,5
DA:8,2
DA:11,15
DA:12,15
DA:14,15
DA:15,15
DA:17,15
DA:18,20
DA:21,15
DA:22,15
LF:14
LH:14
BRDA:6,0,0,2
BRDA:6,0,1,5
BRDA:6,1,0,7
BRDA:6,1,1,6
BRDA:7,2,0,3
BRDA:7,2,1,2
BRF:6
BRH:6
end_of_record
TN:
SF:src\utils\whatsapp-notifications.ts
FN:23,(anonymous_0)
FN:28,(anonymous_1)
FN:41,(anonymous_2)
FN:63,(anonymous_3)
FN:76,(anonymous_4)
FN:91,(anonymous_5)
FN:107,(anonymous_6)
FN:122,(anonymous_7)
FN:143,(anonymous_8)
FN:155,(anonymous_9)
FN:167,(anonymous_10)
FN:178,(anonymous_11)
FN:189,(anonymous_12)
FN:200,(anonymous_13)
FN:226,(anonymous_14)
FN:246,(anonymous_15)
FN:266,(anonymous_16)
FN:276,(anonymous_17)
FN:288,(anonymous_18)
FN:327,(anonymous_19)
FN:333,(anonymous_20)
FN:345,(anonymous_21)
FN:347,(anonymous_22)
FN:348,(anonymous_23)
FNF:24
FNH:21
FNDA:13,(anonymous_0)
FNDA:5,(anonymous_1)
FNDA:0,(anonymous_2)
FNDA:3,(anonymous_3)
FNDA:0,(anonymous_4)
FNDA:4,(anonymous_5)
FNDA:0,(anonymous_6)
FNDA:5,(anonymous_7)
FNDA:13,(anonymous_8)
FNDA:9,(anonymous_9)
FNDA:3,(anonymous_10)
FNDA:2,(anonymous_11)
FNDA:2,(anonymous_12)
FNDA:4,(anonymous_13)
FNDA:2,(anonymous_14)
FNDA:1,(anonymous_15)
FNDA:1,(anonymous_16)
FNDA:2,(anonymous_17)
FNDA:4,(anonymous_18)
FNDA:7,(anonymous_19)
FNDA:4,(anonymous_20)
FNDA:3,(anonymous_21)
FNDA:5,(anonymous_22)
FNDA:5,(anonymous_23)
DA:24,13
DA:25,13
DA:29,5
DA:30,5
DA:40,5
DA:41,3
DA:42,3
DA:45,2
DA:47,2
DA:48,1
DA:51,2
DA:53,3
DA:55,3
DA:56,2
DA:59,3
DA:64,3
DA:65,3
DA:75,3
DA:76,1
DA:77,1
DA:80,2
DA:81,2
DA:83,2
DA:85,1
DA:86,1
DA:87,1
DA:92,4
DA:93,4
DA:106,4
DA:107,2
DA:108,2
DA:111,2
DA:112,2
DA:114,2
DA:116,2
DA:117,2
DA:118,2
DA:123,5
DA:124,5
DA:129,4
DA:130,1
DA:133,3
DA:134,3
DA:136,2
DA:137,2
DA:143,7
DA:147,13
DA:151,7
DA:155,9
DA:167,3
DA:178,2
DA:189,2
DA:198,7
DA:208,4
DA:209,4
DA:211,4
DA:234,2
DA:236,2
DA:254,1
DA:256,1
DA:276,2
DA:284,1
DA:298,4
DA:299,4
DA:300,4
DA:302,4
DA:303,4
DA:305,4
DA:306,2
DA:308,2
DA:326,7
DA:329,7
DA:330,7
DA:335,4
DA:338,4
DA:339,1
DA:342,3
DA:347,5
DA:348,5
LF:79
LH:79
BRDA:40,0,0,3
BRDA:40,0,1,2
BRDA:42,1,0,3
BRDA:42,1,1,1
BRDA:47,2,0,1
BRDA:47,2,1,1
BRDA:55,3,0,2
BRDA:55,3,1,1
BRDA:55,4,0,3
BRDA:55,4,1,3
BRDA:75,5,0,1
BRDA:75,5,1,2
BRDA:77,6,0,1
BRDA:77,6,1,0
BRDA:106,7,0,2
BRDA:106,7,1,2
BRDA:108,8,0,2
BRDA:108,8,1,0
BRDA:129,9,0,1
BRDA:129,9,1,3
BRDA:134,10,0,3
BRDA:134,10,1,1
BRDA:160,11,0,6
BRDA:160,11,1,3
BRDA:221,12,0,3
BRDA:221,12,1,1
BRDA:281,13,0,2
BRDA:281,13,1,1
BRDA:305,14,0,2
BRDA:305,14,1,2
BRDA:305,15,0,4
BRDA:305,15,1,3
BRDA:318,16,0,1
BRDA:318,16,1,1
BRDA:338,17,0,1
BRDA:338,17,1,3
BRF:36
BRH:34
end_of_record
