TN:
SF:src\features\auth\authSlice.ts
FN:17,(anonymous_0)
FN:56,(anonymous_1)
FN:72,(anonymous_2)
FN:83,(anonymous_3)
FN:94,(anonymous_4)
FN:103,(anonymous_5)
FN:113,(anonymous_6)
FN:126,(anonymous_7)
FN:127,(anonymous_8)
FN:128,(anonymous_9)
FN:129,(anonymous_10)
FN:130,(anonymous_11)
FN:135,(anonymous_12)
FN:138,(anonymous_13)
FNF:14
FNH:14
FNDA:123,(anonymous_0)
FNDA:2,(anonymous_1)
FNDA:1,(anonymous_2)
FNDA:1,(anonymous_3)
FNDA:2,(anonymous_4)
FNDA:1,(anonymous_5)
FNDA:1,(anonymous_6)
FNDA:809,(anonymous_7)
FNDA:146,(anonymous_8)
FNDA:12,(anonymous_9)
FNDA:5,(anonymous_10)
FNDA:6,(anonymous_11)
FNDA:2,(anonymous_12)
FNDA:2,(anonymous_13)
DA:17,122
DA:18,123
DA:19,123
DA:20,122
DA:21,122
DA:23,122
DA:24,5
DA:25,5
DA:26,3
DA:28,2
DA:29,2
DA:30,2
DA:31,2
DA:32,2
DA:36,120
DA:37,3
DA:38,3
DA:41,117
DA:42,117
DA:44,1
DA:45,1
DA:46,1
DA:50,122
DA:52,122
DA:57,2
DA:58,2
DA:59,1
DA:60,1
DA:62,1
DA:63,1
DA:64,1
DA:65,1
DA:67,1
DA:69,1
DA:70,1
DA:73,1
DA:74,1
DA:75,1
DA:76,1
DA:78,1
DA:80,1
DA:81,1
DA:84,1
DA:85,1
DA:86,1
DA:87,1
DA:88,1
DA:90,1
DA:95,2
DA:96,1
DA:100,1
DA:105,1
DA:106,1
DA:110,1
DA:114,1
DA:115,1
DA:121,122
DA:126,809
DA:127,146
DA:128,122
DA:129,122
DA:130,122
DA:133,122
DA:135,2
DA:138,122
LF:65
LH:65
BRDA:23,0,0,5
BRDA:23,0,1,117
BRDA:23,1,0,122
BRDA:23,1,1,5
BRDA:23,1,2,5
BRDA:36,2,0,3
BRDA:36,2,1,117
BRDA:36,3,0,120
BRDA:36,3,1,3
BRDA:58,4,0,1
BRDA:58,4,1,1
BRDA:58,5,0,2
BRDA:58,5,1,1
BRDA:95,6,0,1
BRDA:95,6,1,1
BRDA:98,7,0,1
BRDA:98,7,1,0
BRDA:105,8,0,1
BRDA:105,8,1,0
BRDA:135,9,0,2
BRDA:135,9,1,1
BRF:21
BRH:19
end_of_record
TN:
SF:src\features\auth\navigationUtils.ts
FN:19,getDestinationByRole
FN:42,isValidRole
FN:60,getLoginErrorMessage
FN:81,classifyLoginError
FNF:4
FNH:4
FNDA:9,getDestinationByRole
FNDA:13,isValidRole
FNDA:11,getLoginErrorMessage
FNDA:9,classifyLoginError
DA:20,9
DA:22,2
DA:24,1
DA:27,2
DA:29,1
DA:31,1
DA:33,2
DA:43,13
DA:44,10
DA:52,10
DA:61,11
DA:63,2
DA:65,1
DA:67,8
DA:82,9
DA:83,7
DA:84,6
LF:17
LH:17
BRDA:20,0,0,2
BRDA:20,0,1,1
BRDA:20,0,2,1
BRDA:20,0,3,2
BRDA:20,0,4,1
BRDA:20,0,5,1
BRDA:20,0,6,2
BRDA:43,1,0,3
BRDA:43,1,1,10
BRDA:61,2,0,2
BRDA:61,2,1,1
BRDA:61,2,2,8
BRDA:82,3,0,2
BRDA:82,3,1,7
BRDA:83,4,0,1
BRDA:83,4,1,6
BRF:16
BRH:16
end_of_record
TN:
SF:src\features\auth\api\authApiSlice.ts
FN:5,(anonymous_0)
FN:7,(anonymous_1)
FN:12,(anonymous_2)
FN:18,(anonymous_3)
FN:25,(anonymous_4)
FN:31,(anonymous_5)
FN:37,(anonymous_6)
FNF:7
FNH:7
FNDA:12,(anonymous_0)
FNDA:3,(anonymous_1)
FNDA:1,(anonymous_2)
FNDA:3,(anonymous_3)
FNDA:2,(anonymous_4)
FNDA:2,(anonymous_5)
FNDA:3,(anonymous_6)
DA:4,13
DA:5,12
DA:7,3
DA:13,1
DA:14,1
DA:18,3
DA:25,2
DA:31,2
DA:37,3
DA:53,13
LF:10
LH:10
BRF:0
BRH:0
end_of_record
TN:
SF:src\features\auth\components\LoginForm.tsx
FN:14,(anonymous_0)
FN:26,(anonymous_1)
FNF:2
FNH:2
FNDA:49,(anonymous_0)
FNDA:10,(anonymous_1)
DA:14,7
DA:20,49
DA:21,49
DA:22,49
DA:24,49
DA:26,49
DA:27,10
DA:29,10
DA:30,10
DA:31,10
DA:33,10
DA:34,6
DA:37,6
DA:38,3
DA:39,3
DA:40,3
DA:42,3
DA:43,3
DA:49,4
DA:50,4
DA:53,4
DA:55,4
LF:22
LH:22
BRDA:37,0,0,3
BRDA:37,0,1,3
BRDA:37,1,0,6
BRDA:37,1,1,4
BRDA:50,2,0,3
BRDA:50,2,1,1
BRDA:50,3,0,4
BRDA:50,3,1,4
BRDA:50,3,2,4
BRDA:53,4,0,4
BRDA:53,4,1,1
BRDA:77,5,0,49
BRDA:93,6,0,49
BRDA:96,7,0,49
BRDA:99,8,0,0
BRDA:99,8,1,49
BRF:16
BRH:15
end_of_record
TN:
SF:src\features\auth\components\RequireAuth.tsx
FN:11,(anonymous_0)
FNF:1
FNH:1
FNDA:3,(anonymous_0)
DA:11,5
DA:12,3
DA:13,3
DA:14,3
DA:16,3
DA:22,2
DA:23,2
DA:25,2
DA:32,1
LF:9
LH:9
BRDA:16,0,0,1
BRDA:16,0,1,2
BRDA:16,1,0,3
BRDA:16,1,1,2
BRDA:22,2,0,2
BRDA:22,2,1,0
BRDA:22,3,0,2
BRDA:22,3,1,2
BRDA:25,4,0,1
BRDA:25,4,1,1
BRF:10
BRH:9
end_of_record
TN:
SF:src\features\auth\components\RequirePasswordChange.tsx
FN:12,(anonymous_0)
FN:14,(anonymous_1)
FNF:2
FNH:1
FNDA:3,(anonymous_0)
FNDA:0,(anonymous_1)
DA:12,5
DA:13,3
DA:14,3
DA:16,3
DA:20,2
LF:5
LH:5
BRDA:16,0,0,1
BRDA:16,0,1,2
BRDA:16,1,0,3
BRDA:16,1,1,2
BRF:4
BRH:4
end_of_record
TN:
SF:src\features\dashboard\api\dashboardApiSlice.ts
FN:80,(anonymous_0)
FN:82,(anonymous_1)
FN:86,(anonymous_2)
FN:90,(anonymous_3)
FN:94,(anonymous_4)
FNF:5
FNH:5
FNDA:9,(anonymous_0)
FNDA:2,(anonymous_1)
FNDA:2,(anonymous_2)
FNDA:2,(anonymous_3)
FNDA:1,(anonymous_4)
DA:79,9
DA:80,9
DA:82,2
DA:86,2
DA:90,2
DA:94,1
DA:108,9
LF:7
LH:7
BRF:0
BRH:0
end_of_record
TN:
SF:src\features\dashboard\components\AdminDashboard.tsx
FN:15,(anonymous_0)
FN:19,(anonymous_1)
FN:110,(anonymous_2)
FN:161,(anonymous_3)
FN:177,(anonymous_4)
FN:214,(anonymous_5)
FNF:6
FNH:6
FNDA:40,(anonymous_0)
FNDA:5,(anonymous_1)
FNDA:8,(anonymous_2)
FNDA:7,(anonymous_3)
FNDA:5,(anonymous_4)
FNDA:2,(anonymous_5)
DA:15,8
DA:16,40
DA:17,40
DA:19,40
DA:20,5
DA:21,5
DA:22,3
DA:23,3
DA:25,2
DA:26,2
DA:30,40
DA:38,38
DA:46,36
DA:111,8
DA:162,7
DA:178,5
DA:215,2
LF:17
LH:17
BRDA:30,0,0,2
BRDA:30,0,1,38
BRDA:38,1,0,2
BRDA:38,1,1,36
BRDA:46,2,0,2
BRDA:46,2,1,34
BRDA:60,3,0,2
BRDA:85,4,0,34
BRDA:85,4,1,32
BRDA:105,5,0,34
BRDA:105,5,1,34
BRDA:121,6,0,4
BRDA:121,6,1,4
BRDA:123,7,0,2
BRDA:123,7,1,2
BRDA:161,8,0,7
BRDA:160,9,0,34
BRDA:160,9,1,34
BRDA:167,10,0,4
BRDA:167,10,1,3
BRDA:185,11,0,7
BRDA:185,11,1,7
BRDA:214,12,0,2
BRDA:213,13,0,34
BRDA:213,13,1,34
BRF:25
BRH:25
end_of_record
TN:
SF:src\features\dashboard\components\ServiceWidgets.tsx
FN:18,(anonymous_0)
FNF:1
FNH:1
FNDA:3,(anonymous_0)
DA:18,8
LF:1
LH:1
BRF:0
BRH:0
end_of_record
TN:
SF:src\features\dashboard\components\SuperAdminDashboard.tsx
FN:23,(anonymous_0)
FN:24,(anonymous_1)
FN:25,(anonymous_2)
FN:27,(anonymous_3)
FN:33,(anonymous_4)
FN:34,(anonymous_5)
FN:39,(anonymous_6)
FN:40,(anonymous_7)
FN:41,(anonymous_8)
FN:49,(anonymous_9)
FN:53,(anonymous_10)
FN:62,(anonymous_11)
FN:115,(anonymous_12)
FN:121,(anonymous_13)
FN:213,(anonymous_14)
FN:224,(anonymous_15)
FN:226,(anonymous_16)
FN:231,(anonymous_17)
FN:251,(anonymous_18)
FN:251,(anonymous_19)
FN:258,(anonymous_20)
FN:258,(anonymous_21)
FN:274,(anonymous_22)
FNF:23
FNH:15
FNDA:22,(anonymous_0)
FNDA:18,(anonymous_1)
FNDA:0,(anonymous_2)
FNDA:0,(anonymous_3)
FNDA:0,(anonymous_4)
FNDA:0,(anonymous_5)
FNDA:0,(anonymous_6)
FNDA:0,(anonymous_7)
FNDA:0,(anonymous_8)
FNDA:18,(anonymous_9)
FNDA:22,(anonymous_10)
FNDA:2,(anonymous_11)
FNDA:36,(anonymous_12)
FNDA:36,(anonymous_13)
FNDA:72,(anonymous_14)
FNDA:36,(anonymous_15)
FNDA:144,(anonymous_16)
FNDA:0,(anonymous_17)
FNDA:1,(anonymous_18)
FNDA:1,(anonymous_19)
FNDA:3,(anonymous_20)
FNDA:3,(anonymous_21)
FNDA:2,(anonymous_22)
DA:23,7
DA:24,22
DA:25,18
DA:27,0
DA:29,0
DA:33,0
DA:34,0
DA:35,0
DA:39,0
DA:40,0
DA:41,0
DA:42,0
DA:49,18
DA:53,7
DA:54,22
DA:55,22
DA:56,22
DA:57,22
DA:60,22
DA:62,22
DA:63,2
DA:64,2
DA:65,1
DA:66,1
DA:68,1
DA:69,1
DA:73,22
DA:81,21
DA:89,20
DA:98,18
DA:99,18
DA:100,18
DA:101,18
DA:103,18
DA:116,36
DA:122,36
DA:214,72
DA:225,36
DA:227,144
DA:231,0
DA:251,1
DA:258,3
DA:275,2
LF:43
LH:33
BRDA:73,0,0,1
BRDA:73,0,1,21
BRDA:81,1,0,1
BRDA:81,1,1,20
BRDA:89,2,0,2
BRDA:89,2,1,18
BRDA:89,3,0,20
BRDA:89,3,1,19
BRDA:89,3,2,19
BRDA:116,4,0,36
BRDA:116,4,1,0
BRDA:132,5,0,1
BRDA:178,6,0,1
BRDA:178,6,1,17
BRDA:180,7,0,1
BRDA:180,7,1,16
BRDA:229,8,0,72
BRDA:229,8,1,72
BRF:18
BRH:17
end_of_record
TN:
SF:src\features\dashboard\components\UserDashboard.tsx
FN:10,(anonymous_0)
FN:14,(anonymous_1)
FN:69,(anonymous_2)
FNF:3
FNH:3
FNDA:22,(anonymous_0)
FNDA:4,(anonymous_1)
FNDA:4,(anonymous_2)
DA:10,8
DA:11,22
DA:12,22
DA:14,22
DA:15,4
DA:16,4
DA:17,3
DA:18,3
DA:20,1
DA:21,1
DA:25,22
DA:33,20
DA:41,18
DA:70,4
LF:14
LH:14
BRDA:25,0,0,2
BRDA:25,0,1,20
BRDA:33,1,0,2
BRDA:33,1,1,18
BRDA:41,2,0,2
BRDA:41,2,1,16
BRDA:55,3,0,3
BRDA:68,4,0,3
BRF:8
BRH:8
end_of_record
TN:
SF:src\features\documentos\api\documentosApiSlice.ts
FN:77,(anonymous_0)
FN:87,(anonymous_1)
FN:92,(anonymous_2)
FN:93,(anonymous_3)
FN:98,(anonymous_4)
FN:99,(anonymous_5)
FN:107,(anonymous_6)
FN:108,(anonymous_7)
FN:112,(anonymous_8)
FN:116,(anonymous_9)
FN:120,(anonymous_10)
FN:121,(anonymous_11)
FN:126,(anonymous_12)
FN:127,(anonymous_13)
FN:132,(anonymous_14)
FN:133,(anonymous_15)
FN:138,(anonymous_16)
FN:138,(anonymous_17)
FN:143,(anonymous_18)
FN:148,(anonymous_19)
FN:158,(anonymous_20)
FN:161,(anonymous_21)
FN:169,(anonymous_22)
FN:172,(anonymous_23)
FN:180,(anonymous_24)
FN:181,(anonymous_25)
FN:191,(anonymous_26)
FN:192,(anonymous_27)
FN:199,(anonymous_28)
FN:200,(anonymous_29)
FN:207,(anonymous_30)
FN:208,(anonymous_31)
FN:212,(anonymous_32)
FN:219,(anonymous_33)
FN:220,(anonymous_34)
FN:231,(anonymous_35)
FN:234,(anonymous_36)
FN:241,(anonymous_37)
FN:242,(anonymous_38)
FN:249,(anonymous_39)
FN:250,(anonymous_40)
FN:254,(anonymous_41)
FN:263,(anonymous_42)
FN:264,(anonymous_43)
FN:271,(anonymous_44)
FN:272,(anonymous_45)
FN:276,(anonymous_46)
FN:304,(anonymous_47)
FN:307,(anonymous_48)
FN:325,(anonymous_49)
FN:328,(anonymous_50)
FN:333,(anonymous_51)
FN:334,(anonymous_52)
FN:338,(anonymous_53)
FN:350,(anonymous_54)
FN:353,(anonymous_55)
FN:360,(anonymous_56)
FN:361,(anonymous_57)
FN:364,(anonymous_58)
FN:365,(anonymous_59)
FN:369,(anonymous_60)
FN:370,(anonymous_61)
FN:374,(anonymous_62)
FN:383,(anonymous_63)
FN:386,(anonymous_64)
FN:390,(anonymous_65)
FN:391,(anonymous_66)
FN:395,(anonymous_67)
FN:396,(anonymous_68)
FN:400,(anonymous_69)
FN:409,(anonymous_70)
FN:412,(anonymous_71)
FN:416,(anonymous_72)
FN:417,(anonymous_73)
FN:421,(anonymous_74)
FN:422,(anonymous_75)
FN:426,(anonymous_76)
FN:437,(anonymous_77)
FN:438,(anonymous_78)
FN:445,(anonymous_79)
FN:446,(anonymous_80)
FN:450,(anonymous_81)
FN:451,(anonymous_82)
FN:458,(anonymous_83)
FN:463,(anonymous_84)
FN:484,(anonymous_85)
FN:485,(anonymous_86)
FN:498,(anonymous_87)
FN:499,(anonymous_88)
FN:506,(anonymous_89)
FN:507,(anonymous_90)
FN:511,(anonymous_91)
FN:518,(anonymous_92)
FN:519,(anonymous_93)
FN:523,(anonymous_94)
FN:534,(anonymous_95)
FN:535,(anonymous_96)
FN:539,(anonymous_97)
FN:540,(anonymous_98)
FN:544,(anonymous_99)
FN:545,(anonymous_100)
FN:549,(anonymous_101)
FN:550,(anonymous_102)
FN:554,(anonymous_103)
FN:570,(anonymous_104)
FN:571,(anonymous_105)
FN:575,(anonymous_106)
FN:576,(anonymous_107)
FN:586,(anonymous_108)
FN:596,(anonymous_109)
FN:633,(anonymous_110)
FN:653,(anonymous_111)
FN:654,(anonymous_112)
FN:659,(anonymous_113)
FN:659,(anonymous_114)
FN:668,(anonymous_115)
FN:676,(anonymous_116)
FN:682,(anonymous_117)
FN:698,(anonymous_118)
FN:702,(anonymous_119)
FN:711,(anonymous_120)
FN:714,(anonymous_121)
FN:726,(anonymous_122)
FN:728,(anonymous_123)
FN:742,(anonymous_124)
FN:754,(anonymous_125)
FN:769,(anonymous_126)
FN:786,(anonymous_127)
FN:797,(anonymous_128)
FN:804,(anonymous_129)
FN:805,(anonymous_130)
FN:806,(anonymous_131)
FN:828,(anonymous_132)
FN:832,(anonymous_133)
FN:836,(anonymous_134)
FN:842,(anonymous_135)
FN:842,(anonymous_136)
FN:850,(anonymous_137)
FN:859,(anonymous_138)
FN:860,(anonymous_139)
FN:867,(anonymous_140)
FN:868,(anonymous_141)
FN:869,(anonymous_142)
FN:872,(anonymous_143)
FN:873,(anonymous_144)
FN:888,(anonymous_145)
FN:892,(anonymous_146)
FN:893,(anonymous_147)
FN:896,(anonymous_148)
FN:900,(anonymous_149)
FN:904,(anonymous_150)
FN:905,(anonymous_151)
FN:906,(anonymous_152)
FN:918,(anonymous_153)
FN:927,(anonymous_154)
FN:931,(anonymous_155)
FN:932,(anonymous_156)
FN:935,(anonymous_157)
FN:936,(anonymous_158)
FN:940,(anonymous_159)
FN:944,(anonymous_160)
FN:948,(anonymous_161)
FN:949,(anonymous_162)
FN:953,(anonymous_163)
FN:954,(anonymous_164)
FN:962,(anonymous_165)
FN:966,(anonymous_166)
FN:977,(anonymous_167)
FN:979,(anonymous_168)
FN:984,(anonymous_169)
FN:1025,(anonymous_170)
FN:1033,(anonymous_171)
FN:1069,(anonymous_172)
FN:1070,(anonymous_173)
FN:1089,(anonymous_174)
FN:1090,(anonymous_175)
FN:1095,(anonymous_176)
FN:1096,(anonymous_177)
FN:1101,(anonymous_178)
FN:1102,(anonymous_179)
FN:1107,(anonymous_180)
FN:1108,(anonymous_181)
FN:1114,(anonymous_182)
FN:1128,(anonymous_183)
FN:1129,(anonymous_184)
FN:1139,(anonymous_185)
FN:1143,(anonymous_186)
FN:1149,(anonymous_187)
FN:1150,(anonymous_188)
FN:1151,(anonymous_189)
FN:1159,(anonymous_190)
FN:1164,(anonymous_191)
FN:1172,(anonymous_192)
FN:1176,(anonymous_193)
FN:1184,(anonymous_194)
FN:1188,(anonymous_195)
FN:1201,(anonymous_196)
FN:1205,(anonymous_197)
FN:1214,(anonymous_198)
FN:1215,(anonymous_199)
FN:1220,(anonymous_200)
FN:1228,(anonymous_201)
FN:1236,(anonymous_202)
FN:1244,(anonymous_203)
FN:1258,(anonymous_204)
FN:1262,(anonymous_205)
FN:1270,(anonymous_206)
FN:1271,(anonymous_207)
FNF:208
FNH:187
FNDA:188,(anonymous_0)
FNDA:96,(anonymous_1)
FNDA:27,(anonymous_2)
FNDA:2,(anonymous_3)
FNDA:0,(anonymous_4)
FNDA:0,(anonymous_5)
FNDA:3,(anonymous_6)
FNDA:3,(anonymous_7)
FNDA:1,(anonymous_8)
FNDA:2,(anonymous_9)
FNDA:1,(anonymous_10)
FNDA:1,(anonymous_11)
FNDA:2,(anonymous_12)
FNDA:2,(anonymous_13)
FNDA:1,(anonymous_14)
FNDA:1,(anonymous_15)
FNDA:1,(anonymous_16)
FNDA:1,(anonymous_17)
FNDA:1,(anonymous_18)
FNDA:2,(anonymous_19)
FNDA:2,(anonymous_20)
FNDA:3,(anonymous_21)
FNDA:2,(anonymous_22)
FNDA:2,(anonymous_23)
FNDA:1,(anonymous_24)
FNDA:1,(anonymous_25)
FNDA:8,(anonymous_26)
FNDA:8,(anonymous_27)
FNDA:1,(anonymous_28)
FNDA:1,(anonymous_29)
FNDA:1,(anonymous_30)
FNDA:1,(anonymous_31)
FNDA:1,(anonymous_32)
FNDA:25,(anonymous_33)
FNDA:0,(anonymous_34)
FNDA:4,(anonymous_35)
FNDA:4,(anonymous_36)
FNDA:1,(anonymous_37)
FNDA:1,(anonymous_38)
FNDA:1,(anonymous_39)
FNDA:1,(anonymous_40)
FNDA:1,(anonymous_41)
FNDA:1,(anonymous_42)
FNDA:1,(anonymous_43)
FNDA:1,(anonymous_44)
FNDA:1,(anonymous_45)
FNDA:1,(anonymous_46)
FNDA:1,(anonymous_47)
FNDA:1,(anonymous_48)
FNDA:1,(anonymous_49)
FNDA:1,(anonymous_50)
FNDA:2,(anonymous_51)
FNDA:2,(anonymous_52)
FNDA:1,(anonymous_53)
FNDA:1,(anonymous_54)
FNDA:1,(anonymous_55)
FNDA:1,(anonymous_56)
FNDA:1,(anonymous_57)
FNDA:1,(anonymous_58)
FNDA:1,(anonymous_59)
FNDA:1,(anonymous_60)
FNDA:1,(anonymous_61)
FNDA:1,(anonymous_62)
FNDA:1,(anonymous_63)
FNDA:1,(anonymous_64)
FNDA:1,(anonymous_65)
FNDA:1,(anonymous_66)
FNDA:1,(anonymous_67)
FNDA:1,(anonymous_68)
FNDA:1,(anonymous_69)
FNDA:1,(anonymous_70)
FNDA:1,(anonymous_71)
FNDA:1,(anonymous_72)
FNDA:1,(anonymous_73)
FNDA:1,(anonymous_74)
FNDA:1,(anonymous_75)
FNDA:1,(anonymous_76)
FNDA:1,(anonymous_77)
FNDA:1,(anonymous_78)
FNDA:0,(anonymous_79)
FNDA:0,(anonymous_80)
FNDA:1,(anonymous_81)
FNDA:1,(anonymous_82)
FNDA:0,(anonymous_83)
FNDA:0,(anonymous_84)
FNDA:1,(anonymous_85)
FNDA:1,(anonymous_86)
FNDA:1,(anonymous_87)
FNDA:1,(anonymous_88)
FNDA:1,(anonymous_89)
FNDA:1,(anonymous_90)
FNDA:1,(anonymous_91)
FNDA:1,(anonymous_92)
FNDA:1,(anonymous_93)
FNDA:1,(anonymous_94)
FNDA:1,(anonymous_95)
FNDA:1,(anonymous_96)
FNDA:1,(anonymous_97)
FNDA:1,(anonymous_98)
FNDA:1,(anonymous_99)
FNDA:1,(anonymous_100)
FNDA:1,(anonymous_101)
FNDA:1,(anonymous_102)
FNDA:1,(anonymous_103)
FNDA:1,(anonymous_104)
FNDA:1,(anonymous_105)
FNDA:1,(anonymous_106)
FNDA:1,(anonymous_107)
FNDA:2,(anonymous_108)
FNDA:2,(anonymous_109)
FNDA:2,(anonymous_110)
FNDA:1,(anonymous_111)
FNDA:1,(anonymous_112)
FNDA:1,(anonymous_113)
FNDA:1,(anonymous_114)
FNDA:1,(anonymous_115)
FNDA:1,(anonymous_116)
FNDA:5,(anonymous_117)
FNDA:2,(anonymous_118)
FNDA:5,(anonymous_119)
FNDA:0,(anonymous_120)
FNDA:0,(anonymous_121)
FNDA:0,(anonymous_122)
FNDA:0,(anonymous_123)
FNDA:1,(anonymous_124)
FNDA:0,(anonymous_125)
FNDA:2,(anonymous_126)
FNDA:1,(anonymous_127)
FNDA:1,(anonymous_128)
FNDA:1,(anonymous_129)
FNDA:0,(anonymous_130)
FNDA:1,(anonymous_131)
FNDA:1,(anonymous_132)
FNDA:2,(anonymous_133)
FNDA:2,(anonymous_134)
FNDA:0,(anonymous_135)
FNDA:0,(anonymous_136)
FNDA:0,(anonymous_137)
FNDA:0,(anonymous_138)
FNDA:0,(anonymous_139)
FNDA:0,(anonymous_140)
FNDA:0,(anonymous_141)
FNDA:0,(anonymous_142)
FNDA:3,(anonymous_143)
FNDA:3,(anonymous_144)
FNDA:2,(anonymous_145)
FNDA:1,(anonymous_146)
FNDA:1,(anonymous_147)
FNDA:1,(anonymous_148)
FNDA:1,(anonymous_149)
FNDA:2,(anonymous_150)
FNDA:1,(anonymous_151)
FNDA:1,(anonymous_152)
FNDA:1,(anonymous_153)
FNDA:1,(anonymous_154)
FNDA:1,(anonymous_155)
FNDA:1,(anonymous_156)
FNDA:1,(anonymous_157)
FNDA:1,(anonymous_158)
FNDA:1,(anonymous_159)
FNDA:1,(anonymous_160)
FNDA:1,(anonymous_161)
FNDA:1,(anonymous_162)
FNDA:1,(anonymous_163)
FNDA:1,(anonymous_164)
FNDA:1,(anonymous_165)
FNDA:1,(anonymous_166)
FNDA:1,(anonymous_167)
FNDA:12,(anonymous_168)
FNDA:1,(anonymous_169)
FNDA:1,(anonymous_170)
FNDA:1,(anonymous_171)
FNDA:1,(anonymous_172)
FNDA:1,(anonymous_173)
FNDA:1,(anonymous_174)
FNDA:1,(anonymous_175)
FNDA:1,(anonymous_176)
FNDA:1,(anonymous_177)
FNDA:1,(anonymous_178)
FNDA:1,(anonymous_179)
FNDA:1,(anonymous_180)
FNDA:1,(anonymous_181)
FNDA:1,(anonymous_182)
FNDA:1,(anonymous_183)
FNDA:1,(anonymous_184)
FNDA:2,(anonymous_185)
FNDA:2,(anonymous_186)
FNDA:1,(anonymous_187)
FNDA:1,(anonymous_188)
FNDA:1,(anonymous_189)
FNDA:1,(anonymous_190)
FNDA:1,(anonymous_191)
FNDA:1,(anonymous_192)
FNDA:1,(anonymous_193)
FNDA:1,(anonymous_194)
FNDA:1,(anonymous_195)
FNDA:1,(anonymous_196)
FNDA:1,(anonymous_197)
FNDA:1,(anonymous_198)
FNDA:1,(anonymous_199)
FNDA:1,(anonymous_200)
FNDA:1,(anonymous_201)
FNDA:1,(anonymous_202)
FNDA:1,(anonymous_203)
FNDA:1,(anonymous_204)
FNDA:1,(anonymous_205)
FNDA:1,(anonymous_206)
FNDA:1,(anonymous_207)
DA:73,96
DA:78,188
DA:79,188
DA:80,188
DA:81,188
DA:82,188
DA:83,188
DA:87,96
DA:92,27
DA:93,2
DA:98,0
DA:99,0
DA:107,3
DA:108,3
DA:112,1
DA:116,2
DA:120,1
DA:121,1
DA:126,2
DA:127,2
DA:132,1
DA:133,1
DA:138,1
DA:143,1
DA:149,2
DA:150,2
DA:151,2
DA:152,2
DA:159,2
DA:160,2
DA:161,3
DA:162,2
DA:163,2
DA:170,2
DA:171,2
DA:172,2
DA:173,2
DA:174,2
DA:180,1
DA:181,1
DA:191,8
DA:192,8
DA:199,1
DA:200,1
DA:207,1
DA:208,1
DA:212,1
DA:219,25
DA:220,0
DA:231,4
DA:234,4
DA:241,1
DA:242,1
DA:249,1
DA:250,1
DA:254,1
DA:263,1
DA:264,1
DA:271,1
DA:272,1
DA:276,1
DA:304,1
DA:307,1
DA:325,1
DA:328,1
DA:333,2
DA:334,2
DA:338,1
DA:350,1
DA:353,1
DA:360,1
DA:361,1
DA:364,1
DA:365,1
DA:369,1
DA:370,1
DA:374,1
DA:383,1
DA:386,1
DA:390,1
DA:391,1
DA:395,1
DA:396,1
DA:400,1
DA:409,1
DA:412,1
DA:416,1
DA:417,1
DA:421,1
DA:422,1
DA:426,1
DA:437,1
DA:438,1
DA:445,0
DA:446,0
DA:450,1
DA:451,1
DA:459,0
DA:460,0
DA:461,0
DA:463,0
DA:484,1
DA:485,1
DA:498,1
DA:499,1
DA:506,1
DA:507,1
DA:511,1
DA:518,1
DA:519,1
DA:523,1
DA:534,1
DA:535,1
DA:539,1
DA:540,1
DA:544,1
DA:545,1
DA:549,1
DA:550,1
DA:554,1
DA:570,1
DA:571,1
DA:575,1
DA:576,1
DA:587,2
DA:588,2
DA:589,2
DA:590,2
DA:591,2
DA:592,2
DA:593,2
DA:594,2
DA:596,2
DA:634,2
DA:635,2
DA:636,2
DA:637,2
DA:638,2
DA:639,2
DA:640,2
DA:641,2
DA:642,2
DA:643,2
DA:644,2
DA:645,2
DA:646,2
DA:653,1
DA:654,1
DA:659,1
DA:669,1
DA:670,1
DA:671,1
DA:672,1
DA:673,1
DA:674,1
DA:676,1
DA:684,5
DA:685,1
DA:687,4
DA:688,4
DA:689,4
DA:690,4
DA:691,4
DA:692,4
DA:693,4
DA:694,4
DA:695,4
DA:696,4
DA:697,4
DA:698,4
DA:699,3
DA:700,4
DA:703,5
DA:704,5
DA:705,5
DA:707,5
DA:712,0
DA:714,0
DA:715,0
DA:720,5
DA:721,5
DA:722,0
DA:727,0
DA:728,0
DA:729,0
DA:742,1
DA:754,0
DA:770,2
DA:772,2
DA:774,2
DA:776,2
DA:786,1
DA:797,1
DA:804,1
DA:805,0
DA:807,1
DA:808,1
DA:828,1
DA:833,2
DA:834,2
DA:836,2
DA:842,0
DA:851,0
DA:852,0
DA:853,0
DA:854,0
DA:855,0
DA:856,0
DA:857,0
DA:859,0
DA:861,0
DA:862,0
DA:867,0
DA:868,0
DA:869,0
DA:873,3
DA:874,3
DA:875,2
DA:877,1
DA:879,3
DA:888,2
DA:892,1
DA:893,1
DA:896,1
DA:900,1
DA:904,2
DA:905,1
DA:907,1
DA:908,1
DA:919,1
DA:920,1
DA:921,1
DA:922,1
DA:923,1
DA:924,1
DA:925,1
DA:927,1
DA:931,1
DA:932,1
DA:935,1
DA:936,1
DA:940,1
DA:944,1
DA:948,1
DA:949,1
DA:953,1
DA:954,1
DA:962,1
DA:966,1
DA:978,1
DA:979,1
DA:980,12
DA:982,1
DA:984,1
DA:1026,1
DA:1027,1
DA:1028,1
DA:1029,1
DA:1030,1
DA:1031,1
DA:1033,1
DA:1069,1
DA:1070,1
DA:1089,1
DA:1090,1
DA:1095,1
DA:1096,1
DA:1101,1
DA:1102,1
DA:1107,1
DA:1108,1
DA:1115,1
DA:1116,1
DA:1117,1
DA:1128,1
DA:1129,1
DA:1139,2
DA:1143,2
DA:1149,1
DA:1150,1
DA:1151,1
DA:1159,1
DA:1164,1
DA:1172,1
DA:1176,1
DA:1184,1
DA:1188,1
DA:1201,1
DA:1205,1
DA:1214,1
DA:1215,1
DA:1220,1
DA:1228,1
DA:1236,1
DA:1244,1
DA:1258,1
DA:1262,1
DA:1270,1
DA:1271,1
DA:1423,96
LF:300
LH:268
BRDA:76,0,0,96
BRDA:76,0,1,0
BRDA:81,1,0,188
BRDA:81,1,1,0
BRDA:82,2,0,188
BRDA:82,2,1,0
BRDA:93,3,0,2
BRDA:93,3,1,0
BRDA:99,4,0,0
BRDA:99,4,1,0
BRDA:108,5,0,3
BRDA:108,5,1,0
BRDA:121,6,0,1
BRDA:121,6,1,0
BRDA:127,7,0,2
BRDA:127,7,1,0
BRDA:133,8,0,1
BRDA:133,8,1,0
BRDA:151,9,0,1
BRDA:151,9,1,1
BRDA:160,10,0,2
BRDA:160,10,1,0
BRDA:162,11,0,1
BRDA:162,11,1,1
BRDA:171,12,0,2
BRDA:171,12,1,0
BRDA:173,13,0,1
BRDA:173,13,1,1
BRDA:191,14,0,0
BRDA:191,15,0,1
BRDA:191,15,1,7
BRDA:192,16,0,8
BRDA:192,16,1,6
BRDA:220,17,0,0
BRDA:220,17,1,0
BRDA:220,18,0,0
BRDA:220,18,1,0
BRDA:231,19,0,0
BRDA:232,20,0,0
BRDA:232,20,1,4
BRDA:234,21,0,4
BRDA:234,21,1,4
BRDA:264,22,0,1
BRDA:264,22,1,0
BRDA:307,23,0,1
BRDA:307,23,1,0
BRDA:328,24,0,1
BRDA:328,24,1,0
BRDA:334,25,0,2
BRDA:334,25,1,1
BRDA:351,26,0,1
BRDA:351,26,1,0
BRDA:351,27,0,1
BRDA:351,27,1,0
BRDA:351,28,0,1
BRDA:351,28,1,0
BRDA:351,29,0,1
BRDA:351,29,1,0
BRDA:353,30,0,1
BRDA:353,30,1,0
BRDA:361,31,0,1
BRDA:361,31,1,0
BRDA:384,32,0,1
BRDA:384,32,1,0
BRDA:384,33,0,1
BRDA:384,33,1,0
BRDA:384,34,0,1
BRDA:384,34,1,0
BRDA:384,35,0,1
BRDA:384,35,1,0
BRDA:386,36,0,1
BRDA:386,36,1,0
BRDA:410,37,0,1
BRDA:410,37,1,0
BRDA:410,38,0,1
BRDA:410,38,1,0
BRDA:410,39,0,0
BRDA:410,39,1,1
BRDA:410,40,0,0
BRDA:410,40,1,1
BRDA:412,41,0,1
BRDA:412,41,1,0
BRDA:438,42,0,1
BRDA:438,42,1,0
BRDA:446,43,0,0
BRDA:446,43,1,0
BRDA:451,44,0,1
BRDA:451,44,1,0
BRDA:460,45,0,0
BRDA:460,45,1,0
BRDA:571,46,0,1
BRDA:571,46,1,0
BRDA:576,47,0,1
BRDA:576,47,1,0
BRDA:588,48,0,2
BRDA:588,48,1,0
BRDA:589,49,0,1
BRDA:589,49,1,1
BRDA:590,50,0,0
BRDA:590,50,1,2
BRDA:591,51,0,1
BRDA:591,51,1,1
BRDA:592,52,0,1
BRDA:592,52,1,1
BRDA:593,53,0,0
BRDA:593,53,1,2
BRDA:596,54,0,2
BRDA:596,54,1,0
BRDA:633,55,0,0
BRDA:633,56,0,0
BRDA:633,57,0,1
BRDA:637,58,0,1
BRDA:637,58,1,1
BRDA:638,59,0,0
BRDA:638,59,1,2
BRDA:639,60,0,1
BRDA:639,60,1,1
BRDA:640,61,0,0
BRDA:640,61,1,2
BRDA:641,62,0,0
BRDA:641,62,1,2
BRDA:642,63,0,0
BRDA:642,63,1,2
BRDA:643,64,0,0
BRDA:643,64,1,2
BRDA:644,65,0,2
BRDA:644,65,1,0
BRDA:645,66,0,1
BRDA:645,66,1,1
BRDA:654,67,0,1
BRDA:654,67,1,0
BRDA:668,68,0,0
BRDA:668,69,0,0
BRDA:670,70,0,1
BRDA:670,70,1,0
BRDA:674,71,0,1
BRDA:674,71,1,0
BRDA:676,72,0,1
BRDA:676,72,1,0
BRDA:676,73,0,1
BRDA:676,73,1,0
BRDA:676,74,0,0
BRDA:676,74,1,0
BRDA:676,75,0,0
BRDA:676,75,1,0
BRDA:684,76,0,1
BRDA:684,76,1,4
BRDA:684,77,0,5
BRDA:684,77,1,5
BRDA:687,78,0,0
BRDA:687,79,0,4
BRDA:687,79,1,0
BRDA:689,80,0,4
BRDA:689,80,1,0
BRDA:690,81,0,4
BRDA:690,81,1,0
BRDA:691,82,0,4
BRDA:691,82,1,0
BRDA:692,83,0,4
BRDA:692,83,1,0
BRDA:693,84,0,1
BRDA:693,84,1,3
BRDA:694,85,0,2
BRDA:694,85,1,2
BRDA:694,86,0,0
BRDA:694,86,1,2
BRDA:696,87,0,1
BRDA:696,87,1,3
BRDA:697,88,0,4
BRDA:697,88,1,0
BRDA:698,89,0,1
BRDA:698,89,1,3
BRDA:699,90,0,1
BRDA:699,90,1,2
BRDA:712,91,0,0
BRDA:712,91,1,0
BRDA:715,92,0,0
BRDA:715,92,1,0
BRDA:721,93,0,0
BRDA:721,93,1,5
BRDA:727,94,0,0
BRDA:727,94,1,0
BRDA:729,95,0,0
BRDA:729,95,1,0
BRDA:772,96,0,1
BRDA:772,96,1,1
BRDA:774,97,0,2
BRDA:774,97,1,0
BRDA:805,98,0,0
BRDA:805,98,1,0
BRDA:834,99,0,1
BRDA:834,99,1,1
BRDA:836,100,0,2
BRDA:836,100,1,0
BRDA:850,101,0,0
BRDA:852,102,0,0
BRDA:852,102,1,0
BRDA:853,103,0,0
BRDA:853,103,1,0
BRDA:854,104,0,0
BRDA:854,104,1,0
BRDA:855,105,0,0
BRDA:855,105,1,0
BRDA:857,106,0,0
BRDA:857,106,1,0
BRDA:859,107,0,0
BRDA:859,107,1,0
BRDA:868,108,0,0
BRDA:868,108,1,0
BRDA:874,109,0,1
BRDA:874,109,1,2
BRDA:875,110,0,1
BRDA:875,110,1,1
BRDA:905,111,0,1
BRDA:905,111,1,1
BRDA:920,112,0,1
BRDA:920,112,1,0
BRDA:921,113,0,1
BRDA:921,113,1,0
BRDA:922,114,0,1
BRDA:922,114,1,0
BRDA:923,115,0,1
BRDA:923,115,1,0
BRDA:925,116,0,1
BRDA:925,116,1,0
BRDA:927,117,0,1
BRDA:927,117,1,0
BRDA:927,117,2,0
BRDA:932,118,0,1
BRDA:932,118,1,0
BRDA:949,119,0,1
BRDA:949,119,1,0
BRDA:954,120,0,1
BRDA:954,120,1,0
BRDA:977,121,0,0
BRDA:980,122,0,12
BRDA:980,122,1,0
BRDA:980,123,0,12
BRDA:980,123,1,12
BRDA:980,123,2,12
BRDA:985,124,0,1
BRDA:985,124,1,0
BRDA:986,125,0,1
BRDA:986,125,1,0
BRDA:987,126,0,1
BRDA:987,126,1,0
BRDA:988,127,0,1
BRDA:988,127,1,0
BRDA:989,128,0,1
BRDA:989,128,1,0
BRDA:1025,129,0,0
BRDA:1025,130,0,0
BRDA:1025,131,0,0
BRDA:1025,132,0,0
BRDA:1029,133,0,1
BRDA:1029,133,1,0
BRDA:1030,134,0,1
BRDA:1030,134,1,0
BRDA:1033,135,0,1
BRDA:1033,135,1,0
BRDA:1070,136,0,1
BRDA:1070,136,1,0
BRDA:1090,137,0,1
BRDA:1090,137,1,0
BRDA:1096,138,0,1
BRDA:1096,138,1,0
BRDA:1102,139,0,1
BRDA:1102,139,1,0
BRDA:1108,140,0,1
BRDA:1108,140,1,0
BRDA:1129,141,0,1
BRDA:1129,141,1,0
BRDA:1139,142,0,0
BRDA:1139,143,0,0
BRDA:1144,144,0,2
BRDA:1144,144,1,0
BRDA:1145,145,0,2
BRDA:1145,145,1,0
BRDA:1150,146,0,1
BRDA:1150,146,1,0
BRDA:1184,147,0,0
BRDA:1184,148,0,0
BRDA:1189,149,0,1
BRDA:1189,149,1,0
BRDA:1190,150,0,1
BRDA:1190,150,1,0
BRDA:1201,151,0,0
BRDA:1201,152,0,0
BRDA:1201,153,0,0
BRDA:1206,154,0,1
BRDA:1206,154,1,0
BRDA:1207,155,0,1
BRDA:1207,155,1,0
BRDA:1208,156,0,1
BRDA:1208,156,1,0
BRDA:1215,157,0,1
BRDA:1215,157,1,0
BRDA:1258,158,0,0
BRDA:1258,159,0,0
BRDA:1263,160,0,1
BRDA:1263,160,1,0
BRDA:1264,161,0,1
BRDA:1264,161,1,0
BRDA:1271,162,0,1
BRDA:1271,162,1,0
BRF:305
BRH:149
end_of_record
TN:
SF:src\features\documentos\components\CameraCapture.tsx
FN:13,(anonymous_0)
FN:20,(anonymous_1)
FN:21,(anonymous_2)
FN:59,(anonymous_3)
FN:82,(anonymous_4)
FN:84,(anonymous_5)
FN:96,(anonymous_6)
FN:107,(anonymous_7)
FN:107,(anonymous_8)
FN:110,(anonymous_9)
FN:113,(anonymous_10)
FN:114,(anonymous_11)
FN:114,(anonymous_12)
FN:138,(anonymous_13)
FN:141,(anonymous_14)
FN:149,(anonymous_15)
FNF:16
FNH:10
FNDA:98,(anonymous_0)
FNDA:64,(anonymous_1)
FNDA:64,(anonymous_2)
FNDA:0,(anonymous_3)
FNDA:64,(anonymous_4)
FNDA:25,(anonymous_5)
FNDA:16,(anonymous_6)
FNDA:16,(anonymous_7)
FNDA:9,(anonymous_8)
FNDA:9,(anonymous_9)
FNDA:0,(anonymous_10)
FNDA:0,(anonymous_11)
FNDA:0,(anonymous_12)
FNDA:12,(anonymous_13)
FNDA:0,(anonymous_14)
FNDA:0,(anonymous_15)
DA:13,10
DA:14,98
DA:15,98
DA:16,98
DA:17,98
DA:18,98
DA:20,98
DA:21,64
DA:22,64
DA:23,50
DA:26,50
DA:27,2
DA:28,2
DA:32,48
DA:33,6
DA:34,6
DA:37,42
DA:38,1
DA:39,1
DA:42,41
DA:44,41
DA:45,25
DA:46,25
DA:47,7
DA:48,7
DA:52,34
DA:56,34
DA:57,34
DA:58,34
DA:59,34
DA:62,0
DA:63,0
DA:65,0
DA:66,0
DA:67,0
DA:68,0
DA:69,0
DA:70,0
DA:71,0
DA:72,0
DA:73,0
DA:74,0
DA:77,0
DA:80,64
DA:81,64
DA:82,64
DA:83,64
DA:84,25
DA:85,25
DA:87,64
DA:88,50
DA:90,64
DA:94,98
DA:96,81
DA:97,16
DA:98,16
DA:99,16
DA:100,16
DA:101,16
DA:102,16
DA:103,16
DA:104,16
DA:105,16
DA:106,16
DA:107,16
DA:108,9
DA:109,9
DA:110,9
DA:113,81
DA:114,0
DA:139,12
DA:141,0
DA:149,0
LF:73
LH:57
BRDA:22,0,0,14
BRDA:22,0,1,50
BRDA:26,1,0,2
BRDA:26,1,1,48
BRDA:26,2,0,50
BRDA:26,2,1,48
BRDA:32,3,0,6
BRDA:32,3,1,42
BRDA:37,4,0,1
BRDA:37,4,1,41
BRDA:44,5,0,25
BRDA:44,5,1,16
BRDA:46,6,0,7
BRDA:46,6,1,18
BRDA:57,7,0,34
BRDA:57,7,1,0
BRDA:65,8,0,0
BRDA:65,8,1,0
BRDA:67,9,0,0
BRDA:67,9,1,0
BRDA:69,10,0,0
BRDA:69,10,1,0
BRDA:71,11,0,0
BRDA:71,11,1,0
BRDA:73,12,0,0
BRDA:73,12,1,0
BRDA:83,13,0,25
BRDA:83,13,1,39
BRDA:87,14,0,50
BRDA:87,14,1,14
BRDA:94,15,0,17
BRDA:94,15,1,81
BRDA:97,16,0,0
BRDA:97,16,1,16
BRDA:100,17,0,16
BRDA:100,17,1,16
BRDA:101,18,0,16
BRDA:101,18,1,16
BRDA:105,19,0,0
BRDA:105,19,1,16
BRDA:108,20,0,0
BRDA:108,20,1,9
BRDA:121,21,0,81
BRDA:121,21,1,73
BRDA:125,22,0,81
BRDA:134,23,0,81
BRF:46
BRH:32
end_of_record
TN:
SF:src\features\documentos\components\DocumentPreview.tsx
FN:22,(anonymous_0)
FN:31,(anonymous_1)
FN:42,(anonymous_2)
FN:44,(anonymous_3)
FN:48,(anonymous_4)
FN:108,(anonymous_5)
FN:123,(anonymous_6)
FN:143,(anonymous_7)
FN:150,(anonymous_8)
FN:173,(anonymous_9)
FN:187,(anonymous_10)
FN:235,(anonymous_11)
FN:300,(anonymous_12)
FN:400,(anonymous_13)
FN:425,(anonymous_14)
FNF:15
FNH:8
FNDA:51,(anonymous_0)
FNDA:1,(anonymous_1)
FNDA:33,(anonymous_2)
FNDA:33,(anonymous_3)
FNDA:13,(anonymous_4)
FNDA:0,(anonymous_5)
FNDA:0,(anonymous_6)
FNDA:0,(anonymous_7)
FNDA:0,(anonymous_8)
FNDA:29,(anonymous_9)
FNDA:1,(anonymous_10)
FNDA:37,(anonymous_11)
FNDA:0,(anonymous_12)
FNDA:0,(anonymous_13)
FNDA:0,(anonymous_14)
DA:22,5
DA:27,51
DA:28,51
DA:29,51
DA:30,51
DA:31,51
DA:34,51
DA:35,51
DA:38,51
DA:39,51
DA:42,51
DA:43,33
DA:44,33
DA:45,33
DA:48,51
DA:49,13
DA:51,13
DA:52,13
DA:54,13
DA:55,13
DA:56,13
DA:59,12
DA:68,12
DA:70,0
DA:71,0
DA:72,0
DA:73,0
DA:74,0
DA:76,0
DA:77,0
DA:80,0
DA:81,0
DA:86,0
DA:89,12
DA:91,12
DA:94,12
DA:95,12
DA:96,12
DA:99,12
DA:103,12
DA:105,12
DA:106,12
DA:107,12
DA:108,12
DA:110,12
DA:117,12
DA:119,12
DA:121,0
DA:122,0
DA:123,0
DA:124,0
DA:127,0
DA:128,0
DA:129,0
DA:132,12
DA:133,12
DA:134,12
DA:135,12
DA:138,0
DA:141,0
DA:142,0
DA:143,0
DA:144,0
DA:148,0
DA:149,0
DA:150,0
DA:151,0
DA:155,0
DA:156,0
DA:162,0
DA:163,0
DA:167,1
DA:169,13
DA:173,51
DA:174,29
DA:175,13
DA:178,16
DA:179,0
DA:181,16
DA:182,16
DA:183,16
DA:187,51
DA:188,1
DA:190,1
DA:191,1
DA:194,1
DA:195,1
DA:196,1
DA:198,1
DA:205,1
DA:206,1
DA:209,0
DA:212,0
DA:213,0
DA:214,0
DA:215,0
DA:218,0
DA:219,0
DA:220,0
DA:223,0
DA:226,1
DA:227,1
DA:229,1
DA:235,51
DA:236,37
DA:238,37
DA:240,0
DA:242,0
DA:244,0
DA:246,0
DA:248,0
DA:254,51
DA:300,0
DA:400,0
DA:426,0
LF:115
LH:67
BRDA:39,0,0,51
BRDA:39,0,1,0
BRDA:39,1,0,0
BRDA:39,1,1,0
BRDA:43,2,0,0
BRDA:43,2,1,33
BRDA:43,3,0,33
BRDA:43,3,1,33
BRDA:45,4,0,0
BRDA:45,4,1,33
BRDA:45,5,0,0
BRDA:45,5,1,0
BRDA:49,6,0,0
BRDA:49,6,1,13
BRDA:56,7,0,1
BRDA:56,7,1,12
BRDA:68,8,0,0
BRDA:68,8,1,12
BRDA:73,9,0,0
BRDA:73,9,1,0
BRDA:76,10,0,0
BRDA:76,10,1,0
BRDA:76,11,0,0
BRDA:76,11,1,0
BRDA:76,11,2,0
BRDA:77,12,0,0
BRDA:77,12,1,0
BRDA:80,13,0,0
BRDA:80,13,1,0
BRDA:91,14,0,12
BRDA:91,14,1,0
BRDA:91,14,2,0
BRDA:95,15,0,12
BRDA:95,15,1,12
BRDA:96,16,0,2
BRDA:96,16,1,10
BRDA:99,17,0,0
BRDA:99,17,1,12
BRDA:119,18,0,0
BRDA:119,18,1,12
BRDA:121,19,0,0
BRDA:121,19,1,0
BRDA:121,20,0,0
BRDA:121,20,1,0
BRDA:128,21,0,0
BRDA:128,21,1,0
BRDA:141,22,0,0
BRDA:141,22,1,0
BRDA:141,23,0,0
BRDA:141,23,1,0
BRDA:148,24,0,0
BRDA:148,24,1,0
BRDA:148,25,0,0
BRDA:148,25,1,0
BRDA:148,25,2,0
BRDA:155,26,0,0
BRDA:155,26,1,0
BRDA:162,27,0,0
BRDA:162,27,1,0
BRDA:167,28,0,1
BRDA:167,28,1,0
BRDA:174,29,0,13
BRDA:174,29,1,16
BRDA:174,30,0,29
BRDA:174,30,1,14
BRDA:178,31,0,0
BRDA:178,31,1,16
BRDA:178,32,0,16
BRDA:178,32,1,0
BRDA:188,33,0,0
BRDA:188,33,1,1
BRDA:195,34,0,0
BRDA:195,34,1,1
BRDA:205,35,0,1
BRDA:205,35,1,0
BRDA:215,36,0,0
BRDA:215,36,1,0
BRDA:226,37,0,1
BRDA:226,37,1,0
BRDA:236,38,0,37
BRDA:236,38,1,0
BRDA:236,38,2,0
BRDA:236,38,3,0
BRDA:236,38,4,0
BRDA:236,38,5,0
BRDA:254,39,0,18
BRDA:254,39,1,33
BRDA:254,40,0,51
BRDA:254,40,1,34
BRDA:257,41,0,0
BRDA:257,41,1,33
BRDA:258,42,0,0
BRDA:258,42,1,33
BRDA:274,43,0,33
BRDA:274,43,1,0
BRDA:290,44,0,33
BRDA:290,44,1,19
BRDA:303,45,0,0
BRDA:318,46,0,33
BRDA:327,47,0,33
BRDA:340,48,0,1
BRDA:340,48,1,0
BRDA:342,49,0,0
BRDA:346,50,0,0
BRDA:346,50,1,1
BRDA:352,51,0,33
BRDA:352,51,1,19
BRDA:352,51,2,12
BRDA:356,52,0,8
BRDA:356,53,0,2
BRDA:356,53,1,6
BRDA:367,54,0,2
BRDA:367,54,1,0
BRDA:390,55,0,0
BRDA:394,56,0,0
BRDA:394,56,1,2
BRDA:439,57,0,0
BRDA:443,58,0,0
BRDA:443,58,1,6
BRDA:449,59,0,2
BRDA:456,60,0,2
BRDA:454,61,0,2
BRDA:454,61,1,2
BRDA:482,62,0,2
BRDA:482,62,1,0
BRDA:486,63,0,2
BRDA:486,63,1,0
BRDA:507,64,0,0
BRDA:511,65,0,0
BRDA:511,65,1,2
BRDA:548,66,0,0
BRDA:552,67,0,0
BRDA:552,67,1,0
BRDA:570,68,0,33
BRDA:570,68,1,0
BRDA:576,69,0,33
BRF:136
BRH:59
end_of_record
TN:
SF:src\features\documentos\components\DocumentUploadModal.tsx
FN:29,(anonymous_0)
FN:48,(anonymous_1)
FN:65,(anonymous_2)
FN:82,(anonymous_3)
FN:102,(anonymous_4)
FN:108,(anonymous_5)
FN:116,(anonymous_6)
FN:121,(anonymous_7)
FN:125,(anonymous_8)
FN:126,(anonymous_9)
FN:132,(anonymous_10)
FN:156,(anonymous_11)
FN:179,(anonymous_12)
FN:197,(anonymous_13)
FN:205,(anonymous_14)
FN:234,(anonymous_15)
FN:272,(anonymous_16)
FN:281,(anonymous_17)
FN:301,(anonymous_18)
FN:319,(anonymous_19)
FN:324,(anonymous_20)
FN:346,(anonymous_21)
FN:353,(anonymous_22)
FN:372,(anonymous_23)
FN:401,(anonymous_24)
FN:401,(anonymous_25)
FN:401,(anonymous_26)
FNF:27
FNH:21
FNDA:34,(anonymous_0)
FNDA:19,(anonymous_1)
FNDA:19,(anonymous_2)
FNDA:1,(anonymous_3)
FNDA:2,(anonymous_4)
FNDA:0,(anonymous_5)
FNDA:0,(anonymous_6)
FNDA:0,(anonymous_7)
FNDA:1,(anonymous_8)
FNDA:1,(anonymous_9)
FNDA:35,(anonymous_10)
FNDA:1,(anonymous_11)
FNDA:1,(anonymous_12)
FNDA:17,(anonymous_13)
FNDA:1,(anonymous_14)
FNDA:0,(anonymous_15)
FNDA:1,(anonymous_16)
FNDA:3,(anonymous_17)
FNDA:1,(anonymous_18)
FNDA:2,(anonymous_19)
FNDA:2,(anonymous_20)
FNDA:0,(anonymous_21)
FNDA:0,(anonymous_22)
FNDA:1,(anonymous_23)
FNDA:1,(anonymous_24)
FNDA:1,(anonymous_25)
FNDA:1,(anonymous_26)
DA:29,6
DA:36,34
DA:37,34
DA:38,34
DA:39,34
DA:40,34
DA:41,34
DA:42,34
DA:43,34
DA:44,34
DA:45,34
DA:46,34
DA:48,34
DA:49,19
DA:51,1
DA:53,0
DA:55,18
DA:57,0
DA:59,0
DA:61,0
DA:65,34
DA:66,19
DA:68,1
DA:70,0
DA:72,18
DA:74,0
DA:76,0
DA:78,0
DA:82,34
DA:83,1
DA:84,1
DA:86,1
DA:95,1
DA:96,1
DA:97,1
DA:98,1
DA:99,1
DA:102,34
DA:103,2
DA:104,2
DA:108,34
DA:109,0
DA:110,0
DA:111,0
DA:112,0
DA:116,34
DA:117,0
DA:118,0
DA:121,34
DA:122,0
DA:125,34
DA:126,1
DA:129,34
DA:131,19
DA:132,35
DA:157,1
DA:158,1
DA:179,1
DA:198,17
DA:205,1
DA:234,0
DA:272,1
DA:282,3
DA:301,1
DA:320,2
DA:321,2
DA:322,2
DA:323,2
DA:324,2
DA:325,2
DA:326,2
DA:327,2
DA:328,2
DA:329,1
DA:332,1
DA:333,1
DA:334,1
DA:335,1
DA:336,1
DA:337,1
DA:338,1
DA:339,1
DA:340,1
DA:341,1
DA:342,1
DA:343,1
DA:344,1
DA:345,1
DA:346,1
DA:347,1
DA:348,1
DA:349,1
DA:350,1
DA:353,0
DA:355,1
DA:356,0
DA:360,1
DA:361,1
DA:364,2
DA:372,1
DA:401,1
LF:101
LH:83
BRDA:49,0,0,1
BRDA:49,0,1,0
BRDA:49,0,2,18
BRDA:49,0,3,0
BRDA:49,0,4,0
BRDA:49,0,5,0
BRDA:66,1,0,1
BRDA:66,1,1,0
BRDA:66,1,2,18
BRDA:66,1,3,0
BRDA:66,1,4,0
BRDA:66,1,5,0
BRDA:84,2,0,0
BRDA:84,2,1,1
BRDA:84,3,0,1
BRDA:84,3,1,1
BRDA:84,3,2,1
BRDA:91,4,0,1
BRDA:91,4,1,1
BRDA:103,5,0,2
BRDA:103,5,1,0
BRDA:111,6,0,0
BRDA:111,6,1,0
BRDA:129,7,0,15
BRDA:129,7,1,19
BRDA:132,8,0,35
BRDA:132,8,1,35
BRDA:192,9,0,2
BRDA:201,10,0,2
BRDA:201,10,1,15
BRDA:213,11,0,17
BRDA:246,12,0,0
BRDA:246,12,1,19
BRDA:279,13,0,19
BRDA:325,14,0,2
BRDA:325,14,1,0
BRDA:326,15,0,0
BRDA:326,15,1,2
BRDA:333,16,0,1
BRDA:333,16,1,0
BRDA:338,17,0,1
BRDA:338,17,1,1
BRDA:342,18,0,1
BRDA:342,18,1,0
BRDA:342,19,0,1
BRDA:342,19,1,0
BRDA:343,20,0,1
BRDA:343,20,1,0
BRDA:344,21,0,1
BRDA:344,21,1,0
BRDA:344,22,0,0
BRDA:344,22,1,0
BRDA:345,23,0,1
BRDA:345,23,1,0
BRDA:346,24,0,1
BRDA:346,24,1,0
BRDA:346,25,0,0
BRDA:346,25,1,0
BRDA:348,26,0,1
BRDA:348,26,1,0
BRDA:355,27,0,0
BRDA:355,27,1,1
BRDA:360,28,0,1
BRDA:360,28,1,0
BRDA:386,29,0,19
BRDA:386,29,1,19
BRDA:386,29,2,2
BRDA:386,29,3,2
BRDA:393,30,0,0
BRDA:393,30,1,19
BRF:70
BRH:40
end_of_record
TN:
SF:src\features\documentos\components\DocumentsList.tsx
FN:20,(anonymous_0)
FN:27,(anonymous_1)
FN:42,(anonymous_2)
FN:57,(anonymous_3)
FN:59,(anonymous_4)
FN:64,(anonymous_5)
FN:94,(anonymous_6)
FN:104,(anonymous_7)
FN:159,(anonymous_8)
FN:168,(anonymous_9)
FNF:10
FNH:10
FNDA:55,(anonymous_0)
FNDA:88,(anonymous_1)
FNDA:88,(anonymous_2)
FNDA:120,(anonymous_3)
FNDA:10,(anonymous_4)
FNDA:8,(anonymous_5)
FNDA:35,(anonymous_6)
FNDA:88,(anonymous_7)
FNDA:10,(anonymous_8)
FNDA:2,(anonymous_9)
DA:20,5
DA:25,55
DA:26,55
DA:27,55
DA:28,88
DA:30,71
DA:32,1
DA:34,1
DA:36,1
DA:38,14
DA:42,55
DA:43,88
DA:45,71
DA:47,1
DA:49,1
DA:51,1
DA:53,14
DA:57,120
DA:59,55
DA:60,10
DA:61,10
DA:64,55
DA:65,8
DA:66,8
DA:69,55
DA:79,54
DA:94,53
DA:105,88
DA:159,10
DA:168,2
LF:30
LH:30
BRDA:28,0,0,71
BRDA:28,0,1,1
BRDA:28,0,2,1
BRDA:28,0,3,1
BRDA:28,0,4,14
BRDA:43,1,0,71
BRDA:43,1,1,1
BRDA:43,1,2,1
BRDA:43,1,3,1
BRDA:43,1,4,14
BRDA:69,2,0,1
BRDA:69,2,1,54
BRDA:79,3,0,1
BRDA:79,3,1,53
BRDA:115,4,0,88
BRDA:115,4,1,87
BRDA:125,5,0,88
BRDA:146,6,0,88
BRF:18
BRH:18
end_of_record
TN:
SF:src\features\documentos\components\DocumentsSemaforo.tsx
FN:9,(anonymous_0)
FN:17,(anonymous_1)
FN:41,(anonymous_2)
FN:53,(anonymous_3)
FNF:4
FNH:4
FNDA:27,(anonymous_0)
FNDA:4,(anonymous_1)
FNDA:11,(anonymous_2)
FNDA:10,(anonymous_3)
DA:9,4
DA:12,27
DA:14,27
DA:18,4
DA:29,26
DA:40,24
DA:41,11
DA:45,24
DA:53,24
DA:54,10
DA:55,10
DA:56,10
DA:59,10
DA:60,10
DA:61,10
DA:64,10
DA:65,10
DA:66,10
DA:69,10
DA:70,10
DA:71,10
DA:74,10
DA:75,10
DA:76,10
LF:24
LH:24
BRDA:14,0,0,1
BRDA:14,0,1,26
BRDA:29,1,0,2
BRDA:29,1,1,24
BRDA:29,2,0,26
BRDA:29,2,1,25
BRDA:54,3,0,10
BRDA:54,3,1,0
BRDA:55,4,0,10
BRDA:55,4,1,0
BRDA:56,5,0,10
BRDA:56,5,1,0
BRDA:59,6,0,10
BRDA:59,6,1,1
BRDA:60,7,0,10
BRDA:60,7,1,1
BRDA:61,8,0,10
BRDA:61,8,1,2
BRDA:64,9,0,10
BRDA:64,9,1,1
BRDA:65,10,0,10
BRDA:65,10,1,2
BRDA:66,11,0,10
BRDA:66,11,1,9
BRDA:69,12,0,10
BRDA:69,12,1,1
BRDA:70,13,0,10
BRDA:70,13,1,2
BRDA:71,14,0,10
BRDA:71,14,1,2
BRDA:74,15,0,10
BRDA:74,15,1,1
BRDA:75,16,0,10
BRDA:75,16,1,10
BRDA:76,17,0,10
BRDA:76,17,1,10
BRF:36
BRH:33
end_of_record
TN:
SF:src\features\documentos\components\RejectModal.tsx
FN:25,(anonymous_0)
FN:37,(anonymous_1)
FN:74,(anonymous_2)
FN:77,(anonymous_3)
FN:94,(anonymous_4)
FNF:5
FNH:5
FNDA:32,(anonymous_0)
FNDA:4,(anonymous_1)
FNDA:8,(anonymous_2)
FNDA:180,(anonymous_3)
FNDA:3,(anonymous_4)
DA:13,2
DA:25,2
DA:32,32
DA:33,32
DA:35,32
DA:37,30
DA:38,4
DA:39,4
DA:40,4
DA:44,30
DA:74,8
DA:78,180
DA:94,3
LF:13
LH:13
BRDA:29,0,0,30
BRDA:35,1,0,2
BRDA:35,1,1,30
BRDA:38,2,0,2
BRDA:38,2,1,2
BRDA:39,3,0,4
BRDA:39,3,1,0
BRDA:44,4,0,8
BRDA:44,4,1,22
BRDA:61,5,0,30
BRDA:84,6,0,30
BRDA:112,7,0,30
BRDA:112,7,1,5
BRDA:114,8,0,2
BRDA:114,8,1,28
BRF:15
BRH:14
end_of_record
TN:
SF:src\features\documentos\components\ResubmitDocument.tsx
FN:28,(anonymous_0)
FN:38,(anonymous_1)
FN:57,(anonymous_2)
FN:110,(anonymous_3)
FN:130,(anonymous_4)
FNF:5
FNH:3
FNDA:10,(anonymous_0)
FNDA:4,(anonymous_1)
FNDA:2,(anonymous_2)
FNDA:0,(anonymous_3)
FNDA:0,(anonymous_4)
DA:28,2
DA:33,10
DA:34,10
DA:35,10
DA:36,10
DA:38,10
DA:39,4
DA:40,4
DA:42,4
DA:43,4
DA:44,1
DA:45,1
DA:48,3
DA:49,1
DA:50,1
DA:52,2
DA:53,2
DA:57,10
DA:58,2
DA:60,2
DA:61,2
DA:62,1
DA:64,1
DA:110,0
DA:130,0
LF:25
LH:23
BRDA:40,0,0,4
BRDA:40,0,1,0
BRDA:43,1,0,1
BRDA:43,1,1,3
BRDA:48,2,0,1
BRDA:48,2,1,2
BRDA:58,3,0,0
BRDA:58,3,1,2
BRDA:64,4,0,1
BRDA:64,4,1,0
BRDA:78,5,0,10
BRDA:78,5,1,0
BRDA:80,6,0,10
BRDA:85,7,0,10
BRDA:109,8,0,7
BRDA:140,9,0,10
BRDA:149,10,0,10
BRDA:156,11,0,10
BRDA:156,11,1,3
BRDA:158,12,0,0
BRDA:158,12,1,10
BRF:21
BRH:16
end_of_record
TN:
SF:src\features\documentos\components\TemplateFormModal.tsx
FN:20,(anonymous_0)
FN:34,(anonymous_1)
FN:49,(anonymous_2)
FN:77,(anonymous_3)
FN:78,(anonymous_4)
FN:80,(anonymous_5)
FN:108,(anonymous_6)
FN:127,(anonymous_7)
FNF:8
FNH:8
FNDA:123,(anonymous_0)
FNDA:55,(anonymous_1)
FNDA:4,(anonymous_2)
FNDA:9,(anonymous_3)
FNDA:9,(anonymous_4)
FNDA:1,(anonymous_5)
FNDA:7,(anonymous_6)
FNDA:2,(anonymous_7)
DA:20,6
DA:27,123
DA:32,123
DA:34,123
DA:35,55
DA:36,4
DA:41,51
DA:46,55
DA:49,123
DA:50,4
DA:53,4
DA:55,4
DA:56,1
DA:59,4
DA:60,3
DA:63,4
DA:64,0
DA:67,4
DA:69,4
DA:70,1
DA:77,123
DA:78,9
DA:79,9
DA:80,1
DA:84,123
DA:108,7
DA:127,2
LF:27
LH:26
BRDA:35,0,0,4
BRDA:35,0,1,51
BRDA:55,1,0,1
BRDA:55,1,1,3
BRDA:59,2,0,3
BRDA:59,2,1,1
BRDA:63,3,0,0
BRDA:63,3,1,4
BRDA:69,4,0,1
BRDA:69,4,1,3
BRDA:79,5,0,1
BRDA:79,5,1,8
BRDA:84,6,0,70
BRDA:84,6,1,53
BRDA:92,7,0,8
BRDA:92,7,1,45
BRDA:111,8,0,3
BRDA:111,8,1,50
BRDA:115,9,0,53
BRDA:129,10,0,0
BRDA:129,10,1,53
BRDA:137,11,0,53
BRDA:164,12,0,6
BRDA:164,12,1,47
BRDA:167,13,0,8
BRDA:167,13,1,45
BRF:26
BRH:24
end_of_record
TN:
SF:src\features\documentos\components\TemplatesList.tsx
FN:23,(anonymous_0)
FN:33,(anonymous_1)
FN:48,(anonymous_2)
FN:66,(anonymous_3)
FN:116,(anonymous_4)
FN:132,(anonymous_5)
FN:152,(anonymous_6)
FN:213,(anonymous_7)
FN:230,(anonymous_8)
FN:239,(anonymous_9)
FNF:10
FNH:10
FNDA:67,(anonymous_0)
FNDA:123,(anonymous_1)
FNDA:123,(anonymous_2)
FNDA:141,(anonymous_3)
FNDA:5,(anonymous_4)
FNDA:3,(anonymous_5)
FNDA:123,(anonymous_6)
FNDA:1,(anonymous_7)
FNDA:1,(anonymous_8)
FNDA:1,(anonymous_9)
DA:23,7
DA:30,67
DA:31,67
DA:33,67
DA:34,123
DA:36,1
DA:38,53
DA:40,49
DA:42,19
DA:44,1
DA:48,67
DA:49,123
DA:51,1
DA:53,53
DA:55,49
DA:57,19
DA:59,1
DA:66,67
DA:67,141
DA:68,11
DA:70,130
DA:71,1
DA:73,129
DA:74,2
DA:76,127
DA:79,67
DA:91,62
DA:116,5
DA:132,3
DA:153,123
DA:213,1
DA:230,1
DA:239,1
LF:33
LH:33
BRDA:34,0,0,1
BRDA:34,0,1,53
BRDA:34,0,2,49
BRDA:34,0,3,19
BRDA:34,0,4,1
BRDA:49,1,0,1
BRDA:49,1,1,53
BRDA:49,1,2,49
BRDA:49,1,3,19
BRDA:49,1,4,1
BRDA:67,2,0,11
BRDA:67,2,1,130
BRDA:67,3,0,141
BRDA:67,3,1,15
BRDA:70,4,0,1
BRDA:70,4,1,129
BRDA:70,5,0,130
BRDA:70,5,1,4
BRDA:73,6,0,2
BRDA:73,6,1,127
BRDA:73,7,0,129
BRDA:73,7,1,3
BRDA:79,8,0,5
BRDA:79,8,1,62
BRDA:91,9,0,4
BRDA:91,9,1,58
BRDA:156,10,0,75
BRDA:156,10,1,48
BRDA:169,11,0,75
BRDA:169,11,1,48
BRDA:185,12,0,75
BRDA:185,12,1,48
BRDA:190,13,0,75
BRDA:190,13,1,48
BRDA:196,14,0,123
BRDA:215,15,0,75
BRDA:215,15,1,48
BRDA:221,16,0,75
BRDA:225,17,0,75
BRDA:225,17,1,48
BRDA:251,18,0,58
BRF:41
BRH:41
end_of_record
TN:
SF:src\features\empresas\api\empresaApiSlice.ts
FN:5,(anonymous_0)
FN:7,(anonymous_1)
FN:8,(anonymous_2)
FN:11,(anonymous_3)
FN:17,(anonymous_4)
FN:22,(anonymous_5)
FN:23,(anonymous_6)
FN:26,(anonymous_7)
FN:32,(anonymous_8)
FN:37,(anonymous_9)
FN:38,(anonymous_10)
FN:41,(anonymous_11)
FN:49,(anonymous_12)
FN:54,(anonymous_13)
FN:57,(anonymous_14)
FNF:15
FNH:7
FNDA:5,(anonymous_0)
FNDA:2,(anonymous_1)
FNDA:0,(anonymous_2)
FNDA:0,(anonymous_3)
FNDA:0,(anonymous_4)
FNDA:2,(anonymous_5)
FNDA:0,(anonymous_6)
FNDA:0,(anonymous_7)
FNDA:0,(anonymous_8)
FNDA:2,(anonymous_9)
FNDA:0,(anonymous_10)
FNDA:2,(anonymous_11)
FNDA:2,(anonymous_12)
FNDA:0,(anonymous_13)
FNDA:2,(anonymous_14)
DA:4,5
DA:5,5
DA:7,2
DA:9,0
DA:12,0
DA:13,0
DA:15,0
DA:17,0
DA:22,2
DA:24,0
DA:27,0
DA:28,0
DA:30,0
DA:32,0
DA:37,2
DA:38,0
DA:41,2
DA:49,2
DA:54,0
DA:57,2
DA:73,5
LF:21
LH:9
BRDA:9,0,0,0
BRDA:9,0,1,0
BRDA:12,1,0,0
BRDA:12,1,1,0
BRDA:24,2,0,0
BRDA:24,2,1,0
BRDA:27,3,0,0
BRDA:27,3,1,0
BRF:8
BRH:0
end_of_record
TN:
SF:src\features\empresas\api\empresasApiSlice.ts
FN:5,(anonymous_0)
FN:7,(anonymous_1)
FN:8,(anonymous_2)
FN:11,(anonymous_3)
FN:17,(anonymous_4)
FN:22,(anonymous_5)
FN:23,(anonymous_6)
FN:26,(anonymous_7)
FN:34,(anonymous_8)
FN:39,(anonymous_9)
FN:45,(anonymous_10)
FN:49,(anonymous_11)
FNF:12
FNH:8
FNDA:24,(anonymous_0)
FNDA:6,(anonymous_1)
FNDA:4,(anonymous_2)
FNDA:4,(anonymous_3)
FNDA:0,(anonymous_4)
FNDA:2,(anonymous_5)
FNDA:0,(anonymous_6)
FNDA:2,(anonymous_7)
FNDA:2,(anonymous_8)
FNDA:0,(anonymous_9)
FNDA:2,(anonymous_10)
FNDA:0,(anonymous_11)
DA:4,24
DA:5,24
DA:7,6
DA:9,4
DA:12,4
DA:13,0
DA:15,4
DA:17,0
DA:22,2
DA:23,0
DA:26,2
DA:34,2
DA:39,0
DA:45,2
DA:49,0
DA:63,24
LF:16
LH:11
BRDA:9,0,0,4
BRDA:9,0,1,4
BRDA:12,1,0,0
BRDA:12,1,1,4
BRF:4
BRH:3
end_of_record
TN:
SF:src\features\empresas\components\EmpresaForm.tsx
FN:15,(anonymous_0)
FN:29,(anonymous_1)
FN:38,(anonymous_2)
FN:40,(anonymous_3)
FN:47,(anonymous_4)
FN:54,(anonymous_5)
FN:69,(anonymous_6)
FNF:7
FNH:6
FNDA:17,(anonymous_0)
FNDA:10,(anonymous_1)
FNDA:3,(anonymous_2)
FNDA:3,(anonymous_3)
FNDA:0,(anonymous_4)
FNDA:1,(anonymous_5)
FNDA:1,(anonymous_6)
DA:15,7
DA:21,17
DA:26,17
DA:29,17
DA:30,10
DA:31,2
DA:38,17
DA:39,3
DA:40,3
DA:46,3
DA:47,0
DA:54,17
DA:55,1
DA:57,1
DA:58,0
DA:61,1
DA:62,0
DA:65,1
DA:66,1
DA:69,17
DA:70,1
DA:72,1
DA:73,1
LF:23
LH:20
BRDA:19,0,0,10
BRDA:30,1,0,2
BRDA:30,1,1,8
BRDA:33,2,0,2
BRDA:33,2,1,0
BRDA:46,3,0,0
BRDA:46,3,1,3
BRDA:57,4,0,0
BRDA:57,4,1,1
BRDA:61,5,0,0
BRDA:61,5,1,1
BRDA:72,6,0,1
BRDA:72,6,1,0
BRDA:90,7,0,0
BRDA:90,7,1,17
BRDA:92,8,0,17
BRDA:114,9,0,2
BRDA:114,9,1,15
BRDA:114,10,0,4
BRDA:114,10,1,11
BRF:20
BRH:14
end_of_record
TN:
SF:src\features\empresas\components\EmpresaModal.tsx
FN:20,(anonymous_0)
FNF:1
FNH:1
FNDA:6,(anonymous_0)
DA:20,4
LF:1
LH:1
BRDA:25,0,0,5
BRDA:31,1,0,1
BRDA:31,1,1,5
BRDA:33,2,0,1
BRDA:33,2,1,5
BRF:5
BRH:5
end_of_record
TN:
SF:src\features\empresas\components\EmpresaTable.tsx
FN:16,(anonymous_0)
FN:25,(anonymous_1)
FN:36,(anonymous_2)
FN:83,(anonymous_3)
FN:112,(anonymous_4)
FN:121,(anonymous_5)
FNF:6
FNH:6
FNDA:23,(anonymous_0)
FNDA:5,(anonymous_1)
FNDA:37,(anonymous_2)
FNDA:37,(anonymous_3)
FNDA:2,(anonymous_4)
FNDA:5,(anonymous_5)
DA:16,5
DA:22,23
DA:23,23
DA:25,23
DA:26,5
DA:27,5
DA:28,3
DA:29,3
DA:30,3
DA:32,3
DA:36,23
DA:37,37
DA:44,23
DA:52,21
DA:84,37
DA:112,2
DA:121,5
LF:17
LH:17
BRDA:20,0,0,19
BRDA:27,1,0,2
BRDA:27,1,1,3
BRDA:44,2,0,2
BRDA:44,2,1,21
BRDA:52,3,0,2
BRDA:52,3,1,19
BRDA:100,4,0,37
BRDA:100,4,1,14
BRDA:126,5,0,1
BRF:10
BRH:10
end_of_record
TN:
SF:src\features\end-users\api\endUsersApiSlice.ts
FN:18,(anonymous_0)
FN:20,(anonymous_1)
FN:35,(anonymous_2)
FN:44,(anonymous_3)
FN:53,(anonymous_4)
FNF:5
FNH:5
FNDA:4,(anonymous_0)
FNDA:8,(anonymous_1)
FNDA:3,(anonymous_2)
FNDA:2,(anonymous_3)
FNDA:1,(anonymous_4)
DA:17,4
DA:18,4
DA:21,8
DA:22,8
DA:23,8
DA:24,8
DA:25,8
DA:26,8
DA:27,8
DA:28,8
DA:29,8
DA:35,3
DA:44,2
DA:53,1
DA:62,4
LF:15
LH:15
BRDA:21,0,0,8
BRDA:21,0,1,1
BRDA:23,1,0,2
BRDA:23,1,1,6
BRDA:24,2,0,2
BRDA:24,2,1,6
BRDA:25,3,0,2
BRDA:25,3,1,6
BRDA:26,4,0,3
BRDA:26,4,1,5
BRDA:27,5,0,2
BRDA:27,5,1,6
BRDA:28,6,0,2
BRDA:28,6,1,6
BRF:14
BRH:14
end_of_record
TN:
SF:src\features\end-users\components\EndUserModal.tsx
FN:13,(anonymous_0)
FN:30,(anonymous_1)
FN:53,(anonymous_2)
FN:55,(anonymous_3)
FN:58,(anonymous_4)
FN:103,(anonymous_5)
FNF:6
FNH:6
FNDA:24,(anonymous_0)
FNDA:11,(anonymous_1)
FNDA:2,(anonymous_2)
FNDA:2,(anonymous_3)
FNDA:2,(anonymous_4)
FNDA:32,(anonymous_5)
DA:13,4
DA:14,24
DA:15,24
DA:30,24
DA:31,11
DA:32,1
DA:47,10
DA:51,24
DA:53,20
DA:54,2
DA:55,2
DA:58,20
DA:59,2
DA:60,2
DA:62,2
DA:63,1
DA:64,1
DA:66,0
DA:67,0
DA:69,1
DA:70,1
DA:72,2
DA:104,32
LF:23
LH:21
BRDA:14,0,0,6
BRDA:31,1,0,1
BRDA:31,1,1,10
BRDA:35,2,0,1
BRDA:35,2,1,1
BRDA:36,3,0,1
BRDA:36,3,1,1
BRDA:37,4,0,1
BRDA:37,4,1,1
BRDA:38,5,0,1
BRDA:38,5,1,1
BRDA:39,6,0,1
BRDA:39,6,1,1
BRDA:40,7,0,1
BRDA:40,7,1,1
BRDA:41,8,0,1
BRDA:41,8,1,1
BRDA:42,9,0,1
BRDA:42,9,1,1
BRDA:43,10,0,0
BRDA:43,10,1,1
BRDA:51,11,0,4
BRDA:51,11,1,20
BRDA:55,12,0,0
BRDA:55,12,1,2
BRDA:55,13,0,0
BRDA:55,13,1,0
BRDA:62,14,0,1
BRDA:62,14,1,1
BRDA:62,15,0,2
BRDA:62,15,1,2
BRDA:69,16,0,1
BRDA:69,16,1,0
BRDA:78,17,0,2
BRDA:78,17,1,18
BRDA:80,18,0,20
BRDA:101,19,0,20
BRDA:101,19,1,20
BRDA:162,20,0,2
BRDA:162,20,1,18
BRF:40
BRH:35
end_of_record
TN:
SF:src\features\equipos\components\DocumentoField.tsx
FN:22,(anonymous_0)
FN:42,(anonymous_1)
FN:70,(anonymous_2)
FN:180,(anonymous_3)
FNF:4
FNH:4
FNDA:215,(anonymous_0)
FNDA:33,(anonymous_1)
FNDA:20,(anonymous_2)
FNDA:5,(anonymous_3)
DA:22,7
DA:35,215
DA:36,215
DA:37,215
DA:38,215
DA:39,215
DA:40,215
DA:42,215
DA:43,33
DA:44,33
DA:46,33
DA:47,33
DA:48,2
DA:49,2
DA:53,31
DA:54,31
DA:55,1
DA:56,1
DA:59,30
DA:60,30
DA:61,30
DA:64,30
DA:65,2
DA:70,215
DA:71,20
DA:72,0
DA:73,0
DA:76,20
DA:77,1
DA:78,1
DA:81,19
DA:82,2
DA:83,2
DA:86,17
DA:87,17
DA:88,17
DA:91,17
DA:92,17
DA:93,17
DA:94,17
DA:95,17
DA:96,17
DA:99,17
DA:102,17
DA:103,2
DA:104,2
DA:108,17
DA:110,12
DA:111,12
DA:114,12
DA:115,11
DA:118,4
DA:119,4
DA:120,4
DA:122,16
DA:181,5
DA:183,5
DA:184,1
LF:58
LH:56
BRDA:28,0,0,0
BRDA:31,1,0,0
BRDA:33,2,0,112
BRDA:44,3,0,33
BRDA:44,3,1,0
BRDA:47,4,0,2
BRDA:47,4,1,31
BRDA:54,5,0,1
BRDA:54,5,1,30
BRDA:64,6,0,2
BRDA:64,6,1,28
BRDA:64,7,0,30
BRDA:64,7,1,2
BRDA:71,8,0,0
BRDA:71,8,1,20
BRDA:76,9,0,1
BRDA:76,9,1,19
BRDA:76,10,0,20
BRDA:76,10,1,3
BRDA:81,11,0,2
BRDA:81,11,1,17
BRDA:81,12,0,19
BRDA:81,12,1,18
BRDA:102,13,0,2
BRDA:102,13,1,15
BRDA:102,14,0,17
BRDA:102,14,1,2
BRDA:111,15,0,12
BRDA:111,15,1,10
BRDA:114,16,0,11
BRDA:114,16,1,1
BRDA:118,17,0,4
BRDA:118,17,1,3
BRDA:118,17,2,1
BRDA:127,18,0,11
BRDA:127,18,1,204
BRDA:130,19,0,215
BRDA:131,20,0,215
BRDA:131,20,1,204
BRDA:131,20,2,187
BRDA:132,21,0,215
BRDA:132,21,1,204
BRDA:138,22,0,215
BRDA:143,23,0,215
BRDA:152,24,0,204
BRDA:152,24,1,187
BRDA:155,25,0,204
BRDA:159,26,0,193
BRDA:159,26,1,54
BRDA:159,26,2,37
BRDA:163,27,0,17
BRDA:174,28,0,204
BRDA:183,29,0,1
BRDA:183,29,1,4
BRDA:183,30,0,5
BRDA:183,30,1,2
BRDA:183,30,2,2
BRDA:188,31,0,116
BRDA:188,31,1,114
BRDA:194,32,0,204
BRDA:194,32,1,57
BRDA:194,32,2,50
BRDA:202,33,0,215
BRF:63
BRH:59
end_of_record
TN:
SF:src\features\equipos\components\SeccionDocumentos.tsx
FN:33,(anonymous_0)
FN:47,(anonymous_1)
FN:64,(anonymous_2)
FN:66,(anonymous_3)
FNF:4
FNH:3
FNDA:38,(anonymous_0)
FNDA:107,(anonymous_1)
FNDA:95,(anonymous_2)
FNDA:0,(anonymous_3)
DA:26,6
DA:33,6
DA:46,38
DA:47,107
DA:66,95
DA:67,0
DA:70,95
LF:7
LH:6
BRDA:41,0,0,37
BRDA:43,1,0,37
BRDA:59,2,0,4
BRDA:58,3,0,38
BRDA:58,3,1,36
BRF:5
BRH:5
end_of_record
TN:
SF:src\features\platform-users\api\platformUsersApiSlice.ts
FN:41,(anonymous_0)
FN:43,(anonymous_1)
FN:58,(anonymous_2)
FN:70,(anonymous_3)
FN:82,(anonymous_4)
FN:94,(anonymous_5)
FN:106,(anonymous_6)
FN:115,(anonymous_7)
FN:124,(anonymous_8)
FN:132,(anonymous_9)
FN:141,(anonymous_10)
FNF:11
FNH:11
FNDA:21,(anonymous_0)
FNDA:6,(anonymous_1)
FNDA:2,(anonymous_2)
FNDA:1,(anonymous_3)
FNDA:1,(anonymous_4)
FNDA:1,(anonymous_5)
FNDA:1,(anonymous_6)
FNDA:1,(anonymous_7)
FNDA:1,(anonymous_8)
FNDA:2,(anonymous_9)
FNDA:2,(anonymous_10)
DA:40,21
DA:41,21
DA:44,6
DA:45,6
DA:46,6
DA:47,6
DA:48,6
DA:49,6
DA:50,6
DA:51,6
DA:52,6
DA:58,2
DA:70,1
DA:82,1
DA:94,1
DA:106,1
DA:115,1
DA:124,1
DA:132,2
DA:141,2
DA:162,21
LF:21
LH:21
BRDA:44,0,0,6
BRDA:44,0,1,1
BRDA:46,1,0,2
BRDA:46,1,1,4
BRDA:47,2,0,2
BRDA:47,2,1,4
BRDA:48,3,0,2
BRDA:48,3,1,4
BRDA:49,4,0,2
BRDA:49,4,1,4
BRDA:50,5,0,2
BRDA:50,5,1,4
BRF:12
BRH:12
end_of_record
TN:
SF:src\features\platform-users\components\EditPlatformUserModal.tsx
FN:57,(anonymous_0)
FN:140,(anonymous_1)
FN:141,(anonymous_2)
FN:142,(anonymous_3)
FN:143,(anonymous_4)
FN:144,(anonymous_5)
FN:147,(anonymous_6)
FN:149,(anonymous_7)
FN:155,(anonymous_8)
FN:158,(anonymous_9)
FN:164,(anonymous_10)
FN:167,(anonymous_11)
FN:174,(anonymous_12)
FN:177,(anonymous_13)
FN:204,(anonymous_14)
FN:211,(anonymous_15)
FN:228,(anonymous_16)
FN:250,(anonymous_17)
FN:285,(anonymous_18)
FN:298,(anonymous_19)
FN:310,(anonymous_20)
FN:414,(anonymous_25)
FN:433,(anonymous_27)
FN:446,(anonymous_28)
FN:463,(anonymous_30)
FN:481,(anonymous_31)
FN:491,(anonymous_32)
FN:496,(anonymous_33)
FN:498,(anonymous_34)
FN:499,(anonymous_35)
FN:506,(anonymous_36)
FN:523,(anonymous_37)
FN:529,(anonymous_38)
FN:541,(anonymous_39)
FN:547,(anonymous_40)
FN:549,(anonymous_41)
FN:550,(anonymous_42)
FN:561,(anonymous_43)
FN:593,(anonymous_44)
FN:598,(anonymous_45)
FN:600,(anonymous_46)
FN:601,(anonymous_47)
FN:608,(anonymous_48)
FN:625,(anonymous_49)
FN:632,(anonymous_50)
FN:640,(anonymous_51)
FN:650,(anonymous_52)
FN:655,(anonymous_53)
FN:657,(anonymous_54)
FN:658,(anonymous_55)
FN:665,(anonymous_56)
FN:682,(anonymous_57)
FN:691,(anonymous_58)
FN:703,(anonymous_59)
FN:706,(anonymous_60)
FN:708,(anonymous_61)
FN:709,(anonymous_62)
FN:714,(anonymous_63)
FN:727,(anonymous_64)
FN:741,(anonymous_65)
FN:747,(anonymous_66)
FN:749,(anonymous_67)
FN:750,(anonymous_68)
FN:757,(anonymous_69)
FN:780,(anonymous_71)
FNF:65
FNH:43
FNDA:187,(anonymous_0)
FNDA:58,(anonymous_1)
FNDA:58,(anonymous_2)
FNDA:58,(anonymous_3)
FNDA:58,(anonymous_4)
FNDA:58,(anonymous_5)
FNDA:58,(anonymous_6)
FNDA:1,(anonymous_7)
FNDA:59,(anonymous_8)
FNDA:2,(anonymous_9)
FNDA:59,(anonymous_10)
FNDA:2,(anonymous_11)
FNDA:59,(anonymous_12)
FNDA:2,(anonymous_13)
FNDA:58,(anonymous_14)
FNDA:58,(anonymous_15)
FNDA:58,(anonymous_16)
FNDA:58,(anonymous_17)
FNDA:63,(anonymous_18)
FNDA:58,(anonymous_19)
FNDA:12,(anonymous_20)
FNDA:1383,(anonymous_25)
FNDA:306,(anonymous_27)
FNDA:9,(anonymous_28)
FNDA:14,(anonymous_30)
FNDA:0,(anonymous_31)
FNDA:0,(anonymous_32)
FNDA:0,(anonymous_33)
FNDA:0,(anonymous_34)
FNDA:0,(anonymous_35)
FNDA:0,(anonymous_36)
FNDA:0,(anonymous_37)
FNDA:32,(anonymous_38)
FNDA:1,(anonymous_39)
FNDA:17,(anonymous_40)
FNDA:14,(anonymous_41)
FNDA:14,(anonymous_42)
FNDA:27,(anonymous_43)
FNDA:0,(anonymous_44)
FNDA:0,(anonymous_45)
FNDA:0,(anonymous_46)
FNDA:0,(anonymous_47)
FNDA:0,(anonymous_48)
FNDA:0,(anonymous_49)
FNDA:0,(anonymous_50)
FNDA:0,(anonymous_51)
FNDA:0,(anonymous_52)
FNDA:0,(anonymous_53)
FNDA:0,(anonymous_54)
FNDA:0,(anonymous_55)
FNDA:0,(anonymous_56)
FNDA:1,(anonymous_57)
FNDA:52,(anonymous_58)
FNDA:0,(anonymous_59)
FNDA:26,(anonymous_60)
FNDA:27,(anonymous_61)
FNDA:27,(anonymous_62)
FNDA:0,(anonymous_63)
FNDA:52,(anonymous_64)
FNDA:1,(anonymous_65)
FNDA:27,(anonymous_66)
FNDA:25,(anonymous_67)
FNDA:25,(anonymous_68)
FNDA:47,(anonymous_69)
FNDA:14,(anonymous_71)
DA:30,5
DA:36,5
DA:57,5
DA:58,187
DA:61,187
DA:64,187
DA:65,187
DA:67,187
DA:68,187
DA:69,187
DA:73,187
DA:76,187
DA:80,187
DA:84,187
DA:89,187
DA:92,187
DA:93,187
DA:96,187
DA:102,187
DA:108,187
DA:113,187
DA:119,187
DA:124,187
DA:130,187
DA:135,187
DA:140,187
DA:141,187
DA:142,187
DA:143,187
DA:144,187
DA:147,187
DA:148,58
DA:149,1
DA:150,1
DA:151,0
DA:155,187
DA:156,59
DA:157,1
DA:158,1
DA:159,2
DA:164,187
DA:165,59
DA:166,1
DA:167,1
DA:168,2
DA:174,187
DA:175,59
DA:176,1
DA:177,1
DA:178,2
DA:184,187
DA:186,187
DA:201,187
DA:204,187
DA:205,58
DA:206,58
DA:211,187
DA:212,58
DA:214,6
DA:215,6
DA:216,6
DA:219,0
DA:220,0
DA:221,0
DA:228,187
DA:229,58
DA:231,17
DA:232,17
DA:234,17
DA:235,17
DA:238,17
DA:239,1
DA:240,1
DA:241,1
DA:243,17
DA:244,17
DA:250,187
DA:251,58
DA:252,56
DA:265,56
DA:266,6
DA:268,50
DA:270,56
DA:271,17
DA:272,17
DA:274,39
DA:275,39
DA:277,56
DA:278,56
DA:279,56
DA:280,56
DA:285,187
DA:286,63
DA:287,57
DA:288,57
DA:290,63
DA:291,46
DA:292,46
DA:293,46
DA:298,187
DA:299,58
DA:300,2
DA:301,2
DA:302,2
DA:303,2
DA:304,2
DA:308,187
DA:310,181
DA:311,12
DA:313,12
DA:314,2
DA:319,2
DA:320,2
DA:321,2
DA:322,2
DA:326,10
DA:336,10
DA:337,1
DA:339,10
DA:340,1
DA:342,10
DA:343,1
DA:344,1
DA:346,10
DA:347,1
DA:351,10
DA:352,10
DA:353,10
DA:354,10
DA:356,10
DA:357,8
DA:358,8
DA:360,2
DA:415,1383
DA:434,306
DA:446,9
DA:464,14
DA:481,0
DA:491,0
DA:497,0
DA:498,0
DA:499,0
DA:507,0
DA:524,0
DA:525,0
DA:530,32
DA:541,1
DA:548,17
DA:549,17
DA:550,17
DA:562,27
DA:593,0
DA:599,0
DA:600,0
DA:601,0
DA:609,0
DA:626,0
DA:627,0
DA:633,0
DA:640,0
DA:650,0
DA:656,0
DA:657,0
DA:658,0
DA:666,0
DA:683,1
DA:684,1
DA:685,1
DA:686,1
DA:687,1
DA:692,52
DA:703,0
DA:707,26
DA:708,27
DA:709,27
DA:715,0
DA:716,0
DA:717,0
DA:718,0
DA:719,0
DA:728,52
DA:741,1
DA:748,27
DA:749,27
DA:750,27
DA:758,47
DA:781,14
LF:187
LH:155
BRDA:61,0,0,187
BRDA:61,0,1,0
BRDA:65,1,0,8
BRDA:67,2,0,187
BRDA:67,2,1,0
BRDA:74,3,0,19
BRDA:74,3,1,168
BRDA:74,4,0,187
BRDA:74,4,1,19
BRDA:81,5,0,53
BRDA:81,5,1,134
BRDA:81,6,0,187
BRDA:81,6,1,53
BRDA:85,7,0,9
BRDA:85,7,1,178
BRDA:86,8,0,9
BRDA:86,8,1,0
BRDA:86,8,2,0
BRDA:87,9,0,44
BRDA:87,9,1,134
BRDA:87,10,0,178
BRDA:87,10,1,44
BRDA:98,11,0,187
BRDA:98,11,1,72
BRDA:104,12,0,187
BRDA:104,12,1,53
BRDA:108,13,0,21
BRDA:108,13,1,166
BRDA:114,14,0,37
BRDA:114,14,1,150
BRDA:119,15,0,21
BRDA:119,15,1,166
BRDA:125,16,0,56
BRDA:125,16,1,131
BRDA:130,17,0,9
BRDA:130,17,1,178
BRDA:136,18,0,52
BRDA:136,18,1,135
BRDA:140,19,0,58
BRDA:140,19,1,2
BRDA:140,19,2,2
BRDA:141,20,0,58
BRDA:141,20,1,2
BRDA:141,20,2,2
BRDA:142,21,0,58
BRDA:142,21,1,2
BRDA:142,21,2,2
BRDA:143,22,0,58
BRDA:143,22,1,2
BRDA:144,23,0,58
BRDA:144,23,1,2
BRDA:144,23,2,2
BRDA:148,24,0,57
BRDA:148,24,1,1
BRDA:150,25,0,1
BRDA:150,25,1,0
BRDA:156,26,0,58
BRDA:156,26,1,1
BRDA:159,27,0,2
BRDA:159,27,1,1
BRDA:159,28,0,2
BRDA:159,28,1,0
BRDA:160,29,0,1
BRDA:160,29,1,0
BRDA:165,30,0,58
BRDA:165,30,1,1
BRDA:168,31,0,2
BRDA:168,31,1,1
BRDA:168,32,0,2
BRDA:168,32,1,0
BRDA:169,33,0,1
BRDA:169,33,1,0
BRDA:175,34,0,58
BRDA:175,34,1,1
BRDA:178,35,0,2
BRDA:178,35,1,1
BRDA:178,35,2,1
BRDA:178,36,0,2
BRDA:178,36,1,0
BRDA:179,37,0,1
BRDA:179,37,1,0
BRDA:180,38,0,1
BRDA:180,38,1,0
BRDA:190,39,0,187
BRDA:190,39,1,11
BRDA:191,40,0,187
BRDA:191,40,1,11
BRDA:192,41,0,187
BRDA:192,41,1,11
BRDA:194,42,0,187
BRDA:194,42,1,109
BRDA:195,43,0,187
BRDA:195,43,1,115
BRDA:196,44,0,187
BRDA:196,44,1,134
BRDA:197,45,0,187
BRDA:197,45,1,181
BRDA:205,46,0,0
BRDA:205,46,1,58
BRDA:206,47,0,58
BRDA:206,47,1,0
BRDA:212,48,0,6
BRDA:212,48,1,52
BRDA:212,49,0,58
BRDA:212,49,1,56
BRDA:212,49,2,6
BRDA:214,50,0,6
BRDA:214,50,1,0
BRDA:219,51,0,0
BRDA:219,51,1,0
BRDA:229,52,0,17
BRDA:229,52,1,41
BRDA:229,53,0,58
BRDA:229,53,1,56
BRDA:229,53,2,17
BRDA:231,54,0,17
BRDA:231,54,1,0
BRDA:234,55,0,17
BRDA:234,55,1,0
BRDA:238,56,0,1
BRDA:238,56,1,16
BRDA:240,57,0,0
BRDA:240,57,1,1
BRDA:240,58,0,1
BRDA:240,58,1,0
BRDA:241,59,0,0
BRDA:241,59,1,1
BRDA:241,60,0,1
BRDA:241,60,1,0
BRDA:243,61,0,17
BRDA:243,61,1,0
BRDA:243,62,0,17
BRDA:243,62,1,0
BRDA:243,62,2,0
BRDA:251,63,0,56
BRDA:251,63,1,2
BRDA:251,64,0,58
BRDA:251,64,1,56
BRDA:255,65,0,56
BRDA:255,65,1,2
BRDA:256,66,0,56
BRDA:256,66,1,2
BRDA:257,67,0,56
BRDA:257,67,1,2
BRDA:259,68,0,56
BRDA:259,68,1,31
BRDA:260,69,0,56
BRDA:260,69,1,33
BRDA:261,70,0,56
BRDA:261,70,1,39
BRDA:262,71,0,56
BRDA:262,71,1,54
BRDA:265,72,0,6
BRDA:265,72,1,50
BRDA:266,73,0,6
BRDA:266,73,1,0
BRDA:270,74,0,17
BRDA:270,74,1,39
BRDA:271,75,0,17
BRDA:271,75,1,0
BRDA:272,76,0,17
BRDA:272,76,1,0
BRDA:286,77,0,57
BRDA:286,77,1,6
BRDA:290,78,0,46
BRDA:290,78,1,17
BRDA:299,79,0,2
BRDA:299,79,1,56
BRDA:308,80,0,6
BRDA:308,80,1,181
BRDA:313,81,0,2
BRDA:313,81,1,10
BRDA:315,82,0,2
BRDA:315,82,1,0
BRDA:316,83,0,2
BRDA:316,83,1,0
BRDA:317,84,0,1
BRDA:317,84,1,1
BRDA:329,85,0,10
BRDA:329,85,1,0
BRDA:330,86,0,10
BRDA:330,86,1,0
BRDA:331,87,0,10
BRDA:331,87,1,0
BRDA:332,88,0,1
BRDA:332,88,1,9
BRDA:336,89,0,1
BRDA:336,89,1,9
BRDA:337,90,0,1
BRDA:337,90,1,0
BRDA:339,91,0,1
BRDA:339,91,1,9
BRDA:340,92,0,1
BRDA:340,92,1,0
BRDA:342,93,0,1
BRDA:342,93,1,9
BRDA:343,94,0,1
BRDA:343,94,1,0
BRDA:344,95,0,1
BRDA:344,95,1,0
BRDA:346,96,0,1
BRDA:346,96,1,9
BRDA:347,97,0,1
BRDA:347,97,1,0
BRDA:351,98,0,9
BRDA:351,98,1,1
BRDA:352,99,0,8
BRDA:352,99,1,2
BRDA:352,100,0,10
BRDA:352,100,1,9
BRDA:353,101,0,9
BRDA:353,101,1,1
BRDA:354,102,0,9
BRDA:354,102,1,1
BRDA:360,103,0,2
BRDA:360,103,1,1
BRDA:376,104,0,30
BRDA:402,105,0,30
BRDA:423,106,0,142
BRDA:437,107,0,157
BRDA:446,108,0,9
BRDA:446,108,1,0
BRDA:446,109,0,9
BRDA:446,109,1,0
BRDA:454,110,0,181
BRDA:454,110,1,151
BRDA:464,111,0,14
BRDA:464,111,1,0
BRDA:473,112,0,181
BRDA:473,112,1,151
BRDA:477,113,0,0
BRDA:481,114,0,0
BRDA:481,114,1,0
BRDA:497,115,0,0
BRDA:497,115,1,0
BRDA:503,116,0,0
BRDA:503,116,1,0
BRDA:503,116,2,0
BRDA:504,117,0,0
BRDA:504,117,1,0
BRDA:507,118,0,0
BRDA:507,118,1,0
BRDA:524,119,0,0
BRDA:524,119,1,0
BRDA:530,120,0,32
BRDA:530,120,1,0
BRDA:548,121,0,17
BRDA:548,121,1,0
BRDA:557,122,0,17
BRDA:557,122,1,0
BRDA:558,123,0,17
BRDA:558,123,1,17
BRDA:558,123,2,3
BRDA:559,124,0,0
BRDA:559,124,1,0
BRDA:562,125,0,27
BRDA:562,125,1,0
BRDA:575,126,0,181
BRDA:575,126,1,151
BRDA:579,127,0,0
BRDA:583,128,0,0
BRDA:583,128,1,0
BRDA:583,128,2,0
BRDA:599,129,0,0
BRDA:599,129,1,0
BRDA:605,130,0,0
BRDA:605,130,1,0
BRDA:605,130,2,0
BRDA:619,131,0,0
BRDA:626,132,0,0
BRDA:626,132,1,0
BRDA:640,133,0,0
BRDA:640,133,1,0
BRDA:656,134,0,0
BRDA:656,134,1,0
BRDA:662,135,0,0
BRDA:662,135,1,0
BRDA:662,135,2,0
BRDA:683,136,0,1
BRDA:683,136,1,0
BRDA:707,137,0,25
BRDA:707,137,1,1
BRDA:715,138,0,0
BRDA:715,138,1,0
BRDA:723,139,0,26
BRDA:723,139,1,0
BRDA:724,140,0,26
BRDA:724,140,1,25
BRDA:724,140,2,0
BRDA:748,141,0,26
BRDA:748,141,1,1
BRDA:753,142,0,26
BRDA:753,142,1,1
BRDA:754,143,0,27
BRDA:754,143,1,26
BRDA:754,143,2,3
BRDA:771,144,0,181
BRDA:771,144,1,151
BRDA:781,145,0,14
BRDA:781,145,1,0
BRDA:801,146,0,0
BRDA:801,146,1,181
BRF:302
BRH:214
end_of_record
TN:
SF:src\features\platform-users\components\RegisterUserModal.tsx
FN:71,(anonymous_0)
FN:128,(anonymous_1)
FN:129,(anonymous_2)
FN:130,(anonymous_3)
FN:131,(anonymous_4)
FN:132,(anonymous_5)
FN:164,(anonymous_6)
FN:172,(anonymous_7)
FN:178,(anonymous_8)
FN:203,(anonymous_9)
FN:218,(anonymous_10)
FN:530,(anonymous_15)
FN:549,(anonymous_17)
FN:561,(anonymous_18)
FN:574,(anonymous_19)
FN:582,(anonymous_20)
FN:598,(anonymous_21)
FN:602,(anonymous_22)
FN:623,(anonymous_24)
FN:662,(anonymous_28)
FN:666,(anonymous_29)
FN:684,(anonymous_30)
FN:693,(anonymous_31)
FN:699,(anonymous_32)
FN:714,(anonymous_34)
FN:733,(anonymous_35)
FN:742,(anonymous_37)
FN:775,(anonymous_41)
FN:779,(anonymous_42)
FN:797,(anonymous_43)
FN:806,(anonymous_44)
FN:813,(anonymous_45)
FN:825,(anonymous_46)
FN:834,(anonymous_47)
FN:841,(anonymous_48)
FN:857,(anonymous_50)
FN:876,(anonymous_51)
FN:885,(anonymous_53)
FN:924,(anonymous_58)
FN:1028,(anonymous_63)
FN:1039,(anonymous_64)
FNF:41
FNH:35
FNDA:209,(anonymous_0)
FNDA:39,(anonymous_1)
FNDA:39,(anonymous_2)
FNDA:39,(anonymous_3)
FNDA:39,(anonymous_4)
FNDA:39,(anonymous_5)
FNDA:39,(anonymous_6)
FNDA:39,(anonymous_7)
FNDA:68,(anonymous_8)
FNDA:39,(anonymous_9)
FNDA:16,(anonymous_10)
FNDA:1356,(anonymous_15)
FNDA:320,(anonymous_17)
FNDA:21,(anonymous_18)
FNDA:0,(anonymous_19)
FNDA:3,(anonymous_20)
FNDA:0,(anonymous_21)
FNDA:2,(anonymous_22)
FNDA:22,(anonymous_24)
FNDA:0,(anonymous_28)
FNDA:1,(anonymous_29)
FNDA:2,(anonymous_30)
FNDA:2,(anonymous_31)
FNDA:24,(anonymous_32)
FNDA:24,(anonymous_34)
FNDA:0,(anonymous_35)
FNDA:8,(anonymous_37)
FNDA:0,(anonymous_41)
FNDA:2,(anonymous_42)
FNDA:4,(anonymous_43)
FNDA:1,(anonymous_44)
FNDA:22,(anonymous_45)
FNDA:2,(anonymous_46)
FNDA:1,(anonymous_47)
FNDA:26,(anonymous_48)
FNDA:22,(anonymous_50)
FNDA:0,(anonymous_51)
FNDA:16,(anonymous_53)
FNDA:44,(anonymous_58)
FNDA:1,(anonymous_63)
FNDA:1,(anonymous_64)
DA:18,5
DA:24,5
DA:33,5
DA:71,5
DA:72,209
DA:74,209
DA:75,209
DA:77,209
DA:78,209
DA:79,209
DA:82,209
DA:83,209
DA:84,209
DA:85,209
DA:88,209
DA:91,209
DA:92,209
DA:96,209
DA:100,209
DA:105,209
DA:111,209
DA:118,209
DA:123,209
DA:128,209
DA:129,209
DA:130,209
DA:131,209
DA:132,209
DA:134,209
DA:135,209
DA:136,209
DA:137,209
DA:138,209
DA:139,209
DA:157,209
DA:158,209
DA:159,209
DA:160,209
DA:161,209
DA:164,209
DA:165,39
DA:166,5
DA:169,209
DA:172,209
DA:173,39
DA:174,39
DA:178,209
DA:179,68
DA:180,62
DA:181,62
DA:183,68
DA:184,62
DA:185,62
DA:186,62
DA:188,68
DA:189,59
DA:190,59
DA:191,59
DA:192,59
DA:194,68
DA:195,61
DA:196,61
DA:197,61
DA:198,61
DA:203,209
DA:204,39
DA:205,2
DA:206,2
DA:207,2
DA:208,2
DA:209,2
DA:210,2
DA:211,2
DA:212,2
DA:216,209
DA:218,203
DA:219,16
DA:221,16
DA:222,16
DA:223,0
DA:224,0
DA:228,16
DA:229,5
DA:230,5
DA:231,0
DA:232,0
DA:236,5
DA:237,1
DA:238,0
DA:239,0
DA:242,1
DA:251,1
DA:252,1
DA:253,1
DA:255,4
DA:256,0
DA:257,0
DA:259,4
DA:262,4
DA:263,0
DA:264,0
DA:267,4
DA:275,4
DA:276,4
DA:277,4
DA:281,11
DA:282,3
DA:283,3
DA:284,0
DA:285,0
DA:289,3
DA:290,2
DA:291,1
DA:292,1
DA:295,1
DA:304,1
DA:305,1
DA:306,1
DA:308,1
DA:309,0
DA:310,0
DA:312,1
DA:315,1
DA:316,0
DA:317,0
DA:320,1
DA:328,1
DA:329,1
DA:330,1
DA:334,8
DA:335,2
DA:336,2
DA:337,0
DA:338,0
DA:342,2
DA:347,2
DA:348,1
DA:349,0
DA:350,0
DA:353,1
DA:363,1
DA:364,1
DA:365,1
DA:367,1
DA:368,0
DA:369,0
DA:371,1
DA:374,1
DA:375,0
DA:376,0
DA:379,1
DA:387,1
DA:388,1
DA:389,1
DA:393,6
DA:394,3
DA:395,3
DA:396,0
DA:397,0
DA:401,3
DA:406,3
DA:407,2
DA:408,1
DA:409,1
DA:412,1
DA:422,1
DA:423,1
DA:424,1
DA:426,1
DA:427,0
DA:428,0
DA:430,1
DA:433,1
DA:434,0
DA:435,0
DA:438,1
DA:446,1
DA:447,1
DA:448,1
DA:451,3
DA:461,3
DA:462,0
DA:464,3
DA:465,0
DA:467,3
DA:468,0
DA:470,3
DA:471,0
DA:474,3
DA:475,2
DA:476,2
DA:477,2
DA:479,1
DA:483,203
DA:531,1356
DA:550,320
DA:561,21
DA:574,0
DA:582,3
DA:598,0
DA:602,2
DA:624,22
DA:662,0
DA:666,1
DA:684,2
DA:694,2
DA:695,2
DA:700,24
DA:715,24
DA:733,0
DA:743,8
DA:775,0
DA:779,2
DA:797,4
DA:807,1
DA:808,1
DA:809,1
DA:814,22
DA:825,2
DA:835,1
DA:836,1
DA:842,26
DA:858,22
DA:876,0
DA:886,16
DA:925,44
DA:1029,1
DA:1030,1
DA:1040,1
DA:1041,1
DA:1042,1
LF:231
LH:191
BRDA:75,0,0,13
BRDA:77,1,0,209
BRDA:77,1,1,0
BRDA:96,2,0,13
BRDA:96,2,1,196
BRDA:96,3,0,209
BRDA:96,3,1,13
BRDA:100,4,0,13
BRDA:100,4,1,196
BRDA:100,5,0,209
BRDA:100,5,1,13
BRDA:106,6,0,17
BRDA:106,6,1,192
BRDA:112,7,0,16
BRDA:112,7,1,193
BRDA:118,8,0,5
BRDA:118,8,1,204
BRDA:118,9,0,209
BRDA:118,9,1,5
BRDA:124,10,0,7
BRDA:124,10,1,202
BRDA:128,11,0,39
BRDA:128,11,1,2
BRDA:128,11,2,2
BRDA:129,12,0,39
BRDA:129,12,1,2
BRDA:129,12,2,2
BRDA:130,13,0,39
BRDA:130,13,1,2
BRDA:130,13,2,2
BRDA:131,14,0,39
BRDA:131,14,1,2
BRDA:132,15,0,39
BRDA:132,15,1,2
BRDA:132,15,2,2
BRDA:165,16,0,5
BRDA:165,16,1,34
BRDA:165,17,0,39
BRDA:165,17,1,37
BRDA:165,17,2,5
BRDA:173,18,0,0
BRDA:173,18,1,39
BRDA:174,19,0,39
BRDA:174,19,1,0
BRDA:179,20,0,62
BRDA:179,20,1,6
BRDA:183,21,0,62
BRDA:183,21,1,6
BRDA:188,22,0,59
BRDA:188,22,1,9
BRDA:194,23,0,61
BRDA:194,23,1,7
BRDA:204,24,0,2
BRDA:204,24,1,37
BRDA:216,25,0,6
BRDA:216,25,1,203
BRDA:221,26,0,16
BRDA:221,26,1,0
BRDA:221,27,0,16
BRDA:221,27,1,0
BRDA:222,28,0,0
BRDA:222,28,1,16
BRDA:228,29,0,5
BRDA:228,29,1,11
BRDA:230,30,0,0
BRDA:230,30,1,5
BRDA:230,31,0,5
BRDA:230,31,1,5
BRDA:236,32,0,1
BRDA:236,32,1,4
BRDA:237,33,0,0
BRDA:237,33,1,1
BRDA:237,34,0,1
BRDA:237,34,1,1
BRDA:244,35,0,1
BRDA:244,35,1,1
BRDA:245,36,0,1
BRDA:245,36,1,1
BRDA:246,37,0,1
BRDA:246,37,1,0
BRDA:249,38,0,1
BRDA:249,38,1,1
BRDA:255,39,0,0
BRDA:255,39,1,4
BRDA:262,40,0,0
BRDA:262,40,1,4
BRDA:269,41,0,4
BRDA:269,41,1,4
BRDA:270,42,0,4
BRDA:270,42,1,4
BRDA:271,43,0,4
BRDA:271,43,1,0
BRDA:281,44,0,3
BRDA:281,44,1,8
BRDA:283,45,0,0
BRDA:283,45,1,3
BRDA:283,46,0,3
BRDA:283,46,1,3
BRDA:289,47,0,2
BRDA:289,47,1,1
BRDA:290,48,0,1
BRDA:290,48,1,1
BRDA:290,49,0,2
BRDA:290,49,1,1
BRDA:297,50,0,1
BRDA:297,50,1,1
BRDA:298,51,0,1
BRDA:298,51,1,1
BRDA:299,52,0,1
BRDA:299,52,1,0
BRDA:302,53,0,1
BRDA:302,53,1,1
BRDA:308,54,0,0
BRDA:308,54,1,1
BRDA:315,55,0,0
BRDA:315,55,1,1
BRDA:322,56,0,1
BRDA:322,56,1,1
BRDA:323,57,0,1
BRDA:323,57,1,1
BRDA:324,58,0,1
BRDA:324,58,1,0
BRDA:334,59,0,2
BRDA:334,59,1,6
BRDA:336,60,0,0
BRDA:336,60,1,2
BRDA:336,61,0,2
BRDA:336,61,1,2
BRDA:342,62,0,0
BRDA:342,62,1,2
BRDA:342,63,0,2
BRDA:342,63,1,0
BRDA:347,64,0,1
BRDA:347,64,1,1
BRDA:348,65,0,0
BRDA:348,65,1,1
BRDA:348,66,0,1
BRDA:348,66,1,1
BRDA:348,66,2,1
BRDA:355,67,0,1
BRDA:355,67,1,1
BRDA:356,68,0,1
BRDA:356,68,1,1
BRDA:357,69,0,1
BRDA:357,69,1,0
BRDA:361,70,0,1
BRDA:361,70,1,1
BRDA:367,71,0,0
BRDA:367,71,1,1
BRDA:374,72,0,0
BRDA:374,72,1,1
BRDA:381,73,0,1
BRDA:381,73,1,1
BRDA:382,74,0,1
BRDA:382,74,1,1
BRDA:383,75,0,1
BRDA:383,75,1,0
BRDA:393,76,0,3
BRDA:393,76,1,3
BRDA:395,77,0,0
BRDA:395,77,1,3
BRDA:395,78,0,3
BRDA:395,78,1,3
BRDA:401,79,0,0
BRDA:401,79,1,3
BRDA:401,80,0,3
BRDA:401,80,1,3
BRDA:401,80,2,0
BRDA:406,81,0,2
BRDA:406,81,1,1
BRDA:407,82,0,1
BRDA:407,82,1,1
BRDA:407,83,0,2
BRDA:407,83,1,1
BRDA:414,84,0,1
BRDA:414,84,1,1
BRDA:415,85,0,1
BRDA:415,85,1,1
BRDA:416,86,0,1
BRDA:416,86,1,0
BRDA:418,87,0,1
BRDA:418,87,1,1
BRDA:419,88,0,1
BRDA:419,88,1,1
BRDA:426,89,0,0
BRDA:426,89,1,1
BRDA:433,90,0,0
BRDA:433,90,1,1
BRDA:440,91,0,1
BRDA:440,91,1,1
BRDA:441,92,0,1
BRDA:441,92,1,1
BRDA:442,93,0,1
BRDA:442,93,1,0
BRDA:455,94,0,3
BRDA:455,94,1,0
BRDA:456,95,0,3
BRDA:456,95,1,2
BRDA:457,96,0,3
BRDA:457,96,1,2
BRDA:461,97,0,0
BRDA:461,97,1,3
BRDA:461,98,0,3
BRDA:461,98,1,0
BRDA:464,99,0,0
BRDA:464,99,1,3
BRDA:464,100,0,3
BRDA:464,100,1,0
BRDA:467,101,0,0
BRDA:467,101,1,3
BRDA:467,102,0,3
BRDA:467,102,1,0
BRDA:470,103,0,0
BRDA:470,103,1,3
BRDA:470,104,0,3
BRDA:470,104,1,0
BRDA:479,105,0,1
BRDA:479,105,1,0
BRDA:505,106,0,203
BRDA:540,107,0,182
BRDA:555,108,0,182
BRDA:561,109,0,21
BRDA:561,109,1,0
BRDA:567,110,0,203
BRDA:567,110,1,28
BRDA:567,110,2,28
BRDA:594,111,0,203
BRDA:594,111,1,20
BRDA:594,111,2,20
BRDA:613,112,0,203
BRDA:613,112,1,20
BRDA:619,113,0,16
BRDA:619,113,1,0
BRDA:624,114,0,22
BRDA:624,114,1,0
BRDA:629,115,0,16
BRDA:634,116,0,203
BRDA:634,116,1,20
BRDA:658,117,0,203
BRDA:658,117,1,18
BRDA:658,117,2,18
BRDA:677,118,0,203
BRDA:677,118,1,18
BRDA:681,119,0,2
BRDA:684,120,0,2
BRDA:684,120,1,0
BRDA:694,121,0,2
BRDA:694,121,1,0
BRDA:700,122,0,24
BRDA:700,122,1,0
BRDA:710,123,0,16
BRDA:710,123,1,0
BRDA:713,124,0,8
BRDA:713,124,1,5
BRDA:715,125,0,24
BRDA:715,125,1,0
BRDA:720,126,0,16
BRDA:726,127,0,203
BRDA:726,127,1,18
BRDA:730,128,0,0
BRDA:733,129,0,0
BRDA:733,129,1,0
BRDA:743,130,0,8
BRDA:743,130,1,0
BRDA:771,131,0,203
BRDA:771,131,1,19
BRDA:771,131,2,19
BRDA:790,132,0,203
BRDA:790,132,1,19
BRDA:794,133,0,4
BRDA:793,134,0,15
BRDA:793,134,1,13
BRDA:797,135,0,4
BRDA:797,135,1,0
BRDA:807,136,0,1
BRDA:807,136,1,0
BRDA:814,137,0,22
BRDA:814,137,1,0
BRDA:822,138,0,2
BRDA:825,139,0,2
BRDA:825,139,1,0
BRDA:835,140,0,1
BRDA:835,140,1,0
BRDA:840,141,0,5
BRDA:840,141,1,8
BRDA:842,142,0,26
BRDA:842,142,1,0
BRDA:853,143,0,15
BRDA:853,143,1,0
BRDA:855,144,0,11
BRDA:855,144,1,7
BRDA:856,145,0,5
BRDA:856,145,1,6
BRDA:856,146,0,11
BRDA:856,146,1,7
BRDA:863,147,0,15
BRDA:869,148,0,203
BRDA:869,148,1,19
BRDA:873,149,0,0
BRDA:872,150,0,4
BRDA:872,150,1,4
BRDA:876,151,0,0
BRDA:876,151,1,0
BRDA:886,152,0,16
BRDA:886,152,1,0
BRDA:914,153,0,203
BRDA:914,153,1,28
BRDA:925,154,0,44
BRDA:925,154,1,0
BRDA:930,155,0,23
BRDA:935,156,0,203
BRDA:935,156,1,28
BRDA:947,157,0,5
BRDA:959,158,0,5
BRDA:975,159,0,203
BRDA:990,160,0,175
BRDA:996,161,0,203
BRDA:1004,162,0,203
BRDA:1004,162,1,203
BRDA:1004,162,2,203
BRDA:1005,163,0,0
BRDA:1005,163,1,203
BRDA:1005,164,0,203
BRDA:1005,164,1,203
BRDA:1005,164,2,203
BRDA:1012,165,0,203
BRF:326
BRH:259
end_of_record
TN:
SF:src\features\remitos\api\remitosApiSlice.ts
FN:18,(anonymous_0)
FN:28,(anonymous_1)
FN:32,(anonymous_2)
FN:41,(anonymous_3)
FN:42,(anonymous_4)
FN:58,(anonymous_5)
FN:81,(anonymous_6)
FN:85,(anonymous_7)
FN:97,(anonymous_8)
FN:102,(anonymous_9)
FN:111,(anonymous_10)
FN:120,(anonymous_11)
FN:128,(anonymous_12)
FN:132,(anonymous_13)
FN:165,(anonymous_14)
FN:170,(anonymous_15)
FNF:16
FNH:11
FNDA:16,(anonymous_0)
FNDA:28,(anonymous_1)
FNDA:3,(anonymous_2)
FNDA:1,(anonymous_3)
FNDA:0,(anonymous_4)
FNDA:5,(anonymous_5)
FNDA:1,(anonymous_6)
FNDA:0,(anonymous_7)
FNDA:1,(anonymous_8)
FNDA:0,(anonymous_9)
FNDA:1,(anonymous_10)
FNDA:1,(anonymous_11)
FNDA:1,(anonymous_12)
FNDA:0,(anonymous_13)
FNDA:2,(anonymous_14)
FNDA:0,(anonymous_15)
DA:8,28
DA:10,28
DA:14,28
DA:19,16
DA:20,16
DA:21,16
DA:22,16
DA:23,16
DA:24,16
DA:28,28
DA:32,3
DA:41,1
DA:42,0
DA:59,5
DA:61,5
DA:62,7
DA:64,5
DA:65,5
DA:67,5
DA:68,5
DA:69,5
DA:70,5
DA:81,1
DA:85,0
DA:97,1
DA:102,0
DA:111,1
DA:120,1
DA:128,1
DA:132,0
DA:165,2
DA:170,0
DA:189,28
LF:33
LH:28
BRDA:10,0,0,28
BRDA:10,0,1,0
BRDA:10,0,2,0
BRDA:11,1,0,0
BRDA:11,1,1,0
BRDA:22,2,0,16
BRDA:22,2,1,0
BRDA:23,3,0,16
BRDA:23,3,1,0
BRDA:64,4,0,1
BRDA:64,4,1,4
BRDA:65,5,0,1
BRDA:65,5,1,4
BRDA:67,6,0,1
BRDA:67,6,1,4
BRDA:68,7,0,1
BRDA:68,7,1,4
BRDA:69,8,0,1
BRDA:69,8,1,4
BRF:19
BRH:13
end_of_record
TN:
SF:src\features\remitos\components\RemitoCard.tsx
FN:15,RemitoCard
FN:19,(anonymous_1)
FN:28,(anonymous_2)
FNF:3
FNH:3
FNDA:31,RemitoCard
FNDA:31,(anonymous_1)
FNDA:30,(anonymous_2)
DA:16,31
DA:17,31
DA:19,31
DA:20,31
DA:21,30
DA:28,31
DA:29,30
DA:30,30
LF:8
LH:8
BRDA:20,0,0,1
BRDA:20,0,1,30
BRDA:29,1,0,0
BRDA:29,1,1,30
BRDA:44,2,0,31
BRDA:44,2,1,1
BRDA:57,3,0,31
BRDA:63,4,0,31
BRDA:69,5,0,31
BRDA:78,6,0,31
BRDA:78,6,1,2
BRDA:80,7,0,30
BRDA:85,8,0,30
BRDA:96,9,0,31
BRDA:101,10,0,26
BRDA:101,10,1,4
BRDA:102,11,0,2
BRDA:102,11,1,2
BRF:18
BRH:17
end_of_record
TN:
SF:src\features\remitos\components\RemitoDetail.tsx
FN:52,RemitoDetail
FN:86,(anonymous_1)
FN:113,(anonymous_2)
FN:124,(anonymous_3)
FN:129,(anonymous_4)
FN:137,(anonymous_5)
FN:148,(anonymous_6)
FN:158,(anonymous_7)
FN:189,(anonymous_8)
FN:213,(anonymous_9)
FN:214,(anonymous_10)
FN:218,(anonymous_11)
FN:229,(anonymous_12)
FN:232,(anonymous_13)
FN:235,(anonymous_14)
FN:238,(anonymous_15)
FN:242,(anonymous_16)
FN:253,(anonymous_17)
FN:256,(anonymous_18)
FN:259,(anonymous_19)
FN:262,(anonymous_20)
FN:298,(anonymous_21)
FN:421,(anonymous_22)
FN:430,(anonymous_23)
FN:439,(anonymous_24)
FN:447,(anonymous_25)
FN:456,(anonymous_26)
FN:465,(anonymous_27)
FN:509,(anonymous_28)
FN:518,(anonymous_29)
FN:526,(anonymous_30)
FN:535,(anonymous_31)
FN:544,(anonymous_32)
FN:568,(anonymous_33)
FN:579,(anonymous_34)
FN:590,(anonymous_35)
FN:620,(anonymous_36)
FN:631,(anonymous_37)
FN:642,(anonymous_38)
FN:671,(anonymous_39)
FN:698,(anonymous_40)
FN:705,(anonymous_41)
FN:735,InfoRow
FN:776,EditableRow
FN:821,(anonymous_44)
FNF:45
FNH:33
FNDA:460,RemitoDetail
FNDA:78,(anonymous_1)
FNDA:210,(anonymous_2)
FNDA:1260,(anonymous_3)
FNDA:2,(anonymous_4)
FNDA:2,(anonymous_5)
FNDA:2,(anonymous_6)
FNDA:2,(anonymous_7)
FNDA:1,(anonymous_8)
FNDA:5,(anonymous_9)
FNDA:5,(anonymous_10)
FNDA:5,(anonymous_11)
FNDA:2,(anonymous_12)
FNDA:1,(anonymous_13)
FNDA:1,(anonymous_14)
FNDA:1,(anonymous_15)
FNDA:5,(anonymous_16)
FNDA:2,(anonymous_17)
FNDA:1,(anonymous_18)
FNDA:1,(anonymous_19)
FNDA:1,(anonymous_20)
FNDA:28,(anonymous_21)
FNDA:1,(anonymous_22)
FNDA:0,(anonymous_23)
FNDA:1,(anonymous_24)
FNDA:0,(anonymous_25)
FNDA:1,(anonymous_26)
FNDA:0,(anonymous_27)
FNDA:1,(anonymous_28)
FNDA:0,(anonymous_29)
FNDA:0,(anonymous_30)
FNDA:0,(anonymous_31)
FNDA:0,(anonymous_32)
FNDA:1,(anonymous_33)
FNDA:0,(anonymous_34)
FNDA:0,(anonymous_35)
FNDA:0,(anonymous_36)
FNDA:0,(anonymous_37)
FNDA:0,(anonymous_38)
FNDA:5,(anonymous_39)
FNDA:4,(anonymous_40)
FNDA:1,(anonymous_41)
FNDA:4,InfoRow
FNDA:3570,EditableRow
FNDA:5,(anonymous_44)
DA:53,460
DA:54,460
DA:55,460
DA:56,460
DA:77,460
DA:78,212
DA:80,212
DA:81,212
DA:82,212
DA:83,212
DA:86,212
DA:87,78
DA:88,78
DA:110,212
DA:111,212
DA:113,212
DA:114,210
DA:115,206
DA:124,212
DA:125,1260
DA:126,1210
DA:129,212
DA:130,2
DA:131,2
DA:133,1
DA:137,212
DA:138,2
DA:139,2
DA:140,2
DA:141,1
DA:142,1
DA:144,1
DA:148,212
DA:149,2
DA:150,2
DA:152,1
DA:154,1
DA:158,212
DA:159,2
DA:160,2
DA:182,1
DA:184,1
DA:185,1
DA:189,212
DA:191,1
DA:210,1
DA:213,212
DA:214,5
DA:218,212
DA:219,5
DA:220,5
DA:221,5
DA:223,5
DA:224,5
DA:225,5
DA:227,5
DA:229,2
DA:230,3
DA:232,1
DA:233,2
DA:235,1
DA:236,1
DA:238,1
DA:242,212
DA:243,5
DA:244,5
DA:245,5
DA:247,5
DA:248,5
DA:249,5
DA:251,5
DA:253,2
DA:254,3
DA:256,1
DA:257,2
DA:259,1
DA:260,1
DA:262,1
DA:266,212
DA:267,212
DA:268,212
DA:271,212
DA:298,28
DA:421,1
DA:430,0
DA:439,1
DA:447,0
DA:456,1
DA:465,0
DA:509,1
DA:518,0
DA:526,0
DA:535,0
DA:544,0
DA:568,1
DA:579,0
DA:590,0
DA:620,0
DA:631,0
DA:642,0
DA:671,5
DA:698,4
DA:705,1
DA:790,3570
DA:821,5
LF:105
LH:93
BRDA:52,0,0,0
BRDA:78,1,0,212
BRDA:78,1,1,2
BRDA:87,2,0,78
BRDA:87,2,1,0
BRDA:89,3,0,78
BRDA:89,3,1,1
BRDA:90,4,0,76
BRDA:90,4,1,2
BRDA:91,5,0,78
BRDA:91,5,1,2
BRDA:92,6,0,78
BRDA:92,6,1,1
BRDA:93,7,0,78
BRDA:93,7,1,2
BRDA:94,8,0,78
BRDA:94,8,1,2
BRDA:95,9,0,78
BRDA:95,9,1,1
BRDA:96,10,0,78
BRDA:96,10,1,1
BRDA:97,11,0,78
BRDA:97,11,1,1
BRDA:98,12,0,78
BRDA:98,12,1,1
BRDA:99,13,0,78
BRDA:99,13,1,1
BRDA:100,14,0,78
BRDA:100,14,1,3
BRDA:101,15,0,78
BRDA:101,15,1,3
BRDA:102,16,0,78
BRDA:102,16,1,4
BRDA:103,17,0,78
BRDA:103,17,1,2
BRDA:104,18,0,78
BRDA:104,18,1,2
BRDA:105,19,0,78
BRDA:105,19,1,3
BRDA:114,20,0,4
BRDA:114,20,1,206
BRDA:125,21,0,50
BRDA:125,21,1,1210
BRDA:138,22,0,0
BRDA:138,22,1,2
BRDA:163,23,0,2
BRDA:163,23,1,0
BRDA:164,24,0,2
BRDA:164,24,1,0
BRDA:165,25,0,2
BRDA:165,25,1,0
BRDA:166,26,0,2
BRDA:166,26,1,0
BRDA:167,27,0,2
BRDA:167,27,1,0
BRDA:168,28,0,2
BRDA:168,28,1,0
BRDA:169,29,0,2
BRDA:169,29,1,0
BRDA:170,30,0,2
BRDA:170,30,1,0
BRDA:171,31,0,2
BRDA:171,31,1,0
BRDA:172,32,0,2
BRDA:172,32,1,0
BRDA:173,33,0,2
BRDA:173,33,1,0
BRDA:174,34,0,2
BRDA:174,34,1,0
BRDA:175,35,0,2
BRDA:175,35,1,0
BRDA:176,36,0,2
BRDA:176,36,1,0
BRDA:177,37,0,2
BRDA:177,37,1,0
BRDA:178,38,0,2
BRDA:178,38,1,0
BRDA:179,39,0,2
BRDA:179,39,1,0
BRDA:192,40,0,1
BRDA:192,40,1,0
BRDA:193,41,0,1
BRDA:193,41,1,0
BRDA:194,42,0,1
BRDA:194,42,1,0
BRDA:195,43,0,1
BRDA:195,43,1,0
BRDA:196,44,0,1
BRDA:196,44,1,0
BRDA:197,45,0,1
BRDA:197,45,1,0
BRDA:198,46,0,1
BRDA:198,46,1,0
BRDA:199,47,0,1
BRDA:199,47,1,0
BRDA:200,48,0,1
BRDA:200,48,1,0
BRDA:201,49,0,1
BRDA:201,49,1,0
BRDA:202,50,0,1
BRDA:202,50,1,0
BRDA:203,51,0,1
BRDA:203,51,1,0
BRDA:204,52,0,1
BRDA:204,52,1,0
BRDA:205,53,0,1
BRDA:205,53,1,0
BRDA:206,54,0,1
BRDA:206,54,1,0
BRDA:207,55,0,1
BRDA:207,55,1,0
BRDA:208,56,0,1
BRDA:208,56,1,0
BRDA:219,57,0,5
BRDA:219,57,1,1
BRDA:220,58,0,5
BRDA:220,58,1,1
BRDA:221,59,0,5
BRDA:221,59,1,2
BRDA:227,60,0,2
BRDA:227,60,1,3
BRDA:227,61,0,5
BRDA:227,61,1,4
BRDA:227,61,2,3
BRDA:230,62,0,1
BRDA:230,62,1,2
BRDA:230,63,0,3
BRDA:230,63,1,2
BRDA:230,63,2,2
BRDA:233,64,0,1
BRDA:233,64,1,1
BRDA:233,65,0,2
BRDA:233,65,1,2
BRDA:233,65,2,2
BRDA:236,66,0,1
BRDA:236,66,1,0
BRDA:236,67,0,1
BRDA:236,67,1,1
BRDA:243,68,0,5
BRDA:243,68,1,1
BRDA:244,69,0,5
BRDA:244,69,1,1
BRDA:245,70,0,5
BRDA:245,70,1,2
BRDA:251,71,0,2
BRDA:251,71,1,3
BRDA:251,72,0,5
BRDA:251,72,1,4
BRDA:251,72,2,3
BRDA:254,73,0,1
BRDA:254,73,1,2
BRDA:254,74,0,3
BRDA:254,74,1,2
BRDA:254,74,2,2
BRDA:257,75,0,1
BRDA:257,75,1,1
BRDA:257,76,0,2
BRDA:257,76,1,2
BRDA:257,76,2,2
BRDA:260,77,0,1
BRDA:260,77,1,0
BRDA:260,78,0,1
BRDA:260,78,1,1
BRDA:267,79,0,212
BRDA:267,79,1,152
BRDA:268,80,0,212
BRDA:268,80,1,152
BRDA:271,81,0,2
BRDA:271,81,1,210
BRDA:296,82,0,210
BRDA:296,82,1,148
BRDA:307,83,0,210
BRDA:315,84,0,0
BRDA:315,84,1,43
BRDA:328,85,0,210
BRDA:328,85,1,148
BRDA:335,86,0,0
BRDA:335,86,1,105
BRDA:336,87,0,0
BRDA:336,87,1,105
BRDA:349,88,0,6
BRDA:348,89,0,210
BRDA:348,89,1,6
BRDA:349,90,0,2
BRDA:349,90,1,4
BRDA:382,91,0,210
BRDA:387,92,0,4
BRDA:387,92,1,202
BRDA:388,93,0,2
BRDA:388,93,1,200
BRDA:396,94,0,4
BRDA:396,94,1,202
BRDA:397,95,0,2
BRDA:397,95,1,200
BRDA:411,96,0,210
BRDA:472,97,0,210
BRDA:472,97,1,208
BRDA:472,97,2,208
BRDA:482,98,0,2
BRDA:482,98,1,0
BRDA:482,99,0,2
BRDA:482,99,1,0
BRDA:482,100,0,2
BRDA:482,100,1,0
BRDA:486,101,0,2
BRDA:486,101,1,0
BRDA:598,102,0,210
BRDA:650,103,0,210
BRDA:668,104,0,210
BRDA:668,104,1,152
BRDA:668,104,2,138
BRDA:672,105,0,95
BRDA:672,105,1,95
BRDA:680,106,0,95
BRDA:680,106,1,95
BRDA:684,107,0,0
BRDA:684,107,1,95
BRDA:690,108,0,210
BRDA:712,109,0,9
BRDA:712,109,1,3
BRDA:715,110,0,0
BRDA:715,110,1,9
BRDA:737,111,0,0
BRDA:737,111,1,4
BRDA:738,112,0,4
BRDA:740,113,0,0
BRDA:740,113,1,4
BRDA:744,114,0,0
BRDA:744,114,1,4
BRDA:745,115,0,0
BRDA:745,115,1,4
BRDA:748,116,0,4
BRDA:748,116,1,0
BRDA:750,117,0,4
BRDA:783,118,0,2100
BRDA:790,119,0,2839
BRDA:790,119,1,731
BRDA:792,120,0,1002
BRDA:792,120,1,1837
BRDA:793,121,0,2839
BRDA:795,122,0,1002
BRDA:795,122,1,1837
BRDA:799,123,0,1002
BRDA:799,123,1,1837
BRDA:800,124,0,334
BRDA:800,124,1,2505
BRDA:803,125,0,2839
BRDA:803,125,1,26
BRDA:811,126,0,258
BRDA:811,126,1,473
BRDA:812,127,0,731
BRDA:814,128,0,258
BRDA:814,128,1,473
BRDA:827,129,0,258
BRDA:827,129,1,473
BRDA:828,130,0,86
BRDA:828,130,1,645
BRDA:829,131,0,731
BRDA:829,131,1,645
BRDA:832,132,0,731
BRF:260
BRH:207
end_of_record
TN:
SF:src\features\remitos\components\RemitoUploader.tsx
FN:36,RemitoUploader
FN:49,(anonymous_1)
FN:66,(anonymous_2)
FN:68,(anonymous_3)
FN:74,(anonymous_4)
FN:79,(anonymous_5)
FN:93,(anonymous_6)
FN:93,(anonymous_7)
FN:100,(anonymous_8)
FN:100,(anonymous_9)
FN:106,(anonymous_10)
FN:115,(anonymous_11)
FN:116,(anonymous_12)
FN:135,(anonymous_13)
FN:139,(anonymous_14)
FN:145,(anonymous_15)
FN:146,(anonymous_16)
FN:146,(anonymous_17)
FN:149,(anonymous_18)
FN:181,(anonymous_19)
FN:199,(anonymous_20)
FN:204,(anonymous_21)
FN:205,(anonymous_22)
FN:238,(anonymous_23)
FN:243,(anonymous_24)
FN:244,(anonymous_25)
FN:244,(anonymous_26)
FN:254,(anonymous_27)
FN:258,(anonymous_28)
FN:317,(anonymous_29)
FN:318,(anonymous_30)
FN:339,(anonymous_31)
FN:346,(anonymous_32)
FN:362,(anonymous_33)
FN:386,(anonymous_34)
FN:397,(anonymous_35)
FN:456,(anonymous_36)
FN:463,(anonymous_37)
FN:465,(anonymous_38)
FN:467,(anonymous_39)
FN:473,(anonymous_40)
FNF:41
FNH:39
FNDA:97,RemitoUploader
FNDA:97,(anonymous_1)
FNDA:48,(anonymous_2)
FNDA:4,(anonymous_3)
FNDA:4,(anonymous_4)
FNDA:31,(anonymous_5)
FNDA:2,(anonymous_6)
FNDA:0,(anonymous_7)
FNDA:1,(anonymous_8)
FNDA:0,(anonymous_9)
FNDA:2,(anonymous_10)
FNDA:23,(anonymous_11)
FNDA:23,(anonymous_12)
FNDA:4,(anonymous_13)
FNDA:1,(anonymous_14)
FNDA:1,(anonymous_15)
FNDA:1,(anonymous_16)
FNDA:1,(anonymous_17)
FNDA:5,(anonymous_18)
FNDA:4,(anonymous_19)
FNDA:1,(anonymous_20)
FNDA:28,(anonymous_21)
FNDA:25,(anonymous_22)
FNDA:1,(anonymous_23)
FNDA:7,(anonymous_24)
FNDA:1,(anonymous_25)
FNDA:1,(anonymous_26)
FNDA:7,(anonymous_27)
FNDA:4,(anonymous_28)
FNDA:2,(anonymous_29)
FNDA:1,(anonymous_30)
FNDA:1,(anonymous_31)
FNDA:3,(anonymous_32)
FNDA:28,(anonymous_33)
FNDA:1,(anonymous_34)
FNDA:1,(anonymous_35)
FNDA:30,(anonymous_36)
FNDA:1,(anonymous_37)
FNDA:1,(anonymous_38)
FNDA:1,(anonymous_39)
FNDA:1,(anonymous_40)
DA:37,97
DA:38,97
DA:39,97
DA:40,97
DA:41,97
DA:42,97
DA:43,97
DA:44,97
DA:46,97
DA:49,97
DA:50,97
DA:51,97
DA:54,97
DA:57,97
DA:60,97
DA:61,97
DA:66,97
DA:68,97
DA:69,4
DA:70,4
DA:71,4
DA:74,97
DA:75,4
DA:76,4
DA:79,97
DA:80,31
DA:82,31
DA:84,31
DA:85,31
DA:87,31
DA:88,1
DA:89,1
DA:93,30
DA:94,1
DA:95,1
DA:99,29
DA:100,1
DA:101,1
DA:102,1
DA:103,1
DA:106,28
DA:107,1
DA:108,1
DA:111,27
DA:113,27
DA:114,23
DA:115,23
DA:116,23
DA:123,23
DA:125,4
DA:134,31
DA:135,4
DA:139,97
DA:140,1
DA:141,1
DA:142,1
DA:145,97
DA:146,1
[...]
DA:153,5
DA:154,1
DA:155,1
DA:158,4
DA:165,4
DA:167,3
DA:168,3
DA:169,3
DA:170,3
DA:171,1
DA:173,1
DA:174,1
DA:175,1
DA:176,1
DA:180,4
DA:181,4
DA:189,3
DA:190,3
DA:191,3
DA:192,3
DA:195,1
DA:199,97
DA:200,1
DA:201,1
DA:204,97
DA:205,97
DA:239,1
DA:240,1
DA:241,1
DA:243,7
DA:244,1
DA:255,7
DA:258,4
DA:317,2
DA:318,1
DA:339,1
DA:346,3
DA:363,28
DA:386,1
DA:397,1
DA:456,30
DA:463,1
DA:467,1
DA:473,1
DA:474,1
LF:105
LH:105
BRDA:50,0,0,97
BRDA:50,0,1,0
BRDA:60,1,0,97
BRDA:60,1,1,0
BRDA:62,2,0,97
BRDA:62,2,1,91
BRDA:66,3,0,48
BRDA:66,3,1,0
BRDA:70,4,0,4
BRDA:70,4,1,0
BRDA:70,5,0,4
BRDA:70,5,1,0
BRDA:87,6,0,1
BRDA:87,6,1,30
BRDA:87,7,0,31
BRDA:87,7,1,7
BRDA:93,8,0,1
BRDA:93,8,1,29
BRDA:93,9,0,30
BRDA:93,9,1,6
BRDA:93,9,2,5
BRDA:99,10,0,1
BRDA:99,10,1,28
BRDA:99,11,0,29
BRDA:99,11,1,5
BRDA:99,11,2,4
BRDA:100,12,0,1
BRDA:100,12,1,0
BRDA:101,13,0,1
BRDA:101,13,1,0
BRDA:106,14,0,1
BRDA:106,14,1,27
BRDA:106,15,0,28
BRDA:106,15,1,24
BRDA:113,16,0,23
BRDA:113,16,1,4
BRDA:134,17,0,4
BRDA:134,17,1,27
BRDA:150,18,0,0
BRDA:150,18,1,5
BRDA:153,19,0,1
BRDA:153,19,1,4
BRDA:153,20,0,5
BRDA:153,20,1,2
BRDA:165,21,0,3
BRDA:165,21,1,1
BRDA:171,22,0,1
BRDA:171,22,1,0
BRDA:189,23,0,3
BRDA:189,23,1,0
BRDA:201,24,0,1
BRDA:201,24,1,0
BRDA:213,25,0,97
BRDA:224,26,0,97
BRDA:241,27,0,0
BRDA:241,27,1,1
BRDA:251,28,0,30
BRDA:251,28,1,8
BRDA:254,29,0,6
BRDA:263,30,0,7
BRDA:263,30,1,0
BRDA:263,31,0,7
BRDA:263,31,1,0
BRDA:279,32,0,30
BRDA:292,33,0,30
BRDA:305,34,0,97
BRDA:316,35,0,72
BRDA:323,36,0,2
BRDA:323,36,1,70
BRDA:365,37,0,24
BRDA:395,38,0,25
BRDA:395,38,1,21
BRDA:409,39,0,22
BRDA:409,39,1,3
BRDA:409,40,0,25
BRDA:409,40,1,3
BRDA:410,41,0,25
BRDA:410,41,1,21
BRDA:419,42,0,25
BRDA:419,42,1,24
BRDA:422,43,0,1
BRDA:422,43,1,24
BRDA:428,44,0,1
BRDA:428,44,1,24
BRDA:437,45,0,3
BRDA:437,45,1,21
BRDA:444,46,0,97
BRDA:446,47,0,2
BRDA:446,47,1,1
BRDA:456,48,0,30
BRDA:456,48,1,30
BRF:91
BRH:77
end_of_record
TN:
SF:src\features\services\api\servicesApiSlice.ts
FN:14,(anonymous_0)
FN:17,(anonymous_1)
FN:23,(anonymous_2)
FN:29,(anonymous_3)
FN:32,(anonymous_4)
FN:52,(anonymous_5)
FN:56,(anonymous_6)
FN:57,(anonymous_7)
FN:68,(anonymous_8)
FN:72,(anonymous_9)
FN:76,(anonymous_10)
FN:77,(anonymous_11)
FN:82,(anonymous_12)
FN:86,(anonymous_13)
FN:90,(anonymous_14)
FN:96,(anonymous_15)
FN:100,(anonymous_16)
FN:104,(anonymous_17)
FN:110,(anonymous_18)
FN:115,(anonymous_19)
FN:119,(anonymous_20)
FN:129,(anonymous_21)
FN:134,(anonymous_22)
FN:138,(anonymous_23)
FN:139,(anonymous_24)
FN:149,(anonymous_25)
FN:153,(anonymous_26)
FN:154,(anonymous_27)
FN:164,(anonymous_28)
FN:169,(anonymous_29)
FN:173,(anonymous_30)
FN:174,(anonymous_31)
FNF:32
FNH:3
FNDA:10,(anonymous_0)
FNDA:10,(anonymous_1)
FNDA:0,(anonymous_2)
FNDA:6,(anonymous_3)
FNDA:0,(anonymous_4)
FNDA:0,(anonymous_5)
FNDA:0,(anonymous_6)
FNDA:0,(anonymous_7)
FNDA:0,(anonymous_8)
FNDA:0,(anonymous_9)
FNDA:0,(anonymous_10)
FNDA:0,(anonymous_11)
FNDA:0,(anonymous_12)
FNDA:0,(anonymous_13)
FNDA:0,(anonymous_14)
FNDA:0,(anonymous_15)
FNDA:0,(anonymous_16)
FNDA:0,(anonymous_17)
FNDA:0,(anonymous_18)
FNDA:0,(anonymous_19)
FNDA:0,(anonymous_20)
FNDA:0,(anonymous_21)
FNDA:0,(anonymous_22)
FNDA:0,(anonymous_23)
FNDA:0,(anonymous_24)
FNDA:0,(anonymous_25)
FNDA:0,(anonymous_26)
FNDA:0,(anonymous_27)
FNDA:0,(anonymous_28)
FNDA:0,(anonymous_29)
FNDA:0,(anonymous_30)
FNDA:0,(anonymous_31)
DA:14,6
DA:15,10
DA:16,6
DA:17,10
DA:23,6
DA:24,0
DA:25,0
DA:28,6
DA:29,6
DA:33,0
DA:35,0
DA:36,0
DA:37,0
DA:39,0
DA:40,0
DA:43,0
DA:44,0
DA:47,0
DA:53,0
DA:54,0
DA:56,0
DA:58,0
DA:59,0
DA:60,0
DA:62,0
DA:68,0
DA:73,0
DA:74,0
DA:76,0
DA:77,0
DA:82,0
DA:87,0
DA:88,0
DA:90,0
DA:96,0
DA:101,0
DA:102,0
DA:104,0
DA:110,0
DA:116,0
DA:117,0
DA:119,0
DA:129,0
DA:135,0
DA:136,0
DA:138,0
DA:139,0
DA:149,0
DA:153,0
DA:154,0
DA:164,0
DA:170,0
DA:171,0
DA:173,0
DA:174,0
DA:194,6
LF:56
LH:8
BRDA:15,0,0,4
BRDA:15,0,1,6
BRDA:33,1,0,0
BRDA:33,2,0,0
BRDA:33,3,0,0
BRDA:33,3,1,0
BRDA:39,4,0,0
BRDA:39,4,1,0
BRDA:43,5,0,0
BRDA:43,5,1,0
BRDA:58,6,0,0
BRDA:58,6,1,0
BRF:12
BRH:2
end_of_record
TN:
SF:src\features\services\hooks\useServiceValidation.ts
FN:6,(anonymous_0)
FN:12,(anonymous_1)
FN:43,(anonymous_2)
FN:75,(anonymous_3)
FN:80,(anonymous_4)
FN:125,(anonymous_5)
FN:134,(anonymous_6)
FN:173,(anonymous_7)
FN:178,(anonymous_8)
FN:179,(anonymous_9)
FN:183,(anonymous_10)
FN:184,(anonymous_11)
FN:203,(anonymous_12)
FN:204,(anonymous_13)
FN:208,(anonymous_14)
FN:212,(anonymous_15)
FN:218,(anonymous_16)
FN:223,(anonymous_17)
FN:237,(anonymous_18)
FN:240,(anonymous_19)
FN:257,(anonymous_20)
FN:269,(anonymous_21)
FN:270,(anonymous_22)
FN:283,(anonymous_23)
FN:296,(anonymous_24)
FNF:25
FNH:9
FNDA:4,(anonymous_0)
FNDA:2,(anonymous_1)
FNDA:2,(anonymous_2)
FNDA:4,(anonymous_3)
FNDA:3,(anonymous_4)
FNDA:2,(anonymous_5)
FNDA:1,(anonymous_6)
FNDA:0,(anonymous_7)
FNDA:0,(anonymous_8)
FNDA:0,(anonymous_9)
FNDA:0,(anonymous_10)
FNDA:0,(anonymous_11)
FNDA:1,(anonymous_12)
FNDA:1,(anonymous_13)
FNDA:0,(anonymous_14)
FNDA:0,(anonymous_15)
FNDA:0,(anonymous_16)
FNDA:0,(anonymous_17)
FNDA:0,(anonymous_18)
FNDA:0,(anonymous_19)
FNDA:0,(anonymous_20)
FNDA:0,(anonymous_21)
FNDA:0,(anonymous_22)
FNDA:0,(anonymous_23)
FNDA:0,(anonymous_24)
DA:6,1
DA:7,4
DA:8,4
DA:9,4
DA:11,4
DA:13,2
DA:14,2
DA:15,2
DA:17,2
DA:19,2
DA:20,0
DA:21,0
DA:24,2
DA:25,0
DA:26,0
DA:29,2
DA:30,0
DA:31,0
DA:35,2
DA:36,2
DA:37,0
DA:38,0
DA:42,2
DA:44,2
DA:48,2
DA:49,1
DA:50,1
DA:53,1
DA:54,1
DA:56,0
DA:57,0
DA:58,0
DA:60,2
DA:66,4
DA:75,1
DA:76,4
DA:77,4
DA:78,4
DA:80,4
DA:81,3
DA:82,3
DA:83,3
DA:85,3
DA:87,3
DA:88,0
DA:89,0
DA:93,3
DA:94,0
DA:95,0
DA:99,3
DA:100,3
DA:101,1
DA:102,1
DA:105,2
DA:106,2
DA:108,0
DA:109,0
DA:110,0
DA:112,3
DA:116,4
DA:125,1
DA:126,2
DA:127,2
DA:128,2
DA:130,2
DA:131,2
DA:133,2
DA:140,1
DA:141,1
DA:144,1
DA:145,0
DA:149,1
DA:150,0
DA:154,1
DA:155,0
DA:159,1
DA:160,0
DA:163,1
DA:164,1
DA:165,1
DA:166,1
DA:168,1
DA:173,2
DA:174,0
DA:175,0
DA:178,2
DA:179,0
DA:180,0
DA:183,2
DA:184,0
DA:185,0
DA:186,0
DA:187,0
DA:191,2
DA:203,1
DA:204,1
DA:205,1
DA:208,1
DA:209,0
DA:212,1
DA:215,0
DA:218,1
DA:220,0
DA:223,1
DA:224,0
DA:227,1
DA:237,1
DA:238,0
DA:240,0
DA:241,0
DA:243,0
DA:245,0
DA:246,0
DA:247,0
DA:248,0
DA:249,0
DA:250,0
DA:253,0
DA:254,0
DA:257,0
DA:258,0
DA:261,0
DA:269,1
DA:270,0
DA:271,0
DA:273,0
DA:275,0
DA:277,0
DA:279,0
DA:283,0
DA:284,0
DA:286,0
DA:288,0
DA:290,0
DA:292,0
DA:296,0
DA:298,0
DA:304,0
DA:307,0
LF:139
LH:74
BRDA:6,0,0,0
BRDA:19,1,0,0
BRDA:19,1,1,2
BRDA:19,2,0,2
BRDA:19,2,1,2
BRDA:24,3,0,0
BRDA:24,3,1,2
BRDA:29,4,0,0
BRDA:29,4,1,2
BRDA:36,5,0,0
BRDA:36,5,1,2
BRDA:44,6,0,2
BRDA:44,6,1,1
BRDA:48,7,0,1
BRDA:48,7,1,1
BRDA:87,8,0,0
BRDA:87,8,1,3
BRDA:87,9,0,3
BRDA:87,9,1,3
BRDA:93,10,0,0
BRDA:93,10,1,3
BRDA:100,11,0,1
BRDA:100,11,1,2
BRDA:125,12,0,0
BRDA:144,13,0,0
BRDA:144,13,1,1
BRDA:145,14,0,0
BRDA:145,14,1,0
BRDA:149,15,0,0
BRDA:149,15,1,1
BRDA:149,16,0,1
BRDA:149,16,1,0
BRDA:154,17,0,0
BRDA:154,17,1,1
BRDA:155,18,0,0
BRDA:155,18,1,0
BRDA:159,19,0,0
BRDA:159,19,1,1
BRDA:159,20,0,1
BRDA:159,20,1,1
BRDA:215,21,0,0
BRDA:215,21,1,0
BRDA:215,21,2,0
BRDA:245,22,0,0
BRDA:245,22,1,0
BRDA:247,23,0,0
BRDA:247,23,1,0
BRDA:249,24,0,0
BRDA:249,24,1,0
BRDA:271,25,0,0
BRDA:271,25,1,0
BRDA:271,25,2,0
BRDA:271,25,3,0
BRDA:284,26,0,0
BRDA:284,26,1,0
BRDA:284,26,2,0
BRDA:284,26,3,0
BRDA:304,27,0,0
BRDA:304,27,1,0
BRF:59
BRH:23
end_of_record
TN:
SF:src\features\users\api\usersApiSlice.ts
FN:14,(anonymous_0)
FN:20,(anonymous_1)
FN:38,(anonymous_2)
FN:45,(anonymous_3)
FN:50,(anonymous_4)
FN:53,(anonymous_5)
FN:77,(anonymous_6)
FN:88,(anonymous_7)
FN:89,(anonymous_8)
FN:101,(anonymous_9)
FN:105,(anonymous_10)
FN:115,(anonymous_11)
FN:116,(anonymous_12)
FN:127,(anonymous_13)
FN:136,(anonymous_14)
FN:153,(anonymous_15)
FN:159,(anonymous_16)
FN:168,(anonymous_17)
FN:178,(anonymous_18)
FN:179,(anonymous_19)
FN:190,(anonymous_20)
FN:194,(anonymous_21)
FN:204,(anonymous_22)
FN:205,(anonymous_23)
FN:216,(anonymous_24)
FN:220,(anonymous_25)
FN:224,(anonymous_26)
FN:242,(anonymous_27)
FNF:28
FNH:2
FNDA:0,(anonymous_0)
FNDA:0,(anonymous_1)
FNDA:0,(anonymous_2)
FNDA:0,(anonymous_3)
FNDA:13,(anonymous_4)
FNDA:0,(anonymous_5)
FNDA:0,(anonymous_6)
FNDA:0,(anonymous_7)
FNDA:0,(anonymous_8)
FNDA:0,(anonymous_9)
FNDA:0,(anonymous_10)
FNDA:0,(anonymous_11)
FNDA:0,(anonymous_12)
FNDA:0,(anonymous_13)
FNDA:0,(anonymous_14)
FNDA:0,(anonymous_15)
FNDA:0,(anonymous_16)
FNDA:0,(anonymous_17)
FNDA:0,(anonymous_18)
FNDA:0,(anonymous_19)
FNDA:0,(anonymous_20)
FNDA:0,(anonymous_21)
FNDA:0,(anonymous_22)
FNDA:0,(anonymous_23)
FNDA:0,(anonymous_24)
FNDA:0,(anonymous_25)
FNDA:0,(anonymous_26)
FNDA:30,(anonymous_27)
DA:14,13
DA:15,0
DA:16,0
DA:20,13
DA:21,0
DA:24,0
DA:25,0
DA:29,0
DA:30,0
DA:33,0
DA:34,0
DA:38,13
DA:39,0
DA:40,0
DA:43,0
DA:45,0
DA:49,13
DA:50,13
DA:54,0
DA:56,0
DA:57,0
DA:58,0
DA:60,0
DA:61,0
DA:64,0
DA:65,0
DA:68,0
DA:69,0
DA:72,0
DA:78,0
DA:81,0
DA:82,0
DA:83,0
DA:86,0
DA:88,0
DA:90,0
DA:91,0
DA:92,0
DA:95,0
DA:101,0
DA:106,0
DA:108,0
DA:109,0
DA:110,0
DA:113,0
DA:115,0
DA:117,0
DA:118,0
DA:119,0
DA:121,0
DA:128,0
DA:130,0
DA:137,0
DA:140,0
DA:141,0
DA:142,0
DA:146,0
DA:147,0
DA:148,0
DA:151,0
DA:153,0
DA:160,0
DA:162,0
DA:169,0
DA:171,0
DA:172,0
DA:173,0
DA:176,0
DA:178,0
DA:180,0
DA:181,0
DA:190,0
DA:195,0
DA:197,0
DA:198,0
DA:199,0
DA:202,0
DA:204,0
DA:206,0
DA:207,0
DA:216,0
DA:221,0
DA:222,0
DA:224,0
DA:239,13
DA:242,13
DA:244,30
DA:246,30
LF:88
LH:9
BRDA:24,0,0,0
BRDA:24,0,1,0
BRDA:24,1,0,0
BRDA:24,1,1,0
BRDA:29,2,0,0
BRDA:29,2,1,0
BRDA:39,3,0,0
BRDA:39,3,1,0
BRDA:54,4,0,0
BRDA:54,5,0,0
BRDA:54,6,0,0
BRDA:54,7,0,0
BRDA:54,7,1,0
BRDA:60,8,0,0
BRDA:60,8,1,0
BRDA:64,9,0,0
BRDA:64,9,1,0
BRDA:68,10,0,0
BRDA:68,10,1,0
BRDA:81,11,0,0
BRDA:81,11,1,0
BRDA:81,12,0,0
BRDA:81,12,1,0
BRDA:81,12,2,0
BRDA:90,13,0,0
BRDA:90,13,1,0
BRDA:108,14,0,0
BRDA:108,14,1,0
BRDA:108,15,0,0
BRDA:108,15,1,0
BRDA:108,15,2,0
BRDA:117,16,0,0
BRDA:117,16,1,0
BRDA:140,17,0,0
BRDA:140,17,1,0
BRDA:140,18,0,0
BRDA:140,18,1,0
BRDA:140,18,2,0
BRDA:146,19,0,0
BRDA:146,19,1,0
BRDA:171,20,0,0
BRDA:171,20,1,0
BRDA:171,21,0,0
BRDA:171,21,1,0
BRDA:171,21,2,0
BRDA:180,22,0,0
BRDA:180,22,1,0
BRDA:197,23,0,0
BRDA:197,23,1,0
BRDA:197,24,0,0
BRDA:197,24,1,0
BRDA:206,25,0,0
BRDA:206,25,1,0
BRDA:248,26,0,30
BRDA:248,26,1,30
BRF:55
BRH:2
end_of_record
TN:
SF:src\features\users\components\UserForm.tsx
FN:22,(anonymous_0)
FN:64,(anonymous_1)
FN:72,(anonymous_2)
FN:86,(anonymous_3)
FN:91,(anonymous_4)
FN:100,(anonymous_5)
FN:108,(anonymous_6)
FN:136,(anonymous_7)
FN:147,(anonymous_8)
FN:151,(anonymous_9)
FN:247,(anonymous_10)
FN:272,(anonymous_11)
FN:282,(anonymous_12)
FN:347,(anonymous_13)
FN:357,(anonymous_14)
FNF:15
FNH:7
FNDA:40,(anonymous_0)
FNDA:0,(anonymous_1)
FNDA:25,(anonymous_2)
FNDA:0,(anonymous_3)
FNDA:0,(anonymous_4)
FNDA:20,(anonymous_5)
FNDA:0,(anonymous_6)
FNDA:40,(anonymous_7)
FNDA:40,(anonymous_8)
FNDA:40,(anonymous_9)
FNDA:0,(anonymous_10)
FNDA:0,(anonymous_11)
FNDA:0,(anonymous_12)
FNDA:0,(anonymous_13)
FNDA:6,(anonymous_14)
DA:22,11
DA:30,40
DA:31,40
DA:33,40
DA:34,40
DA:35,40
DA:36,40
DA:44,40
DA:58,40
DA:59,40
DA:60,40
DA:63,40
DA:65,0
DA:66,0
DA:72,40
DA:73,25
DA:75,0
DA:76,0
DA:77,0
DA:81,0
DA:82,0
DA:86,0
DA:87,0
DA:91,0
DA:92,0
DA:93,0
DA:100,40
DA:101,20
DA:102,0
DA:108,40
DA:110,0
DA:111,0
DA:112,0
DA:115,0
DA:116,0
DA:117,0
DA:120,0
DA:121,0
DA:122,0
DA:126,0
DA:133,0
DA:136,40
DA:137,40
DA:139,0
DA:141,40
DA:143,0
DA:147,40
DA:148,40
DA:151,40
DA:152,40
DA:247,0
DA:273,0
DA:282,0
DA:348,0
DA:357,6
LF:55
LH:25
BRDA:28,0,0,6
BRDA:47,1,0,40
BRDA:47,1,1,28
BRDA:50,2,0,0
BRDA:50,2,1,40
BRDA:50,3,0,40
BRDA:50,3,1,36
BRDA:52,4,0,40
BRDA:52,4,1,40
BRDA:52,4,2,40
BRDA:54,5,0,0
BRDA:54,5,1,40
BRDA:73,6,0,0
BRDA:73,6,1,25
BRDA:73,7,0,25
BRDA:73,7,1,17
BRDA:73,7,2,0
BRDA:76,8,0,0
BRDA:76,8,1,0
BRDA:81,9,0,0
BRDA:81,9,1,0
BRDA:92,10,0,0
BRDA:92,10,1,0
BRDA:101,11,0,0
BRDA:101,11,1,20
BRDA:101,12,0,20
BRDA:101,12,1,0
BRDA:110,13,0,0
BRDA:110,13,1,0
BRDA:110,14,0,0
BRDA:110,14,1,0
BRDA:115,15,0,0
BRDA:115,15,1,0
BRDA:115,16,0,0
BRDA:115,16,1,0
BRDA:115,16,2,0
BRDA:120,17,0,0
BRDA:120,17,1,0
BRDA:120,18,0,0
BRDA:120,18,1,0
BRDA:130,19,0,0
BRDA:130,19,1,0
BRDA:137,20,0,0
BRDA:137,20,1,40
BRDA:137,20,2,0
BRDA:161,21,0,28
BRDA:161,21,1,12
BRDA:191,22,0,0
BRDA:191,22,1,40
BRDA:194,23,0,40
BRDA:194,23,1,10
BRDA:198,24,0,40
BRDA:198,24,1,28
BRDA:200,25,0,0
BRDA:200,25,1,0
BRDA:202,26,0,0
BRDA:202,26,1,0
BRDA:204,27,0,0
BRDA:204,27,1,0
BRDA:211,28,0,40
BRDA:213,29,0,40
BRDA:213,29,1,28
BRDA:219,30,0,40
BRDA:228,31,0,0
BRDA:228,31,1,28
BRDA:241,32,0,0
BRDA:241,32,1,28
BRDA:251,33,0,0
BRDA:257,34,0,28
BRDA:269,35,0,0
BRDA:269,35,1,28
BRDA:273,36,0,0
BRDA:273,36,1,0
BRDA:276,37,0,0
BRDA:276,37,1,28
BRDA:286,38,0,0
BRDA:292,39,0,28
BRDA:306,40,0,0
BRDA:309,41,0,0
BRDA:309,41,1,0
BRDA:324,42,0,40
BRDA:334,43,0,0
BRDA:337,44,0,0
BRDA:337,44,1,0
BRDA:342,45,0,0
BRDA:342,45,1,0
BRDA:357,46,0,40
BRDA:357,46,1,40
BRDA:363,47,0,40
BRDA:382,48,0,40
BRDA:382,48,1,10
BRDA:382,48,2,0
BRDA:382,48,3,0
BRDA:382,48,4,0
BRDA:382,48,5,0
BRDA:389,49,0,30
BRDA:389,49,1,10
BRDA:392,50,0,22
BRDA:392,50,1,8
BRDA:394,51,0,6
BRDA:394,51,1,4
BRF:101
BRH:45
end_of_record
TN:
SF:src\features\users\components\UserModal.tsx
FN:25,isRTKQueryError
FN:29,(anonymous_1)
FN:37,(anonymous_2)
FN:81,(anonymous_3)
FNF:4
FNH:4
FNDA:16,isRTKQueryError
FNDA:51,(anonymous_1)
FNDA:26,(anonymous_2)
FNDA:2,(anonymous_3)
DA:26,16
DA:29,9
DA:30,51
DA:31,51
DA:32,51
DA:34,51
DA:35,51
DA:37,51
DA:38,26
DA:41,26
DA:42,20
DA:43,20
DA:44,4
DA:45,4
DA:50,6
DA:51,3
DA:52,3
DA:56,3
DA:57,3
DA:63,3
DA:64,3
DA:65,3
DA:68,7
DA:70,16
DA:73,16
DA:74,12
DA:77,12
DA:79,4
DA:80,1
DA:81,2
DA:84,1
DA:85,3
DA:86,2
DA:88,1
DA:90,4
DA:93,1
DA:94,1
DA:97,1
DA:98,1
DA:101,1
DA:102,1
DA:105,1
DA:106,1
DA:109,1
DA:110,1
DA:113,3
DA:114,1
DA:115,2
DA:116,1
DA:118,1
DA:121,4
DA:123,2
DA:124,2
DA:127,2
DA:128,2
DA:133,51
LF:56
LH:56
BRDA:26,0,0,16
BRDA:26,0,1,15
BRDA:26,0,2,15
BRDA:34,1,0,51
BRDA:34,1,1,17
BRDA:35,2,0,51
BRDA:35,2,1,51
BRDA:41,3,0,20
BRDA:41,3,1,6
BRDA:50,4,0,3
BRDA:50,4,1,3
BRDA:50,5,0,6
BRDA:50,5,1,6
BRDA:73,6,0,12
BRDA:73,6,1,4
BRDA:77,7,0,4
BRDA:77,7,1,1
BRDA:77,7,2,1
BRDA:77,7,3,1
BRDA:77,7,4,1
BRDA:77,7,5,1
BRDA:77,7,6,3
BRDA:79,8,0,1
BRDA:79,8,1,3
BRDA:79,9,0,4
BRDA:79,9,1,1
BRDA:79,9,2,1
BRDA:85,10,0,2
BRDA:85,10,1,1
BRDA:113,11,0,1
BRDA:113,11,1,2
BRDA:115,12,0,1
BRDA:115,12,1,1
BRDA:121,13,0,2
BRDA:121,13,1,2
BRDA:133,14,0,4
BRDA:133,14,1,47
BRDA:149,15,0,47
BRDA:149,15,1,47
BRF:39
BRH:39
end_of_record
TN:
SF:src\features\users\components\UserTable.lazy.tsx
FN:7,(anonymous_0)
FN:12,(anonymous_1)
FN:24,(anonymous_2)
FN:31,(anonymous_3)
FN:100,(anonymous_4)
FN:144,(anonymous_5)
FN:145,(anonymous_6)
FN:148,(anonymous_7)
FN:150,(anonymous_8)
FN:164,(anonymous_9)
FN:171,(anonymous_10)
FN:172,(anonymous_11)
FN:176,(anonymous_12)
FN:179,(anonymous_13)
FN:182,(anonymous_14)
FN:188,(anonymous_15)
FN:195,(anonymous_16)
FN:199,(anonymous_17)
FN:201,(anonymous_18)
FN:214,(anonymous_19)
FNF:20
FNH:15
FNDA:1,(anonymous_0)
FNDA:1,(anonymous_1)
FNDA:0,(anonymous_2)
FNDA:1,(anonymous_3)
FNDA:5,(anonymous_4)
FNDA:9,(anonymous_5)
FNDA:9,(anonymous_6)
FNDA:0,(anonymous_7)
FNDA:0,(anonymous_8)
FNDA:5,(anonymous_9)
FNDA:11,(anonymous_10)
FNDA:11,(anonymous_11)
FNDA:1,(anonymous_12)
FNDA:1,(anonymous_13)
FNDA:0,(anonymous_14)
FNDA:0,(anonymous_15)
FNDA:2,(anonymous_16)
FNDA:7,(anonymous_17)
FNDA:2,(anonymous_18)
FNDA:5,(anonymous_19)
DA:7,5
DA:8,1
DA:9,1
DA:11,1
DA:13,1
DA:14,1
DA:16,1
DA:22,1
DA:25,0
DA:26,0
DA:31,5
DA:33,1
DA:101,5
DA:141,5
DA:144,5
DA:145,9
DA:146,9
DA:148,5
DA:149,0
DA:150,0
DA:151,0
DA:152,0
DA:162,5
DA:164,5
DA:165,5
DA:171,5
DA:172,11
DA:173,11
DA:176,7
DA:177,1
DA:178,1
DA:180,1
DA:183,0
DA:188,7
DA:189,0
DA:190,0
DA:194,7
DA:195,7
DA:196,2
DA:199,7
DA:200,7
DA:201,7
DA:202,2
DA:214,5
DA:219,5
DA:220,5
LF:46
LH:37
BRDA:144,0,0,0
BRDA:146,1,0,4
BRDA:146,1,1,5
BRDA:151,2,0,0
BRDA:151,2,1,0
BRDA:171,3,0,0
BRDA:173,4,0,4
BRDA:173,4,1,7
BRDA:215,5,0,1
BRDA:216,6,0,1
BRF:10
BRH:6
end_of_record
TN:
SF:src\features\users\components\UserTable.tsx
FN:33,(anonymous_0)
FN:100,(anonymous_1)
FN:153,(anonymous_2)
FN:161,(anonymous_3)
FN:165,(anonymous_4)
FN:170,(anonymous_5)
FN:194,(anonymous_6)
FN:214,(anonymous_7)
FN:216,(anonymous_8)
FN:234,(anonymous_9)
FN:235,(anonymous_10)
FN:242,(anonymous_11)
FN:243,(anonymous_12)
FN:250,(anonymous_13)
FN:251,(anonymous_14)
FN:254,(anonymous_15)
FN:262,(anonymous_16)
FN:270,(anonymous_17)
FN:277,(anonymous_18)
FN:310,(anonymous_19)
FN:321,(anonymous_20)
FN:334,(anonymous_21)
FN:347,(anonymous_22)
FN:367,(anonymous_23)
FN:406,(anonymous_24)
FN:415,(anonymous_25)
FN:435,(anonymous_26)
FN:455,(anonymous_27)
FN:462,(anonymous_28)
FN:526,(anonymous_29)
FN:576,(anonymous_30)
FN:588,(anonymous_31)
FN:620,(anonymous_32)
FN:634,(anonymous_33)
FN:651,(anonymous_34)
FN:659,(anonymous_35)
FNF:36
FNH:5
FNDA:2,(anonymous_0)
FNDA:2,(anonymous_1)
FNDA:2,(anonymous_2)
FNDA:2,(anonymous_3)
FNDA:2,(anonymous_4)
FNDA:0,(anonymous_5)
FNDA:0,(anonymous_6)
FNDA:0,(anonymous_7)
FNDA:0,(anonymous_8)
FNDA:0,(anonymous_9)
FNDA:0,(anonymous_10)
FNDA:0,(anonymous_11)
FNDA:0,(anonymous_12)
FNDA:0,(anonymous_13)
FNDA:0,(anonymous_14)
FNDA:0,(anonymous_15)
FNDA:0,(anonymous_16)
FNDA:0,(anonymous_17)
FNDA:0,(anonymous_18)
FNDA:0,(anonymous_19)
FNDA:0,(anonymous_20)
FNDA:0,(anonymous_21)
FNDA:0,(anonymous_22)
FNDA:0,(anonymous_23)
FNDA:0,(anonymous_24)
FNDA:0,(anonymous_25)
FNDA:0,(anonymous_26)
FNDA:0,(anonymous_27)
FNDA:0,(anonymous_28)
FNDA:0,(anonymous_29)
FNDA:0,(anonymous_30)
FNDA:0,(anonymous_31)
FNDA:0,(anonymous_32)
FNDA:0,(anonymous_33)
FNDA:0,(anonymous_34)
FNDA:0,(anonymous_35)
DA:33,4
DA:40,2
DA:100,4
DA:101,2
DA:102,2
DA:105,2
DA:114,2
DA:124,2
DA:132,2
DA:133,2
DA:141,2
DA:145,2
DA:146,2
DA:148,2
DA:149,2
DA:150,2
DA:153,2
DA:154,2
DA:155,0
DA:160,2
DA:161,2
DA:165,2
DA:166,2
DA:169,2
DA:171,0
DA:172,0
DA:175,0
DA:176,0
DA:179,0
DA:181,0
DA:188,0
DA:193,2
DA:195,0
DA:197,0
DA:199,0
DA:202,0
DA:204,0
DA:207,0
DA:213,2
DA:215,0
DA:216,0
DA:223,0
DA:225,0
DA:234,2
DA:235,0
DA:242,2
DA:243,0
DA:250,2
DA:251,0
DA:254,2
DA:255,0
DA:262,2
DA:263,0
DA:270,2
DA:271,0
DA:277,2
DA:278,0
DA:280,0
DA:281,0
DA:282,0
DA:284,0
DA:285,0
DA:288,0
DA:290,0
DA:291,0
DA:292,0
DA:293,0
DA:296,0
DA:297,0
DA:299,0
DA:300,0
DA:310,2
DA:311,0
DA:312,0
DA:321,2
DA:322,0
DA:324,0
DA:326,0
DA:328,0
DA:330,0
DA:334,2
DA:335,0
DA:337,0
DA:339,0
DA:341,0
DA:343,0
DA:347,2
DA:348,0
DA:349,0
DA:357,0
DA:362,2
DA:367,0
DA:406,0
DA:415,0
DA:435,0
DA:456,0
DA:463,0
DA:527,0
DA:576,0
DA:588,0
DA:620,0
DA:634,0
DA:651,0
DA:659,0
LF:104
LH:37
BRDA:40,0,0,2
BRDA:40,0,1,0
BRDA:40,1,0,2
BRDA:40,1,1,0
BRDA:83,2,0,0
BRDA:83,2,1,0
BRDA:148,3,0,2
BRDA:148,3,1,2
BRDA:149,4,0,2
BRDA:149,4,1,2
BRDA:150,5,0,2
BRDA:150,5,1,2
BRDA:154,6,0,0
BRDA:154,6,1,2
BRDA:161,7,0,2
BRDA:161,7,1,0
BRDA:166,8,0,2
BRDA:166,8,1,2
BRDA:171,9,0,0
BRDA:171,9,1,0
BRDA:175,10,0,0
BRDA:175,10,1,0
BRDA:179,11,0,0
BRDA:179,11,1,0
BRDA:182,12,0,0
BRDA:182,12,1,0
BRDA:182,12,2,0
BRDA:195,13,0,0
BRDA:195,13,1,0
BRDA:197,14,0,0
BRDA:197,14,1,0
BRDA:202,15,0,0
BRDA:202,15,1,0
BRDA:204,16,0,0
BRDA:204,16,1,0
BRDA:223,17,0,0
BRDA:223,17,1,0
BRDA:237,18,0,0
BRDA:237,18,1,0
BRDA:245,19,0,0
BRDA:245,19,1,0
BRDA:278,20,0,0
BRDA:278,20,1,0
BRDA:296,21,0,0
BRDA:296,21,1,0
BRDA:322,22,0,0
BRDA:322,22,1,0
BRDA:322,22,2,0
BRDA:322,22,3,0
BRDA:335,23,0,0
BRDA:335,23,1,0
BRDA:335,23,2,0
BRDA:335,23,3,0
BRDA:362,24,0,0
BRDA:362,24,1,2
BRDA:387,25,0,2
BRDA:420,26,0,2
BRDA:420,26,1,0
BRDA:425,27,0,2
BRDA:434,28,0,0
BRDA:434,28,1,0
BRDA:441,29,0,0
BRDA:448,30,0,0
BRDA:454,31,0,0
BRDA:454,31,1,0
BRDA:456,32,0,0
BRDA:456,32,1,0
BRDA:506,33,0,2
BRDA:506,33,1,0
BRDA:515,34,0,0
BRDA:515,34,1,0
BRDA:519,35,0,0
BRDA:519,35,1,0
BRDA:519,36,0,0
BRDA:519,36,1,0
BRDA:519,36,2,0
BRDA:555,37,0,0
BRDA:566,38,0,0
BRDA:566,38,1,0
BRDA:572,39,0,0
BRDA:584,40,0,0
BRDA:596,41,0,0
BRDA:596,41,1,0
BRDA:609,42,0,2
BRDA:620,43,0,0
BRDA:620,43,1,0
BRDA:621,44,0,0
BRDA:621,44,1,0
BRDA:628,45,0,0
BRDA:628,45,1,0
BRDA:634,46,0,0
BRDA:634,46,1,0
BRDA:635,47,0,0
BRDA:635,47,1,0
BRF:94
BRH:18
end_of_record
