TN:
SF:apps/backend/src/app.ts
FN:22,safeImportRoute
FN:24,(anonymous_11)
FN:31,registerRouteIfExists
FN:38,tryApplyMiddleware
FN:43,registerDocumentosRoutes
FN:61,(anonymous_15)
FN:85,(anonymous_16)
FN:92,(anonymous_17)
FN:132,(anonymous_18)
FN:150,(anonymous_19)
FN:151,(anonymous_20)
FN:152,(anonymous_21)
FN:172,(anonymous_22)
FN:184,(anonymous_23)
FNF:14
FNH:11
FNDA:21,safeImportRoute
FNDA:21,(anonymous_11)
FNDA:21,registerRouteIfExists
FNDA:0,tryApplyMiddleware
FNDA:1,registerDocumentosRoutes
FNDA:2,(anonymous_15)
FNDA:2,(anonymous_16)
FNDA:10,(anonymous_17)
FNDA:2,(anonymous_18)
FNDA:2,(anonymous_19)
FNDA:2,(anonymous_20)
FNDA:2,(anonymous_21)
FNDA:0,(anonymous_22)
FNDA:0,(anonymous_23)
DA:1,2
DA:2,2
DA:3,2
DA:4,2
DA:7,2
DA:9,2
DA:10,2
DA:11,2
DA:12,2
DA:13,2
DA:16,2
DA:19,2
DA:23,21
DA:24,21
DA:26,0
DA:32,21
DA:33,21
DA:39,0
DA:44,1
DA:45,1
DA:46,1
DA:51,1
DA:52,1
DA:53,1
DA:54,1
DA:56,0
DA:61,2
DA:62,2
DA:63,2
DA:65,1
DA:66,1
DA:68,1
DA:72,2
DA:75,2
DA:77,2
DA:79,0
DA:80,0
DA:85,2
DA:88,2
DA:90,2
DA:91,2
DA:92,10
DA:93,2
DA:104,2
DA:106,2
DA:109,2
DA:110,2
DA:112,2
DA:113,2
DA:114,0
DA:116,2
DA:117,2
DA:118,0
DA:120,2
DA:121,2
DA:122,2
DA:123,2
DA:124,2
DA:128,2
DA:132,2
DA:133,2
DA:134,2
DA:137,2
DA:150,2
DA:151,2
DA:152,2
DA:155,2
DA:156,2
DA:157,2
DA:158,2
DA:159,2
DA:160,2
DA:161,2
DA:162,2
DA:163,2
DA:164,2
DA:165,2
DA:168,2
DA:169,1
DA:171,1
DA:172,1
DA:176,2
DA:177,2
DA:178,2
DA:179,2
DA:180,2
DA:183,2
DA:184,2
DA:185,0
DA:192,2
DA:196,2
DA:197,2
DA:198,2
DA:201,2
DA:202,2
DA:203,2
DA:204,2
DA:207,2
LF:98
LH:90
BRDA:32,0,0,21
BRDA:32,0,1,0
BRDA:61,1,0,0
BRDA:63,2,0,1
BRDA:63,2,1,1
BRDA:91,3,0,2
BRDA:91,3,1,0
BRDA:91,3,2,0
BRDA:91,3,3,0
BRDA:122,4,0,2
BRDA:122,4,1,0
BRDA:123,5,0,2
BRDA:123,5,1,0
BRDA:168,6,0,1
BRDA:168,6,1,1
BRF:15
BRH:8
end_of_record
TN:
SF:apps/backend/src/server.ts
FN:19,(anonymous_1)
FN:24,(anonymous_2)
FN:31,(anonymous_3)
FN:33,(anonymous_4)
FN:39,(anonymous_5)
FN:40,(anonymous_6)
FN:41,(anonymous_7)
FN:48,(anonymous_8)
FNF:8
FNH:8
FNDA:7,(anonymous_1)
FNDA:6,(anonymous_2)
FNDA:2,(anonymous_3)
FNDA:2,(anonymous_4)
FNDA:1,(anonymous_5)
FNDA:1,(anonymous_6)
FNDA:1,(anonymous_7)
FNDA:1,(anonymous_8)
DA:2,8
DA:4,8
DA:5,8
DA:8,8
DA:10,8
DA:11,8
DA:12,8
DA:15,8
DA:16,8
DA:19,8
DA:20,7
DA:21,7
DA:22,7
DA:24,6
DA:25,6
DA:26,6
DA:27,6
DA:28,6
DA:31,6
DA:32,2
DA:33,2
DA:34,2
DA:35,2
DA:39,6
DA:40,6
DA:41,6
DA:42,1
DA:45,1
DA:48,6
DA:49,1
DA:52,1
DA:55,1
DA:58,1
DA:63,8
DA:64,0
LF:35
LH:34
BRDA:16,0,0,8
BRDA:16,0,1,0
BRDA:16,0,2,0
BRDA:26,1,0,6
BRDA:26,1,1,0
BRDA:26,1,2,0
BRDA:43,2,0,1
BRDA:43,2,1,0
BRDA:56,3,0,1
BRDA:56,3,1,0
BRDA:63,4,0,0
BRDA:63,4,1,8
BRF:12
BRH:5
end_of_record
TN:
SF:apps/backend/src/config/database.ts
FN:46,(anonymous_9)
FN:56,(anonymous_10)
FN:105,(anonymous_11)
FN:124,(anonymous_12)
FN:139,(anonymous_13)
FN:159,(anonymous_14)
FN:166,(anonymous_15)
FN:173,(anonymous_16)
FN:180,(anonymous_17)
FN:187,(anonymous_18)
FN:194,(anonymous_19)
FN:201,(anonymous_20)
FN:208,(anonymous_21)
FN:215,(anonymous_22)
FN:222,(anonymous_23)
FN:237,(anonymous_24)
FN:259,(anonymous_25)
FNF:17
FNH:17
FNDA:26,(anonymous_9)
FNDA:26,(anonymous_10)
FNDA:21,(anonymous_11)
FNDA:21,(anonymous_12)
FNDA:21,(anonymous_13)
FNDA:40,(anonymous_14)
FNDA:4,(anonymous_15)
FNDA:1,(anonymous_16)
FNDA:14,(anonymous_17)
FNDA:1,(anonymous_18)
FNDA:1,(anonymous_19)
FNDA:2,(anonymous_20)
FNDA:1,(anonymous_21)
FNDA:1,(anonymous_22)
FNDA:1,(anonymous_23)
FNDA:1,(anonymous_24)
FNDA:3,(anonymous_25)
DA:1,26
DA:2,26
DA:3,26
DA:4,26
DA:5,26
DA:9,26
DA:11,26
DA:12,0
DA:13,0
DA:15,0
DA:16,0
DA:17,0
DA:18,0
DA:47,26
DA:48,21
DA:49,21
DA:50,21
DA:58,26
DA:59,26
DA:60,18
DA:61,18
DA:65,8
DA:67,8
DA:77,8
DA:79,8
DA:80,56
DA:81,1
DA:85,8
DA:86,1
DA:87,1
DA:88,1
DA:92,7
DA:93,7
DA:94,4
DA:95,4
DA:96,4
DA:99,3
DA:106,21
DA:125,21
DA:126,21
DA:127,21
DA:129,21
DA:140,21
DA:141,21
DA:142,21
DA:144,21
DA:145,20
DA:160,40
DA:167,4
DA:174,1
DA:181,14
DA:188,1
DA:195,1
DA:202,2
DA:209,1
DA:216,1
DA:223,1
DA:238,1
DA:240,1
DA:241,1
DA:243,1
DA:245,0
DA:246,0
DA:247,0
DA:253,26
DA:259,21
DA:260,3
LF:67
LH:58
BRDA:11,0,0,0
BRDA:11,0,1,26
BRDA:15,1,0,0
BRDA:15,1,1,0
BRDA:17,2,0,0
BRDA:17,2,1,0
BRDA:58,3,0,26
BRDA:58,3,1,0
BRDA:59,4,0,18
BRDA:59,4,1,8
BRDA:59,5,0,26
BRDA:59,5,1,11
BRDA:80,6,0,1
BRDA:80,6,1,55
BRDA:85,7,0,1
BRDA:85,7,1,7
BRDA:93,8,0,4
BRDA:93,8,1,3
BRDA:93,9,0,7
BRDA:93,9,1,6
BRDA:93,9,2,4
BRDA:107,10,0,21
BRDA:107,10,1,1
BRDA:108,11,0,21
BRDA:108,11,1,1
BRDA:109,12,0,21
BRDA:109,12,1,0
BRDA:110,13,0,21
BRDA:110,13,1,0
BRDA:111,14,0,21
BRDA:111,14,1,0
BRDA:112,15,0,21
BRDA:112,15,1,0
BRDA:113,16,0,21
BRDA:113,16,1,0
BRDA:114,17,0,21
BRDA:114,17,1,0
BRDA:115,18,0,21
BRDA:115,18,1,0
BRDA:144,19,0,20
BRDA:144,19,1,1
BRDA:260,20,0,3
BRDA:260,20,1,2
BRF:43
BRH:30
end_of_record
TN:
SF:apps/backend/src/config/db.ts
FN:21,(anonymous_1)
FN:25,(anonymous_2)
FN:30,(anonymous_3)
FNF:3
FNH:3
FNDA:1,(anonymous_1)
FNDA:1,(anonymous_2)
FNDA:2,(anonymous_3)
DA:1,5
DA:2,5
DA:4,5
DA:6,5
DA:9,5
DA:21,5
DA:22,1
DA:25,5
DA:26,1
DA:30,5
DA:31,2
DA:32,2
DA:33,1
DA:34,1
DA:35,1
DA:37,1
DA:38,1
LF:17
LH:17
BRDA:10,0,0,5
BRDA:10,0,1,1
BRDA:11,1,0,5
BRDA:11,1,1,1
BRDA:12,2,0,5
BRDA:12,2,1,1
BRDA:13,3,0,5
BRDA:13,3,1,1
BRDA:14,4,0,5
BRDA:14,4,1,1
BRF:10
BRH:10
end_of_record
TN:
SF:apps/backend/src/config/environment.ts
FN:36,readFileIfExists
FN:47,getEnvironment
FN:67,(anonymous_3)
FNF:3
FNH:3
FNDA:8,readFileIfExists
FNDA:27,getEnvironment
FNDA:44,(anonymous_3)
DA:1,41
DA:2,41
DA:3,41
DA:5,41
DA:34,41
DA:37,8
DA:38,2
DA:39,2
DA:40,2
DA:41,2
DA:44,0
DA:47,41
DA:48,27
DA:49,24
DA:50,24
DA:51,1
DA:53,23
DA:56,23
DA:57,23
DA:59,23
DA:61,3
DA:62,1
DA:67,22
DA:68,44
DA:69,40
DA:72,22
DA:80,22
LF:27
LH:26
BRDA:37,0,0,6
BRDA:37,0,1,2
BRDA:40,1,0,2
BRDA:40,1,1,0
BRDA:48,2,0,3
BRDA:48,2,1,24
BRDA:50,3,0,1
BRDA:50,3,1,23
BRDA:56,4,0,23
BRDA:56,4,1,4
BRDA:57,5,0,23
BRDA:57,5,1,4
BRDA:59,6,0,3
BRDA:59,6,1,20
BRDA:59,7,0,23
BRDA:59,7,1,20
BRDA:61,8,0,1
BRDA:61,8,1,2
BRDA:68,9,0,4
BRDA:68,9,1,40
BRDA:69,10,0,8
BRDA:69,10,1,32
BRF:22
BRH:21
end_of_record
TN:
SF:apps/backend/src/config/logger.ts
FN:37,(anonymous_10)
FN:41,(anonymous_11)
FN:45,(anonymous_12)
FN:49,(anonymous_13)
FN:66,(anonymous_14)
FN:135,(anonymous_15)
FN:139,(anonymous_16)
FN:146,(anonymous_17)
FN:150,(anonymous_18)
FN:154,(anonymous_19)
FN:158,(anonymous_20)
FN:162,(anonymous_21)
FN:167,(anonymous_22)
FN:171,(anonymous_23)
FN:178,(anonymous_24)
FN:185,(anonymous_25)
FNF:16
FNH:15
FNDA:79,(anonymous_10)
FNDA:162,(anonymous_11)
FNDA:0,(anonymous_12)
FNDA:159,(anonymous_13)
FNDA:159,(anonymous_14)
FNDA:27,(anonymous_15)
FNDA:29,(anonymous_16)
FNDA:4,(anonymous_17)
FNDA:18,(anonymous_18)
FNDA:24,(anonymous_19)
FNDA:10,(anonymous_20)
FNDA:37,(anonymous_21)
FNDA:9,(anonymous_22)
FNDA:3,(anonymous_23)
FNDA:3,(anonymous_24)
FNDA:2,(anonymous_25)
DA:1,27
DA:2,27
DA:3,27
DA:5,27
DA:8,27
DA:9,27
DA:10,1
DA:14,27
DA:23,27
DA:31,27
DA:34,27
DA:37,79
DA:41,27
DA:43,162
DA:45,162
DA:46,162
DA:49,27
DA:50,159
DA:51,159
DA:52,0
DA:53,0
DA:55,159
DA:56,3
DA:58,159
DA:62,27
DA:67,159
DA:68,159
DA:69,159
DA:74,27
DA:105,27
DA:131,27
DA:136,27
DA:140,29
DA:141,27
DA:143,29
DA:147,4
DA:151,18
DA:155,24
DA:159,10
DA:163,37
DA:168,9
DA:172,3
DA:175,3
DA:179,3
DA:180,3
DA:181,3
DA:182,3
DA:186,2
DA:187,2
DA:196,27
DA:199,27
LF:51
LH:49
BRDA:9,0,0,1
BRDA:9,0,1,26
BRDA:45,1,0,0
BRDA:45,1,1,0
BRDA:50,2,0,159
BRDA:50,2,1,0
BRDA:52,3,0,0
BRDA:52,3,1,0
BRDA:55,4,0,3
BRDA:55,4,1,156
BRDA:67,5,0,159
BRDA:67,5,1,0
BRDA:68,6,0,3
BRDA:68,6,1,156
BRDA:78,7,0,0
BRDA:78,7,1,27
BRDA:88,8,0,0
BRDA:88,8,1,27
BRDA:106,9,0,0
BRDA:106,9,1,27
BRDA:140,10,0,27
BRDA:140,10,1,2
BRDA:172,11,0,1
BRDA:172,11,1,2
BRDA:179,12,0,2
BRDA:179,12,1,1
BRDA:180,13,0,2
BRDA:180,13,1,1
BRDA:186,14,0,1
BRDA:186,14,1,1
BRF:30
BRH:21
end_of_record
TN:
SF:apps/backend/src/config/logging.ts
FN:27,(anonymous_1)
FN:41,(anonymous_2)
FN:63,(anonymous_3)
FN:79,(anonymous_4)
FN:86,(anonymous_5)
FN:110,(anonymous_6)
FN:116,(anonymous_7)
FN:122,(anonymous_8)
FN:140,(anonymous_9)
FN:150,(anonymous_10)
FN:192,(anonymous_11)
FN:196,(anonymous_12)
FNF:12
FNH:12
FNDA:22,(anonymous_1)
FNDA:2,(anonymous_2)
FNDA:143,(anonymous_3)
FNDA:30,(anonymous_4)
FNDA:25,(anonymous_5)
FNDA:10,(anonymous_6)
FNDA:3,(anonymous_7)
FNDA:5,(anonymous_8)
FNDA:3,(anonymous_9)
FNDA:5,(anonymous_10)
FNDA:3,(anonymous_11)
FNDA:3,(anonymous_12)
DA:1,13
DA:2,13
DA:3,13
DA:6,13
DA:9,13
DA:12,13
DA:15,13
DA:16,1
DA:20,13
DA:21,13
DA:22,13
DA:27,13
DA:28,22
DA:31,20
DA:33,7
DA:34,0
DA:36,7
DA:40,13
DA:41,2
DA:45,12
DA:46,9
DA:48,9
DA:50,21
DA:63,143
DA:64,10
DA:66,11
DA:70,9
DA:73,3
DA:79,13
DA:80,30
DA:86,13
DA:87,25
DA:88,25
DA:90,25
DA:91,19
DA:92,19
DA:94,19
DA:95,19
DA:97,1
DA:100,19
DA:103,25
DA:109,13
DA:111,10
DA:112,10
DA:113,10
DA:117,3
DA:118,3
DA:119,3
DA:123,5
DA:126,5
DA:127,2
DA:134,5
DA:135,5
DA:136,5
DA:137,5
DA:142,3
DA:144,2
DA:145,2
DA:146,2
DA:151,5
DA:154,5
DA:173,5
DA:174,1
DA:177,5
DA:182,5
DA:185,5
DA:186,4
DA:192,13
DA:193,3
DA:196,3
DA:197,3
DA:198,3
DA:201,3
DA:204,13
LF:74
LH:73
BRDA:15,0,0,1
BRDA:15,0,1,12
BRDA:28,1,0,2
BRDA:28,1,1,20
BRDA:31,2,0,7
BRDA:31,2,1,13
BRDA:33,3,0,0
BRDA:33,3,1,7
BRDA:40,4,0,1
BRDA:40,4,1,12
BRDA:45,5,0,9
BRDA:45,5,1,3
BRDA:63,6,0,10
BRDA:63,6,1,11
BRDA:90,7,0,19
BRDA:90,7,1,6
BRDA:94,8,0,9
BRDA:94,8,1,10
BRDA:126,9,0,2
BRDA:126,9,1,3
BRDA:129,10,0,1
BRDA:129,10,1,1
BRDA:142,11,0,1
BRDA:142,11,1,2
BRDA:151,12,0,0
BRDA:159,13,0,2
BRDA:159,13,1,3
BRDA:162,14,0,1
BRDA:162,14,1,4
BRDA:168,15,0,2
BRDA:168,15,1,2
BRDA:173,16,0,1
BRDA:173,16,1,4
BRDA:185,17,0,4
BRDA:185,17,1,1
BRF:35
BRH:33
end_of_record
TN:
SF:apps/backend/src/config/prisma.ts
FN:15,(anonymous_0)
FN:29,(anonymous_1)
FN:48,(anonymous_2)
FN:101,(anonymous_3)
FN:119,(anonymous_4)
FN:129,(anonymous_5)
FN:142,(anonymous_6)
FN:161,(anonymous_7)
FN:175,(anonymous_8)
FN:208,(anonymous_9)
FN:209,(anonymous_10)
FN:215,(anonymous_11)
FN:224,(anonymous_12)
FN:232,(anonymous_13)
FN:238,(anonymous_14)
FN:245,(anonymous_15)
FN:259,(anonymous_16)
FNF:17
FNH:14
FNDA:24,(anonymous_0)
FNDA:10,(anonymous_1)
FNDA:12,(anonymous_2)
FNDA:3,(anonymous_3)
FNDA:32,(anonymous_4)
FNDA:3,(anonymous_5)
FNDA:2,(anonymous_6)
FNDA:1,(anonymous_7)
FNDA:2,(anonymous_8)
FNDA:4,(anonymous_9)
FNDA:4,(anonymous_10)
FNDA:1,(anonymous_11)
FNDA:50,(anonymous_12)
FNDA:0,(anonymous_13)
FNDA:0,(anonymous_14)
FNDA:0,(anonymous_15)
FNDA:2,(anonymous_16)
DA:1,24
DA:2,24
DA:3,24
DA:10,24
DA:11,24
DA:12,24
DA:13,24
DA:16,24
DA:30,10
DA:32,10
DA:34,10
DA:35,9
DA:42,10
DA:49,12
DA:50,2
DA:54,10
DA:56,10
DA:57,12
DA:58,12
DA:60,12
DA:63,9
DA:65,9
DA:66,9
DA:68,9
DA:74,9
DA:76,3
DA:77,3
DA:79,3
DA:80,1
DA:86,1
DA:88,2
DA:92,2
DA:102,3
DA:103,1
DA:106,2
DA:107,2
DA:108,1
DA:109,1
DA:111,1
DA:112,1
DA:120,32
DA:121,27
DA:123,32
DA:130,3
DA:131,3
DA:132,2
DA:134,1
DA:135,1
DA:143,2
DA:144,2
DA:151,1
DA:153,1
DA:154,1
DA:162,1
DA:179,2
DA:180,4
DA:181,4
DA:183,3
DA:184,3
DA:186,3
DA:187,1
DA:191,1
DA:193,2
DA:197,2
DA:202,0
DA:209,4
DA:216,1
DA:217,1
DA:222,24
DA:224,24
DA:225,50
DA:226,24
DA:228,50
DA:232,24
DA:233,0
DA:234,0
DA:238,24
DA:239,0
DA:240,0
DA:242,0
DA:245,24
DA:246,0
DA:247,0
DA:249,0
DA:253,24
DA:256,24
DA:259,24
DA:260,2
LF:88
LH:79
BRDA:30,0,0,0
BRDA:30,0,1,10
BRDA:34,1,0,9
BRDA:34,1,1,1
BRDA:49,2,0,2
BRDA:49,2,1,10
BRDA:77,3,0,3
BRDA:77,3,1,0
BRDA:79,4,0,1
BRDA:79,4,1,2
BRDA:102,5,0,1
BRDA:102,5,1,2
BRDA:120,6,0,27
BRDA:120,6,1,5
BRDA:177,7,0,0
BRDA:184,8,0,3
BRDA:184,8,1,0
BRDA:186,9,0,1
BRDA:186,9,1,2
BRDA:225,10,0,24
BRDA:225,10,1,26
BRDA:233,11,0,0
BRDA:233,11,1,0
BRDA:239,12,0,0
BRDA:239,12,1,0
BRDA:246,13,0,0
BRDA:246,13,1,0
BRF:27
BRH:17
end_of_record
TN:
SF:apps/backend/src/config/serviceConfig.ts
FN:16,(anonymous_0)
FN:23,(anonymous_1)
FN:33,(anonymous_2)
FN:53,(anonymous_3)
FN:61,(anonymous_4)
FN:71,(anonymous_5)
FNF:6
FNH:6
FNDA:3,(anonymous_0)
FNDA:3,(anonymous_1)
FNDA:8,(anonymous_2)
FNDA:1,(anonymous_3)
FNDA:1,(anonymous_4)
FNDA:5,(anonymous_5)
DA:16,3
DA:18,3
DA:24,3
DA:25,3
DA:27,3
DA:35,8
DA:36,8
DA:37,2
DA:40,6
DA:45,6
DA:47,6
DA:54,1
DA:55,1
DA:62,1
DA:63,1
DA:64,1
DA:65,1
DA:72,5
DA:79,3
LF:19
LH:19
BRDA:24,0,0,3
BRDA:24,0,1,0
BRDA:36,1,0,2
BRDA:36,1,1,6
BRDA:36,2,0,8
BRDA:36,2,1,3
BRDA:64,3,0,1
BRDA:64,3,1,0
BRF:8
BRH:6
end_of_record
TN:
SF:apps/backend/src/controllers/auth.controller.ts
FN:36,(anonymous_0)
FN:61,(anonymous_1)
FN:93,(anonymous_2)
FN:110,(anonymous_3)
FN:143,(anonymous_4)
FN:173,(anonymous_5)
FN:209,(anonymous_6)
FNF:7
FNH:7
FNDA:3,(anonymous_0)
FNDA:3,(anonymous_1)
FNDA:1,(anonymous_2)
FNDA:3,(anonymous_3)
FNDA:4,(anonymous_4)
FNDA:3,(anonymous_5)
FNDA:3,(anonymous_6)
DA:2,2
DA:3,2
DA:5,2
DA:8,2
DA:13,2
DA:19,2
DA:24,2
DA:28,2
DA:36,2
DA:37,3
DA:38,3
DA:40,2
DA:42,1
DA:44,2
DA:46,2
DA:47,1
DA:54,1
DA:61,2
DA:62,3
DA:63,3
DA:64,2
DA:66,2
DA:72,2
DA:74,1
DA:76,2
DA:78,2
DA:79,1
DA:86,1
DA:93,2
DA:94,1
DA:95,1
DA:97,1
DA:102,0
DA:103,0
DA:110,2
DA:111,3
DA:112,3
DA:113,2
DA:115,2
DA:121,1
DA:126,2
DA:128,2
DA:129,1
DA:136,1
DA:143,2
DA:144,4
DA:145,4
DA:148,3
DA:150,2
DA:156,2
DA:158,2
DA:159,1
DA:166,1
DA:173,2
DA:174,3
DA:175,3
DA:176,3
DA:178,3
DA:179,1
DA:185,2
DA:187,1
DA:188,0
DA:194,1
DA:201,1
DA:202,1
DA:209,2
DA:210,3
DA:211,3
DA:212,2
DA:214,2
DA:220,2
DA:222,1
DA:227,1
DA:229,2
DA:231,2
DA:232,1
DA:239,1
LF:77
LH:74
BRDA:46,0,0,1
BRDA:46,0,1,1
BRDA:56,1,0,1
BRDA:56,1,1,0
BRDA:78,2,0,1
BRDA:78,2,1,1
BRDA:88,3,0,1
BRDA:88,3,1,0
BRDA:128,4,0,1
BRDA:128,4,1,1
BRDA:138,5,0,1
BRDA:138,5,1,0
BRDA:153,6,0,1
BRDA:153,6,1,1
BRDA:158,7,0,1
BRDA:158,7,1,1
BRDA:176,8,0,3
BRDA:176,8,1,2
BRDA:178,9,0,1
BRDA:178,9,1,2
BRDA:187,10,0,0
BRDA:187,10,1,1
BRDA:231,11,0,1
BRDA:231,11,1,1
BRDA:241,12,0,1
BRDA:241,12,1,0
BRF:26
BRH:21
end_of_record
TN:
SF:apps/backend/src/controllers/dashboard.controller.ts
FN:7,(anonymous_0)
FN:45,(anonymous_1)
FN:78,(anonymous_2)
FN:122,(anonymous_3)
FN:181,(anonymous_4)
FN:188,(anonymous_5)
FN:195,(anonymous_6)
FN:212,(anonymous_7)
FN:217,(anonymous_8)
FN:243,(anonymous_9)
FN:276,(anonymous_10)
FNF:11
FNH:11
FNDA:6,(anonymous_0)
FNDA:7,(anonymous_1)
FNDA:1,(anonymous_2)
FNDA:7,(anonymous_3)
FNDA:3,(anonymous_4)
FNDA:3,(anonymous_5)
FNDA:4,(anonymous_6)
FNDA:2,(anonymous_7)
FNDA:3,(anonymous_8)
FNDA:8,(anonymous_9)
FNDA:3,(anonymous_10)
DA:2,6
DA:3,6
DA:7,6
DA:8,6
DA:9,6
DA:11,6
DA:12,1
DA:16,5
DA:26,5
DA:35,1
DA:40,1
DA:45,6
DA:46,7
DA:47,7
DA:49,7
DA:50,1
DA:53,6
DA:54,1
DA:58,5
DA:60,5
DA:61,5
DA:66,5
DA:78,2
DA:86,2
DA:103,2
DA:112,3
DA:117,3
DA:122,6
DA:123,7
DA:124,7
DA:126,7
DA:127,1
DA:130,6
DA:131,1
DA:134,5
DA:139,5
DA:142,4
DA:145,4
DA:146,4
DA:158,4
DA:159,4
DA:160,4
DA:168,3
DA:180,3
DA:181,3
DA:188,3
DA:195,4
DA:197,3
DA:204,3
DA:212,2
DA:217,3
DA:233,2
DA:238,2
DA:243,6
DA:244,8
DA:245,8
DA:247,8
DA:248,1
DA:251,7
DA:256,7
DA:258,1
DA:260,3
DA:263,3
DA:266,0
DA:271,0
DA:276,6
DA:277,3
DA:278,3
DA:281,3
DA:283,0
DA:288,0
LF:71
LH:67
BRDA:11,0,0,1
BRDA:11,0,1,5
BRDA:49,1,0,1
BRDA:49,1,1,6
BRDA:53,2,0,1
BRDA:53,2,1,5
BRDA:53,3,0,6
BRDA:53,3,1,1
BRDA:60,4,0,5
BRDA:60,4,1,0
BRDA:126,5,0,1
BRDA:126,5,1,6
BRDA:130,6,0,1
BRDA:130,6,1,5
BRDA:211,7,0,2
BRDA:211,7,1,1
BRDA:247,8,0,1
BRDA:247,8,1,7
BRDA:256,9,0,1
BRDA:256,9,1,3
BRDA:256,9,2,3
BRDA:256,9,3,3
BRF:22
BRH:21
end_of_record
TN:
SF:apps/backend/src/controllers/empresa.controller.ts
FN:11,(anonymous_0)
FN:35,(anonymous_1)
FN:51,(anonymous_2)
FN:90,(anonymous_3)
FN:133,(anonymous_4)
FN:185,(anonymous_5)
FN:227,(anonymous_6)
FNF:7
FNH:7
FNDA:7,(anonymous_0)
FNDA:3,(anonymous_1)
FNDA:4,(anonymous_2)
FNDA:4,(anonymous_3)
FNDA:5,(anonymous_4)
FNDA:4,(anonymous_5)
FNDA:3,(anonymous_6)
DA:2,5
DA:3,5
DA:6,5
DA:11,5
DA:12,7
DA:13,7
DA:15,7
DA:16,3
DA:17,3
DA:19,4
DA:20,4
DA:21,1
DA:22,1
DA:24,3
DA:25,2
DA:27,1
DA:28,1
DA:35,5
DA:36,3
DA:37,3
DA:38,2
DA:43,1
DA:44,1
DA:51,5
DA:52,4
DA:53,4
DA:54,4
DA:56,4
DA:62,4
DA:64,3
DA:65,2
DA:71,1
DA:77,1
DA:79,1
DA:80,1
DA:90,5
DA:91,4
DA:92,4
DA:93,4
DA:95,4
DA:101,4
DA:106,2
DA:112,2
DA:114,2
DA:116,2
DA:117,1
DA:123,1
DA:133,5
DA:134,5
DA:135,5
DA:136,5
DA:137,5
DA:139,5
DA:146,5
DA:151,3
DA:152,1
DA:158,2
DA:164,2
DA:166,2
DA:168,2
DA:169,1
DA:175,1
DA:185,5
DA:186,4
DA:187,4
DA:188,4
DA:190,4
DA:196,4
DA:197,4
DA:198,1
DA:204,3
DA:206,2
DA:211,2
DA:216,1
DA:217,1
DA:227,5
DA:228,3
DA:229,3
DA:231,3
DA:235,3
DA:237,2
DA:241,2
DA:243,1
DA:244,1
LF:84
LH:84
BRDA:15,0,0,3
BRDA:15,0,1,4
BRDA:15,1,0,7
BRDA:15,1,1,5
BRDA:16,2,0,2
BRDA:16,2,1,1
BRDA:17,3,0,2
BRDA:17,3,1,1
BRDA:20,4,0,1
BRDA:20,4,1,3
BRDA:22,5,0,1
BRDA:22,5,1,0
BRDA:64,6,0,2
BRDA:64,6,1,1
BRDA:116,7,0,1
BRDA:116,7,1,1
BRDA:116,8,0,2
BRDA:116,8,1,2
BRDA:151,9,0,1
BRDA:151,9,1,2
BRDA:168,10,0,1
BRDA:168,10,1,1
BRDA:168,11,0,2
BRDA:168,11,1,2
BRDA:197,12,0,1
BRDA:197,12,1,3
BRF:26
BRH:25
end_of_record
TN:
SF:apps/backend/src/controllers/instance.controller.ts
FN:9,resolveTargetEmpresa
FN:22,mapInstanceCreationError
FN:28,(anonymous_2)
FN:39,validateInstanceModifyPermission
FN:79,(anonymous_4)
FN:136,(anonymous_5)
FN:201,(anonymous_6)
FN:244,(anonymous_7)
FN:305,(anonymous_8)
FN:352,(anonymous_9)
FN:396,(anonymous_10)
FNF:11
FNH:11
FNDA:15,resolveTargetEmpresa
FNDA:6,mapInstanceCreationError
FNDA:13,(anonymous_2)
FNDA:27,validateInstanceModifyPermission
FNDA:16,(anonymous_4)
FNDA:11,(anonymous_5)
FNDA:15,(anonymous_6)
FNDA:11,(anonymous_7)
FNDA:8,(anonymous_8)
FNDA:7,(anonymous_9)
FNDA:8,(anonymous_10)
DA:2,6
DA:3,6
DA:6,6
DA:10,15
DA:11,4
DA:15,11
DA:16,8
DA:18,3
DA:23,6
DA:28,13
DA:29,6
DA:44,27
DA:45,14
DA:48,13
DA:49,9
DA:50,9
DA:51,4
DA:56,4
DA:62,5
DA:65,4
DA:69,4
DA:79,6
DA:80,16
DA:81,16
DA:82,16
DA:84,16
DA:92,16
DA:94,9
DA:101,7
DA:103,3
DA:112,4
DA:115,14
DA:120,14
DA:125,2
DA:126,2
DA:136,6
DA:137,11
DA:138,11
DA:139,11
DA:141,11
DA:146,11
DA:148,9
DA:149,2
DA:153,2
DA:160,7
DA:162,5
DA:164,4
DA:165,3
DA:171,3
DA:177,1
DA:183,3
DA:188,3
DA:190,2
DA:191,2
DA:201,6
DA:202,15
DA:203,15
DA:204,15
DA:206,15
DA:211,15
DA:213,15
DA:214,5
DA:215,5
DA:216,3
DA:218,5
DA:221,10
DA:225,3
DA:226,3
DA:228,7
DA:230,7
DA:231,6
DA:232,6
DA:233,4
DA:237,3
DA:244,6
DA:245,11
DA:246,11
DA:247,11
DA:248,11
DA:250,11
DA:256,11
DA:257,11
DA:258,3
DA:264,8
DA:271,3
DA:276,3
DA:278,5
DA:280,5
DA:281,4
DA:282,1
DA:287,3
DA:288,1
DA:295,3
DA:305,6
DA:306,8
DA:307,8
DA:308,8
DA:310,8
DA:316,8
DA:317,8
DA:318,2
DA:324,6
DA:326,3
DA:331,3
DA:333,3
DA:335,3
DA:336,1
DA:342,2
DA:352,6
DA:353,7
DA:354,7
DA:356,7
DA:362,7
DA:364,4
DA:365,3
DA:367,1
DA:370,2
DA:379,5
DA:383,5
DA:385,2
DA:386,2
DA:396,6
DA:397,8
DA:398,8
DA:399,8
DA:400,8
DA:402,8
DA:409,8
DA:410,8
DA:411,3
DA:417,5
DA:419,2
DA:425,2
DA:427,3
DA:428,3
LF:135
LH:135
BRDA:10,0,0,4
BRDA:10,0,1,11
BRDA:11,1,0,2
BRDA:11,1,1,2
BRDA:15,2,0,8
BRDA:15,2,1,3
BRDA:15,3,0,11
BRDA:15,3,1,8
BRDA:29,4,0,4
BRDA:29,4,1,2
BRDA:44,5,0,14
BRDA:44,5,1,13
BRDA:48,6,0,9
BRDA:48,6,1,4
BRDA:48,7,0,13
BRDA:48,7,1,9
BRDA:50,8,0,4
BRDA:50,8,1,5
BRDA:82,9,0,11
BRDA:82,10,0,12
BRDA:92,11,0,9
BRDA:92,11,1,7
BRDA:96,12,0,2
BRDA:96,12,1,7
BRDA:101,13,0,3
BRDA:101,13,1,4
BRDA:101,14,0,7
BRDA:101,14,1,4
BRDA:101,14,2,7
BRDA:105,15,0,0
BRDA:105,15,1,3
BRDA:148,16,0,2
BRDA:148,16,1,7
BRDA:160,17,0,2
BRDA:160,17,1,5
BRDA:162,18,0,4
BRDA:162,18,1,1
BRDA:162,19,0,5
BRDA:162,19,1,1
BRDA:162,19,2,5
BRDA:164,20,0,3
BRDA:164,20,1,1
BRDA:213,21,0,5
BRDA:213,21,1,10
BRDA:214,22,0,3
BRDA:214,22,1,2
BRDA:215,23,0,3
BRDA:215,23,1,2
BRDA:230,24,0,6
BRDA:230,24,1,1
BRDA:232,25,0,4
BRDA:232,25,1,2
BRDA:257,26,0,3
BRDA:257,26,1,8
BRDA:280,27,0,4
BRDA:280,27,1,1
BRDA:281,28,0,1
BRDA:281,28,1,3
BRDA:287,29,0,1
BRDA:287,29,1,2
BRDA:317,30,0,2
BRDA:317,30,1,6
BRDA:335,31,0,1
BRDA:335,31,1,2
BRDA:335,32,0,3
BRDA:335,32,1,2
BRDA:362,33,0,4
BRDA:362,33,1,3
BRDA:365,34,0,1
BRDA:365,34,1,2
BRDA:365,35,0,3
BRDA:365,35,1,2
BRDA:365,35,2,3
BRDA:410,36,0,3
BRDA:410,36,1,5
BRF:75
BRH:74
end_of_record
TN:
SF:apps/backend/src/controllers/platformAuth.controller.ts
FN:11,handleWizardRegisterResult
FN:29,handleWizardError
FN:37,resolveActorProfile
FN:56,(anonymous_3)
FN:102,(anonymous_4)
FN:128,(anonymous_5)
FN:148,(anonymous_6)
FN:180,(anonymous_7)
FN:229,(anonymous_8)
FN:249,(anonymous_9)
FN:269,(anonymous_10)
FN:289,(anonymous_11)
FN:309,(anonymous_12)
FN:346,(anonymous_13)
FN:371,(anonymous_14)
FN:410,(anonymous_15)
FN:458,(anonymous_16)
FNF:17
FNH:17
FNDA:5,handleWizardRegisterResult
FNDA:1,handleWizardError
FNDA:66,resolveActorProfile
FNDA:13,(anonymous_3)
FNDA:10,(anonymous_4)
FNDA:9,(anonymous_5)
FNDA:5,(anonymous_6)
FNDA:12,(anonymous_7)
FNDA:10,(anonymous_8)
FNDA:7,(anonymous_9)
FNDA:7,(anonymous_10)
FNDA:8,(anonymous_11)
FNDA:6,(anonymous_12)
FNDA:4,(anonymous_13)
FNDA:6,(anonymous_14)
FNDA:7,(anonymous_15)
FNDA:5,(anonymous_16)
DA:2,12
DA:3,12
DA:4,12
DA:16,5
DA:17,1
DA:18,1
DA:20,4
DA:26,4
DA:30,1
DA:31,1
DA:38,66
DA:39,66
DA:40,13
DA:41,13
DA:43,53
DA:44,53
DA:45,32
DA:46,32
DA:48,21
DA:51,12
DA:57,13
DA:58,13
DA:60,12
DA:66,12
DA:68,9
DA:70,4
DA:77,4
DA:84,3
DA:90,6
DA:91,6
DA:103,10
DA:104,10
DA:105,10
DA:106,2
DA:107,2
DA:110,8
DA:111,8
DA:113,2
DA:114,2
DA:116,2
DA:117,1
DA:119,1
DA:120,1
DA:129,9
DA:130,9
DA:131,9
DA:133,4
DA:134,4
DA:135,1
DA:137,3
DA:138,3
DA:139,3
DA:140,2
DA:141,2
DA:143,1
DA:144,1
DA:149,5
DA:150,5
DA:151,5
DA:153,5
DA:154,5
DA:156,5
DA:157,1
DA:158,1
DA:161,4
DA:162,1
DA:164,3
DA:165,3
DA:166,3
DA:167,2
DA:168,2
DA:169,2
DA:171,1
DA:172,1
DA:181,12
DA:182,12
DA:183,12
DA:184,12
DA:186,4
DA:193,4
DA:195,2
DA:196,1
DA:202,1
DA:208,2
DA:210,2
DA:211,1
DA:216,1
DA:230,10
DA:231,10
DA:232,10
DA:234,2
DA:235,2
DA:239,2
DA:241,0
DA:250,7
DA:251,7
DA:252,7
DA:254,1
DA:255,1
DA:259,1
DA:261,0
DA:270,7
DA:271,7
DA:272,7
DA:274,1
DA:275,1
DA:279,1
DA:281,0
DA:290,8
DA:291,8
DA:292,8
DA:294,2
DA:295,2
DA:299,1
DA:301,1
DA:310,6
DA:311,6
DA:312,4
DA:313,4
DA:314,3
DA:317,4
DA:318,4
DA:319,3
DA:322,3
DA:324,3
DA:329,3
DA:334,3
DA:335,3
DA:347,4
DA:348,4
DA:349,4
DA:350,1
DA:351,1
DA:354,3
DA:355,2
DA:356,1
DA:357,1
DA:360,1
DA:362,1
DA:363,1
DA:372,6
DA:373,6
DA:375,6
DA:376,1
DA:380,1
DA:383,5
DA:385,4
DA:386,2
DA:390,2
DA:393,2
DA:398,1
DA:399,1
DA:411,7
DA:412,7
DA:413,7
DA:415,5
DA:416,1
DA:420,1
DA:423,4
DA:428,4
DA:434,3
DA:435,2
DA:440,1
DA:446,3
DA:447,3
DA:459,5
DA:460,5
DA:462,4
DA:463,2
DA:467,2
DA:470,2
DA:480,1
DA:481,1
DA:493,12
LF:174
LH:171
BRDA:16,0,0,1
BRDA:16,0,1,4
BRDA:33,1,0,1
BRDA:33,1,1,0
BRDA:39,2,0,13
BRDA:39,2,1,53
BRDA:44,3,0,32
BRDA:44,3,1,21
BRDA:68,4,0,4
BRDA:68,4,1,3
BRDA:105,5,0,2
BRDA:105,5,1,8
BRDA:111,6,0,6
BRDA:111,6,1,2
BRDA:131,7,0,5
BRDA:131,7,1,4
BRDA:137,8,0,3
BRDA:137,8,1,0
BRDA:138,9,0,3
BRDA:138,9,1,2
BRDA:138,9,2,2
BRDA:138,9,3,2
BRDA:139,10,0,2
BRDA:139,10,1,1
BRDA:151,11,0,0
BRDA:151,11,1,5
BRDA:156,12,0,1
BRDA:156,12,1,4
BRDA:162,13,0,1
BRDA:162,13,1,0
BRDA:164,14,0,3
BRDA:164,14,1,0
BRDA:165,15,0,3
BRDA:165,15,1,2
BRDA:165,15,2,1
BRDA:166,16,0,2
BRDA:166,16,1,1
BRDA:167,17,0,1
BRDA:167,17,1,1
BRDA:184,18,0,8
BRDA:184,18,1,4
BRDA:195,19,0,1
BRDA:195,19,1,1
BRDA:210,20,0,1
BRDA:210,20,1,1
BRDA:232,21,0,8
BRDA:232,21,1,2
BRDA:236,22,0,2
BRDA:236,22,1,2
BRDA:252,23,0,6
BRDA:252,23,1,1
BRDA:256,24,0,1
BRDA:256,24,1,1
BRDA:272,25,0,6
BRDA:272,25,1,1
BRDA:276,26,0,1
BRDA:276,26,1,1
BRDA:292,27,0,6
BRDA:292,27,1,2
BRDA:296,28,0,2
BRDA:296,28,1,2
BRDA:312,29,0,2
BRDA:312,29,1,2
BRDA:313,30,0,3
BRDA:313,30,1,1
BRDA:318,31,0,3
BRDA:318,31,1,1
BRDA:349,32,0,1
BRDA:349,32,1,3
BRDA:355,33,0,1
BRDA:355,33,1,1
BRDA:375,34,0,1
BRDA:375,34,1,5
BRDA:385,35,0,2
BRDA:385,35,1,2
BRDA:415,36,0,1
BRDA:415,36,1,4
BRDA:434,37,0,2
BRDA:434,37,1,1
BRDA:462,38,0,2
BRDA:462,38,1,2
BRF:81
BRH:76
end_of_record
TN:
SF:apps/backend/src/controllers/service.controller.ts
FN:11,(anonymous_0)
FN:50,(anonymous_1)
FN:91,(anonymous_2)
FN:148,(anonymous_3)
FN:205,(anonymous_4)
FN:256,(anonymous_5)
FN:285,(anonymous_6)
FN:313,(anonymous_7)
FNF:8
FNH:8
FNDA:2,(anonymous_0)
FNDA:2,(anonymous_1)
FNDA:4,(anonymous_2)
FNDA:4,(anonymous_3)
FNDA:4,(anonymous_4)
FNDA:2,(anonymous_5)
FNDA:2,(anonymous_6)
FNDA:3,(anonymous_7)
DA:2,4
DA:3,4
DA:6,4
DA:11,4
DA:12,2
DA:13,2
DA:14,2
DA:16,2
DA:22,2
DA:23,2
DA:32,1
DA:37,1
DA:39,1
DA:40,1
DA:50,4
DA:51,2
DA:52,2
DA:53,2
DA:55,2
DA:60,2
DA:62,2
DA:63,1
DA:67,1
DA:73,1
DA:78,1
DA:80,0
DA:81,0
DA:91,4
DA:92,4
DA:93,4
DA:94,4
DA:96,4
DA:103,4
DA:104,1
DA:108,1
DA:114,3
DA:121,1
DA:127,1
DA:129,2
DA:131,2
DA:132,1
DA:138,1
DA:148,4
DA:149,4
DA:150,4
DA:151,4
DA:152,4
DA:154,4
DA:161,4
DA:162,1
DA:166,1
DA:172,3
DA:179,1
DA:184,1
DA:186,2
DA:188,2
DA:189,1
DA:195,1
DA:205,4
DA:206,4
DA:207,4
DA:208,4
DA:210,4
DA:217,4
DA:218,1
DA:222,1
DA:228,3
DA:230,1
DA:235,1
DA:237,2
DA:239,2
DA:240,1
DA:246,1
DA:256,4
DA:257,2
DA:258,2
DA:260,2
DA:265,2
DA:267,1
DA:272,1
DA:274,1
DA:275,1
DA:285,4
DA:286,2
DA:287,2
DA:289,2
DA:294,2
DA:296,1
DA:300,1
DA:302,1
DA:303,1
DA:313,4
DA:314,3
DA:315,3
DA:316,3
DA:317,3
DA:319,3
DA:327,3
DA:328,1
DA:332,1
DA:338,2
DA:340,1
DA:346,1
DA:348,1
DA:349,1
LF:105
LH:103
BRDA:14,0,0,0
BRDA:14,1,0,0
BRDA:22,2,0,2
BRDA:22,2,1,2
BRDA:22,2,2,2
BRDA:62,3,0,1
BRDA:62,3,1,1
BRDA:103,4,0,1
BRDA:103,4,1,3
BRDA:131,5,0,1
BRDA:131,5,1,1
BRDA:131,6,0,2
BRDA:131,6,1,2
BRDA:161,7,0,1
BRDA:161,7,1,3
BRDA:188,8,0,1
BRDA:188,8,1,1
BRDA:188,9,0,2
BRDA:188,9,1,2
BRDA:217,10,0,1
BRDA:217,10,1,3
BRDA:239,11,0,1
BRDA:239,11,1,1
BRDA:239,12,0,2
BRDA:239,12,1,2
BRDA:327,13,0,1
BRDA:327,13,1,2
BRF:27
BRH:25
end_of_record
TN:
SF:apps/backend/src/controllers/user.controller.ts
FN:10,(anonymous_1)
FN:26,addSearchFilter
FN:38,addRoleFilter
FN:45,addEmpresaFilter
FN:55,applyRoleRestrictions
FN:74,(anonymous_6)
FN:142,(anonymous_7)
FN:184,(anonymous_8)
FN:274,(anonymous_9)
FN:359,(anonymous_10)
FNF:10
FNH:10
FNDA:4,(anonymous_1)
FNDA:13,addSearchFilter
FNDA:13,addRoleFilter
FNDA:13,addEmpresaFilter
FNDA:13,applyRoleRestrictions
FNDA:16,(anonymous_6)
FNDA:3,(anonymous_7)
FNDA:10,(anonymous_8)
FNDA:9,(anonymous_9)
FNDA:10,(anonymous_10)
DA:2,6
DA:3,6
DA:4,6
DA:5,6
DA:8,6
DA:9,6
DA:10,6
DA:11,4
DA:12,2
DA:13,2
DA:14,0
DA:15,0
DA:16,0
DA:19,2
DA:20,2
DA:22,4
DA:27,13
DA:28,3
DA:29,3
DA:39,13
DA:40,1
DA:46,13
DA:47,3
DA:48,3
DA:49,2
DA:56,13
DA:57,4
DA:58,4
DA:59,4
DA:63,9
DA:64,2
DA:65,2
DA:69,6
DA:75,16
DA:76,16
DA:77,16
DA:78,3
DA:83,3
DA:86,13
DA:87,13
DA:89,13
DA:94,13
DA:95,13
DA:96,13
DA:97,13
DA:98,13
DA:101,13
DA:102,13
DA:103,13
DA:105,13
DA:113,13
DA:133,11
DA:140,11
DA:142,11
DA:153,11
DA:167,2
DA:173,2
DA:185,10
DA:186,10
DA:187,10
DA:188,2
DA:193,2
DA:196,8
DA:197,8
DA:199,8
DA:206,8
DA:208,8
DA:210,1
DA:211,1
DA:212,7
DA:214,1
DA:217,8
DA:231,6
DA:232,2
DA:237,2
DA:241,2
DA:244,4
DA:250,4
DA:256,2
DA:263,2
DA:275,9
DA:276,9
DA:277,9
DA:278,2
DA:283,2
DA:286,7
DA:287,7
DA:288,7
DA:290,7
DA:297,7
DA:298,6
DA:303,5
DA:304,2
DA:309,2
DA:313,2
DA:318,4
DA:323,3
DA:329,3
DA:341,2
DA:348,2
DA:360,10
DA:361,10
DA:362,10
DA:363,2
DA:368,2
DA:371,8
DA:372,8
DA:374,8
DA:381,8
DA:382,5
DA:387,5
DA:388,2
DA:393,2
DA:397,2
DA:402,6
DA:408,4
DA:409,4
DA:410,2
DA:421,4
DA:428,4
DA:430,4
DA:436,4
DA:451,2
DA:458,2
LF:124
LH:121
BRDA:8,0,0,6
BRDA:8,0,1,0
BRDA:11,1,0,2
BRDA:11,1,1,2
BRDA:13,2,0,0
BRDA:13,2,1,2
BRDA:13,3,0,2
BRDA:13,3,1,0
BRDA:19,4,0,0
BRDA:19,4,1,2
BRDA:20,5,0,0
BRDA:20,5,1,2
BRDA:27,6,0,3
BRDA:27,6,1,10
BRDA:27,7,0,13
BRDA:27,7,1,3
BRDA:27,7,2,3
BRDA:39,8,0,1
BRDA:39,8,1,12
BRDA:39,9,0,13
BRDA:39,9,1,1
BRDA:46,10,0,3
BRDA:46,10,1,10
BRDA:46,11,0,13
BRDA:46,11,1,3
BRDA:48,12,0,2
BRDA:48,12,1,1
BRDA:56,13,0,4
BRDA:56,13,1,9
BRDA:63,14,0,2
BRDA:63,14,1,7
BRDA:63,15,0,9
BRDA:63,15,1,9
BRDA:63,15,2,2
BRDA:77,16,0,3
BRDA:77,16,1,13
BRDA:87,17,0,9
BRDA:87,18,0,8
BRDA:98,19,0,13
BRDA:98,19,1,10
BRDA:101,20,0,13
BRDA:101,20,1,0
BRDA:102,21,0,13
BRDA:102,21,1,0
BRDA:168,22,0,2
BRDA:168,22,1,0
BRDA:169,23,0,2
BRDA:169,23,1,0
BRDA:187,24,0,2
BRDA:187,24,1,8
BRDA:208,25,0,1
BRDA:208,25,1,7
BRDA:212,26,0,1
BRDA:212,26,1,6
BRDA:212,27,0,7
BRDA:212,27,1,7
BRDA:212,27,2,1
BRDA:231,28,0,2
BRDA:231,28,1,4
BRDA:257,29,0,2
BRDA:257,29,1,0
BRDA:258,30,0,2
BRDA:258,30,1,0
BRDA:277,31,0,2
BRDA:277,31,1,7
BRDA:297,32,0,6
BRDA:297,32,1,1
BRDA:297,33,0,7
BRDA:297,33,1,6
BRDA:303,34,0,2
BRDA:303,34,1,3
BRDA:320,35,0,4
BRDA:320,35,1,1
BRDA:342,36,0,2
BRDA:342,36,1,0
BRDA:343,37,0,2
BRDA:343,37,1,0
BRDA:362,38,0,2
BRDA:362,38,1,8
BRDA:381,39,0,5
BRDA:381,39,1,3
BRDA:387,40,0,2
BRDA:387,40,1,3
BRDA:404,41,0,6
BRDA:404,41,1,3
BRDA:409,42,0,2
BRDA:409,42,1,2
BRDA:452,43,0,2
BRDA:452,43,1,0
BRDA:453,44,0,2
BRDA:453,44,1,0
BRF:91
BRH:76
end_of_record
TN:
SF:apps/backend/src/middlewares/audit.middleware.ts
FN:5,(anonymous_0)
FN:19,(anonymous_1)
FN:25,(anonymous_2)
FN:35,getClientIP
FN:48,sanitizeUserAgent
FN:59,_getSessionInfo
FN:93,(anonymous_6)
FN:94,(anonymous_7)
FN:118,(anonymous_8)
FN:144,(anonymous_9)
FN:145,(anonymous_10)
FN:156,_determineSeverity
FNF:12
FNH:12
FNDA:3,(anonymous_0)
FNDA:3,(anonymous_1)
FNDA:3,(anonymous_2)
FNDA:32,getClientIP
FNDA:32,sanitizeUserAgent
FNDA:5,_getSessionInfo
FNDA:20,(anonymous_6)
FNDA:17,(anonymous_7)
FNDA:15,(anonymous_8)
FNDA:9,(anonymous_9)
FNDA:7,(anonymous_10)
FNDA:16,_determineSeverity
DA:2,3
DA:5,3
DA:6,3
DA:7,3
DA:8,3
DA:9,3
DA:10,3
DA:11,3
DA:12,3
DA:13,3
DA:14,3
DA:15,3
DA:16,3
DA:19,3
DA:20,3
DA:21,3
DA:22,3
DA:25,3
DA:26,3
DA:27,3
DA:28,3
DA:29,3
DA:36,32
DA:49,32
DA:52,31
DA:59,3
DA:61,5
DA:62,5
DA:63,2
DA:66,2
DA:69,3
DA:75,3
DA:93,3
DA:94,20
DA:96,17
DA:99,17
DA:100,17
DA:103,17
DA:111,17
DA:118,3
DA:119,15
DA:120,15
DA:121,15
DA:124,15
DA:138,15
DA:144,3
DA:145,9
DA:147,7
DA:148,7
DA:156,3
DA:157,16
DA:158,13
DA:159,10
DA:160,3
DA:162,7
DA:163,2
DA:165,5
DA:169,3
LF:58
LH:58
BRDA:5,0,0,3
BRDA:5,0,1,3
BRDA:19,1,0,3
BRDA:19,1,1,3
BRDA:25,2,0,3
BRDA:25,2,1,3
BRDA:37,3,0,32
BRDA:37,3,1,28
BRDA:37,3,2,25
BRDA:37,3,3,23
BRDA:37,3,4,20
BRDA:49,4,0,1
BRDA:49,4,1,31
BRDA:62,5,0,2
BRDA:62,5,1,3
BRDA:62,6,0,5
BRDA:62,6,1,3
BRDA:69,7,0,3
BRDA:69,7,1,1
BRDA:144,8,0,2
BRDA:157,9,0,3
BRDA:157,9,1,13
BRDA:158,10,0,3
BRDA:158,10,1,10
BRDA:159,11,0,3
BRDA:159,11,1,7
BRDA:159,12,0,10
BRDA:159,12,1,8
BRDA:162,13,0,2
BRDA:162,13,1,5
BRF:30
BRH:30
end_of_record
TN:
SF:apps/backend/src/middlewares/auth.middleware.ts
FN:9,(anonymous_1)
FN:23,(anonymous_2)
FN:29,(anonymous_3)
FN:46,(anonymous_4)
FN:91,(anonymous_5)
FN:129,(anonymous_6)
FN:158,(anonymous_7)
FNF:7
FNH:7
FNDA:5,(anonymous_1)
FNDA:2,(anonymous_2)
FNDA:5,(anonymous_3)
FNDA:4,(anonymous_4)
FNDA:3,(anonymous_5)
FNDA:3,(anonymous_6)
FNDA:2,(anonymous_7)
DA:2,1
DA:3,1
DA:4,1
DA:7,1
DA:8,1
DA:9,1
DA:10,5
DA:11,1
DA:12,1
DA:13,0
DA:14,0
DA:15,0
DA:18,1
DA:19,1
DA:21,5
DA:23,1
DA:24,2
DA:25,1
DA:26,1
DA:29,1
DA:30,5
DA:31,5
DA:33,2
DA:34,2
DA:35,2
DA:36,2
DA:39,1
DA:42,0
DA:46,1
DA:47,4
DA:48,4
DA:49,4
DA:51,4
DA:52,1
DA:55,3
DA:56,3
DA:57,1
DA:60,2
DA:67,2
DA:68,2
DA:69,1
DA:73,1
DA:75,1
DA:81,1
DA:83,0
DA:87,0
DA:91,1
DA:92,3
DA:94,3
DA:106,3
DA:107,1
DA:108,1
DA:111,2
DA:112,1
DA:118,1
DA:121,1
DA:126,1
DA:129,1
DA:130,3
DA:132,3
DA:139,3
DA:140,1
DA:141,1
DA:145,2
DA:146,1
DA:151,1
DA:154,1
DA:155,1
DA:158,1
DA:159,2
DA:161,2
DA:173,2
DA:174,1
DA:175,1
DA:178,1
DA:183,1
LF:76
LH:70
BRDA:10,0,0,1
BRDA:10,0,1,4
BRDA:12,1,0,0
BRDA:12,1,1,1
BRDA:12,2,0,1
BRDA:12,2,1,0
BRDA:18,3,0,0
BRDA:18,3,1,1
BRDA:19,4,0,0
BRDA:19,4,1,1
BRDA:24,5,0,1
BRDA:24,5,1,1
BRDA:25,6,0,1
BRDA:25,6,1,0
BRDA:25,6,2,0
BRDA:34,7,0,2
BRDA:34,7,1,0
BRDA:49,8,0,4
BRDA:49,8,1,3
BRDA:51,9,0,1
BRDA:51,9,1,3
BRDA:56,10,0,1
BRDA:56,10,1,2
BRDA:68,11,0,1
BRDA:68,11,1,1
BRDA:84,12,0,0
BRDA:84,12,1,0
BRDA:85,13,0,0
BRDA:85,13,1,0
BRDA:95,14,0,2
BRDA:95,14,1,1
BRDA:106,15,0,1
BRDA:106,15,1,2
BRDA:111,16,0,1
BRDA:111,16,1,1
BRDA:111,17,0,2
BRDA:111,17,1,1
BRDA:139,18,0,1
BRDA:139,18,1,2
BRDA:145,19,0,1
BRDA:145,19,1,1
BRDA:162,20,0,1
BRDA:162,20,1,1
BRDA:173,21,0,1
BRDA:173,21,1,1
BRF:45
BRH:34
end_of_record
TN:
SF:apps/backend/src/middlewares/error.middleware.ts
FN:35,(anonymous_1)
FN:75,(anonymous_2)
FN:76,(anonymous_3)
FN:84,(anonymous_4)
FN:96,(anonymous_5)
FN:97,(anonymous_6)
FN:119,(anonymous_7)
FN:137,(anonymous_8)
FN:167,(anonymous_9)
FN:192,(anonymous_10)
FN:209,(anonymous_11)
FN:216,(anonymous_12)
FN:224,(anonymous_13)
FN:232,(anonymous_14)
FN:240,(anonymous_15)
FN:267,(anonymous_16)
FN:275,(anonymous_17)
FN:291,(anonymous_18)
FN:294,(anonymous_19)
FN:297,(anonymous_20)
FN:300,(anonymous_21)
FN:303,(anonymous_22)
FNF:22
FNH:22
FNDA:24,(anonymous_1)
FNDA:3,(anonymous_2)
FNDA:3,(anonymous_3)
FNDA:2,(anonymous_4)
FNDA:2,(anonymous_5)
FNDA:3,(anonymous_6)
FNDA:4,(anonymous_7)
FNDA:8,(anonymous_8)
FNDA:6,(anonymous_9)
FNDA:4,(anonymous_10)
FNDA:46,(anonymous_11)
FNDA:18,(anonymous_12)
FNDA:41,(anonymous_13)
FNDA:10,(anonymous_14)
FNDA:24,(anonymous_15)
FNDA:24,(anonymous_16)
FNDA:17,(anonymous_17)
FNDA:3,(anonymous_18)
FNDA:3,(anonymous_19)
FNDA:3,(anonymous_20)
FNDA:2,(anonymous_21)
FNDA:2,(anonymous_22)
DA:2,4
DA:3,4
DA:4,4
DA:31,4
DA:42,24
DA:45,24
DA:48,24
DA:49,2
DA:50,2
DA:53,22
DA:54,4
DA:55,4
DA:58,18
DA:59,8
DA:60,8
DA:63,10
DA:64,6
DA:65,6
DA:69,4
DA:76,3
DA:77,3
DA:85,2
DA:86,2
DA:87,2
DA:88,2
DA:97,3
DA:104,2
DA:113,2
DA:120,4
DA:122,4
DA:131,4
DA:138,8
DA:139,8
DA:142,8
DA:143,2
DA:144,2
DA:145,6
DA:146,2
DA:147,2
DA:148,4
DA:149,2
DA:150,2
DA:153,8
DA:161,8
DA:168,6
DA:170,6
DA:171,2
DA:172,4
DA:173,1
DA:174,3
DA:175,1
DA:178,6
DA:186,6
DA:193,4
DA:201,4
DA:210,46
DA:217,18
DA:223,18
DA:225,41
DA:233,10
DA:234,10
DA:241,24
DA:257,24
DA:258,3
DA:260,21
DA:268,24
DA:275,4
DA:281,17
DA:282,17
DA:283,17
DA:284,17
DA:285,17
DA:291,4
DA:292,3
DA:294,4
DA:295,3
DA:297,4
DA:298,3
DA:300,4
DA:301,2
DA:303,4
DA:304,2
DA:307,4
LF:83
LH:83
BRDA:48,0,0,2
BRDA:48,0,1,22
BRDA:53,1,0,4
BRDA:53,1,1,18
BRDA:58,2,0,8
BRDA:58,2,1,10
BRDA:63,3,0,6
BRDA:63,3,1,4
BRDA:120,4,0,4
BRDA:120,4,1,1
BRDA:124,5,0,4
BRDA:124,5,1,0
BRDA:125,6,0,4
BRDA:125,6,1,0
BRDA:142,7,0,2
BRDA:142,7,1,6
BRDA:145,8,0,2
BRDA:145,8,1,4
BRDA:148,9,0,2
BRDA:148,9,1,2
BRDA:170,10,0,2
BRDA:170,10,1,4
BRDA:172,11,0,1
BRDA:172,11,1,3
BRDA:174,12,0,1
BRDA:174,12,1,2
BRDA:196,13,0,1
BRDA:196,13,1,3
BRDA:210,14,0,46
BRDA:210,14,1,40
BRDA:225,15,0,41
BRDA:225,15,1,33
BRDA:234,16,0,10
BRDA:234,16,1,6
BRDA:249,17,0,18
BRDA:249,17,1,6
BRDA:257,18,0,3
BRDA:257,18,1,21
BRDA:257,19,0,24
BRDA:257,19,1,4
BRDA:257,19,2,3
BRDA:277,20,0,1
BRDA:291,21,0,1
BRDA:294,22,0,2
BRDA:297,23,0,2
BRF:45
BRH:43
end_of_record
TN:
SF:apps/backend/src/middlewares/logging.middleware.ts
FN:10,(anonymous_0)
FN:22,(anonymous_1)
FN:46,(anonymous_2)
FNF:3
FNH:3
FNDA:11,(anonymous_0)
FNDA:10,(anonymous_1)
FNDA:1,(anonymous_2)
DA:2,4
DA:10,4
DA:12,11
DA:15,11
DA:18,11
DA:21,11
DA:22,11
DA:23,10
DA:26,10
DA:29,10
DA:30,5
DA:39,10
DA:42,11
DA:46,4
DA:47,1
DA:49,1
DA:58,1
LF:17
LH:17
BRDA:15,0,0,11
BRDA:15,0,1,0
BRDA:15,0,2,0
BRDA:23,1,0,10
BRDA:23,1,1,0
BRDA:29,2,0,5
BRDA:29,2,1,5
BRDA:47,3,0,1
BRDA:47,3,1,0
BRDA:47,3,2,0
BRF:10
BRH:5
end_of_record
TN:
SF:apps/backend/src/middlewares/payload.middleware.ts
FN:7,(anonymous_0)
FN:8,(anonymous_1)
FN:56,(anonymous_2)
FN:57,(anonymous_3)
FNF:4
FNH:4
FNDA:4,(anonymous_0)
FNDA:3,(anonymous_1)
FNDA:3,(anonymous_2)
FNDA:3,(anonymous_3)
DA:2,2
DA:7,2
DA:8,4
DA:9,3
DA:11,3
DA:12,2
DA:14,2
DA:15,1
DA:17,1
DA:18,1
DA:27,1
DA:40,1
DA:42,1
DA:43,1
DA:51,2
DA:56,2
DA:57,3
DA:58,3
DA:59,3
DA:60,1
DA:67,1
DA:79,2
DA:81,0
DA:82,0
DA:90,2
LF:25
LH:23
BRDA:7,0,0,0
BRDA:14,1,0,1
BRDA:14,1,1,1
BRDA:17,2,0,1
BRDA:17,2,1,0
BRDA:56,3,0,0
BRDA:59,4,0,1
BRDA:59,4,1,2
BRDA:59,5,0,3
BRDA:59,5,1,2
BRF:10
BRH:7
end_of_record
TN:
SF:apps/backend/src/middlewares/platformAuth.middleware.ts
FN:15,(anonymous_0)
FN:82,(anonymous_1)
FN:83,(anonymous_2)
FN:140,(anonymous_3)
FN:203,(anonymous_4)
FN:242,(anonymous_5)
FN:283,(anonymous_6)
FN:284,(anonymous_7)
FNF:8
FNH:8
FNDA:13,(anonymous_0)
FNDA:128,(anonymous_1)
FNDA:10,(anonymous_2)
FNDA:11,(anonymous_3)
FNDA:11,(anonymous_4)
FNDA:7,(anonymous_5)
FNDA:64,(anonymous_6)
FNDA:5,(anonymous_7)
DA:2,8
DA:3,8
DA:4,8
DA:5,8
DA:15,8
DA:20,13
DA:25,13
DA:26,13
DA:27,8
DA:31,13
DA:32,5
DA:35,13
DA:36,4
DA:41,4
DA:45,9
DA:47,8
DA:48,2
DA:53,2
DA:57,6
DA:60,6
DA:62,6
DA:68,6
DA:70,1
DA:71,1
DA:82,8
DA:83,128
DA:84,10
DA:85,10
DA:87,10
DA:88,2
DA:93,2
DA:97,8
DA:105,8
DA:106,3
DA:112,3
DA:117,2
DA:120,5
DA:125,5
DA:127,1
DA:128,1
DA:140,8
DA:141,11
DA:142,11
DA:143,11
DA:145,11
DA:146,0
DA:151,0
DA:155,11
DA:156,2
DA:157,2
DA:161,9
DA:162,9
DA:163,2
DA:168,2
DA:171,7
DA:172,1
DA:178,1
DA:183,1
DA:187,6
DA:189,0
DA:190,0
DA:203,8
DA:204,11
DA:205,11
DA:206,11
DA:208,11
DA:209,1
DA:210,1
DA:213,10
DA:214,7
DA:215,7
DA:216,7
DA:217,7
DA:218,7
DA:219,6
DA:220,6
DA:221,4
DA:227,3
DA:230,10
DA:231,10
DA:234,0
DA:235,0
DA:242,8
DA:247,7
DA:251,7
DA:252,7
DA:253,5
DA:256,7
DA:257,2
DA:260,7
DA:262,6
DA:263,5
DA:264,4
DA:265,4
DA:272,6
DA:274,1
DA:276,1
DA:283,8
DA:284,64
DA:285,5
DA:287,5
DA:288,3
DA:299,3
DA:301,3
DA:302,3
DA:303,3
DA:305,3
DA:312,3
DA:316,1
DA:323,5
LF:110
LH:104
BRDA:26,0,0,8
BRDA:26,0,1,5
BRDA:26,1,0,13
BRDA:26,1,1,8
BRDA:31,2,0,5
BRDA:31,2,1,8
BRDA:35,3,0,4
BRDA:35,3,1,9
BRDA:47,4,0,2
BRDA:47,4,1,6
BRDA:87,5,0,2
BRDA:87,5,1,8
BRDA:105,6,0,3
BRDA:105,6,1,5
BRDA:143,7,0,11
BRDA:143,7,1,3
BRDA:143,7,2,2
BRDA:145,8,0,0
BRDA:145,8,1,11
BRDA:155,9,0,2
BRDA:155,9,1,9
BRDA:161,10,0,9
BRDA:161,10,1,0
BRDA:161,11,0,9
BRDA:161,11,1,2
BRDA:162,12,0,2
BRDA:162,12,1,7
BRDA:171,13,0,1
BRDA:171,13,1,6
BRDA:171,14,0,7
BRDA:171,14,1,6
BRDA:208,15,0,1
BRDA:208,15,1,10
BRDA:213,16,0,7
BRDA:213,16,1,3
BRDA:217,17,0,7
BRDA:217,17,1,3
BRDA:217,17,2,2
BRDA:218,18,0,6
BRDA:218,18,1,1
BRDA:220,19,0,4
BRDA:220,19,1,2
BRDA:220,20,0,6
BRDA:220,20,1,5
BRDA:227,21,0,3
BRDA:227,21,1,1
BRDA:252,22,0,5
BRDA:252,22,1,2
BRDA:252,23,0,7
BRDA:252,23,1,5
BRDA:256,24,0,2
BRDA:256,24,1,5
BRDA:260,25,0,6
BRDA:260,25,1,1
BRDA:263,26,0,4
BRDA:263,26,1,1
BRDA:287,27,0,3
BRDA:287,27,1,2
BRDA:303,28,0,2
BRDA:303,28,1,1
BRF:60
BRH:58
end_of_record
TN:
SF:apps/backend/src/middlewares/rateLimit.middleware.ts
FN:27,(anonymous_1)
FN:40,(anonymous_2)
FN:54,(anonymous_3)
FN:74,(anonymous_4)
FN:97,(anonymous_5)
FN:104,(anonymous_6)
FNF:6
FNH:6
FNDA:4,(anonymous_1)
FNDA:1,(anonymous_2)
FNDA:4,(anonymous_3)
FNDA:2,(anonymous_4)
FNDA:1,(anonymous_5)
FNDA:3,(anonymous_6)
DA:1,5
DA:2,5
DA:9,5
DA:17,5
DA:29,4
DA:30,4
DA:32,4
DA:33,1
DA:35,3
DA:36,1
DA:38,2
DA:41,1
DA:42,1
DA:48,1
DA:56,4
DA:64,5
DA:75,2
DA:76,2
DA:77,1
DA:79,1
DA:87,5
DA:98,1
DA:99,1
DA:100,1
DA:102,0
DA:106,3
LF:26
LH:25
BRDA:9,0,0,5
BRDA:9,0,1,5
BRDA:32,1,0,1
BRDA:32,1,1,3
BRDA:35,2,0,1
BRDA:35,2,1,2
BRDA:38,3,0,2
BRDA:38,3,1,0
BRDA:41,4,0,1
BRDA:41,4,1,0
BRDA:41,4,2,0
BRDA:44,5,0,1
BRDA:44,5,1,0
BRDA:56,6,0,4
BRDA:56,6,1,3
BRDA:76,7,0,1
BRDA:76,7,1,1
BRDA:79,8,0,1
BRDA:79,8,1,0
BRDA:99,9,0,1
BRDA:99,9,1,0
BRDA:102,10,0,0
BRDA:102,10,1,0
BRDA:106,11,0,3
BRDA:106,11,1,2
BRF:25
BRH:17
end_of_record
TN:
SF:apps/backend/src/middlewares/validation.middleware.ts
FN:17,validatePart
FN:24,(anonymous_1)
FN:43,(anonymous_2)
FN:44,(anonymous_3)
FN:55,(anonymous_4)
FN:73,(anonymous_5)
FN:74,(anonymous_6)
FN:88,(anonymous_7)
FN:89,(anonymous_8)
FN:104,(anonymous_9)
FN:105,(anonymous_10)
FN:120,(anonymous_11)
FN:125,(anonymous_12)
FN:160,(anonymous_13)
FN:188,(anonymous_14)
FN:214,(anonymous_15)
FN:215,(anonymous_16)
FN:237,(anonymous_17)
FN:238,(anonymous_18)
FN:275,(anonymous_19)
FN:276,(anonymous_20)
FN:294,(anonymous_21)
FN:300,(anonymous_22)
FN:319,handleExpressValidatorErrors
FNF:24
FNH:24
FNDA:12,validatePart
FNDA:4,(anonymous_1)
FNDA:6,(anonymous_2)
FNDA:7,(anonymous_3)
FNDA:7,(anonymous_4)
FNDA:27,(anonymous_5)
FNDA:5,(anonymous_6)
FNDA:2,(anonymous_7)
FNDA:2,(anonymous_8)
FNDA:2,(anonymous_9)
FNDA:2,(anonymous_10)
FNDA:4,(anonymous_11)
FNDA:4,(anonymous_12)
FNDA:16,(anonymous_13)
FNDA:12,(anonymous_14)
FNDA:7,(anonymous_15)
FNDA:7,(anonymous_16)
FNDA:10,(anonymous_17)
FNDA:10,(anonymous_18)
FNDA:7,(anonymous_19)
FNDA:7,(anonymous_20)
FNDA:32,(anonymous_21)
FNDA:4,(anonymous_22)
FNDA:27,handleExpressValidatorErrors
DA:2,12
DA:3,12
DA:4,12
DA:18,12
DA:19,8
DA:20,8
DA:21,4
DA:23,4
DA:24,4
DA:30,4
DA:32,0
DA:39,12
DA:44,7
DA:56,7
DA:69,12
DA:74,27
DA:75,5
DA:76,5
DA:77,2
DA:78,2
DA:80,3
DA:89,2
DA:90,2
DA:91,2
DA:93,1
DA:94,1
DA:96,1
DA:105,2
DA:106,2
DA:107,2
DA:109,1
DA:110,1
DA:112,1
DA:125,4
DA:126,4
DA:127,4
DA:130,4
DA:131,4
DA:132,4
DA:134,4
DA:135,4
DA:136,4
DA:138,4
DA:139,4
DA:140,4
DA:142,4
DA:143,2
DA:147,2
DA:148,2
DA:150,2
DA:152,0
DA:166,16
DA:167,4
DA:168,4
DA:171,4
DA:173,4
DA:179,4
DA:181,12
DA:189,12
DA:191,12
DA:197,12
DA:209,12
DA:215,7
DA:216,7
DA:217,7
DA:218,7
DA:219,3
DA:222,4
DA:223,4
DA:224,1
DA:227,3
DA:229,4
DA:238,10
DA:239,10
DA:241,10
DA:242,10
DA:243,10
DA:244,3
DA:248,7
DA:249,7
DA:250,7
DA:251,3
DA:255,4
DA:256,4
DA:257,1
DA:261,3
DA:262,3
DA:263,3
DA:265,3
DA:267,7
DA:276,7
DA:278,7
DA:279,6
DA:283,7
DA:284,6
DA:287,7
DA:295,32
DA:296,11
DA:299,21
DA:300,4
DA:303,18
DA:304,15
DA:305,15
DA:306,16
DA:308,15
DA:311,3
DA:319,12
DA:320,27
DA:321,27
DA:322,5
DA:327,5
DA:329,22
DA:333,12
LF:113
LH:111
BRDA:18,0,0,4
BRDA:18,0,1,8
BRDA:23,1,0,4
BRDA:23,1,1,0
BRDA:28,2,0,3
BRDA:28,2,1,1
BRDA:48,3,0,4
BRDA:48,3,1,3
BRDA:131,4,0,2
BRDA:131,4,1,2
BRDA:135,5,0,1
BRDA:135,5,1,3
BRDA:139,6,0,1
BRDA:139,6,1,3
BRDA:142,7,0,2
BRDA:142,7,1,2
BRDA:144,8,0,2
BRDA:144,8,1,1
BRDA:144,8,2,1
BRDA:166,9,0,4
BRDA:166,9,1,12
BRDA:168,10,0,4
BRDA:168,10,1,0
BRDA:168,10,2,0
BRDA:189,11,0,12
BRDA:189,11,1,0
BRDA:189,11,2,0
BRDA:193,12,0,12
BRDA:193,12,1,0
BRDA:194,13,0,12
BRDA:194,13,1,0
BRDA:214,14,0,6
BRDA:218,15,0,3
BRDA:218,15,1,4
BRDA:218,16,0,7
BRDA:218,16,1,6
BRDA:223,17,0,1
BRDA:223,17,1,3
BRDA:242,18,0,5
BRDA:242,18,1,5
BRDA:243,19,0,3
BRDA:243,19,1,7
BRDA:243,20,0,10
BRDA:243,20,1,9
BRDA:249,21,0,5
BRDA:249,21,1,2
BRDA:250,22,0,3
BRDA:250,22,1,4
BRDA:250,23,0,7
BRDA:250,23,1,6
BRDA:250,23,2,5
BRDA:256,24,0,1
BRDA:256,24,1,3
BRDA:256,25,0,4
BRDA:256,25,1,3
BRDA:263,26,0,2
BRDA:263,26,1,1
BRDA:278,27,0,6
BRDA:278,27,1,1
BRDA:278,28,0,7
BRDA:278,28,1,6
BRDA:283,29,0,6
BRDA:283,29,1,1
BRDA:283,30,0,7
BRDA:283,30,1,6
BRDA:295,31,0,11
BRDA:295,31,1,21
BRDA:299,32,0,3
BRDA:299,32,1,18
BRDA:303,33,0,15
BRDA:303,33,1,3
BRDA:303,34,0,18
BRDA:303,34,1,17
BRDA:321,35,0,5
BRDA:321,35,1,22
BRF:75
BRH:68
end_of_record
TN:
SF:apps/backend/src/routes/config.routes.ts
FN:13,(anonymous_0)
FN:60,(anonymous_1)
FNF:2
FNH:2
FNDA:4,(anonymous_0)
FNDA:1,(anonymous_1)
DA:1,3
DA:2,3
DA:3,3
DA:4,3
DA:6,3
DA:13,3
DA:14,4
DA:15,4
DA:16,2
DA:18,2
DA:24,2
DA:41,2
DA:43,2
DA:48,2
DA:60,3
DA:61,1
DA:68,3
LF:17
LH:17
BRDA:44,0,0,2
BRDA:44,0,1,0
BRDA:45,1,0,2
BRDA:45,1,1,0
BRDA:50,2,0,1
BRDA:50,2,1,1
BRF:6
BRH:4
end_of_record
TN:
SF:apps/backend/src/routes/dashboard.routes.ts
FNF:0
FNH:0
DA:1,3
DA:2,3
DA:8,3
DA:10,3
DA:13,3
DA:14,3
DA:15,3
DA:16,3
DA:20,3
LF:9
LH:9
BRF:0
BRH:0
end_of_record
TN:
SF:apps/backend/src/routes/docs.routes.ts
FN:57,(anonymous_0)
FN:67,(anonymous_1)
FN:79,(anonymous_2)
FN:84,(anonymous_3)
FN:95,(anonymous_4)
FN:108,(anonymous_5)
FN:110,(anonymous_6)
FN:122,(anonymous_7)
FN:124,(anonymous_8)
FN:138,(anonymous_9)
FN:140,(anonymous_10)
FN:149,(anonymous_11)
FN:158,(anonymous_12)
FN:167,(anonymous_13)
FN:183,(anonymous_14)
FN:188,(anonymous_15)
FN:198,(anonymous_16)
FN:210,(anonymous_17)
FN:212,(anonymous_18)
FN:223,(anonymous_19)
FN:225,(anonymous_20)
FN:234,(anonymous_21)
FN:245,(anonymous_22)
FN:258,(anonymous_23)
FN:262,(anonymous_24)
FN:271,(anonymous_25)
FN:274,(anonymous_26)
FNF:27
FNH:27
FNDA:1,(anonymous_0)
FNDA:1,(anonymous_1)
FNDA:1,(anonymous_2)
FNDA:1,(anonymous_3)
FNDA:1,(anonymous_4)
FNDA:2,(anonymous_5)
FNDA:3,(anonymous_6)
FNDA:1,(anonymous_7)
FNDA:2,(anonymous_8)
FNDA:1,(anonymous_9)
FNDA:2,(anonymous_10)
FNDA:1,(anonymous_11)
FNDA:1,(anonymous_12)
FNDA:1,(anonymous_13)
FNDA:1,(anonymous_14)
FNDA:2,(anonymous_15)
FNDA:1,(anonymous_16)
FNDA:2,(anonymous_17)
FNDA:6,(anonymous_18)
FNDA:1,(anonymous_19)
FNDA:3,(anonymous_20)
FNDA:1,(anonymous_21)
FNDA:1,(anonymous_22)
FNDA:1,(anonymous_23)
FNDA:2,(anonymous_24)
FNDA:1,(anonymous_25)
FNDA:2,(anonymous_26)
DA:1,4
DA:2,4
DA:5,4
DA:13,4
DA:20,4
DA:24,4
DA:30,4
DA:47,4
DA:53,4
DA:58,1
DA:63,4
DA:68,1
DA:69,1
DA:70,1
DA:75,4
DA:80,1
DA:81,1
DA:82,1
DA:83,1
DA:84,1
DA:86,1
DA:91,4
DA:96,1
DA:97,1
DA:98,1
DA:99,1
DA:104,4
DA:109,2
DA:110,3
DA:111,2
DA:112,1
DA:113,1
DA:118,4
DA:123,1
DA:124,2
DA:125,1
DA:129,4
DA:134,4
DA:139,1
DA:140,2
DA:141,1
DA:145,4
DA:150,1
DA:154,4
DA:159,1
DA:163,4
DA:168,1
DA:169,1
DA:170,1
DA:171,1
DA:172,1
DA:179,4
DA:184,1
DA:185,1
DA:186,1
DA:187,1
DA:188,2
DA:190,1
DA:194,4
DA:199,1
DA:200,1
DA:201,1
DA:202,1
DA:206,4
DA:211,2
DA:212,6
DA:213,2
DA:214,1
DA:215,1
DA:219,4
DA:224,1
DA:225,3
DA:226,1
DA:230,4
DA:235,1
DA:236,1
DA:237,1
DA:241,4
DA:246,1
DA:247,1
DA:248,1
DA:249,1
DA:250,1
DA:254,4
DA:259,1
DA:260,1
DA:261,1
DA:262,2
DA:263,1
DA:267,4
DA:272,1
DA:274,2
DA:275,1
LF:93
LH:93
BRDA:68,0,0,1
BRDA:68,0,1,0
BRDA:82,1,0,1
BRDA:82,1,1,0
BRDA:96,2,0,0
BRDA:96,3,0,1
BRDA:96,4,0,1
BRDA:96,5,0,1
BRDA:96,5,1,0
BRDA:111,6,0,1
BRDA:111,6,1,1
BRDA:112,7,0,1
BRDA:112,7,1,0
BRDA:140,8,0,1
BRDA:140,8,1,0
BRDA:186,9,0,1
BRDA:186,9,1,0
BRDA:190,10,0,1
BRDA:190,10,1,0
BRDA:199,11,0,1
BRDA:199,12,0,1
BRDA:199,12,1,0
BRDA:213,13,0,1
BRDA:213,13,1,1
BRDA:214,14,0,1
BRDA:214,14,1,0
BRDA:236,15,0,1
BRDA:236,15,1,0
BRDA:247,16,0,1
BRDA:247,16,1,0
BRDA:248,17,0,1
BRDA:248,17,1,0
BRDA:248,18,0,1
BRDA:248,18,1,0
BRDA:248,19,0,1
BRDA:248,19,1,0
BRDA:261,20,0,1
BRDA:261,20,1,0
BRF:38
BRH:22
end_of_record
TN:
SF:apps/backend/src/routes/empresa.routes.ts
FNF:0
FNH:0
DA:1,3
DA:2,3
DA:3,3
DA:11,3
DA:12,3
DA:14,3
DA:17,3
DA:20,3
DA:23,3
DA:37,3
DA:52,3
DA:57,3
DA:58,3
DA:59,3
DA:60,3
DA:61,3
DA:68,3
DA:70,3
LF:18
LH:18
BRF:0
BRH:0
end_of_record
TN:
SF:apps/backend/src/routes/endUser.routes.ts
FN:33,(anonymous_0)
FN:109,(anonymous_1)
FN:181,(anonymous_2)
FN:223,(anonymous_3)
FN:254,(anonymous_4)
FN:294,(anonymous_5)
FNF:6
FNH:6
FNDA:7,(anonymous_0)
FNDA:8,(anonymous_1)
FNDA:5,(anonymous_2)
FNDA:3,(anonymous_3)
FNDA:5,(anonymous_4)
FNDA:7,(anonymous_5)
DA:1,5
DA:2,5
DA:3,5
DA:4,5
DA:10,5
DA:11,5
DA:13,5
DA:20,5
DA:34,7
DA:35,7
DA:36,7
DA:37,2
DA:42,2
DA:45,5
DA:53,5
DA:57,5
DA:58,3
DA:59,2
DA:60,2
DA:63,5
DA:72,4
DA:83,1
DA:84,1
DA:97,5
DA:110,8
DA:111,8
DA:112,8
DA:113,2
DA:118,2
DA:121,6
DA:122,6
DA:125,6
DA:126,6
DA:130,6
DA:131,3
DA:132,2
DA:136,2
DA:138,1
DA:141,4
DA:143,2
DA:149,2
DA:151,2
DA:152,1
DA:157,1
DA:171,5
DA:182,5
DA:183,5
DA:184,5
DA:185,2
DA:190,2
DA:193,3
DA:194,3
DA:196,3
DA:198,2
DA:204,1
DA:205,1
DA:218,5
DA:224,3
DA:225,3
DA:227,3
DA:229,2
DA:235,1
DA:236,1
DA:249,5
DA:255,5
DA:256,5
DA:260,5
DA:261,2
DA:264,5
DA:266,4
DA:271,1
DA:272,1
DA:285,5
DA:295,7
DA:296,7
DA:297,7
DA:298,2
DA:303,2
DA:306,5
DA:308,5
DA:310,4
DA:311,2
DA:315,2
DA:318,2
DA:323,1
DA:324,1
DA:332,5
LF:87
LH:87
BRDA:36,0,0,2
BRDA:36,0,1,5
BRDA:51,1,0,2
BRDA:52,2,0,2
BRDA:57,3,0,3
BRDA:57,3,1,2
BRDA:58,4,0,2
BRDA:58,4,1,1
BRDA:59,5,0,2
BRDA:59,5,1,0
BRDA:60,6,0,2
BRDA:60,6,1,0
BRDA:66,7,0,0
BRDA:66,7,1,5
BRDA:112,8,0,2
BRDA:112,8,1,6
BRDA:125,9,0,6
BRDA:125,9,1,0
BRDA:125,10,0,6
BRDA:125,10,1,6
BRDA:130,11,0,3
BRDA:130,11,1,3
BRDA:131,12,0,2
BRDA:131,12,1,1
BRDA:131,13,0,3
BRDA:131,13,1,2
BRDA:151,14,0,1
BRDA:151,14,1,1
BRDA:184,15,0,2
BRDA:184,15,1,3
BRDA:260,16,0,2
BRDA:260,16,1,3
BRDA:261,17,0,2
BRDA:261,17,1,0
BRDA:297,18,0,2
BRDA:297,18,1,5
BRDA:310,19,0,2
BRDA:310,19,1,2
BRF:38
BRH:33
end_of_record
TN:
SF:apps/backend/src/routes/evolution.routes.ts
FN:13,(anonymous_0)
FN:27,(anonymous_1)
FNF:2
FNH:0
FNDA:0,(anonymous_0)
FNDA:0,(anonymous_1)
DA:1,2
DA:2,2
DA:4,2
DA:9,2
DA:14,0
DA:23,2
DA:28,0
DA:36,2
LF:8
LH:6
BRF:0
BRH:0
end_of_record
TN:
SF:apps/backend/src/routes/health.routes.ts
FN:10,(anonymous_0)
FN:37,(anonymous_1)
FN:47,(anonymous_2)
FNF:3
FNH:3
FNDA:4,(anonymous_0)
FNDA:2,(anonymous_1)
FNDA:1,(anonymous_2)
DA:1,3
DA:2,3
DA:4,3
DA:10,3
DA:11,4
DA:12,4
DA:15,4
DA:24,3
DA:26,1
DA:34,3
DA:37,3
DA:38,2
DA:39,2
DA:40,1
DA:42,1
DA:47,3
DA:48,1
LF:17
LH:17
BRDA:20,0,0,3
BRDA:20,0,1,0
BRDA:21,1,0,3
BRDA:21,1,1,0
BRDA:29,2,0,1
BRDA:29,2,1,0
BRF:6
BRH:3
end_of_record
TN:
SF:apps/backend/src/routes/instance.routes.ts
FN:30,validateInstanceAccess
FN:190,(anonymous_1)
FN:263,(anonymous_2)
FN:386,(anonymous_3)
FN:416,(anonymous_4)
FN:498,(anonymous_5)
FN:522,(anonymous_6)
FNF:7
FNH:7
FNDA:12,validateInstanceAccess
FNDA:3,(anonymous_1)
FNDA:7,(anonymous_2)
FNDA:1,(anonymous_3)
FNDA:2,(anonymous_4)
FNDA:1,(anonymous_5)
FNDA:1,(anonymous_6)
DA:1,4
DA:2,4
DA:3,4
DA:12,4
DA:13,4
DA:15,4
DA:16,4
DA:17,4
DA:18,4
DA:20,4
DA:35,12
DA:36,12
DA:38,12
DA:39,2
DA:42,10
DA:43,5
DA:46,5
DA:47,5
DA:48,2
DA:54,2
DA:56,3
DA:59,0
DA:63,4
DA:66,4
DA:89,4
DA:110,4
DA:116,4
DA:120,4
DA:144,4
DA:145,4
DA:146,4
DA:149,4
DA:157,4
DA:166,4
DA:174,4
DA:186,4
DA:191,3
DA:192,3
DA:193,3
DA:194,3
DA:196,3
DA:201,3
DA:202,3
DA:203,2
DA:207,1
DA:235,1
DA:241,1
DA:246,0
DA:247,0
DA:255,4
DA:264,7
DA:265,7
DA:266,7
DA:267,7
DA:268,7
DA:270,7
DA:278,7
DA:279,7
DA:280,2
DA:284,5
DA:289,5
DA:290,1
DA:297,4
DA:298,1
DA:305,1
DA:312,3
DA:319,3
DA:320,1
DA:327,2
DA:348,1
DA:356,1
DA:361,1
DA:364,1
DA:365,1
DA:371,0
DA:380,4
DA:387,1
DA:388,1
DA:389,1
DA:390,1
DA:393,1
DA:402,0
DA:411,4
DA:417,2
DA:418,2
DA:419,2
DA:420,2
DA:421,2
DA:423,2
DA:429,2
DA:430,2
DA:431,0
DA:435,2
DA:438,2
DA:447,2
DA:471,1
DA:478,1
DA:483,1
DA:484,1
DA:493,4
DA:499,1
DA:500,1
DA:501,1
DA:504,1
DA:509,0
DA:517,4
DA:523,1
DA:524,1
DA:525,1
DA:528,1
DA:530,0
DA:538,4
LF:112
LH:104
BRDA:38,0,0,2
BRDA:38,0,1,10
BRDA:42,1,0,5
BRDA:42,1,1,5
BRDA:46,2,0,5
BRDA:46,2,1,0
BRDA:46,3,0,5
BRDA:46,3,1,0
BRDA:46,3,2,5
BRDA:47,4,0,2
BRDA:47,4,1,3
BRDA:202,5,0,2
BRDA:202,5,1,1
BRDA:266,6,0,7
BRDA:266,7,0,7
BRDA:266,8,0,7
BRDA:279,9,0,2
BRDA:279,9,1,5
BRDA:289,10,0,1
BRDA:289,10,1,4
BRDA:297,11,0,1
BRDA:297,11,1,3
BRDA:297,12,0,4
BRDA:297,12,1,2
BRDA:319,13,0,1
BRDA:319,13,1,2
BRDA:364,14,0,1
BRDA:364,14,1,0
BRDA:389,15,0,0
BRDA:389,16,0,0
BRDA:430,17,0,0
BRDA:430,17,1,2
BRDA:435,18,0,2
BRDA:435,18,1,0
BRDA:438,19,0,0
BRDA:438,19,1,2
BRF:36
BRH:28
end_of_record
TN:
SF:apps/backend/src/routes/metrics.routes.ts
FN:6,(anonymous_0)
FNF:1
FNH:1
FNDA:4,(anonymous_0)
DA:1,4
DA:2,4
DA:4,4
DA:6,4
DA:7,4
DA:8,4
DA:9,4
DA:10,4
DA:11,3
DA:13,3
DA:38,3
DA:40,1
DA:44,4
LF:13
LH:13
BRDA:16,0,0,3
BRDA:16,0,1,0
BRDA:16,1,0,3
BRDA:16,1,1,0
BRDA:31,2,0,2
BRDA:31,2,1,1
BRF:6
BRH:4
end_of_record
TN:
SF:apps/backend/src/routes/notifications.routes.ts
FN:13,(anonymous_0)
FN:37,(anonymous_1)
FN:52,(anonymous_2)
FN:66,(anonymous_3)
FN:77,(anonymous_4)
FN:88,(anonymous_5)
FN:98,(anonymous_6)
FNF:7
FNH:7
FNDA:1,(anonymous_0)
FNDA:2,(anonymous_1)
FNDA:1,(anonymous_2)
FNDA:1,(anonymous_3)
FNDA:1,(anonymous_4)
FNDA:1,(anonymous_5)
FNDA:2,(anonymous_6)
DA:1,3
DA:2,3
DA:4,3
DA:9,3
DA:14,1
DA:33,3
DA:38,2
DA:39,2
DA:48,3
DA:53,1
DA:62,3
DA:67,1
DA:68,1
DA:73,3
DA:78,1
DA:79,1
DA:84,3
DA:89,1
DA:94,3
DA:99,2
DA:100,2
DA:113,3
LF:22
LH:22
BRDA:38,0,0,2
BRDA:38,0,1,1
BRDA:67,1,0,1
BRDA:67,1,1,0
BRDA:78,2,0,1
BRDA:78,2,1,0
BRDA:99,3,0,2
BRDA:99,3,1,0
BRDA:106,4,0,2
BRDA:106,4,1,1
BRF:10
BRH:7
end_of_record
TN:
SF:apps/backend/src/routes/openapi.routes.ts
FN:12,(anonymous_1)
FN:21,(anonymous_2)
FN:29,(anonymous_3)
FNF:3
FNH:3
FNDA:2,(anonymous_1)
FNDA:1,(anonymous_2)
FNDA:1,(anonymous_3)
DA:1,4
DA:2,4
DA:3,4
DA:5,4
DA:8,4
DA:9,4
DA:10,4
DA:12,4
DA:14,2
DA:21,4
DA:22,1
DA:23,1
DA:25,0
DA:29,4
DA:30,1
DA:31,0
DA:33,1
DA:37,4
LF:18
LH:16
BRDA:22,0,0,1
BRDA:22,0,1,0
BRDA:30,1,0,0
BRDA:30,1,1,1
BRF:4
BRH:2
end_of_record
TN:
SF:apps/backend/src/routes/permiso.routes.ts
FN:25,(anonymous_0)
FNF:1
FNH:1
FNDA:5,(anonymous_0)
DA:1,4
DA:2,4
DA:3,4
DA:4,4
DA:6,4
DA:7,4
DA:8,4
DA:10,4
DA:13,4
DA:15,4
DA:20,4
DA:26,5
DA:27,5
DA:28,5
DA:29,5
DA:31,5
DA:37,5
DA:44,5
DA:45,1
DA:49,1
DA:56,4
DA:58,2
DA:60,1
DA:61,1
DA:67,1
DA:73,1
DA:80,2
DA:84,1
DA:90,1
DA:92,1
DA:93,1
DA:101,4
LF:32
LH:32
BRDA:44,0,0,1
BRDA:44,0,1,4
BRDA:56,1,0,2
BRDA:56,1,1,2
BRDA:58,2,0,1
BRDA:58,2,1,1
BRDA:58,3,0,2
BRDA:58,3,1,0
BRDA:58,3,2,2
BRDA:60,4,0,1
BRDA:60,4,1,0
BRF:11
BRH:9
end_of_record
TN:
SF:apps/backend/src/routes/platformAuth.routes.ts
FN:25,buildRoleConditions
FN:61,buildSearchConditions
FN:65,(anonymous_2)
FN:81,buildUserListConditions
FN:359,(anonymous_4)
FN:440,(anonymous_5)
FNF:6
FNH:0
FNDA:0,buildRoleConditions
FNDA:0,buildSearchConditions
FNDA:0,(anonymous_2)
FNDA:0,buildUserListConditions
FNDA:0,(anonymous_4)
FNDA:0,(anonymous_5)
DA:1,19
DA:2,19
DA:3,19
DA:4,19
DA:5,19
DA:12,19
DA:13,19
DA:14,19
DA:17,19
DA:18,19
DA:26,0
DA:28,0
DA:30,0
DA:31,0
DA:32,0
DA:34,0
DA:35,0
DA:36,0
DA:38,0
DA:44,0
DA:45,0
DA:47,0
DA:53,0
DA:54,0
DA:57,0
DA:62,0
DA:63,0
DA:64,0
DA:65,0
DA:67,0
DA:73,0
DA:74,0
DA:77,0
DA:85,0
DA:88,0
DA:89,0
DA:90,0
DA:94,0
DA:95,0
DA:96,0
DA:100,0
DA:101,0
DA:102,0
DA:106,0
DA:108,0
DA:115,19
DA:123,19
DA:139,19
DA:151,3
DA:165,3
DA:194,3
DA:214,3
DA:234,3
DA:254,3
DA:274,3
DA:287,3
DA:304,3
DA:315,3
DA:329,3
DA:342,3
DA:355,3
DA:360,0
DA:361,0
DA:362,0
DA:365,0
DA:372,0
DA:375,0
DA:376,0
DA:377,0
DA:380,0
DA:413,0
DA:422,0
DA:423,0
DA:436,3
DA:442,0
DA:450,3
LF:76
LH:28
BRDA:28,0,0,0
BRDA:28,0,1,0
BRDA:28,0,2,0
BRDA:28,0,3,0
BRDA:73,1,0,0
BRDA:73,1,1,0
BRDA:89,2,0,0
BRDA:89,2,1,0
BRDA:89,3,0,0
BRDA:89,3,1,0
BRDA:89,3,2,0
BRDA:95,4,0,0
BRDA:95,4,1,0
BRDA:95,5,0,0
BRDA:95,5,1,0
BRDA:101,6,0,0
BRDA:101,6,1,0
BRDA:101,7,0,0
BRDA:101,7,1,0
BRDA:362,8,0,0
BRDA:362,9,0,0
BRDA:372,10,0,0
BRDA:372,10,1,0
BRDA:375,11,0,0
BRDA:375,11,1,0
BRDA:376,12,0,0
BRDA:376,12,1,0
BRF:27
BRH:0
end_of_record
TN:
SF:apps/backend/src/routes/service.routes.ts
FNF:0
FNH:0
DA:1,3
DA:2,3
DA:3,3
DA:13,3
DA:14,3
DA:16,3
DA:19,3
DA:22,3
DA:46,3
DA:71,3
DA:77,3
DA:81,3
DA:101,3
DA:102,3
DA:103,3
DA:104,3
DA:107,3
DA:115,3
DA:124,3
DA:132,3
DA:141,3
LF:21
LH:21
BRF:0
BRH:0
end_of_record
TN:
SF:apps/backend/src/routes/transportistas.ts
FN:12,(anonymous_0)
FN:38,(anonymous_1)
FN:87,(anonymous_2)
FN:124,(anonymous_3)
FN:185,(anonymous_4)
FN:215,(anonymous_5)
FN:238,(anonymous_6)
FNF:7
FNH:7
FNDA:4,(anonymous_0)
FNDA:4,(anonymous_1)
FNDA:4,(anonymous_2)
FNDA:4,(anonymous_3)
FNDA:4,(anonymous_4)
FNDA:4,(anonymous_5)
FNDA:4,(anonymous_6)
DA:1,4
DA:2,4
DA:4,4
DA:12,4
DA:13,4
DA:15,4
DA:23,4
DA:29,2
DA:30,2
DA:38,4
DA:39,4
DA:41,4
DA:72,4
DA:78,2
DA:79,2
DA:87,4
DA:88,4
DA:90,4
DA:109,4
DA:115,2
DA:116,2
DA:124,4
DA:125,4
DA:127,4
DA:170,4
DA:176,2
DA:177,2
DA:185,4
DA:186,4
DA:188,4
DA:200,4
DA:206,2
DA:207,2
DA:215,4
DA:216,4
DA:218,4
DA:220,4
DA:229,2
DA:230,2
DA:238,4
DA:239,4
DA:241,4
DA:265,4
DA:271,2
DA:272,2
DA:279,4
LF:46
LH:46
BRF:0
BRH:0
end_of_record
TN:
SF:apps/backend/src/routes/user.routes.ts
FNF:0
FNH:0
DA:1,3
DA:2,3
DA:3,3
DA:10,3
DA:13,3
DA:19,3
DA:30,3
DA:41,3
DA:53,3
DA:60,3
LF:10
LH:10
BRF:0
BRH:0
end_of_record
TN:
SF:apps/backend/src/schemas/user.schema.ts
FN:5,(anonymous_0)
FN:102,(anonymous_1)
FN:136,(anonymous_2)
FN:137,(anonymous_3)
FNF:4
FNH:4
FNDA:1,(anonymous_0)
FNDA:3,(anonymous_1)
FNDA:2,(anonymous_2)
FNDA:2,(anonymous_3)
DA:1,2
DA:4,2
DA:6,1
DA:10,2
DA:22,2
DA:33,2
DA:46,2
DA:61,2
DA:76,2
DA:88,2
DA:102,3
DA:110,2
DA:132,2
DA:136,2
DA:137,2
DA:145,2
DA:165,2
DA:174,2
LF:18
LH:18
BRF:0
BRH:0
end_of_record
TN:
SF:apps/backend/src/scripts/baseline-after-split.ts
FN:3,backfill
FN:41,(anonymous_1)
FNF:2
FNH:1
FNDA:4,backfill
FNDA:0,(anonymous_1)
DA:1,5
DA:3,5
DA:4,4
DA:5,4
DA:6,4
DA:9,4
DA:17,2
DA:24,2
DA:31,2
DA:35,4
DA:39,5
DA:40,0
DA:42,0
DA:43,0
LF:14
LH:11
BRDA:39,0,0,0
BRDA:39,0,1,5
BRF:2
BRH:1
end_of_record
TN:
SF:apps/backend/src/scripts/check-db-status.ts
FN:7,checkStatus
FN:26,(anonymous_2)
FN:31,(anonymous_3)
FN:36,(anonymous_4)
FNF:4
FNH:4
FNDA:8,checkStatus
FNDA:2,(anonymous_2)
FNDA:2,(anonymous_3)
FNDA:2,(anonymous_4)
DA:1,5
DA:2,5
DA:3,5
DA:5,5
DA:7,5
DA:8,8
DA:9,8
DA:10,8
DA:12,8
DA:13,6
DA:14,6
DA:16,6
DA:17,6
DA:18,6
DA:20,6
DA:21,6
DA:22,6
DA:24,6
DA:25,1
DA:26,2
DA:29,6
DA:30,5
DA:31,5
DA:34,6
DA:35,1
DA:36,2
DA:39,6
DA:40,1
DA:42,5
DA:46,2
DA:47,2
DA:49,8
DA:53,5
DA:54,0
LF:34
LH:33
BRDA:24,0,0,1
BRDA:24,0,1,5
BRDA:29,1,0,5
BRDA:29,1,1,1
BRDA:34,2,0,1
BRDA:34,2,1,5
BRDA:39,3,0,1
BRDA:39,3,1,5
BRDA:39,4,0,6
BRDA:39,4,1,5
BRDA:39,4,2,1
BRDA:53,5,0,0
BRDA:53,5,1,5
BRF:13
BRH:12
end_of_record
TN:
SF:apps/backend/src/scripts/debug-migration.ts
FN:4,debugMigration
FN:12,(anonymous_2)
FNF:2
FNH:2
FNDA:9,debugMigration
FNDA:2,(anonymous_2)
DA:1,5
DA:2,5
DA:4,5
DA:5,9
DA:6,9
DA:8,9
DA:10,9
DA:11,7
DA:12,7
DA:13,2
DA:17,7
DA:18,7
DA:21,7
DA:25,7
DA:26,6
DA:27,6
DA:29,6
DA:38,6
DA:40,1
DA:44,7
DA:45,7
DA:46,7
DA:47,6
DA:53,6
DA:56,2
DA:57,2
DA:59,9
DA:63,5
DA:64,0
LF:29
LH:28
BRDA:25,0,0,6
BRDA:25,0,1,1
BRDA:46,1,0,6
BRDA:46,1,1,1
BRDA:63,2,0,0
BRDA:63,2,1,5
BRF:6
BRH:5
end_of_record
TN:
SF:apps/backend/src/scripts/fix-password.ts
FN:4,fixPassword
FN:24,(anonymous_2)
FNF:2
FNH:1
FNDA:4,fixPassword
FNDA:0,(anonymous_2)
DA:1,5
DA:2,5
DA:4,5
DA:5,4
DA:6,4
DA:8,4
DA:9,4
DA:11,4
DA:16,2
DA:17,2
DA:19,4
DA:23,5
DA:24,0
DA:25,0
DA:26,0
LF:15
LH:12
BRDA:23,0,0,0
BRDA:23,0,1,5
BRF:2
BRH:1
end_of_record
TN:
SF:apps/backend/src/scripts/migrate-user-split.ts
FN:3,migrate
FN:37,(anonymous_1)
FNF:2
FNH:1
FNDA:4,migrate
FNDA:0,(anonymous_1)
DA:1,5
DA:3,5
DA:4,4
DA:5,4
DA:7,4
DA:9,4
DA:18,3
DA:27,3
DA:28,3
DA:32,4
DA:36,5
DA:37,0
DA:38,0
DA:39,0
LF:14
LH:11
BRDA:36,0,0,0
BRDA:36,0,1,5
BRF:2
BRH:1
end_of_record
TN:
SF:apps/backend/src/scripts/setup-database.ts
FN:27,(anonymous_1)
FN:42,(anonymous_2)
FN:75,(anonymous_3)
FNF:3
FNH:2
FNDA:9,(anonymous_1)
FNDA:6,(anonymous_2)
FNDA:0,(anonymous_3)
DA:1,5
DA:2,5
DA:3,5
DA:4,5
DA:7,5
DA:9,5
DA:16,5
DA:27,5
DA:29,9
DA:30,0
DA:31,0
DA:34,9
DA:35,9
DA:37,2
DA:38,2
DA:42,5
DA:43,6
DA:46,6
DA:47,6
DA:50,6
DA:51,6
DA:52,6
DA:53,6
DA:57,4
DA:58,3
DA:59,3
DA:60,3
DA:62,1
DA:65,2
DA:66,2
DA:68,6
DA:71,6
DA:74,5
DA:75,0
DA:76,0
DA:77,0
LF:36
LH:31
BRDA:29,0,0,0
BRDA:29,0,1,9
BRDA:57,1,0,3
BRDA:57,1,1,1
BRDA:74,2,0,0
BRDA:74,2,1,5
BRF:6
BRH:4
end_of_record
TN:
SF:apps/backend/src/seed/index.ts
FN:6,(anonymous_1)
FN:32,(anonymous_2)
FN:67,(anonymous_3)
FN:107,(anonymous_4)
FN:179,(anonymous_5)
FN:225,(anonymous_6)
FNF:6
FNH:6
FNDA:5,(anonymous_1)
FNDA:5,(anonymous_2)
FNDA:5,(anonymous_3)
FNDA:5,(anonymous_4)
FNDA:5,(anonymous_5)
FNDA:5,(anonymous_6)
DA:1,3
DA:2,3
DA:3,3
DA:4,3
DA:6,3
DA:7,5
DA:8,5
DA:11,5
DA:14,5
DA:17,5
DA:20,5
DA:23,5
DA:25,5
DA:27,0
DA:28,0
DA:32,3
DA:33,5
DA:35,5
DA:39,5
DA:40,4
DA:41,4
DA:45,1
DA:47,1
DA:57,1
DA:62,0
DA:63,0
DA:67,3
DA:68,5
DA:69,5
DA:80,5
DA:82,10
DA:86,10
DA:87,2
DA:88,2
DA:92,8
DA:96,8
DA:102,0
DA:103,0
DA:107,3
DA:108,5
DA:110,5
DA:112,5
DA:113,2
DA:114,2
DA:120,3
DA:141,3
DA:143,9
DA:147,9
DA:148,3
DA:149,3
DA:153,6
DA:155,6
DA:166,6
DA:174,0
DA:175,0
DA:179,3
DA:180,5
DA:181,5
DA:197,5
DA:199,10
DA:203,10
DA:204,7
DA:205,7
DA:209,3
DA:213,3
DA:220,0
DA:221,0
DA:225,3
DA:226,5
DA:228,5
DA:232,5
DA:233,1
DA:234,1
DA:238,4
DA:240,4
DA:241,2
DA:242,2
DA:245,2
DA:258,2
DA:260,2
DA:267,2
DA:268,1
DA:269,1
DA:273,1
DA:277,1
DA:284,1
DA:290,0
DA:291,0
LF:88
LH:76
BRDA:39,0,0,4
BRDA:39,0,1,1
BRDA:86,1,0,2
BRDA:86,1,1,8
BRDA:112,2,0,2
BRDA:112,2,1,3
BRDA:137,3,0,1
BRDA:137,3,1,2
BRDA:147,4,0,3
BRDA:147,4,1,6
BRDA:161,5,0,6
BRDA:161,5,1,6
BRDA:162,6,0,6
BRDA:162,6,1,6
BRDA:203,7,0,7
BRDA:203,7,1,3
BRDA:232,8,0,1
BRDA:232,8,1,4
BRDA:240,9,0,2
BRDA:240,9,1,2
BRDA:267,10,0,1
BRDA:267,10,1,1
BRF:22
BRH:22
end_of_record
TN:
SF:apps/backend/src/services/auth.service.ts
FN:64,(anonymous_1)
FN:75,(anonymous_2)
FN:79,(anonymous_3)
FN:83,(anonymous_4)
FN:87,(anonymous_5)
FN:91,(anonymous_6)
FN:95,(anonymous_7)
FN:102,(anonymous_8)
FN:168,(anonymous_9)
FN:247,(anonymous_10)
FN:267,(anonymous_11)
FN:283,(anonymous_12)
FN:322,(anonymous_13)
FN:354,(anonymous_14)
FN:364,(anonymous_15)
FN:371,(anonymous_16)
FN:378,(anonymous_17)
FN:395,(anonymous_18)
FN:412,(anonymous_19)
FN:424,(anonymous_20)
FN:477,(anonymous_21)
FN:497,(anonymous_22)
FN:506,(anonymous_23)
FN:533,(anonymous_24)
FNF:24
FNH:24
FNDA:6,(anonymous_1)
FNDA:2,(anonymous_2)
FNDA:2,(anonymous_3)
FNDA:2,(anonymous_4)
FNDA:2,(anonymous_5)
FNDA:2,(anonymous_6)
FNDA:2,(anonymous_7)
FNDA:11,(anonymous_8)
FNDA:23,(anonymous_9)
FNDA:9,(anonymous_10)
FNDA:7,(anonymous_11)
FNDA:9,(anonymous_12)
FNDA:8,(anonymous_13)
FNDA:26,(anonymous_14)
FNDA:13,(anonymous_15)
FNDA:14,(anonymous_16)
FNDA:12,(anonymous_17)
FNDA:2,(anonymous_18)
FNDA:29,(anonymous_19)
FNDA:8,(anonymous_20)
FNDA:23,(anonymous_21)
FNDA:15,(anonymous_22)
FNDA:14,(anonymous_23)
FNDA:6,(anonymous_24)
DA:1,6
DA:2,6
DA:3,6
DA:4,6
DA:5,6
DA:6,6
DA:7,6
DA:61,6
DA:62,6
DA:65,6
DA:66,6
DA:68,6
DA:69,6
DA:71,6
DA:76,2
DA:80,2
DA:84,2
DA:88,2
DA:92,2
DA:96,2
DA:103,11
DA:104,11
DA:106,11
DA:109,11
DA:115,11
DA:116,3
DA:117,3
DA:121,8
DA:123,8
DA:124,3
DA:128,3
DA:132,5
DA:144,5
DA:146,5
DA:152,5
DA:160,6
DA:161,6
DA:169,23
DA:170,23
DA:172,23
DA:180,23
DA:183,15
DA:186,13
DA:190,13
DA:191,3
DA:195,10
DA:198,10
DA:201,10
DA:211,10
DA:222,10
DA:224,10
DA:231,10
DA:239,13
DA:240,13
DA:248,9
DA:249,9
DA:253,9
DA:254,3
DA:257,6
DA:259,3
DA:260,3
DA:268,7
DA:269,7
DA:273,5
DA:275,2
DA:276,2
DA:288,9
DA:289,9
DA:293,9
DA:294,3
DA:298,6
DA:299,6
DA:300,3
DA:304,3
DA:307,3
DA:312,3
DA:314,6
DA:315,6
DA:323,8
DA:325,8
DA:328,4
DA:331,4
DA:342,4
DA:347,4
DA:355,26
DA:365,13
DA:372,14
DA:379,12
DA:380,12
DA:383,8
DA:384,8
DA:385,8
DA:388,5
DA:391,0
DA:396,2
DA:397,2
DA:398,0
DA:399,0
DA:400,0
DA:403,2
DA:404,0
DA:406,2
DA:413,29
DA:425,8
DA:426,8
DA:432,8
DA:437,5
DA:438,0
DA:442,5
DA:454,5
DA:456,5
DA:461,5
DA:469,3
DA:470,3
DA:478,23
DA:480,11
DA:481,2
DA:483,12
DA:485,9
DA:486,3
DA:490,3
DA:498,15
DA:499,2
DA:512,14
DA:513,1
DA:517,13
DA:518,11
DA:522,2
DA:523,1
DA:527,1
DA:531,6
DA:533,6
DA:534,6
DA:535,6
DA:537,6
DA:540,6
LF:136
LH:130
BRDA:68,0,0,6
BRDA:68,0,1,1
BRDA:69,1,0,6
BRDA:69,1,1,1
BRDA:71,2,0,6
BRDA:71,2,1,0
BRDA:115,3,0,3
BRDA:115,3,1,8
BRDA:123,4,0,3
BRDA:123,4,1,5
BRDA:136,5,0,5
BRDA:136,5,1,0
BRDA:137,6,0,5
BRDA:137,6,1,4
BRDA:138,7,0,5
BRDA:138,7,1,4
BRDA:139,8,0,5
BRDA:139,8,1,4
BRDA:140,9,0,5
BRDA:140,9,1,4
BRDA:170,10,0,3
BRDA:190,11,0,3
BRDA:190,11,1,10
BRDA:215,12,0,10
BRDA:215,12,1,0
BRDA:216,13,0,10
BRDA:216,13,1,10
BRDA:217,14,0,10
BRDA:217,14,1,10
BRDA:218,15,0,10
BRDA:218,15,1,10
BRDA:219,16,0,10
BRDA:219,16,1,10
BRDA:253,17,0,3
BRDA:253,17,1,6
BRDA:273,18,0,3
BRDA:273,18,1,2
BRDA:293,19,0,3
BRDA:293,19,1,6
BRDA:299,20,0,3
BRDA:299,20,1,3
BRDA:335,21,0,4
BRDA:335,21,1,1
BRDA:336,22,0,4
BRDA:336,22,1,4
BRDA:337,23,0,4
BRDA:337,23,1,4
BRDA:338,24,0,4
BRDA:338,24,1,4
BRDA:339,25,0,4
BRDA:339,25,1,4
BRDA:383,26,0,8
BRDA:383,26,1,0
BRDA:397,27,0,0
BRDA:397,27,1,2
BRDA:397,28,0,2
BRDA:397,28,1,0
BRDA:403,29,0,0
BRDA:403,29,1,2
BRDA:406,30,0,2
BRDA:406,30,1,0
BRDA:417,31,0,29
BRDA:417,31,1,2
BRDA:437,32,0,0
BRDA:437,32,1,5
BRDA:446,33,0,5
BRDA:446,33,1,2
BRDA:447,34,0,5
BRDA:447,34,1,5
BRDA:448,35,0,5
BRDA:448,35,1,5
BRDA:449,36,0,5
BRDA:449,36,1,5
BRDA:450,37,0,5
BRDA:450,37,1,5
BRDA:478,38,0,11
BRDA:478,38,1,12
BRDA:480,39,0,2
BRDA:480,39,1,9
BRDA:480,40,0,11
BRDA:480,40,1,4
BRDA:483,41,0,9
BRDA:483,41,1,3
BRDA:485,42,0,3
BRDA:485,42,1,6
BRDA:498,43,0,2
BRDA:498,43,1,13
BRDA:498,44,0,15
BRDA:498,44,1,15
BRDA:512,45,0,1
BRDA:512,45,1,13
BRDA:517,46,0,11
BRDA:517,46,1,2
BRDA:522,47,0,1
BRDA:522,47,1,1
BRDA:522,48,0,2
BRDA:522,48,1,1
BRDA:534,49,0,6
BRDA:534,49,1,0
BRF:99
BRH:89
end_of_record
TN:
SF:apps/backend/src/services/base.service.ts
FN:12,(anonymous_0)
FN:20,(anonymous_1)
FN:34,(anonymous_2)
FN:48,(anonymous_3)
FN:63,(anonymous_4)
FN:78,(anonymous_5)
FN:92,(anonymous_6)
FNF:7
FNH:7
FNDA:33,(anonymous_0)
FNDA:6,(anonymous_1)
FNDA:9,(anonymous_2)
FNDA:13,(anonymous_3)
FNDA:15,(anonymous_4)
FNDA:9,(anonymous_5)
FNDA:12,(anonymous_6)
DA:2,17
DA:8,17
DA:13,33
DA:14,33
DA:21,6
DA:22,6
DA:23,6
DA:24,6
DA:26,0
DA:27,0
DA:35,9
DA:36,9
DA:37,9
DA:38,9
DA:40,0
DA:41,0
DA:49,13
DA:50,13
DA:51,13
DA:52,9
DA:53,9
DA:55,4
DA:56,4
DA:64,15
DA:65,15
DA:66,15
DA:67,10
DA:68,10
DA:70,5
DA:71,5
DA:79,9
DA:80,9
DA:81,9
DA:82,6
DA:84,3
DA:85,3
DA:93,12
DA:94,12
DA:95,12
DA:96,12
DA:98,0
DA:99,0
LF:42
LH:36
BRF:0
BRH:0
end_of_record
TN:
SF:apps/backend/src/services/database-initialization.service.ts
FN:27,buildResultMessage
FN:46,(anonymous_1)
FN:55,(anonymous_2)
FN:119,(anonymous_3)
FN:148,(anonymous_4)
FN:198,(anonymous_5)
FN:268,(anonymous_6)
FN:331,(anonymous_7)
FN:391,(anonymous_8)
FN:410,(anonymous_9)
FN:429,(anonymous_10)
FN:430,(anonymous_11)
FN:436,(anonymous_12)
FN:488,(anonymous_13)
FN:512,(anonymous_14)
FN:526,(anonymous_15)
FN:588,(anonymous_16)
FN:628,(anonymous_17)
FN:646,(anonymous_18)
FNF:19
FNH:19
FNDA:7,buildResultMessage
FNDA:83,(anonymous_1)
FNDA:10,(anonymous_2)
FNDA:25,(anonymous_3)
FNDA:14,(anonymous_4)
FNDA:22,(anonymous_5)
FNDA:10,(anonymous_6)
FNDA:12,(anonymous_7)
FNDA:48,(anonymous_8)
FNDA:57,(anonymous_9)
FNDA:9,(anonymous_10)
FNDA:9,(anonymous_11)
FNDA:15,(anonymous_12)
FNDA:11,(anonymous_13)
FNDA:13,(anonymous_14)
FNDA:14,(anonymous_15)
FNDA:9,(anonymous_16)
FNDA:7,(anonymous_17)
FNDA:4,(anonymous_18)
DA:1,4
DA:2,4
DA:3,4
DA:4,4
DA:5,4
DA:6,4
DA:34,7
DA:36,7
DA:37,7
DA:38,7
DA:40,7
DA:41,7
DA:46,4
DA:47,83
DA:48,83
DA:49,83
DA:50,83
DA:56,10
DA:57,10
DA:59,10
DA:61,10
DA:62,7
DA:63,7
DA:66,7
DA:69,7
DA:72,7
DA:73,7
DA:74,2
DA:76,5
DA:80,7
DA:81,7
DA:82,4
DA:84,3
DA:88,7
DA:89,7
DA:90,7
DA:92,7
DA:94,7
DA:96,3
DA:97,3
DA:99,3
DA:106,3
DA:120,25
DA:122,25
DA:123,6
DA:126,19
DA:127,4
DA:130,15
DA:131,3
DA:135,12
DA:136,12
DA:137,3
DA:142,9
DA:149,14
DA:151,14
DA:152,22
DA:153,22
DA:156,14
DA:157,11
DA:159,11
DA:161,11
DA:168,11
DA:170,11
DA:171,11
DA:173,11
DA:174,3
DA:178,3
DA:182,8
DA:189,8
DA:199,22
DA:201,22
DA:202,22
DA:205,21
DA:210,21
DA:212,21
DA:213,4
DA:214,4
DA:215,4
DA:222,17
DA:223,17
DA:226,17
DA:227,17
DA:229,17
DA:230,17
DA:233,16
DA:234,16
DA:237,16
DA:242,16
DA:244,16
DA:246,1
DA:249,17
DA:257,17
DA:258,17
DA:260,1
DA:261,1
DA:269,10
DA:271,10
DA:272,10
DA:275,10
DA:278,10
DA:288,10
DA:289,4
DA:292,4
DA:293,4
DA:294,1
DA:297,3
DA:302,3
DA:304,7
DA:307,7
DA:308,2
DA:309,2
DA:313,5
DA:314,2
DA:319,3
DA:324,3
DA:332,12
DA:334,12
DA:335,12
DA:338,11
DA:339,11
DA:340,11
DA:342,11
DA:343,1
DA:349,10
DA:358,10
DA:360,10
DA:361,1
DA:366,9
DA:367,1
DA:372,8
DA:374,8
DA:382,4
DA:383,4
DA:384,4
DA:392,48
DA:403,48
DA:404,40
DA:411,57
DA:422,57
DA:423,51
DA:430,9
DA:439,15
DA:441,15
DA:458,11
DA:459,9
DA:460,9
DA:464,9
DA:471,2
DA:472,2
DA:477,4
DA:478,4
DA:489,11
DA:491,11
DA:492,11
DA:495,10
DA:506,9
DA:508,9
DA:509,9
DA:511,9
DA:512,13
DA:516,9
DA:518,2
DA:519,2
DA:527,14
DA:529,14
DA:530,14
DA:533,13
DA:542,12
DA:543,4
DA:544,4
DA:545,4
DA:548,8
DA:549,8
DA:551,8
DA:560,8
DA:561,8
DA:562,7
DA:565,7
DA:568,8
DA:570,8
DA:572,8
DA:578,8
DA:580,2
DA:581,2
DA:589,9
DA:591,9
DA:592,9
DA:598,7
DA:599,1
DA:602,7
DA:605,7
DA:606,3
DA:607,3
DA:608,1
DA:612,1
DA:614,2
DA:618,2
DA:619,2
DA:629,7
DA:631,7
DA:633,7
DA:634,5
DA:636,2
DA:637,2
DA:647,4
DA:648,4
DA:650,2
DA:660,2
DA:661,2
DA:663,2
DA:664,2
LF:211
LH:211
BRDA:36,0,0,2
BRDA:36,0,1,5
BRDA:37,1,0,2
BRDA:37,1,1,5
BRDA:38,2,0,4
BRDA:38,2,1,3
BRDA:38,3,0,7
BRDA:38,3,1,4
BRDA:41,4,0,5
BRDA:41,4,1,2
BRDA:66,5,0,2
BRDA:66,5,1,5
BRDA:73,6,0,2
BRDA:73,6,1,5
BRDA:81,7,0,4
BRDA:81,7,1,3
BRDA:81,8,0,7
BRDA:81,8,1,4
BRDA:97,9,0,2
BRDA:97,9,1,1
BRDA:103,10,0,2
BRDA:103,10,1,1
BRDA:122,11,0,6
BRDA:122,11,1,19
BRDA:122,12,0,25
BRDA:122,12,1,21
BRDA:126,13,0,4
BRDA:126,13,1,15
BRDA:126,14,0,19
BRDA:126,14,1,17
BRDA:130,15,0,3
BRDA:130,15,1,12
BRDA:136,16,0,3
BRDA:136,16,1,9
BRDA:157,17,0,11
BRDA:157,17,1,1
BRDA:171,18,0,8
BRDA:171,18,1,3
BRDA:173,19,0,3
BRDA:173,19,1,8
BRDA:212,20,0,4
BRDA:212,20,1,17
BRDA:293,21,0,1
BRDA:293,21,1,3
BRDA:304,22,0,6
BRDA:304,22,1,1
BRDA:307,23,0,2
BRDA:307,23,1,5
BRDA:313,24,0,2
BRDA:313,24,1,3
BRDA:342,25,0,1
BRDA:342,25,1,10
BRDA:360,26,0,1
BRDA:360,26,1,9
BRDA:366,27,0,1
BRDA:366,27,1,8
BRDA:382,28,0,3
BRDA:382,28,1,1
BRDA:458,29,0,9
BRDA:458,29,1,2
BRDA:542,30,0,4
BRDA:542,30,1,8
BRDA:561,31,0,7
BRDA:561,31,1,1
BRDA:570,32,0,8
BRDA:570,32,1,3
BRDA:598,33,0,1
BRDA:598,33,1,6
BRDA:598,34,0,7
BRDA:598,34,1,2
BRDA:605,35,0,3
BRDA:605,35,1,4
BRDA:607,36,0,1
BRDA:607,36,1,2
BRDA:620,37,0,1
BRDA:620,37,1,1
BRDA:638,38,0,1
BRDA:638,38,1,1
BRDA:664,39,0,1
BRDA:664,39,1,1
BRF:80
BRH:80
end_of_record
TN:
SF:apps/backend/src/services/empresa.service.ts
FN:40,(anonymous_0)
FN:44,(anonymous_1)
FN:51,(anonymous_2)
FN:58,(anonymous_3)
FN:76,(anonymous_4)
FN:88,(anonymous_5)
FN:104,(anonymous_6)
FN:115,(anonymous_7)
FN:122,(anonymous_8)
FN:134,(anonymous_9)
FN:144,(anonymous_10)
FN:181,(anonymous_11)
FN:194,(anonymous_12)
FNF:13
FNH:13
FNDA:4,(anonymous_0)
FNDA:7,(anonymous_1)
FNDA:1,(anonymous_2)
FNDA:1,(anonymous_3)
FNDA:1,(anonymous_4)
FNDA:1,(anonymous_5)
FNDA:1,(anonymous_6)
FNDA:1,(anonymous_7)
FNDA:1,(anonymous_8)
FNDA:1,(anonymous_9)
FNDA:1,(anonymous_10)
FNDA:1,(anonymous_11)
FNDA:1,(anonymous_12)
DA:1,4
DA:2,4
DA:3,4
DA:37,4
DA:41,4
DA:45,7
DA:46,4
DA:48,7
DA:52,1
DA:55,1
DA:59,1
DA:60,1
DA:61,1
DA:67,1
DA:73,1
DA:77,1
DA:78,1
DA:79,1
DA:85,1
DA:89,1
DA:96,1
DA:101,1
DA:105,1
DA:112,1
DA:116,1
DA:123,1
DA:130,1
DA:135,1
DA:138,1
DA:150,1
DA:152,1
DA:153,1
DA:154,1
DA:160,1
DA:170,1
DA:182,1
DA:183,1
DA:184,1
DA:187,1
DA:188,1
DA:200,1
DA:203,1
DA:204,1
DA:206,1
DA:214,1
LF:45
LH:45
BRDA:45,0,0,4
BRDA:45,0,1,3
BRDA:60,1,0,1
BRDA:60,1,1,0
BRDA:70,2,0,1
BRDA:70,2,1,0
BRDA:71,3,0,1
BRDA:71,3,1,1
BRDA:78,4,0,1
BRDA:78,4,1,0
BRDA:92,5,0,1
BRDA:92,5,1,1
BRDA:150,6,0,0
BRDA:150,7,0,0
BRDA:153,8,0,1
BRDA:153,8,1,0
BRDA:183,9,0,1
BRDA:183,9,1,0
BRF:18
BRH:11
end_of_record
TN:
SF:apps/backend/src/services/endUser.service.ts
FN:61,(anonymous_0)
FN:116,(anonymous_1)
FN:173,(anonymous_2)
FN:197,(anonymous_3)
FN:239,(anonymous_4)
FN:312,(anonymous_5)
FN:325,(anonymous_6)
FN:347,(anonymous_7)
FN:367,(anonymous_8)
FN:382,(anonymous_9)
FNF:10
FNH:10
FNDA:21,(anonymous_0)
FNDA:8,(anonymous_1)
FNDA:6,(anonymous_2)
FNDA:12,(anonymous_3)
FNDA:4,(anonymous_4)
FNDA:2,(anonymous_5)
FNDA:3,(anonymous_6)
FNDA:4,(anonymous_7)
FNDA:13,(anonymous_8)
FNDA:38,(anonymous_9)
DA:2,7
DA:3,7
DA:57,7
DA:65,21
DA:66,21
DA:71,21
DA:72,21
DA:90,19
DA:92,10
DA:94,10
DA:100,9
DA:106,19
DA:108,2
DA:109,2
DA:117,8
DA:118,8
DA:125,8
DA:126,8
DA:127,3
DA:130,5
DA:131,5
DA:157,5
DA:163,5
DA:165,3
DA:166,3
DA:174,6
DA:176,6
DA:178,6
DA:180,5
DA:181,3
DA:183,2
DA:187,1
DA:189,0
DA:190,0
DA:198,12
DA:199,12
DA:201,12
DA:203,12
DA:205,12
DA:206,12
DA:207,12
DA:208,12
DA:209,12
DA:210,12
DA:211,12
DA:212,12
DA:213,12
DA:215,12
DA:229,11
DA:231,1
DA:232,1
DA:240,4
DA:248,4
DA:250,4
DA:252,4
DA:253,1
DA:256,4
DA:257,1
DA:260,4
DA:261,4
DA:264,4
DA:265,2
DA:272,4
DA:274,4
DA:275,4
DA:294,4
DA:296,4
DA:304,0
DA:305,0
DA:313,2
DA:314,2
DA:315,2
DA:317,0
DA:318,0
DA:326,3
DA:327,3
DA:328,3
DA:329,1
DA:332,3
DA:337,3
DA:347,3
DA:348,4
DA:349,4
DA:352,3
DA:359,0
DA:360,0
DA:368,13
DA:369,13
DA:370,13
DA:375,2
DA:383,38
DA:384,32
DA:385,32
DA:387,6
LF:94
LH:86
BRDA:90,0,0,10
BRDA:90,0,1,9
BRDA:120,1,0,8
BRDA:120,1,1,1
BRDA:125,2,0,8
BRDA:125,2,1,1
BRDA:126,3,0,3
BRDA:126,3,1,5
BRDA:133,4,0,5
BRDA:133,4,1,1
BRDA:135,5,0,5
BRDA:135,5,1,1
BRDA:178,6,0,5
BRDA:178,6,1,1
BRDA:180,7,0,3
BRDA:180,7,1,2
BRDA:205,8,0,2
BRDA:205,8,1,10
BRDA:206,9,0,1
BRDA:206,9,1,11
BRDA:207,10,0,0
BRDA:207,10,1,12
BRDA:208,11,0,0
BRDA:208,11,1,12
BRDA:209,12,0,0
BRDA:209,12,1,12
BRDA:210,13,0,0
BRDA:210,13,1,12
BRDA:211,14,0,0
BRDA:211,14,1,12
BRDA:212,15,0,1
BRDA:212,15,1,11
BRDA:213,16,0,8
BRDA:213,16,1,4
BRDA:244,17,0,4
BRDA:246,18,0,0
BRDA:247,19,0,0
BRDA:252,20,0,1
BRDA:252,20,1,3
BRDA:256,21,0,1
BRDA:256,21,1,3
BRDA:260,22,0,4
BRDA:260,22,1,0
BRDA:264,23,0,2
BRDA:264,23,1,2
BRDA:328,24,0,1
BRDA:328,24,1,2
BRDA:383,25,0,32
BRDA:383,25,1,6
BRF:49
BRH:41
end_of_record
TN:
SF:apps/backend/src/services/instance.service.ts
FN:67,(anonymous_0)
FN:71,(anonymous_1)
FN:79,(anonymous_2)
FN:104,(anonymous_3)
FN:174,(anonymous_4)
FN:233,(anonymous_5)
FN:318,(anonymous_6)
FN:335,(anonymous_7)
FN:379,(anonymous_8)
FN:387,(anonymous_9)
FN:424,(anonymous_10)
FN:466,(anonymous_11)
FN:494,(anonymous_12)
FN:495,(anonymous_13)
FN:496,(anonymous_14)
FN:499,(anonymous_15)
FN:530,(anonymous_16)
FN:551,(anonymous_17)
FNF:18
FNH:17
FNDA:5,(anonymous_0)
FNDA:16,(anonymous_1)
FNDA:0,(anonymous_2)
FNDA:2,(anonymous_3)
FNDA:6,(anonymous_4)
FNDA:6,(anonymous_5)
FNDA:2,(anonymous_6)
FNDA:2,(anonymous_7)
FNDA:1,(anonymous_8)
FNDA:2,(anonymous_9)
FNDA:1,(anonymous_10)
FNDA:1,(anonymous_11)
FNDA:3,(anonymous_12)
FNDA:3,(anonymous_13)
FNDA:3,(anonymous_14)
FNDA:3,(anonymous_15)
FNDA:1,(anonymous_16)
FNDA:2,(anonymous_17)
DA:1,5
DA:2,5
DA:3,5
DA:4,5
DA:64,5
DA:68,5
DA:72,16
DA:73,5
DA:75,16
DA:80,0
DA:101,0
DA:105,2
DA:107,2
DA:109,2
DA:110,2
DA:111,2
DA:129,2
DA:130,1
DA:133,2
DA:134,2
DA:137,2
DA:138,1
DA:142,2
DA:144,2
DA:171,2
DA:176,6
DA:180,6
DA:181,1
DA:184,5
DA:185,1
DA:189,4
DA:193,4
DA:194,1
DA:198,3
DA:205,3
DA:206,1
DA:209,2
DA:223,2
DA:230,2
DA:235,6
DA:239,6
DA:240,1
DA:243,5
DA:245,5
DA:247,2
DA:255,2
DA:256,1
DA:259,1
DA:262,4
DA:264,3
DA:268,3
DA:269,1
DA:272,2
DA:273,1
DA:276,1
DA:279,2
DA:280,1
DA:283,2
DA:284,1
DA:287,2
DA:310,2
DA:315,2
DA:320,2
DA:324,2
DA:325,1
DA:328,1
DA:332,1
DA:336,2
DA:338,2
DA:339,2
DA:340,0
DA:358,2
DA:359,0
DA:362,2
DA:363,1
DA:366,2
DA:367,0
DA:371,2
DA:380,1
DA:381,1
DA:388,2
DA:389,2
DA:414,1
DA:416,1
DA:417,1
DA:425,1
DA:426,1
DA:427,1
DA:428,1
DA:431,1
DA:456,1
DA:458,0
DA:459,0
DA:473,1
DA:474,1
DA:475,1
DA:476,0
DA:479,1
DA:494,3
DA:495,3
DA:496,3
DA:499,1
DA:500,3
DA:501,3
DA:502,2
DA:508,3
DA:509,3
DA:512,1
DA:514,1
DA:522,0
DA:523,0
DA:531,1
DA:532,1
DA:534,1
DA:536,1
DA:541,1
DA:543,0
DA:544,0
DA:552,2
DA:553,2
DA:558,1
DA:560,1
DA:561,1
DA:567,5
DA:568,5
LF:125
LH:113
BRDA:72,0,0,5
BRDA:72,0,1,11
BRDA:109,1,0,2
BRDA:109,1,1,0
BRDA:110,2,0,2
BRDA:110,2,1,0
BRDA:129,3,0,1
BRDA:129,3,1,1
BRDA:133,4,0,2
BRDA:133,4,1,0
BRDA:137,5,0,1
BRDA:137,5,1,1
BRDA:164,6,0,2
BRDA:164,6,1,0
BRDA:165,7,0,2
BRDA:165,7,1,2
BRDA:180,8,0,1
BRDA:180,8,1,5
BRDA:184,9,0,1
BRDA:184,9,1,4
BRDA:193,10,0,1
BRDA:193,10,1,3
BRDA:205,11,0,1
BRDA:205,11,1,2
BRDA:214,12,0,2
BRDA:214,12,1,2
BRDA:215,13,0,2
BRDA:215,13,1,2
BRDA:239,14,0,1
BRDA:239,14,1,5
BRDA:245,15,0,2
BRDA:245,15,1,3
BRDA:255,16,0,1
BRDA:255,16,1,1
BRDA:262,17,0,3
BRDA:262,17,1,1
BRDA:268,18,0,1
BRDA:268,18,1,2
BRDA:272,19,0,1
BRDA:272,19,1,1
BRDA:279,20,0,1
BRDA:279,20,1,1
BRDA:283,21,0,1
BRDA:283,21,1,1
BRDA:324,22,0,1
BRDA:324,22,1,1
BRDA:338,23,0,2
BRDA:338,23,1,0
BRDA:339,24,0,0
BRDA:339,24,1,2
BRDA:358,25,0,0
BRDA:358,25,1,2
BRDA:362,26,0,1
BRDA:362,26,1,1
BRDA:366,27,0,0
BRDA:366,27,1,2
BRDA:427,28,0,1
BRDA:427,28,1,0
BRDA:475,29,0,0
BRDA:475,29,1,1
BRDA:501,30,0,2
BRDA:501,30,1,1
BRF:62
BRH:52
end_of_record
TN:
SF:apps/backend/src/services/platformAuth.service.ts
FN:84,cleanupBlacklist
FN:98,createRefreshToken
FN:108,validateRefreshToken
FN:118,rotateRefreshToken
FN:127,revokeAllRefreshTokens
FN:143,(anonymous_14)
FN:155,(anonymous_15)
FN:163,(anonymous_16)
FN:173,(anonymous_17)
FN:183,(anonymous_18)
FN:190,(anonymous_19)
FN:212,(anonymous_20)
FN:292,(anonymous_21)
FN:331,(anonymous_22)
FN:351,(anonymous_23)
FN:389,(anonymous_24)
FN:393,(anonymous_25)
FN:403,(anonymous_26)
FN:411,(anonymous_27)
FN:435,(anonymous_28)
FN:452,(anonymous_29)
FN:483,(anonymous_30)
FN:513,(anonymous_31)
FN:527,(anonymous_32)
FN:549,(anonymous_33)
FN:553,(anonymous_34)
FN:557,(anonymous_35)
FN:577,(anonymous_36)
FN:578,(anonymous_37)
FN:601,(anonymous_38)
FN:620,(anonymous_39)
FN:643,(anonymous_40)
FN:663,(anonymous_41)
FN:694,(anonymous_42)
FN:705,(anonymous_43)
FN:716,(anonymous_44)
FN:727,(anonymous_45)
FN:751,(anonymous_46)
FN:758,(anonymous_47)
FNF:39
FNH:38
FNDA:1,cleanupBlacklist
FNDA:4,createRefreshToken
FNDA:4,validateRefreshToken
FNDA:1,rotateRefreshToken
FNDA:3,revokeAllRefreshTokens
FNDA:5,(anonymous_14)
FNDA:5,(anonymous_15)
FNDA:5,(anonymous_16)
FNDA:5,(anonymous_17)
FNDA:4,(anonymous_18)
FNDA:12,(anonymous_19)
FNDA:7,(anonymous_20)
FNDA:3,(anonymous_21)
FNDA:6,(anonymous_22)
FNDA:4,(anonymous_23)
FNDA:1,(anonymous_24)
FNDA:4,(anonymous_25)
FNDA:3,(anonymous_26)
FNDA:3,(anonymous_27)
FNDA:2,(anonymous_28)
FNDA:3,(anonymous_29)
FNDA:7,(anonymous_30)
FNDA:6,(anonymous_31)
FNDA:3,(anonymous_32)
FNDA:5,(anonymous_33)
FNDA:6,(anonymous_34)
FNDA:10,(anonymous_35)
FNDA:3,(anonymous_36)
FNDA:36,(anonymous_37)
FNDA:8,(anonymous_38)
FNDA:4,(anonymous_39)
FNDA:9,(anonymous_40)
FNDA:3,(anonymous_41)
FNDA:5,(anonymous_42)
FNDA:3,(anonymous_43)
FNDA:0,(anonymous_44)
FNDA:1,(anonymous_45)
FNDA:3,(anonymous_46)
FNDA:4,(anonymous_47)
DA:2,12
DA:3,12
DA:4,12
DA:6,12
DA:7,12
DA:8,12
DA:82,12
DA:85,1
DA:86,1
DA:87,4
DA:91,12
DA:96,12
DA:99,4
DA:100,4
DA:101,4
DA:102,4
DA:105,1
DA:109,4
DA:110,4
DA:114,4
DA:115,3
DA:119,1
DA:120,1
DA:124,1
DA:128,3
DA:129,3
DA:135,12
DA:136,12
DA:139,12
DA:144,5
DA:147,5
DA:148,0
DA:152,5
DA:156,5
DA:157,5
DA:164,5
DA:165,4
DA:166,4
DA:167,4
DA:168,4
DA:170,5
DA:174,5
DA:175,3
DA:176,3
DA:177,3
DA:178,2
DA:180,4
DA:184,4
DA:185,3
DA:186,3
DA:187,3
DA:191,12
DA:192,12
DA:194,12
DA:198,11
DA:199,2
DA:200,2
DA:204,9
DA:205,2
DA:212,7
DA:213,7
DA:215,7
DA:217,7
DA:223,7
DA:225,7
DA:226,4
DA:232,4
DA:233,4
DA:235,4
DA:237,2
DA:238,2
DA:242,2
DA:243,2
DA:249,2
DA:252,2
DA:260,5
DA:261,5
DA:262,2
DA:265,3
DA:275,3
DA:278,3
DA:279,3
DA:281,3
DA:284,3
DA:293,3
DA:295,2
DA:296,2
DA:298,2
DA:302,2
DA:303,1
DA:306,1
DA:307,1
DA:309,1
DA:325,1
DA:332,6
DA:334,5
DA:335,5
DA:337,4
DA:338,4
DA:339,4
DA:340,4
DA:342,1
DA:343,1
DA:346,0
DA:347,0
DA:352,4
DA:353,4
DA:354,1
DA:357,3
DA:358,3
DA:359,1
DA:362,2
DA:363,2
DA:364,2
DA:365,1
DA:368,1
DA:378,1
DA:379,1
DA:381,1
DA:390,1
DA:394,4
DA:395,4
DA:396,3
DA:397,3
DA:399,1
DA:404,3
DA:405,3
DA:408,3
DA:412,3
DA:414,3
DA:415,2
DA:416,1
DA:418,1
DA:419,1
DA:423,1
DA:424,1
DA:425,1
DA:427,1
DA:428,1
DA:431,1
DA:432,1
DA:436,2
DA:437,2
DA:438,2
DA:449,2
DA:453,3
DA:455,3
DA:456,2
DA:457,1
DA:460,1
DA:461,0
DA:462,0
DA:463,0
DA:465,0
DA:466,0
DA:469,0
DA:470,0
DA:473,0
DA:474,0
DA:476,0
DA:477,0
DA:480,1
DA:488,7
DA:490,7
DA:491,7
DA:492,1
DA:495,6
DA:496,1
DA:499,5
DA:500,1
DA:503,4
DA:509,4
DA:510,4
DA:514,6
DA:515,4
DA:516,3
DA:517,1
DA:520,2
DA:521,1
DA:524,1
DA:528,3
DA:529,3
DA:531,3
DA:532,1
DA:535,2
DA:536,2
DA:537,1
DA:540,1
DA:541,1
DA:546,1
DA:550,5
DA:554,6
DA:558,10
DA:578,36
DA:579,3
DA:580,3
DA:581,3
DA:582,3
DA:583,3
DA:584,3
DA:585,27
DA:587,3
DA:588,33
DA:589,33
DA:591,3
DA:594,12
DA:605,8
DA:606,8
DA:607,22
DA:608,22
DA:609,8
DA:613,5
DA:614,1
DA:616,4
DA:625,4
DA:627,1
DA:628,1
DA:630,1
DA:631,1
DA:632,1
DA:634,0
DA:636,0
DA:637,0
DA:638,0
DA:651,9
DA:652,1
DA:655,8
DA:657,3
DA:658,3
DA:659,3
DA:660,3
DA:661,3
DA:663,3
DA:664,3
DA:665,3
DA:667,2
DA:682,3
DA:683,1
DA:686,2
DA:698,5
DA:709,3
DA:720,0
DA:731,1
DA:739,12
DA:752,3
DA:753,3
DA:754,1
DA:759,4
DA:761,3
DA:762,3
DA:765,0
DA:766,0
DA:769,0
DA:773,1
DA:774,1
DA:777,0
LF:256
LH:233
BRDA:87,0,0,2
BRDA:87,0,1,2
BRDA:114,1,0,1
BRDA:114,1,1,3
BRDA:114,2,0,4
BRDA:114,2,1,3
BRDA:114,2,2,3
BRDA:144,3,0,5
BRDA:144,3,1,2
BRDA:147,4,0,0
BRDA:147,4,1,5
BRDA:164,5,0,4
BRDA:164,5,1,1
BRDA:166,6,0,4
BRDA:166,6,1,0
BRDA:166,6,2,0
BRDA:166,7,0,0
BRDA:166,7,1,0
BRDA:167,8,0,0
BRDA:167,8,1,4
BRDA:168,9,0,3
BRDA:168,9,1,1
BRDA:174,10,0,3
BRDA:174,10,1,2
BRDA:176,11,0,3
BRDA:176,11,1,1
BRDA:176,11,2,1
BRDA:176,12,0,0
BRDA:176,12,1,1
BRDA:177,13,0,1
BRDA:177,13,1,2
BRDA:178,14,0,1
BRDA:178,14,1,1
BRDA:184,15,0,1
BRDA:184,15,1,3
BRDA:186,16,0,3
BRDA:186,16,1,0
BRDA:186,16,2,0
BRDA:198,17,0,2
BRDA:198,17,1,9
BRDA:204,18,0,2
BRDA:204,18,1,7
BRDA:213,19,0,0
BRDA:213,19,1,7
BRDA:215,20,0,7
BRDA:215,20,1,3
BRDA:225,21,0,4
BRDA:225,21,1,3
BRDA:229,22,0,4
BRDA:229,22,1,0
BRDA:235,23,0,2
BRDA:235,23,1,2
BRDA:235,24,0,4
BRDA:235,24,1,2
BRDA:261,25,0,2
BRDA:261,25,1,3
BRDA:293,26,0,3
BRDA:293,26,1,0
BRDA:302,27,0,1
BRDA:302,27,1,1
BRDA:313,28,0,1
BRDA:313,28,1,0
BRDA:317,29,0,1
BRDA:317,29,1,1
BRDA:318,30,0,1
BRDA:318,30,1,1
BRDA:319,31,0,1
BRDA:319,31,1,1
BRDA:320,32,0,1
BRDA:320,32,1,1
BRDA:332,33,0,1
BRDA:332,33,1,5
BRDA:338,34,0,4
BRDA:338,34,1,0
BRDA:353,35,0,1
BRDA:353,35,1,3
BRDA:358,36,0,1
BRDA:358,36,1,2
BRDA:364,37,0,1
BRDA:364,37,1,1
BRDA:364,38,0,2
BRDA:364,38,1,2
BRDA:396,39,0,3
BRDA:396,39,1,0
BRDA:408,40,0,2
BRDA:408,40,1,1
BRDA:414,41,0,2
BRDA:414,41,1,1
BRDA:415,42,0,1
BRDA:415,42,1,1
BRDA:415,43,0,2
BRDA:415,43,1,1
BRDA:418,44,0,1
BRDA:418,44,1,0
BRDA:418,45,0,1
BRDA:418,45,1,1
BRDA:424,46,0,1
BRDA:424,46,1,0
BRDA:427,47,0,1
BRDA:427,47,1,0
BRDA:455,48,0,2
BRDA:455,48,1,1
BRDA:460,49,0,0
BRDA:460,49,1,1
BRDA:462,50,0,0
BRDA:462,50,1,0
BRDA:465,51,0,0
BRDA:465,51,1,0
BRDA:469,52,0,0
BRDA:469,52,1,0
BRDA:473,53,0,0
BRDA:473,53,1,0
BRDA:491,54,0,1
BRDA:491,54,1,6
BRDA:495,55,0,1
BRDA:495,55,1,5
[...]
DA:191,2
DA:203,1
DA:204,1
DA:205,1
DA:208,1
DA:209,0
DA:212,1
DA:215,0
DA:218,1
DA:220,0
DA:223,1
DA:224,0
DA:227,1
DA:237,1
DA:238,0
DA:240,0
DA:241,0
DA:243,0
DA:245,0
DA:246,0
DA:247,0
DA:248,0
DA:249,0
DA:250,0
DA:253,0
DA:254,0
DA:257,0
DA:258,0
DA:261,0
DA:269,1
DA:270,0
DA:271,0
DA:273,0
DA:275,0
DA:277,0
DA:279,0
DA:283,0
DA:284,0
DA:286,0
DA:288,0
DA:290,0
DA:292,0
DA:296,0
DA:298,0
DA:304,0
DA:307,0
LF:141
LH:76
BRDA:6,0,0,0
BRDA:19,1,0,0
BRDA:19,1,1,2
BRDA:19,2,0,2
BRDA:19,2,1,2
BRDA:24,3,0,0
BRDA:24,3,1,2
BRDA:29,4,0,0
BRDA:29,4,1,2
BRDA:36,5,0,0
BRDA:36,5,1,2
BRDA:44,6,0,2
BRDA:44,6,1,1
BRDA:48,7,0,1
BRDA:48,7,1,1
BRDA:87,8,0,0
BRDA:87,8,1,3
BRDA:87,9,0,3
BRDA:87,9,1,3
BRDA:93,10,0,0
BRDA:93,10,1,3
BRDA:100,11,0,1
BRDA:100,11,1,2
BRDA:125,12,0,0
BRDA:144,13,0,0
BRDA:144,13,1,1
BRDA:145,14,0,0
BRDA:145,14,1,0
BRDA:149,15,0,0
BRDA:149,15,1,1
BRDA:149,16,0,1
BRDA:149,16,1,0
BRDA:154,17,0,0
BRDA:154,17,1,1
BRDA:155,18,0,0
BRDA:155,18,1,0
BRDA:159,19,0,0
BRDA:159,19,1,1
BRDA:159,20,0,1
BRDA:159,20,1,1
BRDA:215,21,0,0
BRDA:215,21,1,0
BRDA:215,21,2,0
BRDA:245,22,0,0
BRDA:245,22,1,0
BRDA:247,23,0,0
BRDA:247,23,1,0
BRDA:249,24,0,0
BRDA:249,24,1,0
BRDA:271,25,0,0
BRDA:271,25,1,0
BRDA:271,25,2,0
BRDA:271,25,3,0
BRDA:284,26,0,0
BRDA:284,26,1,0
BRDA:284,26,2,0
BRDA:284,26,3,0
BRDA:304,27,0,0
BRDA:304,27,1,0
BRF:59
BRH:23
end_of_record
TN:
SF:apps/frontend/src/features/users/api/usersApiSlice.ts
FN:14,(anonymous_9)
FN:20,(anonymous_10)
FN:38,(anonymous_11)
FN:45,(anonymous_12)
FN:50,(anonymous_13)
FN:53,(anonymous_14)
FN:77,(anonymous_15)
FN:88,(anonymous_16)
FN:89,(anonymous_17)
FN:101,(anonymous_18)
FN:105,(anonymous_19)
FN:115,(anonymous_20)
FN:116,(anonymous_21)
FN:127,(anonymous_22)
FN:136,(anonymous_23)
FN:153,(anonymous_24)
FN:159,(anonymous_25)
FN:168,(anonymous_26)
FN:178,(anonymous_27)
FN:179,(anonymous_28)
FN:190,(anonymous_29)
FN:194,(anonymous_30)
FN:204,(anonymous_31)
FN:205,(anonymous_32)
FN:216,(anonymous_33)
FN:220,(anonymous_34)
FN:224,(anonymous_35)
FN:242,(anonymous_36)
FNF:28
FNH:2
FNDA:0,(anonymous_9)
FNDA:0,(anonymous_10)
FNDA:0,(anonymous_11)
FNDA:0,(anonymous_12)
FNDA:16,(anonymous_13)
FNDA:0,(anonymous_14)
FNDA:0,(anonymous_15)
FNDA:0,(anonymous_16)
FNDA:0,(anonymous_17)
FNDA:0,(anonymous_18)
FNDA:0,(anonymous_19)
FNDA:0,(anonymous_20)
FNDA:0,(anonymous_21)
FNDA:0,(anonymous_22)
FNDA:0,(anonymous_23)
FNDA:0,(anonymous_24)
FNDA:0,(anonymous_25)
FNDA:0,(anonymous_26)
FNDA:0,(anonymous_27)
FNDA:0,(anonymous_28)
FNDA:0,(anonymous_29)
FNDA:0,(anonymous_30)
FNDA:0,(anonymous_31)
FNDA:0,(anonymous_32)
FNDA:0,(anonymous_33)
FNDA:0,(anonymous_34)
FNDA:0,(anonymous_35)
FNDA:6,(anonymous_36)
DA:1,16
DA:11,16
DA:14,16
DA:15,0
DA:16,0
DA:20,16
DA:21,0
DA:24,0
DA:25,0
DA:29,0
DA:30,0
DA:33,0
DA:34,0
DA:38,16
DA:39,0
DA:40,0
DA:43,0
DA:45,0
DA:49,16
DA:50,16
DA:54,0
DA:56,0
DA:57,0
DA:58,0
DA:60,0
DA:61,0
DA:64,0
DA:65,0
DA:68,0
DA:69,0
DA:72,0
DA:78,0
DA:81,0
DA:82,0
DA:83,0
DA:86,0
DA:88,0
DA:90,0
DA:91,0
DA:92,0
DA:95,0
DA:101,0
DA:106,0
DA:108,0
DA:109,0
DA:110,0
DA:113,0
DA:115,0
DA:117,0
DA:118,0
DA:119,0
DA:121,0
DA:128,0
DA:130,0
DA:137,0
DA:140,0
DA:141,0
DA:142,0
DA:146,0
DA:147,0
DA:148,0
DA:151,0
DA:153,0
DA:160,0
DA:162,0
DA:169,0
DA:171,0
DA:172,0
DA:173,0
DA:176,0
DA:178,0
DA:180,0
DA:181,0
DA:190,0
DA:195,0
DA:197,0
DA:198,0
DA:199,0
DA:202,0
DA:204,0
DA:206,0
DA:207,0
DA:216,0
DA:221,0
DA:222,0
DA:224,0
DA:233,2
DA:234,2
DA:235,2
DA:236,2
DA:237,2
DA:238,2
DA:239,16
DA:242,16
DA:244,6
DA:246,6
LF:96
LH:17
BRDA:24,0,0,0
BRDA:24,0,1,0
BRDA:24,1,0,0
BRDA:24,1,1,0
BRDA:29,2,0,0
BRDA:29,2,1,0
BRDA:39,3,0,0
BRDA:39,3,1,0
BRDA:54,4,0,0
BRDA:54,5,0,0
BRDA:54,6,0,0
BRDA:54,7,0,0
BRDA:54,7,1,0
BRDA:60,8,0,0
BRDA:60,8,1,0
BRDA:64,9,0,0
BRDA:64,9,1,0
BRDA:68,10,0,0
BRDA:68,10,1,0
BRDA:81,11,0,0
BRDA:81,11,1,0
BRDA:81,12,0,0
BRDA:81,12,1,0
BRDA:81,12,2,0
BRDA:90,13,0,0
BRDA:90,13,1,0
BRDA:108,14,0,0
BRDA:108,14,1,0
BRDA:108,15,0,0
BRDA:108,15,1,0
BRDA:108,15,2,0
BRDA:117,16,0,0
BRDA:117,16,1,0
BRDA:140,17,0,0
BRDA:140,17,1,0
BRDA:140,18,0,0
BRDA:140,18,1,0
BRDA:140,18,2,0
BRDA:146,19,0,0
BRDA:146,19,1,0
BRDA:171,20,0,0
BRDA:171,20,1,0
BRDA:171,21,0,0
BRDA:171,21,1,0
BRDA:171,21,2,0
BRDA:180,22,0,0
BRDA:180,22,1,0
BRDA:197,23,0,0
BRDA:197,23,1,0
BRDA:197,24,0,0
BRDA:197,24,1,0
BRDA:206,25,0,0
BRDA:206,25,1,0
BRDA:248,26,0,6
BRDA:248,26,1,6
BRF:55
BRH:2
end_of_record
TN:
SF:apps/frontend/src/features/users/components/UserForm.tsx
FN:22,(anonymous_4)
FN:64,(anonymous_5)
FN:72,(anonymous_6)
FN:86,(anonymous_7)
FN:91,(anonymous_8)
FN:100,(anonymous_9)
FN:108,(anonymous_10)
FN:136,(anonymous_11)
FN:147,(anonymous_12)
FN:151,(anonymous_13)
FN:247,(anonymous_14)
FN:272,(anonymous_15)
FN:282,(anonymous_16)
FN:347,(anonymous_17)
FN:357,(anonymous_18)
FNF:15
FNH:7
FNDA:6,(anonymous_4)
FNDA:0,(anonymous_5)
FNDA:3,(anonymous_6)
FNDA:0,(anonymous_7)
FNDA:0,(anonymous_8)
FNDA:3,(anonymous_9)
FNDA:0,(anonymous_10)
FNDA:6,(anonymous_11)
FNDA:6,(anonymous_12)
FNDA:6,(anonymous_13)
FNDA:0,(anonymous_14)
FNDA:0,(anonymous_15)
FNDA:0,(anonymous_16)
FNDA:0,(anonymous_17)
FNDA:6,(anonymous_18)
DA:1,12
DA:2,12
DA:3,12
DA:4,12
DA:5,12
DA:6,12
DA:7,12
DA:8,12
DA:9,12
DA:11,12
DA:20,12
DA:22,12
DA:30,6
DA:31,6
DA:33,6
DA:34,6
DA:35,6
DA:36,6
DA:44,6
DA:58,6
DA:59,6
DA:60,6
DA:63,6
DA:65,0
DA:66,0
DA:72,6
DA:73,3
DA:75,0
DA:76,0
DA:77,0
DA:81,0
DA:82,0
DA:86,0
DA:87,0
DA:91,0
DA:92,0
DA:93,0
DA:100,6
DA:101,3
DA:102,0
DA:108,6
DA:110,0
DA:111,0
DA:112,0
DA:115,0
DA:116,0
DA:117,0
DA:120,0
DA:121,0
DA:122,0
DA:126,0
DA:133,0
DA:136,6
DA:137,6
DA:139,0
DA:141,6
DA:143,0
DA:147,6
DA:148,6
DA:151,6
DA:152,6
DA:247,0
DA:273,0
DA:282,0
DA:348,0
DA:357,6
LF:66
LH:36
BRDA:28,0,0,6
BRDA:47,1,0,6
BRDA:47,1,1,4
BRDA:50,2,0,0
BRDA:50,2,1,6
BRDA:50,3,0,6
BRDA:50,3,1,4
BRDA:52,4,0,6
BRDA:52,4,1,6
BRDA:52,4,2,6
BRDA:54,5,0,0
BRDA:54,5,1,6
BRDA:73,6,0,0
BRDA:73,6,1,3
BRDA:73,7,0,3
BRDA:73,7,1,2
BRDA:73,7,2,0
BRDA:76,8,0,0
BRDA:76,8,1,0
BRDA:81,9,0,0
BRDA:81,9,1,0
BRDA:92,10,0,0
BRDA:92,10,1,0
BRDA:101,11,0,0
BRDA:101,11,1,3
BRDA:101,12,0,3
BRDA:101,12,1,0
BRDA:110,13,0,0
BRDA:110,13,1,0
BRDA:110,14,0,0
BRDA:110,14,1,0
BRDA:115,15,0,0
BRDA:115,15,1,0
BRDA:115,16,0,0
BRDA:115,16,1,0
BRDA:115,16,2,0
BRDA:120,17,0,0
BRDA:120,17,1,0
BRDA:120,18,0,0
BRDA:120,18,1,0
BRDA:130,19,0,0
BRDA:130,19,1,0
BRDA:137,20,0,0
BRDA:137,20,1,6
BRDA:137,20,2,0
BRDA:161,21,0,4
BRDA:161,21,1,2
BRDA:191,22,0,0
BRDA:191,22,1,6
BRDA:194,23,0,6
BRDA:194,23,1,6
BRDA:198,24,0,6
BRDA:198,24,1,4
BRDA:200,25,0,0
BRDA:200,25,1,0
BRDA:202,26,0,0
BRDA:202,26,1,0
BRDA:204,27,0,0
BRDA:204,27,1,0
BRDA:211,28,0,6
BRDA:213,29,0,6
BRDA:213,29,1,4
BRDA:219,30,0,6
BRDA:228,31,0,0
BRDA:228,31,1,4
BRDA:241,32,0,0
BRDA:241,32,1,4
BRDA:251,33,0,0
BRDA:257,34,0,4
BRDA:269,35,0,0
BRDA:269,35,1,4
BRDA:273,36,0,0
BRDA:273,36,1,0
BRDA:276,37,0,0
BRDA:276,37,1,4
BRDA:286,38,0,0
BRDA:292,39,0,4
BRDA:306,40,0,0
BRDA:309,41,0,0
BRDA:309,41,1,0
BRDA:324,42,0,6
BRDA:334,43,0,0
BRDA:337,44,0,0
BRDA:337,44,1,0
BRDA:342,45,0,0
BRDA:342,45,1,0
BRDA:357,46,0,6
BRDA:357,46,1,6
BRDA:363,47,0,6
BRDA:382,48,0,6
BRDA:382,48,1,6
BRDA:382,48,2,0
BRDA:382,48,3,0
BRDA:382,48,4,0
BRDA:382,48,5,0
BRDA:389,49,0,0
BRDA:389,49,1,6
BRDA:392,50,0,0
BRDA:392,50,1,0
BRDA:394,51,0,4
BRDA:394,51,1,2
BRF:101
BRH:42
end_of_record
TN:
SF:apps/frontend/src/features/users/components/UserModal.tsx
FN:25,isRTKQueryError
FN:29,(anonymous_3)
FN:37,(anonymous_4)
FN:81,(anonymous_5)
FN:138,(anonymous_6)
FNF:5
FNH:1
FNDA:0,isRTKQueryError
FNDA:136,(anonymous_3)
FNDA:0,(anonymous_4)
FNDA:0,(anonymous_5)
FNDA:0,(anonymous_6)
DA:1,9
DA:3,9
DA:4,9
DA:5,9
DA:6,9
DA:7,9
DA:26,0
DA:29,9
DA:30,136
DA:31,0
DA:32,0
DA:34,0
DA:35,0
DA:37,0
DA:38,0
DA:41,0
DA:42,0
DA:43,0
DA:44,0
DA:45,0
DA:50,0
DA:51,0
DA:52,0
DA:56,0
DA:57,0
DA:63,0
DA:64,0
DA:65,0
DA:68,0
DA:70,0
DA:73,0
DA:74,0
DA:77,0
DA:79,0
DA:80,0
DA:81,0
DA:84,0
DA:85,0
DA:86,0
DA:88,0
DA:90,0
DA:93,0
DA:94,0
DA:97,0
DA:98,0
DA:101,0
DA:102,0
DA:105,0
DA:106,0
DA:109,0
DA:110,0
DA:113,0
DA:114,0
DA:115,0
DA:116,0
DA:118,0
DA:121,0
DA:123,0
DA:124,0
DA:127,0
DA:128,0
DA:133,0
DA:138,0
LF:63
LH:8
BRDA:26,0,0,0
BRDA:26,0,1,0
BRDA:26,0,2,0
BRDA:34,1,0,0
BRDA:34,1,1,0
BRDA:35,2,0,0
BRDA:35,2,1,0
BRDA:41,3,0,0
BRDA:41,3,1,0
BRDA:50,4,0,0
BRDA:50,4,1,0
BRDA:50,5,0,0
BRDA:50,5,1,0
BRDA:73,6,0,0
BRDA:73,6,1,0
BRDA:77,7,0,0
BRDA:77,7,1,0
BRDA:77,7,2,0
BRDA:77,7,3,0
BRDA:77,7,4,0
BRDA:77,7,5,0
BRDA:77,7,6,0
BRDA:79,8,0,0
BRDA:79,8,1,0
BRDA:79,9,0,0
BRDA:79,9,1,0
BRDA:79,9,2,0
BRDA:85,10,0,0
BRDA:85,10,1,0
BRDA:113,11,0,0
BRDA:113,11,1,0
BRDA:115,12,0,0
BRDA:115,12,1,0
BRDA:121,13,0,0
BRDA:121,13,1,0
BRDA:133,14,0,0
BRDA:133,14,1,0
BRDA:138,15,0,0
BRDA:138,15,1,0
BRDA:149,16,0,0
BRDA:149,16,1,0
BRF:41
BRH:0
end_of_record
TN:
SF:apps/frontend/src/features/users/components/UserTable.lazy.tsx
FN:7,(anonymous_8)
FN:11,(anonymous_9)
FN:12,(anonymous_10)
FN:24,(anonymous_11)
FN:31,(anonymous_12)
FN:100,(anonymous_13)
FN:144,(anonymous_14)
FN:145,(anonymous_15)
FN:148,(anonymous_16)
FN:150,(anonymous_17)
FN:164,(anonymous_18)
FN:171,(anonymous_19)
FN:172,(anonymous_20)
FN:176,(anonymous_21)
FN:178,(anonymous_22)
FN:179,(anonymous_23)
FN:182,(anonymous_24)
FN:188,(anonymous_25)
FN:190,(anonymous_26)
FN:195,(anonymous_27)
FN:199,(anonymous_28)
FN:201,(anonymous_29)
FN:214,(anonymous_30)
FNF:23
FNH:17
FNDA:1,(anonymous_8)
FNDA:1,(anonymous_9)
FNDA:0,(anonymous_10)
FNDA:1,(anonymous_11)
FNDA:1,(anonymous_12)
FNDA:5,(anonymous_13)
FNDA:13,(anonymous_14)
FNDA:5,(anonymous_15)
FNDA:0,(anonymous_16)
FNDA:0,(anonymous_17)
FNDA:4,(anonymous_18)
FNDA:15,(anonymous_19)
FNDA:7,(anonymous_20)
FNDA:1,(anonymous_21)
FNDA:1,(anonymous_22)
FNDA:0,(anonymous_23)
FNDA:1,(anonymous_24)
FNDA:0,(anonymous_25)
FNDA:0,(anonymous_26)
FNDA:2,(anonymous_27)
FNDA:6,(anonymous_28)
FNDA:2,(anonymous_29)
FNDA:9,(anonymous_30)
DA:1,5
DA:2,5
DA:3,5
DA:4,5
DA:7,5
DA:8,1
DA:9,1
DA:11,1
DA:13,0
DA:14,0
DA:16,0
DA:22,0
DA:25,1
DA:26,1
DA:31,5
DA:33,1
DA:101,5
DA:141,5
DA:144,5
DA:145,13
DA:146,5
DA:148,4
DA:149,0
DA:150,0
DA:151,0
DA:152,0
DA:162,4
DA:164,4
DA:165,4
DA:171,5
DA:172,15
DA:173,7
DA:176,6
DA:177,1
DA:178,1
DA:180,0
DA:183,1
DA:188,6
DA:189,0
DA:190,0
DA:194,6
DA:195,6
DA:196,2
DA:199,6
DA:200,6
DA:201,6
DA:202,2
DA:214,5
DA:219,9
DA:220,9
DA:229,5
LF:51
LH:40
BRDA:144,0,0,0
BRDA:146,1,0,1
BRDA:146,1,1,4
BRDA:151,2,0,0
BRDA:151,2,1,0
BRDA:171,3,0,0
BRDA:173,4,0,1
BRDA:173,4,1,6
BRDA:215,5,0,1
BRDA:216,6,0,1
BRF:10
BRH:6
end_of_record
TN:
SF:apps/frontend/src/features/users/components/UserTable.tsx
FN:33,(anonymous_4)
FN:44,(anonymous_5)
FN:100,(anonymous_6)
FN:153,(anonymous_7)
FN:161,(anonymous_8)
FN:165,(anonymous_9)
FN:170,(anonymous_10)
FN:194,(anonymous_11)
FN:214,(anonymous_12)
FN:216,(anonymous_13)
FN:234,(anonymous_14)
FN:235,(anonymous_15)
FN:242,(anonymous_16)
FN:243,(anonymous_17)
FN:250,(anonymous_18)
FN:251,(anonymous_19)
FN:254,(anonymous_20)
FN:262,(anonymous_21)
FN:270,(anonymous_22)
FN:277,(anonymous_23)
FN:310,(anonymous_24)
FN:321,(anonymous_25)
FN:334,(anonymous_26)
FN:347,(anonymous_27)
FN:367,(anonymous_28)
FN:406,(anonymous_29)
FN:415,(anonymous_30)
FN:435,(anonymous_31)
FN:455,(anonymous_32)
FN:462,(anonymous_33)
FN:526,(anonymous_34)
FN:576,(anonymous_35)
FN:588,(anonymous_36)
FN:620,(anonymous_37)
FN:634,(anonymous_38)
FN:651,(anonymous_39)
FN:659,(anonymous_40)
FNF:37
FNH:0
FNDA:0,(anonymous_4)
FNDA:0,(anonymous_5)
FNDA:0,(anonymous_6)
FNDA:0,(anonymous_7)
FNDA:0,(anonymous_8)
FNDA:0,(anonymous_9)
FNDA:0,(anonymous_10)
FNDA:0,(anonymous_11)
FNDA:0,(anonymous_12)
FNDA:0,(anonymous_13)
FNDA:0,(anonymous_14)
FNDA:0,(anonymous_15)
FNDA:0,(anonymous_16)
FNDA:0,(anonymous_17)
FNDA:0,(anonymous_18)
FNDA:0,(anonymous_19)
FNDA:0,(anonymous_20)
FNDA:0,(anonymous_21)
FNDA:0,(anonymous_22)
FNDA:0,(anonymous_23)
FNDA:0,(anonymous_24)
FNDA:0,(anonymous_25)
FNDA:0,(anonymous_26)
FNDA:0,(anonymous_27)
FNDA:0,(anonymous_28)
FNDA:0,(anonymous_29)
FNDA:0,(anonymous_30)
FNDA:0,(anonymous_31)
FNDA:0,(anonymous_32)
FNDA:0,(anonymous_33)
FNDA:0,(anonymous_34)
FNDA:0,(anonymous_35)
FNDA:0,(anonymous_36)
FNDA:0,(anonymous_37)
FNDA:0,(anonymous_38)
FNDA:0,(anonymous_39)
FNDA:0,(anonymous_40)
DA:1,7
DA:2,7
DA:3,7
DA:4,7
DA:5,7
DA:6,7
DA:7,7
DA:8,7
DA:9,7
DA:11,7
DA:12,7
DA:13,7
DA:14,0
DA:22,0
DA:33,0
DA:40,0
DA:44,0
DA:100,0
DA:101,0
DA:102,0
DA:105,0
DA:114,0
DA:124,0
DA:132,0
DA:133,0
DA:141,0
DA:145,0
DA:146,0
DA:148,0
DA:149,0
DA:150,0
DA:153,0
DA:154,0
DA:155,0
DA:160,0
DA:161,0
DA:165,0
DA:166,0
DA:169,0
DA:171,0
DA:172,0
DA:175,0
DA:176,0
DA:179,0
DA:181,0
DA:188,0
DA:193,0
DA:195,0
DA:197,0
DA:199,0
DA:202,0
DA:204,0
DA:207,0
DA:213,0
DA:215,0
DA:216,0
DA:223,0
DA:225,0
DA:234,0
DA:235,0
DA:242,0
DA:243,0
DA:250,0
DA:251,0
DA:254,0
DA:255,0
DA:262,0
DA:263,0
DA:270,0
DA:271,0
DA:277,0
DA:278,0
DA:280,0
DA:281,0
DA:282,0
DA:284,0
DA:285,0
DA:288,0
DA:290,0
DA:291,0
DA:292,0
DA:293,0
DA:296,0
DA:297,0
DA:299,0
DA:300,0
DA:310,0
DA:311,0
DA:312,0
DA:321,0
DA:322,0
DA:324,0
DA:326,0
DA:328,0
DA:330,0
DA:334,0
DA:335,0
DA:337,0
DA:339,0
DA:341,0
DA:343,0
DA:347,0
DA:348,0
DA:349,0
DA:357,0
DA:362,0
DA:367,0
DA:406,0
DA:415,0
DA:435,0
DA:456,0
DA:463,0
DA:527,0
DA:576,0
DA:588,0
DA:620,0
DA:634,0
DA:651,0
DA:659,0
LF:119
LH:12
BRDA:40,0,0,0
BRDA:40,0,1,0
BRDA:40,1,0,0
BRDA:40,1,1,0
BRDA:44,2,0,0
BRDA:44,2,1,0
BRDA:83,3,0,0
BRDA:83,3,1,0
BRDA:148,4,0,0
BRDA:148,4,1,0
BRDA:149,5,0,0
BRDA:149,5,1,0
BRDA:150,6,0,0
BRDA:150,6,1,0
BRDA:154,7,0,0
BRDA:154,7,1,0
BRDA:161,8,0,0
BRDA:161,8,1,0
BRDA:166,9,0,0
BRDA:166,9,1,0
BRDA:171,10,0,0
BRDA:171,10,1,0
BRDA:175,11,0,0
BRDA:175,11,1,0
BRDA:179,12,0,0
BRDA:179,12,1,0
BRDA:182,13,0,0
BRDA:182,13,1,0
BRDA:182,13,2,0
BRDA:195,14,0,0
BRDA:195,14,1,0
BRDA:197,15,0,0
BRDA:197,15,1,0
BRDA:202,16,0,0
BRDA:202,16,1,0
BRDA:204,17,0,0
BRDA:204,17,1,0
BRDA:223,18,0,0
BRDA:223,18,1,0
BRDA:237,19,0,0
BRDA:237,19,1,0
BRDA:245,20,0,0
BRDA:245,20,1,0
BRDA:278,21,0,0
BRDA:278,21,1,0
BRDA:296,22,0,0
BRDA:296,22,1,0
BRDA:322,23,0,0
BRDA:322,23,1,0
BRDA:322,23,2,0
BRDA:322,23,3,0
BRDA:335,24,0,0
BRDA:335,24,1,0
BRDA:335,24,2,0
BRDA:335,24,3,0
BRDA:362,25,0,0
BRDA:362,25,1,0
BRDA:387,26,0,0
BRDA:420,27,0,0
BRDA:420,27,1,0
BRDA:425,28,0,0
BRDA:434,29,0,0
BRDA:434,29,1,0
BRDA:441,30,0,0
BRDA:448,31,0,0
BRDA:454,32,0,0
BRDA:454,32,1,0
BRDA:456,33,0,0
BRDA:456,33,1,0
BRDA:506,34,0,0
BRDA:506,34,1,0
BRDA:515,35,0,0
BRDA:515,35,1,0
BRDA:519,36,0,0
BRDA:519,36,1,0
BRDA:519,37,0,0
BRDA:519,37,1,0
BRDA:519,37,2,0
BRDA:555,38,0,0
BRDA:566,39,0,0
BRDA:566,39,1,0
BRDA:572,40,0,0
BRDA:584,41,0,0
BRDA:596,42,0,0
BRDA:596,42,1,0
BRDA:609,43,0,0
BRDA:620,44,0,0
BRDA:620,44,1,0
BRDA:621,45,0,0
BRDA:621,45,1,0
BRDA:628,46,0,0
BRDA:628,46,1,0
BRDA:634,47,0,0
BRDA:634,47,1,0
BRDA:635,48,0,0
BRDA:635,48,1,0
BRF:96
BRH:0
end_of_record
TN:
SF:packages/utils/src/index.ts
FN:9,(anonymous_0)
FN:16,(anonymous_1)
FN:44,(anonymous_2)
FN:54,(anonymous_3)
FN:59,(anonymous_4)
FN:63,(anonymous_5)
FN:71,(anonymous_6)
FN:82,(anonymous_7)
FN:88,(anonymous_8)
FN:97,(anonymous_9)
FN:108,(anonymous_10)
FN:121,(anonymous_11)
FN:128,(anonymous_12)
FN:132,(anonymous_13)
FN:139,(anonymous_14)
FN:148,(anonymous_15)
FN:150,(anonymous_16)
FN:162,(anonymous_17)
FN:163,(anonymous_18)
FN:172,(anonymous_19)
FN:174,(anonymous_20)
FN:185,(anonymous_21)
FN:190,(anonymous_22)
FN:194,(anonymous_23)
FN:199,(anonymous_24)
FN:207,(anonymous_25)
FN:210,(anonymous_26)
FN:213,(anonymous_27)
FN:222,(anonymous_28)
FN:226,(anonymous_29)
FN:235,(anonymous_30)
FN:239,(anonymous_31)
FN:244,(anonymous_32)
FN:250,(anonymous_33)
FN:261,(anonymous_34)
FN:262,(anonymous_35)
FN:265,(anonymous_36)
FN:290,(anonymous_37)
FN:296,(anonymous_38)
FN:298,(anonymous_39)
FN:303,(anonymous_40)
FN:309,(anonymous_41)
FN:313,(anonymous_42)
FN:319,(anonymous_43)
FN:324,(anonymous_44)
FN:330,(anonymous_45)
FN:334,(anonymous_46)
FN:338,(anonymous_47)
FN:343,(anonymous_48)
FN:347,(anonymous_49)
FN:355,(anonymous_50)
FN:359,(anonymous_51)
FNF:52
FNH:52
FNDA:21,(anonymous_0)
FNDA:15,(anonymous_1)
FNDA:20,(anonymous_2)
FNDA:28,(anonymous_3)
FNDA:9,(anonymous_4)
FNDA:13,(anonymous_5)
FNDA:17,(anonymous_6)
FNDA:13,(anonymous_7)
FNDA:10,(anonymous_8)
FNDA:5,(anonymous_9)
FNDA:10,(anonymous_10)
FNDA:10,(anonymous_11)
FNDA:8,(anonymous_12)
FNDA:7,(anonymous_13)
FNDA:8,(anonymous_14)
FNDA:6,(anonymous_15)
FNDA:9,(anonymous_16)
FNDA:7,(anonymous_17)
FNDA:24,(anonymous_18)
FNDA:6,(anonymous_19)
FNDA:11,(anonymous_20)
FNDA:7,(anonymous_21)
FNDA:8,(anonymous_22)
FNDA:5,(anonymous_23)
FNDA:8,(anonymous_24)
FNDA:42,(anonymous_25)
FNDA:17,(anonymous_26)
FNDA:11,(anonymous_27)
FNDA:3,(anonymous_28)
FNDA:4,(anonymous_29)
FNDA:3,(anonymous_30)
FNDA:3,(anonymous_31)
FNDA:2,(anonymous_32)
FNDA:5,(anonymous_33)
FNDA:13,(anonymous_34)
FNDA:13,(anonymous_35)
FNDA:9,(anonymous_36)
FNDA:7,(anonymous_37)
FNDA:14,(anonymous_38)
FNDA:7,(anonymous_39)
FNDA:7,(anonymous_40)
FNDA:13,(anonymous_41)
FNDA:2,(anonymous_42)
FNDA:68,(anonymous_43)
FNDA:10,(anonymous_44)
FNDA:2,(anonymous_45)
FNDA:2,(anonymous_46)
FNDA:2,(anonymous_47)
FNDA:4,(anonymous_48)
FNDA:2,(anonymous_49)
FNDA:4,(anonymous_50)
FNDA:4,(anonymous_51)
DA:1,9
DA:2,9
DA:9,9
DA:11,21
DA:12,19
DA:13,19
DA:16,9
DA:17,15
DA:19,15
DA:20,6
DA:23,15
DA:24,6
DA:30,15
DA:31,3
DA:37,15
DA:38,6
DA:41,15
DA:44,9
DA:45,20
DA:46,20
DA:47,20
DA:48,11
DA:50,9
DA:54,9
DA:55,28
DA:56,24
DA:59,9
DA:60,9
DA:61,7
DA:63,13
DA:71,9
DA:73,17
DA:74,17
DA:82,9
DA:83,13
DA:84,7
DA:88,9
DA:89,10
DA:90,10
DA:97,9
DA:98,5
DA:99,5
DA:108,9
DA:109,10
DA:110,10
DA:111,10
DA:113,10
DA:114,7
DA:115,6
DA:116,5
DA:118,2
DA:121,9
DA:122,10
DA:123,10
DA:124,10
DA:128,9
DA:129,8
DA:132,9
DA:133,7
DA:139,9
DA:140,8
DA:148,9
DA:149,6
DA:151,9
DA:152,9
DA:153,7
DA:155,9
DA:156,9
DA:162,9
DA:163,7
DA:164,24
DA:165,16
DA:167,8
DA:172,9
DA:173,6
DA:174,6
DA:175,11
DA:176,11
DA:177,3
DA:179,8
DA:180,8
DA:185,9
DA:189,7
DA:190,8
DA:191,7
DA:194,9
DA:198,5
DA:199,5
DA:200,8
DA:201,6
DA:204,5
DA:207,9
DA:208,42
DA:209,18
DA:210,17
DA:211,9
DA:212,9
DA:213,9
DA:214,11
DA:216,9
DA:218,0
DA:222,9
DA:223,3
DA:226,9
DA:227,4
DA:232,4
DA:235,9
DA:236,3
DA:239,9
DA:240,3
DA:244,9
DA:245,2
DA:246,2
DA:247,2
DA:250,9
DA:251,5
DA:252,1
DA:254,4
DA:255,1
DA:257,3
DA:261,9
DA:262,13
DA:265,9
DA:270,9
DA:272,9
DA:273,17
DA:274,17
DA:276,10
DA:278,10
DA:279,2
DA:282,8
DA:286,0
DA:290,9
DA:296,7
DA:297,14
DA:298,14
DA:303,9
DA:309,7
DA:310,13
DA:311,9
DA:312,9
DA:313,9
DA:319,9
DA:321,68
DA:324,9
DA:326,10
DA:330,9
DA:331,2
DA:334,9
DA:335,2
DA:338,9
DA:339,2
DA:343,9
DA:344,4
DA:346,4
DA:347,2
DA:348,2
DA:352,4
DA:355,9
DA:356,4
DA:357,4
DA:359,4
DA:360,4
DA:363,4
LF:164
LH:162
BRDA:11,0,0,2
BRDA:11,0,1,19
BRDA:11,1,0,21
BRDA:11,1,1,20
BRDA:19,2,0,6
BRDA:19,2,1,9
BRDA:23,3,0,6
BRDA:23,3,1,9
BRDA:30,4,0,3
BRDA:30,4,1,12
BRDA:37,5,0,6
BRDA:37,5,1,9
BRDA:45,6,0,20
BRDA:45,6,1,6
BRDA:46,7,0,20
BRDA:46,7,1,18
BRDA:46,7,2,16
BRDA:46,7,3,15
BRDA:46,7,4,13
BRDA:47,8,0,11
BRDA:47,8,1,9
BRDA:47,9,0,20
BRDA:47,9,1,11
BRDA:55,10,0,4
BRDA:55,10,1,24
BRDA:60,11,0,2
BRDA:60,11,1,7
BRDA:82,12,0,10
BRDA:83,13,0,6
BRDA:83,13,1,7
BRDA:88,14,0,6
BRDA:89,15,0,3
BRDA:89,15,1,7
BRDA:97,16,0,3
BRDA:98,17,0,2
BRDA:98,17,1,3
BRDA:108,18,0,10
BRDA:109,19,0,2
BRDA:109,19,1,8
BRDA:113,20,0,3
BRDA:113,20,1,7
BRDA:114,21,0,1
BRDA:114,21,1,6
BRDA:115,22,0,1
BRDA:115,22,1,5
BRDA:116,23,0,3
BRDA:116,23,1,2
BRDA:122,24,0,3
BRDA:122,24,1,7
BRDA:128,25,0,6
BRDA:132,26,0,4
BRDA:132,27,0,6
BRDA:139,28,0,8
BRDA:152,29,0,7
BRDA:152,29,1,2
BRDA:162,30,0,5
BRDA:164,31,0,16
BRDA:164,31,1,8
BRDA:165,32,0,8
BRDA:165,32,1,8
BRDA:167,33,0,4
BRDA:167,33,1,4
BRDA:176,34,0,3
BRDA:176,34,1,8
BRDA:200,35,0,6
BRDA:200,35,1,2
BRDA:208,36,0,24
BRDA:208,36,1,18
BRDA:208,37,0,42
BRDA:208,37,1,40
BRDA:209,38,0,2
BRDA:209,38,1,16
BRDA:210,39,0,7
BRDA:210,39,1,9
BRDA:211,40,0,9
BRDA:211,40,1,0
BRDA:232,41,0,4
BRDA:232,41,1,1
BRDA:244,42,0,1
BRDA:251,43,0,1
BRDA:251,43,1,4
BRDA:254,44,0,1
BRDA:254,44,1,3
BRDA:267,45,0,1
BRDA:268,46,0,2
BRDA:276,47,0,9
BRDA:276,47,1,1
BRDA:278,48,0,2
BRDA:278,48,1,8
BRDA:310,49,0,9
BRDA:310,49,1,4
BRDA:346,50,0,2
BRDA:346,50,1,2
BRF:93
BRH:92
end_of_record
